Analysis & Synthesis report for De1_SoC_i2sound
Sun Oct  8 14:47:38 2023
Quartus Prime Version 22.1std.2 Build 922 07/20/2023 SC Lite Edition


---------------------
; Table of Contents ;
---------------------
  1. Legal Notice
  2. Analysis & Synthesis Summary
  3. Analysis & Synthesis Settings
  4. Parallel Compilation
  5. Analysis & Synthesis Messages



----------------
; Legal Notice ;
----------------
Copyright (C) 2023  Intel Corporation. All rights reserved.
Your use of Intel Corporation's design tools, logic functions 
and other software and tools, and any partner logic 
functions, and any output files from any of the foregoing 
(including device programming or simulation files), and any 
associated documentation or information are expressly subject 
to the terms and conditions of the Intel Program License 
Subscription Agreement, the Intel Quartus Prime License Agreement,
the Intel FPGA IP License Agreement, or other applicable license
agreement, including, without limitation, that your use is for
the sole purpose of programming logic devices manufactured by
Intel and sold by Intel or its authorized distributors.  Please
refer to the applicable agreement for further details, at
https://fpgasoftware.intel.com/eula.



+------------------------------------------------------------------------------+
; Analysis & Synthesis Summary                                                 ;
+-----------------------------+------------------------------------------------+
; Analysis & Synthesis Status ; Failed - Sun Oct  8 14:47:38 2023              ;
; Quartus Prime Version       ; 22.1std.2 Build 922 07/20/2023 SC Lite Edition ;
; Revision Name               ; De1_SoC_i2sound                                ;
; Top-level Entity Name       ; DE1_SoC_i2sound                                ;
; Family                      ; Cyclone V                                      ;
; Logic utilization (in ALMs) ; N/A until Partition Merge                      ;
; Total registers             ; N/A until Partition Merge                      ;
; Total pins                  ; N/A until Partition Merge                      ;
; Total virtual pins          ; N/A until Partition Merge                      ;
; Total block memory bits     ; N/A until Partition Merge                      ;
; Total PLLs                  ; N/A until Partition Merge                      ;
; Total DLLs                  ; N/A until Partition Merge                      ;
+-----------------------------+------------------------------------------------+


+---------------------------------------------------------------------------------------------------------------------------+
; Analysis & Synthesis Settings                                                                                             ;
+---------------------------------------------------------------------------------+--------------------+--------------------+
; Option                                                                          ; Setting            ; Default Value      ;
+---------------------------------------------------------------------------------+--------------------+--------------------+
; Device                                                                          ; 5CSEMA5F31C6       ;                    ;
; Top-level entity name                                                           ; DE1_SoC_i2sound    ; De1_SoC_i2sound    ;
; Family name                                                                     ; Cyclone V          ; Cyclone V          ;
; Use smart compilation                                                           ; Off                ; Off                ;
; Enable parallel Assembler and Timing Analyzer during compilation                ; On                 ; On                 ;
; Enable compact report table                                                     ; Off                ; Off                ;
; Restructure Multiplexers                                                        ; Auto               ; Auto               ;
; MLAB Add Timing Constraints For Mixed-Port Feed-Through Mode Setting Don't Care ; Off                ; Off                ;
; Create Debugging Nodes for IP Cores                                             ; Off                ; Off                ;
; Preserve fewer node names                                                       ; On                 ; On                 ;
; Intel FPGA IP Evaluation Mode                                                   ; Enable             ; Enable             ;
; Verilog Version                                                                 ; Verilog_2001       ; Verilog_2001       ;
; VHDL Version                                                                    ; VHDL_1993          ; VHDL_1993          ;
; State Machine Processing                                                        ; Auto               ; Auto               ;
; Safe State Machine                                                              ; Off                ; Off                ;
; Extract Verilog State Machines                                                  ; On                 ; On                 ;
; Extract VHDL State Machines                                                     ; On                 ; On                 ;
; Ignore Verilog initial constructs                                               ; Off                ; Off                ;
; Iteration limit for constant Verilog loops                                      ; 5000               ; 5000               ;
; Iteration limit for non-constant Verilog loops                                  ; 250                ; 250                ;
; Add Pass-Through Logic to Inferred RAMs                                         ; On                 ; On                 ;
; Infer RAMs from Raw Logic                                                       ; On                 ; On                 ;
; Parallel Synthesis                                                              ; On                 ; On                 ;
; DSP Block Balancing                                                             ; Auto               ; Auto               ;
; NOT Gate Push-Back                                                              ; On                 ; On                 ;
; Power-Up Don't Care                                                             ; On                 ; On                 ;
; Remove Redundant Logic Cells                                                    ; Off                ; Off                ;
; Remove Duplicate Registers                                                      ; On                 ; On                 ;
; Ignore CARRY Buffers                                                            ; Off                ; Off                ;
; Ignore CASCADE Buffers                                                          ; Off                ; Off                ;
; Ignore GLOBAL Buffers                                                           ; Off                ; Off                ;
; Ignore ROW GLOBAL Buffers                                                       ; Off                ; Off                ;
; Ignore LCELL Buffers                                                            ; Off                ; Off                ;
; Ignore SOFT Buffers                                                             ; On                 ; On                 ;
; Limit AHDL Integers to 32 Bits                                                  ; Off                ; Off                ;
; Optimization Technique                                                          ; Balanced           ; Balanced           ;
; Carry Chain Length                                                              ; 70                 ; 70                 ;
; Auto Carry Chains                                                               ; On                 ; On                 ;
; Auto Open-Drain Pins                                                            ; On                 ; On                 ;
; Perform WYSIWYG Primitive Resynthesis                                           ; Off                ; Off                ;
; Auto ROM Replacement                                                            ; On                 ; On                 ;
; Auto RAM Replacement                                                            ; On                 ; On                 ;
; Auto DSP Block Replacement                                                      ; On                 ; On                 ;
; Auto Shift Register Replacement                                                 ; Auto               ; Auto               ;
; Allow Shift Register Merging across Hierarchies                                 ; Auto               ; Auto               ;
; Auto Clock Enable Replacement                                                   ; On                 ; On                 ;
; Strict RAM Replacement                                                          ; Off                ; Off                ;
; Allow Synchronous Control Signals                                               ; On                 ; On                 ;
; Force Use of Synchronous Clear Signals                                          ; Off                ; Off                ;
; Auto Resource Sharing                                                           ; Off                ; Off                ;
; Allow Any RAM Size For Recognition                                              ; Off                ; Off                ;
; Allow Any ROM Size For Recognition                                              ; Off                ; Off                ;
; Allow Any Shift Register Size For Recognition                                   ; Off                ; Off                ;
; Use LogicLock Constraints during Resource Balancing                             ; On                 ; On                 ;
; Ignore translate_off and synthesis_off directives                               ; Off                ; Off                ;
; Timing-Driven Synthesis                                                         ; On                 ; On                 ;
; Report Parameter Settings                                                       ; On                 ; On                 ;
; Report Source Assignments                                                       ; On                 ; On                 ;
; Report Connectivity Checks                                                      ; On                 ; On                 ;
; Ignore Maximum Fan-Out Assignments                                              ; Off                ; Off                ;
; Synchronization Register Chain Length                                           ; 3                  ; 3                  ;
; Power Optimization During Synthesis                                             ; Normal compilation ; Normal compilation ;
; HDL message level                                                               ; Level2             ; Level2             ;
; Suppress Register Optimization Related Messages                                 ; Off                ; Off                ;
; Number of Removed Registers Reported in Synthesis Report                        ; 5000               ; 5000               ;
; Number of Swept Nodes Reported in Synthesis Report                              ; 5000               ; 5000               ;
; Number of Inverted Registers Reported in Synthesis Report                       ; 100                ; 100                ;
; Clock MUX Protection                                                            ; On                 ; On                 ;
; Auto Gated Clock Conversion                                                     ; Off                ; Off                ;
; Block Design Naming                                                             ; Auto               ; Auto               ;
; SDC constraint protection                                                       ; Off                ; Off                ;
; Synthesis Effort                                                                ; Auto               ; Auto               ;
; Shift Register Replacement - Allow Asynchronous Clear Signal                    ; On                 ; On                 ;
; Pre-Mapping Resynthesis Optimization                                            ; Off                ; Off                ;
; Analysis & Synthesis Message Level                                              ; Medium             ; Medium             ;
; Disable Register Merging Across Hierarchies                                     ; Auto               ; Auto               ;
; Resource Aware Inference For Block RAM                                          ; On                 ; On                 ;
; Automatic Parallel Synthesis                                                    ; On                 ; On                 ;
; Partial Reconfiguration Bitstream ID                                            ; Off                ; Off                ;
+---------------------------------------------------------------------------------+--------------------+--------------------+


+------------------------------------------+
; Parallel Compilation                     ;
+----------------------------+-------------+
; Processors                 ; Number      ;
+----------------------------+-------------+
; Number detected on machine ; 12          ;
; Maximum allowed            ; 10          ;
;                            ;             ;
; Average used               ; 1.00        ;
; Maximum used               ; 1           ;
;                            ;             ;
; Usage by Processor         ; % Time Used ;
;     Processor 1            ; 100.0%      ;
+----------------------------+-------------+


+-------------------------------+
; Analysis & Synthesis Messages ;
+-------------------------------+
Info: *******************************************************************
Info: Running Quartus Prime Analysis & Synthesis
    Info: Version 22.1std.2 Build 922 07/20/2023 SC Lite Edition
    Info: Processing started: Sun Oct  8 14:47:29 2023
Info: Command: quartus_map --read_settings_files=on --write_settings_files=off De1_SoC_i2sound -c De1_SoC_i2sound
Info (125069): Default assignment values were changed in the current version of the Quartus Prime software -- changes to default assignments values are contained in file c:/intelfpga_lite/22.1std/quartus/bin64/assignment_defaults.qdf
Warning (18236): Number of processors has not been specified which may cause overloading on shared machines.  Set the global assignment NUM_PARALLEL_PROCESSORS in your QSF to an appropriate value for best performance.
Info (20030): Parallel compilation is enabled and will use 10 of the 10 processors detected
Info (12021): Found 1 design units, including 1 entities, in source file /users/domid/downloads/source2/source/de1_soc_i2sound.v
    Info (12023): Found entity 1: DE1_SoC_i2sound File: C:/Users/domid/Downloads/source2/source/DE1_SoC_i2sound.v Line: 37
Warning (12019): Can't analyze file -- file keytr.v is missing
Warning (12019): Can't analyze file -- file i2c.v is missing
Warning (12019): Can't analyze file -- file clock_500.v is missing
Info (12127): Elaborating entity "DE1_SoC_i2sound" for the top level hierarchy
Warning (10034): Output port "DRAM_ADDR" at DE1_SoC_i2sound.v(66) has no driver File: C:/Users/domid/Downloads/source2/source/DE1_SoC_i2sound.v Line: 66
Warning (10034): Output port "DRAM_BA" at DE1_SoC_i2sound.v(67) has no driver File: C:/Users/domid/Downloads/source2/source/DE1_SoC_i2sound.v Line: 67
Warning (10034): Output port "HEX0" at DE1_SoC_i2sound.v(91) has no driver File: C:/Users/domid/Downloads/source2/source/DE1_SoC_i2sound.v Line: 91
Warning (10034): Output port "HEX1" at DE1_SoC_i2sound.v(94) has no driver File: C:/Users/domid/Downloads/source2/source/DE1_SoC_i2sound.v Line: 94
Warning (10034): Output port "HEX2" at DE1_SoC_i2sound.v(97) has no driver File: C:/Users/domid/Downloads/source2/source/DE1_SoC_i2sound.v Line: 97
Warning (10034): Output port "HEX3" at DE1_SoC_i2sound.v(100) has no driver File: C:/Users/domid/Downloads/source2/source/DE1_SoC_i2sound.v Line: 100
Warning (10034): Output port "HEX4" at DE1_SoC_i2sound.v(103) has no driver File: C:/Users/domid/Downloads/source2/source/DE1_SoC_i2sound.v Line: 103
Warning (10034): Output port "HEX5" at DE1_SoC_i2sound.v(106) has no driver File: C:/Users/domid/Downloads/source2/source/DE1_SoC_i2sound.v Line: 106
Warning (10034): Output port "VGA_B" at DE1_SoC_i2sound.v(191) has no driver File: C:/Users/domid/Downloads/source2/source/DE1_SoC_i2sound.v Line: 191
Warning (10034): Output port "VGA_G" at DE1_SoC_i2sound.v(194) has no driver File: C:/Users/domid/Downloads/source2/source/DE1_SoC_i2sound.v Line: 194
Warning (10034): Output port "VGA_R" at DE1_SoC_i2sound.v(196) has no driver File: C:/Users/domid/Downloads/source2/source/DE1_SoC_i2sound.v Line: 196
Warning (10034): Output port "ADC_CONVST" at DE1_SoC_i2sound.v(40) has no driver File: C:/Users/domid/Downloads/source2/source/DE1_SoC_i2sound.v Line: 40
Warning (10034): Output port "ADC_DIN" at DE1_SoC_i2sound.v(41) has no driver File: C:/Users/domid/Downloads/source2/source/DE1_SoC_i2sound.v Line: 41
Warning (10034): Output port "ADC_SCLK" at DE1_SoC_i2sound.v(43) has no driver File: C:/Users/domid/Downloads/source2/source/DE1_SoC_i2sound.v Line: 43
Warning (10034): Output port "DRAM_CAS_N" at DE1_SoC_i2sound.v(68) has no driver File: C:/Users/domid/Downloads/source2/source/DE1_SoC_i2sound.v Line: 68
Warning (10034): Output port "DRAM_CKE" at DE1_SoC_i2sound.v(69) has no driver File: C:/Users/domid/Downloads/source2/source/DE1_SoC_i2sound.v Line: 69
Warning (10034): Output port "DRAM_CLK" at DE1_SoC_i2sound.v(70) has no driver File: C:/Users/domid/Downloads/source2/source/DE1_SoC_i2sound.v Line: 70
Warning (10034): Output port "DRAM_CS_N" at DE1_SoC_i2sound.v(71) has no driver File: C:/Users/domid/Downloads/source2/source/DE1_SoC_i2sound.v Line: 71
Warning (10034): Output port "DRAM_LDQM" at DE1_SoC_i2sound.v(73) has no driver File: C:/Users/domid/Downloads/source2/source/DE1_SoC_i2sound.v Line: 73
Warning (10034): Output port "DRAM_RAS_N" at DE1_SoC_i2sound.v(74) has no driver File: C:/Users/domid/Downloads/source2/source/DE1_SoC_i2sound.v Line: 74
Warning (10034): Output port "DRAM_UDQM" at DE1_SoC_i2sound.v(75) has no driver File: C:/Users/domid/Downloads/source2/source/DE1_SoC_i2sound.v Line: 75
Warning (10034): Output port "DRAM_WE_N" at DE1_SoC_i2sound.v(76) has no driver File: C:/Users/domid/Downloads/source2/source/DE1_SoC_i2sound.v Line: 76
Warning (10034): Output port "FAN_CTRL" at DE1_SoC_i2sound.v(79) has no driver File: C:/Users/domid/Downloads/source2/source/DE1_SoC_i2sound.v Line: 79
Warning (10034): Output port "IRDA_TXD" at DE1_SoC_i2sound.v(166) has no driver File: C:/Users/domid/Downloads/source2/source/DE1_SoC_i2sound.v Line: 166
Warning (10034): Output port "TD_RESET_N" at DE1_SoC_i2sound.v(187) has no driver File: C:/Users/domid/Downloads/source2/source/DE1_SoC_i2sound.v Line: 187
Warning (10034): Output port "VGA_BLANK_N" at DE1_SoC_i2sound.v(192) has no driver File: C:/Users/domid/Downloads/source2/source/DE1_SoC_i2sound.v Line: 192
Warning (10034): Output port "VGA_CLK" at DE1_SoC_i2sound.v(193) has no driver File: C:/Users/domid/Downloads/source2/source/DE1_SoC_i2sound.v Line: 193
Warning (10034): Output port "VGA_HS" at DE1_SoC_i2sound.v(195) has no driver File: C:/Users/domid/Downloads/source2/source/DE1_SoC_i2sound.v Line: 195
Warning (10034): Output port "VGA_SYNC_N" at DE1_SoC_i2sound.v(197) has no driver File: C:/Users/domid/Downloads/source2/source/DE1_SoC_i2sound.v Line: 197
Warning (10034): Output port "VGA_VS" at DE1_SoC_i2sound.v(199) has no driver File: C:/Users/domid/Downloads/source2/source/DE1_SoC_i2sound.v Line: 199
Error (12006): Node instance "u1" instantiates undefined entity "CLOCK_500". Ensure that required library paths are specified correctly, define the specified entity, or change the instantiation. If this entity represents Intel FPGA or third-party IP, generate the synthesis files for the IP. File: C:/Users/domid/Downloads/source2/source/DE1_SoC_i2sound.v Line: 225
Error (12006): Node instance "u2" instantiates undefined entity "i2c". Ensure that required library paths are specified correctly, define the specified entity, or change the instantiation. If this entity represents Intel FPGA or third-party IP, generate the synthesis files for the IP. File: C:/Users/domid/Downloads/source2/source/DE1_SoC_i2sound.v Line: 237
Error (12006): Node instance "u3" instantiates undefined entity "keytr". Ensure that required library paths are specified correctly, define the specified entity, or change the instantiation. If this entity represents Intel FPGA or third-party IP, generate the synthesis files for the IP. File: C:/Users/domid/Downloads/source2/source/DE1_SoC_i2sound.v Line: 244
Error: Quartus Prime Analysis & Synthesis was unsuccessful. 3 errors, 34 warnings
    Error: Peak virtual memory: 4781 megabytes
    Error: Processing ended: Sun Oct  8 14:47:38 2023
    Error: Elapsed time: 00:00:09
    Error: Total CPU time (on all processors): 00:00:09


