C:\Users\Tim\PycharmProjects\rs_final\model_3\hls4ml_prj\myproject_prj\solution1\.autopilot\db\myproject.pp.0.cpp:25758:7: warning: Added loop label VITIS_LOOP_1207_1:   [xilinx-label-all-loops]
      for (i = 0; i < __N - 1; ++i) {
      ^~~
      VITIS_LOOP_1207_1: 
C:\Users\Tim\PycharmProjects\rs_final\model_3\hls4ml_prj\myproject_prj\solution1\.autopilot\db\myproject.pp.0.cpp:25758:7: note: FIX-IT applied suggested code changes
C:\Users\Tim\PycharmProjects\rs_final\model_3\hls4ml_prj\myproject_prj\solution1\.autopilot\db\myproject.pp.0.cpp:26732:5: warning: Added loop label VITIS_LOOP_676_1:   [xilinx-label-all-loops]
    for (unsigned i = low; i != high; ++i) {
    ^~~
    VITIS_LOOP_676_1: 
C:\Users\Tim\PycharmProjects\rs_final\model_3\hls4ml_prj\myproject_prj\solution1\.autopilot\db\myproject.pp.0.cpp:26732:5: note: FIX-IT applied suggested code changes
C:\Users\Tim\PycharmProjects\rs_final\model_3\hls4ml_prj\myproject_prj\solution1\.autopilot\db\myproject.pp.0.cpp:26746:5: warning: Added loop label VITIS_LOOP_690_1:   [xilinx-label-all-loops]
    for (unsigned i = low; i != high; ++i) {
    ^~~
    VITIS_LOOP_690_1: 
C:\Users\Tim\PycharmProjects\rs_final\model_3\hls4ml_prj\myproject_prj\solution1\.autopilot\db\myproject.pp.0.cpp:26746:5: note: FIX-IT applied suggested code changes
C:\Users\Tim\PycharmProjects\rs_final\model_3\hls4ml_prj\myproject_prj\solution1\.autopilot\db\myproject.pp.0.cpp:26760:5: warning: Added loop label VITIS_LOOP_704_1:   [xilinx-label-all-loops]
    for (unsigned i = low; i != high; ++i) {
    ^~~
    VITIS_LOOP_704_1: 
C:\Users\Tim\PycharmProjects\rs_final\model_3\hls4ml_prj\myproject_prj\solution1\.autopilot\db\myproject.pp.0.cpp:26760:5: note: FIX-IT applied suggested code changes
C:\Users\Tim\PycharmProjects\rs_final\model_3\hls4ml_prj\myproject_prj\solution1\.autopilot\db\myproject.pp.0.cpp:28377:7: warning: Added loop label VITIS_LOOP_1247_1:   [xilinx-label-all-loops]
      for (i = 0; i < __N - 1; ++i) {
      ^~~
      VITIS_LOOP_1247_1: 
C:\Users\Tim\PycharmProjects\rs_final\model_3\hls4ml_prj\myproject_prj\solution1\.autopilot\db\myproject.pp.0.cpp:28377:7: note: FIX-IT applied suggested code changes
C:\Users\Tim\PycharmProjects\rs_final\model_3\hls4ml_prj\myproject_prj\solution1\.autopilot\db\myproject.pp.0.cpp:30394:9: warning: Added loop label VITIS_LOOP_27_1:   [xilinx-label-all-loops]
        for (unsigned i = 0; i < N; i++) {
        ^~~
        VITIS_LOOP_27_1: 
C:\Users\Tim\PycharmProjects\rs_final\model_3\hls4ml_prj\myproject_prj\solution1\.autopilot\db\myproject.pp.0.cpp:30394:9: note: FIX-IT applied suggested code changes
C:\Users\Tim\PycharmProjects\rs_final\model_3\hls4ml_prj\myproject_prj\solution1\.autopilot\db\myproject.pp.0.cpp:30407:9: warning: Added loop label VITIS_LOOP_40_1:   [xilinx-label-all-loops]
        for (size_t i = 0; i < N; i++) {
        ^~~
        VITIS_LOOP_40_1: 
C:\Users\Tim\PycharmProjects\rs_final\model_3\hls4ml_prj\myproject_prj\solution1\.autopilot\db\myproject.pp.0.cpp:30407:9: note: FIX-IT applied suggested code changes
C:\Users\Tim\PycharmProjects\rs_final\model_3\hls4ml_prj\myproject_prj\solution1\.autopilot\db\myproject.pp.0.cpp:51135:5: warning: Added loop label VITIS_LOOP_265_1:   [xilinx-label-all-loops]
    for (typename std::vector<src_T>::const_iterator i = in_begin; i != in_end; ++i) {
    ^~~
    VITIS_LOOP_265_1: 
C:\Users\Tim\PycharmProjects\rs_final\model_3\hls4ml_prj\myproject_prj\solution1\.autopilot\db\myproject.pp.0.cpp:51135:5: note: FIX-IT applied suggested code changes
C:\Users\Tim\PycharmProjects\rs_final\model_3\hls4ml_prj\myproject_prj\solution1\.autopilot\db\myproject.pp.0.cpp:51145:5: warning: Added loop label VITIS_LOOP_275_1:   [xilinx-label-all-loops]
    for (auto i = 0; i < SIZE; i++)
    ^~~
    VITIS_LOOP_275_1: 
C:\Users\Tim\PycharmProjects\rs_final\model_3\hls4ml_prj\myproject_prj\solution1\.autopilot\db\myproject.pp.0.cpp:51145:5: note: FIX-IT applied suggested code changes
C:\Users\Tim\PycharmProjects\rs_final\model_3\hls4ml_prj\myproject_prj\solution1\.autopilot\db\myproject.pp.0.cpp:51156:5: warning: Added loop label VITIS_LOOP_286_1:   [xilinx-label-all-loops]
    for (int i = 0; i < SIZE; i++) {
    ^~~
    VITIS_LOOP_286_1: 
C:\Users\Tim\PycharmProjects\rs_final\model_3\hls4ml_prj\myproject_prj\solution1\.autopilot\db\myproject.pp.0.cpp:51156:5: note: FIX-IT applied suggested code changes
C:\Users\Tim\PycharmProjects\rs_final\model_3\hls4ml_prj\myproject_prj\solution1\.autopilot\db\myproject.pp.0.cpp:51163:5: warning: Added loop label VITIS_LOOP_293_1:   [xilinx-label-all-loops]
    for (int i = 0; i < SIZE / res_T::size; i++) {
    ^~~
    VITIS_LOOP_293_1: 
C:\Users\Tim\PycharmProjects\rs_final\model_3\hls4ml_prj\myproject_prj\solution1\.autopilot\db\myproject.pp.0.cpp:51163:5: note: FIX-IT applied suggested code changes
C:\Users\Tim\PycharmProjects\rs_final\model_3\hls4ml_prj\myproject_prj\solution1\.autopilot\db\myproject.pp.0.cpp:51165:9: warning: Added loop label VITIS_LOOP_295_2:   [xilinx-label-all-loops]
        for (int j = 0; j < res_T::size; j++) {
        ^~~
        VITIS_LOOP_295_2: 
C:\Users\Tim\PycharmProjects\rs_final\model_3\hls4ml_prj\myproject_prj\solution1\.autopilot\db\myproject.pp.0.cpp:51165:9: note: FIX-IT applied suggested code changes
C:\Users\Tim\PycharmProjects\rs_final\model_3\hls4ml_prj\myproject_prj\solution1\.autopilot\db\myproject.pp.0.cpp:51177:5: warning: Added loop label VITIS_LOOP_307_1:   [xilinx-label-all-loops]
    for (int i = 0; i < SIZE / data_T::size; i++) {
    ^~~
    VITIS_LOOP_307_1: 
C:\Users\Tim\PycharmProjects\rs_final\model_3\hls4ml_prj\myproject_prj\solution1\.autopilot\db\myproject.pp.0.cpp:51177:5: note: FIX-IT applied suggested code changes
C:\Users\Tim\PycharmProjects\rs_final\model_3\hls4ml_prj\myproject_prj\solution1\.autopilot\db\myproject.pp.0.cpp:51179:9: warning: Added loop label VITIS_LOOP_309_2:   [xilinx-label-all-loops]
        for (int j = 0; j < data_T::size; j++) {
        ^~~
        VITIS_LOOP_309_2: 
C:\Users\Tim\PycharmProjects\rs_final\model_3\hls4ml_prj\myproject_prj\solution1\.autopilot\db\myproject.pp.0.cpp:51179:9: note: FIX-IT applied suggested code changes
C:\Users\Tim\PycharmProjects\rs_final\model_3\hls4ml_prj\myproject_prj\solution1\.autopilot\db\myproject.pp.0.cpp:51194:5: warning: Added loop label VITIS_LOOP_324_1:   [xilinx-label-all-loops]
    for (int ii = 0; ii < nrows; ii++) {
    ^~~
    VITIS_LOOP_324_1: 
C:\Users\Tim\PycharmProjects\rs_final\model_3\hls4ml_prj\myproject_prj\solution1\.autopilot\db\myproject.pp.0.cpp:51194:5: note: FIX-IT applied suggested code changes
C:\Users\Tim\PycharmProjects\rs_final\model_3\hls4ml_prj\myproject_prj\solution1\.autopilot\db\myproject.pp.0.cpp:51214:5: warning: Added loop label VITIS_LOOP_344_1:   [xilinx-label-all-loops]
    for (int ii = 0; ii < nrows; ii++) {
    ^~~
    VITIS_LOOP_344_1: 
C:\Users\Tim\PycharmProjects\rs_final\model_3\hls4ml_prj\myproject_prj\solution1\.autopilot\db\myproject.pp.0.cpp:51214:5: note: FIX-IT applied suggested code changes
C:\Users\Tim\PycharmProjects\rs_final\model_3\hls4ml_prj\myproject_prj\solution1\.autopilot\db\myproject.pp.0.cpp:51215:9: warning: Added loop label VITIS_LOOP_345_2:   [xilinx-label-all-loops]
        for (int jj = 0; jj < ncols; jj++) {
        ^~~
        VITIS_LOOP_345_2: 
C:\Users\Tim\PycharmProjects\rs_final\model_3\hls4ml_prj\myproject_prj\solution1\.autopilot\db\myproject.pp.0.cpp:51215:9: note: FIX-IT applied suggested code changes
C:\Users\Tim\PycharmProjects\rs_final\model_3\hls4ml_prj\myproject_prj\solution1\.autopilot\db\myproject.pp.0.cpp:51230:5: warning: Added loop label VITIS_LOOP_360_1:   [xilinx-label-all-loops]
    for (int ii = 0; ii < N_IN; ii++) {
    ^~~
    VITIS_LOOP_360_1: 
C:\Users\Tim\PycharmProjects\rs_final\model_3\hls4ml_prj\myproject_prj\solution1\.autopilot\db\myproject.pp.0.cpp:51230:5: note: FIX-IT applied suggested code changes
C:\Users\Tim\PycharmProjects\rs_final\model_3\hls4ml_prj\myproject_prj\solution1\.autopilot\db\myproject.pp.0.cpp:51237:5: warning: Added loop label VITIS_LOOP_367_1:   [xilinx-label-all-loops]
    for (int ii = 0; ii < N_IN; ii++) {
    ^~~
    VITIS_LOOP_367_1: 
C:\Users\Tim\PycharmProjects\rs_final\model_3\hls4ml_prj\myproject_prj\solution1\.autopilot\db\myproject.pp.0.cpp:51237:5: note: FIX-IT applied suggested code changes
C:\Users\Tim\PycharmProjects\rs_final\model_3\hls4ml_prj\myproject_prj\solution1\.autopilot\db\myproject.pp.0.cpp:51360:2: warning: Added loop label VITIS_LOOP_31_1:   [xilinx-label-all-loops]
 for (int ii = 0; ii < CONFIG_T::n_in; ii++) {
 ^~~
 VITIS_LOOP_31_1: 
C:\Users\Tim\PycharmProjects\rs_final\model_3\hls4ml_prj\myproject_prj\solution1\.autopilot\db\myproject.pp.0.cpp:51360:2: note: FIX-IT applied suggested code changes
C:\Users\Tim\PycharmProjects\rs_final\model_3\hls4ml_prj\myproject_prj\solution1\.autopilot\db\myproject.pp.0.cpp:51372:5: warning: Added loop label VITIS_LOOP_43_1:   [xilinx-label-all-loops]
    for (int ii = 0; ii < CONFIG_T::n_in; ii++) {
    ^~~
    VITIS_LOOP_43_1: 
C:\Users\Tim\PycharmProjects\rs_final\model_3\hls4ml_prj\myproject_prj\solution1\.autopilot\db\myproject.pp.0.cpp:51372:5: note: FIX-IT applied suggested code changes
C:\Users\Tim\PycharmProjects\rs_final\model_3\hls4ml_prj\myproject_prj\solution1\.autopilot\db\myproject.pp.0.cpp:51386:5: warning: Added loop label VITIS_LOOP_57_1:   [xilinx-label-all-loops]
    for (int ii = 0; ii < CONFIG_T::n_in; ii++) {
    ^~~
    VITIS_LOOP_57_1: 
C:\Users\Tim\PycharmProjects\rs_final\model_3\hls4ml_prj\myproject_prj\solution1\.autopilot\db\myproject.pp.0.cpp:51386:5: note: FIX-IT applied suggested code changes
C:\Users\Tim\PycharmProjects\rs_final\model_3\hls4ml_prj\myproject_prj\solution1\.autopilot\db\myproject.pp.0.cpp:51413:5: warning: Added loop label VITIS_LOOP_84_1:   [xilinx-label-all-loops]
    for (int ii = 0; ii < N_TABLE; ii++) {
    ^~~
    VITIS_LOOP_84_1: 
C:\Users\Tim\PycharmProjects\rs_final\model_3\hls4ml_prj\myproject_prj\solution1\.autopilot\db\myproject.pp.0.cpp:51413:5: note: FIX-IT applied suggested code changes
C:\Users\Tim\PycharmProjects\rs_final\model_3\hls4ml_prj\myproject_prj\solution1\.autopilot\db\myproject.pp.0.cpp:51443:5: warning: Added loop label VITIS_LOOP_114_1:   [xilinx-label-all-loops]
    for (int ii = 0; ii < CONFIG_T::n_in; ii++) {
    ^~~
    VITIS_LOOP_114_1: 
C:\Users\Tim\PycharmProjects\rs_final\model_3\hls4ml_prj\myproject_prj\solution1\.autopilot\db\myproject.pp.0.cpp:51443:5: note: FIX-IT applied suggested code changes
C:\Users\Tim\PycharmProjects\rs_final\model_3\hls4ml_prj\myproject_prj\solution1\.autopilot\db\myproject.pp.0.cpp:51480:5: warning: Added loop label VITIS_LOOP_151_1:   [xilinx-label-all-loops]
    for (unsigned i = 0; i < CONFIG_T::table_size; i++) {
    ^~~
    VITIS_LOOP_151_1: 
C:\Users\Tim\PycharmProjects\rs_final\model_3\hls4ml_prj\myproject_prj\solution1\.autopilot\db\myproject.pp.0.cpp:51480:5: note: FIX-IT applied suggested code changes
C:\Users\Tim\PycharmProjects\rs_final\model_3\hls4ml_prj\myproject_prj\solution1\.autopilot\db\myproject.pp.0.cpp:51491:5: warning: Added loop label VITIS_LOOP_162_1:   [xilinx-label-all-loops]
    for (unsigned i = 0; i < CONFIG_T::table_size; i++) {
    ^~~
    VITIS_LOOP_162_1: 
C:\Users\Tim\PycharmProjects\rs_final\model_3\hls4ml_prj\myproject_prj\solution1\.autopilot\db\myproject.pp.0.cpp:51491:5: note: FIX-IT applied suggested code changes
C:\Users\Tim\PycharmProjects\rs_final\model_3\hls4ml_prj\myproject_prj\solution1\.autopilot\db\myproject.pp.0.cpp:51524:5: warning: Added loop label VITIS_LOOP_195_1:   [xilinx-label-all-loops]
    for (unsigned i = 0; i < CONFIG_T::n_in; i++) {
    ^~~
    VITIS_LOOP_195_1: 
C:\Users\Tim\PycharmProjects\rs_final\model_3\hls4ml_prj\myproject_prj\solution1\.autopilot\db\myproject.pp.0.cpp:51524:5: note: FIX-IT applied suggested code changes
C:\Users\Tim\PycharmProjects\rs_final\model_3\hls4ml_prj\myproject_prj\solution1\.autopilot\db\myproject.pp.0.cpp:51538:5: warning: Added loop label VITIS_LOOP_209_2:   [xilinx-label-all-loops]
    for (unsigned i = 0; i < CONFIG_T::n_in; i++) {
    ^~~
    VITIS_LOOP_209_2: 
C:\Users\Tim\PycharmProjects\rs_final\model_3\hls4ml_prj\myproject_prj\solution1\.autopilot\db\myproject.pp.0.cpp:51538:5: note: FIX-IT applied suggested code changes
C:\Users\Tim\PycharmProjects\rs_final\model_3\hls4ml_prj\myproject_prj\solution1\.autopilot\db\myproject.pp.0.cpp:51572:5: warning: Added loop label VITIS_LOOP_243_1:   [xilinx-label-all-loops]
    for (unsigned i = 0; i < CONFIG_T::n_in; i++) {
    ^~~
    VITIS_LOOP_243_1: 
C:\Users\Tim\PycharmProjects\rs_final\model_3\hls4ml_prj\myproject_prj\solution1\.autopilot\db\myproject.pp.0.cpp:51572:5: note: FIX-IT applied suggested code changes
C:\Users\Tim\PycharmProjects\rs_final\model_3\hls4ml_prj\myproject_prj\solution1\.autopilot\db\myproject.pp.0.cpp:51581:5: warning: Added loop label VITIS_LOOP_252_2:   [xilinx-label-all-loops]
    for (unsigned i = 0; i < CONFIG_T::n_in; i++) {
    ^~~
    VITIS_LOOP_252_2: 
C:\Users\Tim\PycharmProjects\rs_final\model_3\hls4ml_prj\myproject_prj\solution1\.autopilot\db\myproject.pp.0.cpp:51581:5: note: FIX-IT applied suggested code changes
C:\Users\Tim\PycharmProjects\rs_final\model_3\hls4ml_prj\myproject_prj\solution1\.autopilot\db\myproject.pp.0.cpp:51595:5: warning: Added loop label VITIS_LOOP_266_3:   [xilinx-label-all-loops]
    for (unsigned i = 0; i < CONFIG_T::n_in; i++) {
    ^~~
    VITIS_LOOP_266_3: 
C:\Users\Tim\PycharmProjects\rs_final\model_3\hls4ml_prj\myproject_prj\solution1\.autopilot\db\myproject.pp.0.cpp:51595:5: note: FIX-IT applied suggested code changes
C:\Users\Tim\PycharmProjects\rs_final\model_3\hls4ml_prj\myproject_prj\solution1\.autopilot\db\myproject.pp.0.cpp:51602:5: warning: Added loop label VITIS_LOOP_273_1:   [xilinx-label-all-loops]
    for (int ii = 0; ii < N_TABLE; ii++) {
    ^~~
    VITIS_LOOP_273_1: 
C:\Users\Tim\PycharmProjects\rs_final\model_3\hls4ml_prj\myproject_prj\solution1\.autopilot\db\myproject.pp.0.cpp:51602:5: note: FIX-IT applied suggested code changes
C:\Users\Tim\PycharmProjects\rs_final\model_3\hls4ml_prj\myproject_prj\solution1\.autopilot\db\myproject.pp.0.cpp:51615:5: warning: Added loop label VITIS_LOOP_286_1:   [xilinx-label-all-loops]
    for (int ii = 0; ii < N_TABLE; ii++) {
    ^~~
    VITIS_LOOP_286_1: 
C:\Users\Tim\PycharmProjects\rs_final\model_3\hls4ml_prj\myproject_prj\solution1\.autopilot\db\myproject.pp.0.cpp:51615:5: note: FIX-IT applied suggested code changes
C:\Users\Tim\PycharmProjects\rs_final\model_3\hls4ml_prj\myproject_prj\solution1\.autopilot\db\myproject.pp.0.cpp:51652:5: warning: Added loop label VITIS_LOOP_323_1:   [xilinx-label-all-loops]
    for (int ii = 0; ii < CONFIG_T::n_in; ii++) {
    ^~~
    VITIS_LOOP_323_1: 
C:\Users\Tim\PycharmProjects\rs_final\model_3\hls4ml_prj\myproject_prj\solution1\.autopilot\db\myproject.pp.0.cpp:51652:5: note: FIX-IT applied suggested code changes
C:\Users\Tim\PycharmProjects\rs_final\model_3\hls4ml_prj\myproject_prj\solution1\.autopilot\db\myproject.pp.0.cpp:51657:5: warning: Added loop label VITIS_LOOP_328_2:   [xilinx-label-all-loops]
    for (int ii = 0; ii < CONFIG_T::n_in; ii++) {
    ^~~
    VITIS_LOOP_328_2: 
C:\Users\Tim\PycharmProjects\rs_final\model_3\hls4ml_prj\myproject_prj\solution1\.autopilot\db\myproject.pp.0.cpp:51657:5: note: FIX-IT applied suggested code changes
C:\Users\Tim\PycharmProjects\rs_final\model_3\hls4ml_prj\myproject_prj\solution1\.autopilot\db\myproject.pp.0.cpp:51658:9: warning: Added loop label VITIS_LOOP_329_3:   [xilinx-label-all-loops]
        for (int jj = 0; jj < CONFIG_T::n_in; jj++) {
        ^~~
        VITIS_LOOP_329_3: 
C:\Users\Tim\PycharmProjects\rs_final\model_3\hls4ml_prj\myproject_prj\solution1\.autopilot\db\myproject.pp.0.cpp:51658:9: note: FIX-IT applied suggested code changes
C:\Users\Tim\PycharmProjects\rs_final\model_3\hls4ml_prj\myproject_prj\solution1\.autopilot\db\myproject.pp.0.cpp:51675:5: warning: Added loop label VITIS_LOOP_346_4:   [xilinx-label-all-loops]
    for (int ii = 0; ii < CONFIG_T::n_in; ii++) {
    ^~~
    VITIS_LOOP_346_4: 
C:\Users\Tim\PycharmProjects\rs_final\model_3\hls4ml_prj\myproject_prj\solution1\.autopilot\db\myproject.pp.0.cpp:51675:5: note: FIX-IT applied suggested code changes
C:\Users\Tim\PycharmProjects\rs_final\model_3\hls4ml_prj\myproject_prj\solution1\.autopilot\db\myproject.pp.0.cpp:51688:5: warning: Added loop label VITIS_LOOP_359_1:   [xilinx-label-all-loops]
    for (int i = 0; i < CONFIG_T::n_in; i++) {
    ^~~
    VITIS_LOOP_359_1: 
C:\Users\Tim\PycharmProjects\rs_final\model_3\hls4ml_prj\myproject_prj\solution1\.autopilot\db\myproject.pp.0.cpp:51688:5: note: FIX-IT applied suggested code changes
C:\Users\Tim\PycharmProjects\rs_final\model_3\hls4ml_prj\myproject_prj\solution1\.autopilot\db\myproject.pp.0.cpp:51696:5: warning: Added loop label VITIS_LOOP_367_2:   [xilinx-label-all-loops]
    for (int i = 1; i < CONFIG_T::n_in; i++) {
    ^~~
    VITIS_LOOP_367_2: 
C:\Users\Tim\PycharmProjects\rs_final\model_3\hls4ml_prj\myproject_prj\solution1\.autopilot\db\myproject.pp.0.cpp:51696:5: note: FIX-IT applied suggested code changes
C:\Users\Tim\PycharmProjects\rs_final\model_3\hls4ml_prj\myproject_prj\solution1\.autopilot\db\myproject.pp.0.cpp:51731:5: warning: Added loop label VITIS_LOOP_402_1:   [xilinx-label-all-loops]
    for (int ii = 0; ii < N_TABLE; ii++) {
    ^~~
    VITIS_LOOP_402_1: 
C:\Users\Tim\PycharmProjects\rs_final\model_3\hls4ml_prj\myproject_prj\solution1\.autopilot\db\myproject.pp.0.cpp:51731:5: note: FIX-IT applied suggested code changes
C:\Users\Tim\PycharmProjects\rs_final\model_3\hls4ml_prj\myproject_prj\solution1\.autopilot\db\myproject.pp.0.cpp:51761:5: warning: Added loop label VITIS_LOOP_432_1:   [xilinx-label-all-loops]
    for (int ii = 0; ii < CONFIG_T::n_in; ii++) {
    ^~~
    VITIS_LOOP_432_1: 
C:\Users\Tim\PycharmProjects\rs_final\model_3\hls4ml_prj\myproject_prj\solution1\.autopilot\db\myproject.pp.0.cpp:51761:5: note: FIX-IT applied suggested code changes
C:\Users\Tim\PycharmProjects\rs_final\model_3\hls4ml_prj\myproject_prj\solution1\.autopilot\db\myproject.pp.0.cpp:51780:2: warning: Added loop label VITIS_LOOP_451_1:   [xilinx-label-all-loops]
 for (int ii = 0; ii < CONFIG_T::n_in; ii++) {
 ^~~
 VITIS_LOOP_451_1: 
C:\Users\Tim\PycharmProjects\rs_final\model_3\hls4ml_prj\myproject_prj\solution1\.autopilot\db\myproject.pp.0.cpp:51780:2: note: FIX-IT applied suggested code changes
C:\Users\Tim\PycharmProjects\rs_final\model_3\hls4ml_prj\myproject_prj\solution1\.autopilot\db\myproject.pp.0.cpp:51796:5: warning: Added loop label VITIS_LOOP_467_1:   [xilinx-label-all-loops]
    for (int ii = 0; ii < CONFIG_T::n_in; ii++) {
    ^~~
    VITIS_LOOP_467_1: 
C:\Users\Tim\PycharmProjects\rs_final\model_3\hls4ml_prj\myproject_prj\solution1\.autopilot\db\myproject.pp.0.cpp:51796:5: note: FIX-IT applied suggested code changes
C:\Users\Tim\PycharmProjects\rs_final\model_3\hls4ml_prj\myproject_prj\solution1\.autopilot\db\myproject.pp.0.cpp:51814:5: warning: Added loop label VITIS_LOOP_485_1:   [xilinx-label-all-loops]
    for (int ii = 0; ii < CONFIG_T::n_in; ii++) {
    ^~~
    VITIS_LOOP_485_1: 
C:\Users\Tim\PycharmProjects\rs_final\model_3\hls4ml_prj\myproject_prj\solution1\.autopilot\db\myproject.pp.0.cpp:51814:5: note: FIX-IT applied suggested code changes
C:\Users\Tim\PycharmProjects\rs_final\model_3\hls4ml_prj\myproject_prj\solution1\.autopilot\db\myproject.pp.0.cpp:51831:5: warning: Added loop label VITIS_LOOP_502_1:   [xilinx-label-all-loops]
    for (int ii = 0; ii < CONFIG_T::n_in; ii++) {
    ^~~
    VITIS_LOOP_502_1: 
C:\Users\Tim\PycharmProjects\rs_final\model_3\hls4ml_prj\myproject_prj\solution1\.autopilot\db\myproject.pp.0.cpp:51831:5: note: FIX-IT applied suggested code changes
C:\Users\Tim\PycharmProjects\rs_final\model_3\hls4ml_prj\myproject_prj\solution1\.autopilot\db\myproject.pp.0.cpp:51848:5: warning: Added loop label VITIS_LOOP_519_1:   [xilinx-label-all-loops]
    for (int ii = 0; ii < N_TABLE; ii++) {
    ^~~
    VITIS_LOOP_519_1: 
C:\Users\Tim\PycharmProjects\rs_final\model_3\hls4ml_prj\myproject_prj\solution1\.autopilot\db\myproject.pp.0.cpp:51848:5: note: FIX-IT applied suggested code changes
C:\Users\Tim\PycharmProjects\rs_final\model_3\hls4ml_prj\myproject_prj\solution1\.autopilot\db\myproject.pp.0.cpp:51878:5: warning: Added loop label VITIS_LOOP_549_1:   [xilinx-label-all-loops]
    for (int ii = 0; ii < CONFIG_T::n_in; ii++) {
    ^~~
    VITIS_LOOP_549_1: 
C:\Users\Tim\PycharmProjects\rs_final\model_3\hls4ml_prj\myproject_prj\solution1\.autopilot\db\myproject.pp.0.cpp:51878:5: note: FIX-IT applied suggested code changes
C:\Users\Tim\PycharmProjects\rs_final\model_3\hls4ml_prj\myproject_prj\solution1\.autopilot\db\myproject.pp.0.cpp:51897:5: warning: Added loop label VITIS_LOOP_568_1:   [xilinx-label-all-loops]
    for (int ii = 0; ii < N_TABLE; ii++) {
    ^~~
    VITIS_LOOP_568_1: 
C:\Users\Tim\PycharmProjects\rs_final\model_3\hls4ml_prj\myproject_prj\solution1\.autopilot\db\myproject.pp.0.cpp:51897:5: note: FIX-IT applied suggested code changes
C:\Users\Tim\PycharmProjects\rs_final\model_3\hls4ml_prj\myproject_prj\solution1\.autopilot\db\myproject.pp.0.cpp:51927:5: warning: Added loop label VITIS_LOOP_598_1:   [xilinx-label-all-loops]
    for (int ii = 0; ii < CONFIG_T::n_in; ii++) {
    ^~~
    VITIS_LOOP_598_1: 
C:\Users\Tim\PycharmProjects\rs_final\model_3\hls4ml_prj\myproject_prj\solution1\.autopilot\db\myproject.pp.0.cpp:51927:5: note: FIX-IT applied suggested code changes
C:\Users\Tim\PycharmProjects\rs_final\model_3\hls4ml_prj\myproject_prj\solution1\.autopilot\db\myproject.pp.0.cpp:51946:5: warning: Added loop label VITIS_LOOP_617_1:   [xilinx-label-all-loops]
    for (int ii = 0; ii < N_TABLE; ii++) {
    ^~~
    VITIS_LOOP_617_1: 
C:\Users\Tim\PycharmProjects\rs_final\model_3\hls4ml_prj\myproject_prj\solution1\.autopilot\db\myproject.pp.0.cpp:51946:5: note: FIX-IT applied suggested code changes
C:\Users\Tim\PycharmProjects\rs_final\model_3\hls4ml_prj\myproject_prj\solution1\.autopilot\db\myproject.pp.0.cpp:51976:5: warning: Added loop label VITIS_LOOP_647_1:   [xilinx-label-all-loops]
    for (int ii = 0; ii < CONFIG_T::n_in; ii++) {
    ^~~
    VITIS_LOOP_647_1: 
C:\Users\Tim\PycharmProjects\rs_final\model_3\hls4ml_prj\myproject_prj\solution1\.autopilot\db\myproject.pp.0.cpp:51976:5: note: FIX-IT applied suggested code changes
C:\Users\Tim\PycharmProjects\rs_final\model_3\hls4ml_prj\myproject_prj\solution1\.autopilot\db\myproject.pp.0.cpp:52003:5: warning: Added loop label VITIS_LOOP_674_1:   [xilinx-label-all-loops]
    for (int ii = 0; ii < N_TABLE; ii++) {
    ^~~
    VITIS_LOOP_674_1: 
C:\Users\Tim\PycharmProjects\rs_final\model_3\hls4ml_prj\myproject_prj\solution1\.autopilot\db\myproject.pp.0.cpp:52003:5: note: FIX-IT applied suggested code changes
C:\Users\Tim\PycharmProjects\rs_final\model_3\hls4ml_prj\myproject_prj\solution1\.autopilot\db\myproject.pp.0.cpp:52032:5: warning: Added loop label VITIS_LOOP_703_1:   [xilinx-label-all-loops]
    for (int ii = 0; ii < CONFIG_T::n_in; ii++) {
    ^~~
    VITIS_LOOP_703_1: 
C:\Users\Tim\PycharmProjects\rs_final\model_3\hls4ml_prj\myproject_prj\solution1\.autopilot\db\myproject.pp.0.cpp:52032:5: note: FIX-IT applied suggested code changes
C:\Users\Tim\PycharmProjects\rs_final\model_3\hls4ml_prj\myproject_prj\solution1\.autopilot\db\myproject.pp.0.cpp:52053:5: warning: Added loop label VITIS_LOOP_724_1:   [xilinx-label-all-loops]
    for (int ii = 0; ii < CONFIG_T::n_in; ii++) {
    ^~~
    VITIS_LOOP_724_1: 
C:\Users\Tim\PycharmProjects\rs_final\model_3\hls4ml_prj\myproject_prj\solution1\.autopilot\db\myproject.pp.0.cpp:52053:5: note: FIX-IT applied suggested code changes
C:\Users\Tim\PycharmProjects\rs_final\model_3\hls4ml_prj\myproject_prj\solution1\.autopilot\db\myproject.pp.0.cpp:52071:5: warning: Added loop label VITIS_LOOP_742_1:   [xilinx-label-all-loops]
    for (int ii = 0; ii < CONFIG_T::n_in; ii++) {
    ^~~
    VITIS_LOOP_742_1: 
C:\Users\Tim\PycharmProjects\rs_final\model_3\hls4ml_prj\myproject_prj\solution1\.autopilot\db\myproject.pp.0.cpp:52071:5: note: FIX-IT applied suggested code changes
C:\Users\Tim\PycharmProjects\rs_final\model_3\hls4ml_prj\myproject_prj\solution1\.autopilot\db\myproject.pp.0.cpp:52091:5: warning: Added loop label VITIS_LOOP_762_1:   [xilinx-label-all-loops]
    for (int ii = 0; ii < CONFIG_T::n_in; ii++) {
    ^~~
    VITIS_LOOP_762_1: 
C:\Users\Tim\PycharmProjects\rs_final\model_3\hls4ml_prj\myproject_prj\solution1\.autopilot\db\myproject.pp.0.cpp:52091:5: note: FIX-IT applied suggested code changes
C:\Users\Tim\PycharmProjects\rs_final\model_3\hls4ml_prj\myproject_prj\solution1\.autopilot\db\myproject.pp.0.cpp:52187:9: warning: Added loop label VITIS_LOOP_73_1:   [xilinx-label-all-loops]
        for (int i = 0; i < N / data_T::size; i++) {
        ^~~
        VITIS_LOOP_73_1: 
C:\Users\Tim\PycharmProjects\rs_final\model_3\hls4ml_prj\myproject_prj\solution1\.autopilot\db\myproject.pp.0.cpp:52187:9: note: FIX-IT applied suggested code changes
C:\Users\Tim\PycharmProjects\rs_final\model_3\hls4ml_prj\myproject_prj\solution1\.autopilot\db\myproject.pp.0.cpp:52194:13: warning: Added loop label VITIS_LOOP_80_2:   [xilinx-label-all-loops]
            for (int j = 0; j < data_T::size; j++) {
            ^~~
            VITIS_LOOP_80_2: 
C:\Users\Tim\PycharmProjects\rs_final\model_3\hls4ml_prj\myproject_prj\solution1\.autopilot\db\myproject.pp.0.cpp:52194:13: note: FIX-IT applied suggested code changes
C:\Users\Tim\PycharmProjects\rs_final\model_3\hls4ml_prj\myproject_prj\solution1\.autopilot\db\myproject.pp.0.cpp:52203:9: warning: Added loop label VITIS_LOOP_89_3:   [xilinx-label-all-loops]
        for (int i = 0; i < N / data_T::size; i++) {
        ^~~
        VITIS_LOOP_89_3: 
C:\Users\Tim\PycharmProjects\rs_final\model_3\hls4ml_prj\myproject_prj\solution1\.autopilot\db\myproject.pp.0.cpp:52203:9: note: FIX-IT applied suggested code changes
C:\Users\Tim\PycharmProjects\rs_final\model_3\hls4ml_prj\myproject_prj\solution1\.autopilot\db\myproject.pp.0.cpp:52212:13: warning: Added loop label VITIS_LOOP_98_4:   [xilinx-label-all-loops]
            for (int j = 0; j < pack_diff; j++) {
            ^~~
            VITIS_LOOP_98_4: 
C:\Users\Tim\PycharmProjects\rs_final\model_3\hls4ml_prj\myproject_prj\solution1\.autopilot\db\myproject.pp.0.cpp:52212:13: note: FIX-IT applied suggested code changes
C:\Users\Tim\PycharmProjects\rs_final\model_3\hls4ml_prj\myproject_prj\solution1\.autopilot\db\myproject.pp.0.cpp:52216:17: warning: Added loop label VITIS_LOOP_102_5:   [xilinx-label-all-loops]
                for (int k = 0; k < res_T::size; k++) {
                ^~~
                VITIS_LOOP_102_5: 
C:\Users\Tim\PycharmProjects\rs_final\model_3\hls4ml_prj\myproject_prj\solution1\.autopilot\db\myproject.pp.0.cpp:52216:17: note: FIX-IT applied suggested code changes
C:\Users\Tim\PycharmProjects\rs_final\model_3\hls4ml_prj\myproject_prj\solution1\.autopilot\db\myproject.pp.0.cpp:52227:9: warning: Added loop label VITIS_LOOP_113_6:   [xilinx-label-all-loops]
        for (int i = 0; i < N / data_T::size; i++) {
        ^~~
        VITIS_LOOP_113_6: 
C:\Users\Tim\PycharmProjects\rs_final\model_3\hls4ml_prj\myproject_prj\solution1\.autopilot\db\myproject.pp.0.cpp:52227:9: note: FIX-IT applied suggested code changes
C:\Users\Tim\PycharmProjects\rs_final\model_3\hls4ml_prj\myproject_prj\solution1\.autopilot\db\myproject.pp.0.cpp:52231:13: warning: Added loop label VITIS_LOOP_117_7:   [xilinx-label-all-loops]
            for (int j = 0; j < data_T::size; j++) {
            ^~~
            VITIS_LOOP_117_7: 
C:\Users\Tim\PycharmProjects\rs_final\model_3\hls4ml_prj\myproject_prj\solution1\.autopilot\db\myproject.pp.0.cpp:52231:13: note: FIX-IT applied suggested code changes
C:\Users\Tim\PycharmProjects\rs_final\model_3\hls4ml_prj\myproject_prj\solution1\.autopilot\db\myproject.pp.0.cpp:52255:9: warning: Added loop label VITIS_LOOP_141_1:   [xilinx-label-all-loops]
        for (int j = 0; j < n_dupl; j++) {
        ^~~
        VITIS_LOOP_141_1: 
C:\Users\Tim\PycharmProjects\rs_final\model_3\hls4ml_prj\myproject_prj\solution1\.autopilot\db\myproject.pp.0.cpp:52255:9: note: FIX-IT applied suggested code changes
C:\Users\Tim\PycharmProjects\rs_final\model_3\hls4ml_prj\myproject_prj\solution1\.autopilot\db\myproject.pp.0.cpp:52259:13: warning: Added loop label VITIS_LOOP_145_2:   [xilinx-label-all-loops]
            for (int k = 0; k < res_T::size; k++) {
            ^~~
            VITIS_LOOP_145_2: 
C:\Users\Tim\PycharmProjects\rs_final\model_3\hls4ml_prj\myproject_prj\solution1\.autopilot\db\myproject.pp.0.cpp:52259:13: note: FIX-IT applied suggested code changes
C:\Users\Tim\PycharmProjects\rs_final\model_3\hls4ml_prj\myproject_prj\solution1\.autopilot\db\myproject.pp.0.cpp:52278:9: warning: Added loop label VITIS_LOOP_164_1:   [xilinx-label-all-loops]
        for (int k = 0; k < res_T::size; k++) {
        ^~~
        VITIS_LOOP_164_1: 
C:\Users\Tim\PycharmProjects\rs_final\model_3\hls4ml_prj\myproject_prj\solution1\.autopilot\db\myproject.pp.0.cpp:52278:9: note: FIX-IT applied suggested code changes
C:\Users\Tim\PycharmProjects\rs_final\model_3\hls4ml_prj\myproject_prj\solution1\.autopilot\db\myproject.pp.0.cpp:52301:2: warning: Added loop label VITIS_LOOP_187_1:   [xilinx-label-all-loops]
 for (int i = 0; i < CONFIG_T::height * CONFIG_T::width / data_T::size; i++) {
 ^~~
 VITIS_LOOP_187_1: 
C:\Users\Tim\PycharmProjects\rs_final\model_3\hls4ml_prj\myproject_prj\solution1\.autopilot\db\myproject.pp.0.cpp:52301:2: note: FIX-IT applied suggested code changes
C:\Users\Tim\PycharmProjects\rs_final\model_3\hls4ml_prj\myproject_prj\solution1\.autopilot\db\myproject.pp.0.cpp:52304:9: warning: Added loop label VITIS_LOOP_190_2:   [xilinx-label-all-loops]
        for (int j = 0; j < data_T::size; j++) {
        ^~~
        VITIS_LOOP_190_2: 
C:\Users\Tim\PycharmProjects\rs_final\model_3\hls4ml_prj\myproject_prj\solution1\.autopilot\db\myproject.pp.0.cpp:52304:9: note: FIX-IT applied suggested code changes
C:\Users\Tim\PycharmProjects\rs_final\model_3\hls4ml_prj\myproject_prj\solution1\.autopilot\db\myproject.pp.0.cpp:52309:5: warning: Added loop label VITIS_LOOP_195_3:   [xilinx-label-all-loops]
    for (int i = 0; i < CONFIG_T::height * CONFIG_T::width / res_T::size; i++) {
    ^~~
    VITIS_LOOP_195_3: 
C:\Users\Tim\PycharmProjects\rs_final\model_3\hls4ml_prj\myproject_prj\solution1\.autopilot\db\myproject.pp.0.cpp:52309:5: note: FIX-IT applied suggested code changes
C:\Users\Tim\PycharmProjects\rs_final\model_3\hls4ml_prj\myproject_prj\solution1\.autopilot\db\myproject.pp.0.cpp:52313:9: warning: Added loop label VITIS_LOOP_199_4:   [xilinx-label-all-loops]
        for (int j = 0; j < res_T::size; j++) {
        ^~~
        VITIS_LOOP_199_4: 
C:\Users\Tim\PycharmProjects\rs_final\model_3\hls4ml_prj\myproject_prj\solution1\.autopilot\db\myproject.pp.0.cpp:52313:9: note: FIX-IT applied suggested code changes
C:\Users\Tim\PycharmProjects\rs_final\model_3\hls4ml_prj\myproject_prj\solution1\.autopilot\db\myproject.pp.0.cpp:52527:9: warning: Added loop label VITIS_LOOP_213_1:   [xilinx-label-all-loops]
        for (unsigned j = 0; j < data_T::size; j++) {
        ^~~
        VITIS_LOOP_213_1: 
C:\Users\Tim\PycharmProjects\rs_final\model_3\hls4ml_prj\myproject_prj\solution1\.autopilot\db\myproject.pp.0.cpp:52527:9: note: FIX-IT applied suggested code changes
C:\Users\Tim\PycharmProjects\rs_final\model_3\hls4ml_prj\myproject_prj\solution1\.autopilot\db\myproject.pp.0.cpp:52536:9: warning: Added loop label VITIS_LOOP_222_2:   [xilinx-label-all-loops]
        for (unsigned j = 0; j < data_T::size; j++) {
        ^~~
        VITIS_LOOP_222_2: 
C:\Users\Tim\PycharmProjects\rs_final\model_3\hls4ml_prj\myproject_prj\solution1\.autopilot\db\myproject.pp.0.cpp:52536:9: note: FIX-IT applied suggested code changes
C:\Users\Tim\PycharmProjects\rs_final\model_3\hls4ml_prj\myproject_prj\solution1\.autopilot\db\myproject.pp.0.cpp:52642:5: warning: Added loop label VITIS_LOOP_328_1:   [xilinx-label-all-loops]
    for (int i = 0; i < CONFIG_T::n_in / res_T::size; i++) {
    ^~~
    VITIS_LOOP_328_1: 
C:\Users\Tim\PycharmProjects\rs_final\model_3\hls4ml_prj\myproject_prj\solution1\.autopilot\db\myproject.pp.0.cpp:52642:5: note: FIX-IT applied suggested code changes
C:\Users\Tim\PycharmProjects\rs_final\model_3\hls4ml_prj\myproject_prj\solution1\.autopilot\db\myproject.pp.0.cpp:52647:9: warning: Added loop label VITIS_LOOP_333_2:   [xilinx-label-all-loops]
        for (int i = 0; i < res_T::size; i++) {
        ^~~
        VITIS_LOOP_333_2: 
C:\Users\Tim\PycharmProjects\rs_final\model_3\hls4ml_prj\myproject_prj\solution1\.autopilot\db\myproject.pp.0.cpp:52647:9: note: FIX-IT applied suggested code changes
C:\Users\Tim\PycharmProjects\rs_final\model_3\hls4ml_prj\myproject_prj\solution1\.autopilot\db\myproject.pp.0.cpp:52655:9: warning: Added loop label VITIS_LOOP_341_3:   [xilinx-label-all-loops]
        for (int i = 1; i < res_T::size; i++) {
        ^~~
        VITIS_LOOP_341_3: 
C:\Users\Tim\PycharmProjects\rs_final\model_3\hls4ml_prj\myproject_prj\solution1\.autopilot\db\myproject.pp.0.cpp:52655:9: note: FIX-IT applied suggested code changes
C:\Users\Tim\PycharmProjects\rs_final\model_3\hls4ml_prj\myproject_prj\solution1\.autopilot\db\myproject.pp.0.cpp:53595:5: warning: Added loop label VITIS_LOOP_14_1:   [xilinx-label-all-loops]
    for (unsigned k = 0; k < CONFIG_T::n_out; k++) {
    ^~~
    VITIS_LOOP_14_1: 
C:\Users\Tim\PycharmProjects\rs_final\model_3\hls4ml_prj\myproject_prj\solution1\.autopilot\db\myproject.pp.0.cpp:53595:5: note: FIX-IT applied suggested code changes
C:\Users\Tim\PycharmProjects\rs_final\model_3\hls4ml_prj\myproject_prj\solution1\.autopilot\db\myproject.pp.0.cpp:53655:9: warning: Added loop label VITIS_LOOP_74_1:   [xilinx-label-all-loops]
        for (int im = 0; im < CONFIG_T::n_out; im++) {
        ^~~
        VITIS_LOOP_74_1: 
C:\Users\Tim\PycharmProjects\rs_final\model_3\hls4ml_prj\myproject_prj\solution1\.autopilot\db\myproject.pp.0.cpp:53655:9: note: FIX-IT applied suggested code changes
