Analysis & Synthesis report for sobel
Tue Oct 31 19:39:05 2023
Quartus Prime Version 22.1std.2 Build 922 07/20/2023 SC Lite Edition


---------------------
; Table of Contents ;
---------------------
  1. Legal Notice
  2. Analysis & Synthesis Summary
  3. Analysis & Synthesis Settings
  4. Parallel Compilation
  5. Analysis & Synthesis Source Files Read
  6. Analysis & Synthesis Resource Usage Summary
  7. Analysis & Synthesis Resource Utilization by Entity
  8. General Register Statistics
  9. Port Connectivity Checks: "sobel_add12u_10:INST_add12u_10_1"
 10. Port Connectivity Checks: "sobel_sub12u_10:INST_sub12u_10_1"
 11. Port Connectivity Checks: "sobel_sub12s_11:INST_sub12s_11_1"
 12. Port Connectivity Checks: "sobel_add12s_11_11:INST_add12s_11_11_1"
 13. Port Connectivity Checks: "sobel_sub12u_10_10:INST_sub12u_10_10_1"
 14. Port Connectivity Checks: "sobel_sub12s_11_10:INST_sub12s_11_10_2"
 15. Port Connectivity Checks: "sobel_sub12s_11_10:INST_sub12s_11_10_1"
 16. Post-Synthesis Netlist Statistics for Top Partition
 17. Elapsed Time Per Partition
 18. Analysis & Synthesis Messages
 19. Analysis & Synthesis Suppressed Messages



----------------
; Legal Notice ;
----------------
Copyright (C) 2023  Intel Corporation. All rights reserved.
Your use of Intel Corporation's design tools, logic functions 
and other software and tools, and any partner logic 
functions, and any output files from any of the foregoing 
(including device programming or simulation files), and any 
associated documentation or information are expressly subject 
to the terms and conditions of the Intel Program License 
Subscription Agreement, the Intel Quartus Prime License Agreement,
the Intel FPGA IP License Agreement, or other applicable license
agreement, including, without limitation, that your use is for
the sole purpose of programming logic devices manufactured by
Intel and sold by Intel or its authorized distributors.  Please
refer to the applicable agreement for further details, at
https://fpgasoftware.intel.com/eula.



+----------------------------------------------------------------------------------+
; Analysis & Synthesis Summary                                                     ;
+---------------------------------+------------------------------------------------+
; Analysis & Synthesis Status     ; Successful - Tue Oct 31 19:39:05 2023          ;
; Quartus Prime Version           ; 22.1std.2 Build 922 07/20/2023 SC Lite Edition ;
; Revision Name                   ; sobel                                          ;
; Top-level Entity Name           ; sobel                                          ;
; Family                          ; Cyclone V                                      ;
; Logic utilization (in ALMs)     ; N/A                                            ;
; Total registers                 ; 32                                             ;
; Total pins                      ; 34                                             ;
; Total virtual pins              ; 0                                              ;
; Total block memory bits         ; 0                                              ;
; Total DSP Blocks                ; 0                                              ;
; Total HSSI RX PCSs              ; 0                                              ;
; Total HSSI PMA RX Deserializers ; 0                                              ;
; Total HSSI TX PCSs              ; 0                                              ;
; Total HSSI PMA TX Serializers   ; 0                                              ;
; Total PLLs                      ; 0                                              ;
; Total DLLs                      ; 0                                              ;
+---------------------------------+------------------------------------------------+


+---------------------------------------------------------------------------------------------------------------------------+
; Analysis & Synthesis Settings                                                                                             ;
+---------------------------------------------------------------------------------+--------------------+--------------------+
; Option                                                                          ; Setting            ; Default Value      ;
+---------------------------------------------------------------------------------+--------------------+--------------------+
; Device                                                                          ; 5CSEMA5F31C6       ;                    ;
; Top-level entity name                                                           ; sobel              ; sobel              ;
; Family name                                                                     ; Cyclone V          ; Cyclone V          ;
; Use smart compilation                                                           ; Off                ; Off                ;
; Enable parallel Assembler and Timing Analyzer during compilation                ; On                 ; On                 ;
; Enable compact report table                                                     ; Off                ; Off                ;
; Restructure Multiplexers                                                        ; Auto               ; Auto               ;
; MLAB Add Timing Constraints For Mixed-Port Feed-Through Mode Setting Don't Care ; Off                ; Off                ;
; Create Debugging Nodes for IP Cores                                             ; Off                ; Off                ;
; Preserve fewer node names                                                       ; On                 ; On                 ;
; Intel FPGA IP Evaluation Mode                                                   ; Enable             ; Enable             ;
; Verilog Version                                                                 ; Verilog_2001       ; Verilog_2001       ;
; VHDL Version                                                                    ; VHDL_1993          ; VHDL_1993          ;
; State Machine Processing                                                        ; Auto               ; Auto               ;
; Safe State Machine                                                              ; Off                ; Off                ;
; Extract Verilog State Machines                                                  ; On                 ; On                 ;
; Extract VHDL State Machines                                                     ; On                 ; On                 ;
; Ignore Verilog initial constructs                                               ; Off                ; Off                ;
; Iteration limit for constant Verilog loops                                      ; 5000               ; 5000               ;
; Iteration limit for non-constant Verilog loops                                  ; 250                ; 250                ;
; Add Pass-Through Logic to Inferred RAMs                                         ; On                 ; On                 ;
; Infer RAMs from Raw Logic                                                       ; On                 ; On                 ;
; Parallel Synthesis                                                              ; On                 ; On                 ;
; DSP Block Balancing                                                             ; Auto               ; Auto               ;
; NOT Gate Push-Back                                                              ; On                 ; On                 ;
; Power-Up Don't Care                                                             ; On                 ; On                 ;
; Remove Redundant Logic Cells                                                    ; Off                ; Off                ;
; Remove Duplicate Registers                                                      ; On                 ; On                 ;
; Ignore CARRY Buffers                                                            ; Off                ; Off                ;
; Ignore CASCADE Buffers                                                          ; Off                ; Off                ;
; Ignore GLOBAL Buffers                                                           ; Off                ; Off                ;
; Ignore ROW GLOBAL Buffers                                                       ; Off                ; Off                ;
; Ignore LCELL Buffers                                                            ; Off                ; Off                ;
; Ignore SOFT Buffers                                                             ; On                 ; On                 ;
; Limit AHDL Integers to 32 Bits                                                  ; Off                ; Off                ;
; Optimization Technique                                                          ; Balanced           ; Balanced           ;
; Carry Chain Length                                                              ; 70                 ; 70                 ;
; Auto Carry Chains                                                               ; On                 ; On                 ;
; Auto Open-Drain Pins                                                            ; On                 ; On                 ;
; Perform WYSIWYG Primitive Resynthesis                                           ; Off                ; Off                ;
; Auto ROM Replacement                                                            ; On                 ; On                 ;
; Auto RAM Replacement                                                            ; On                 ; On                 ;
; Auto DSP Block Replacement                                                      ; On                 ; On                 ;
; Auto Shift Register Replacement                                                 ; Auto               ; Auto               ;
; Allow Shift Register Merging across Hierarchies                                 ; Auto               ; Auto               ;
; Auto Clock Enable Replacement                                                   ; On                 ; On                 ;
; Strict RAM Replacement                                                          ; Off                ; Off                ;
; Allow Synchronous Control Signals                                               ; On                 ; On                 ;
; Force Use of Synchronous Clear Signals                                          ; Off                ; Off                ;
; Auto Resource Sharing                                                           ; Off                ; Off                ;
; Allow Any RAM Size For Recognition                                              ; Off                ; Off                ;
; Allow Any ROM Size For Recognition                                              ; Off                ; Off                ;
; Allow Any Shift Register Size For Recognition                                   ; Off                ; Off                ;
; Use LogicLock Constraints during Resource Balancing                             ; On                 ; On                 ;
; Ignore translate_off and synthesis_off directives                               ; Off                ; Off                ;
; Timing-Driven Synthesis                                                         ; On                 ; On                 ;
; Report Parameter Settings                                                       ; On                 ; On                 ;
; Report Source Assignments                                                       ; On                 ; On                 ;
; Report Connectivity Checks                                                      ; On                 ; On                 ;
; Ignore Maximum Fan-Out Assignments                                              ; Off                ; Off                ;
; Synchronization Register Chain Length                                           ; 3                  ; 3                  ;
; Power Optimization During Synthesis                                             ; Normal compilation ; Normal compilation ;
; HDL message level                                                               ; Level2             ; Level2             ;
; Suppress Register Optimization Related Messages                                 ; Off                ; Off                ;
; Number of Removed Registers Reported in Synthesis Report                        ; 5000               ; 5000               ;
; Number of Swept Nodes Reported in Synthesis Report                              ; 5000               ; 5000               ;
; Number of Inverted Registers Reported in Synthesis Report                       ; 100                ; 100                ;
; Clock MUX Protection                                                            ; On                 ; On                 ;
; Auto Gated Clock Conversion                                                     ; Off                ; Off                ;
; Block Design Naming                                                             ; Auto               ; Auto               ;
; SDC constraint protection                                                       ; Off                ; Off                ;
; Synthesis Effort                                                                ; Auto               ; Auto               ;
; Shift Register Replacement - Allow Asynchronous Clear Signal                    ; On                 ; On                 ;
; Pre-Mapping Resynthesis Optimization                                            ; Off                ; Off                ;
; Analysis & Synthesis Message Level                                              ; Medium             ; Medium             ;
; Disable Register Merging Across Hierarchies                                     ; Auto               ; Auto               ;
; Resource Aware Inference For Block RAM                                          ; On                 ; On                 ;
; Automatic Parallel Synthesis                                                    ; On                 ; On                 ;
; Partial Reconfiguration Bitstream ID                                            ; Off                ; Off                ;
+---------------------------------------------------------------------------------+--------------------+--------------------+


+------------------------------------------+
; Parallel Compilation                     ;
+----------------------------+-------------+
; Processors                 ; Number      ;
+----------------------------+-------------+
; Number detected on machine ; 12          ;
; Maximum allowed            ; 10          ;
;                            ;             ;
; Average used               ; 1.00        ;
; Maximum used               ; 10          ;
;                            ;             ;
; Usage by Processor         ; % Time Used ;
;     Processor 1            ; 100.0%      ;
;     Processors 2-10        ;   0.0%      ;
+----------------------------+-------------+


+---------------------------------------------------------------------------------------------------------------------------------------------+
; Analysis & Synthesis Source Files Read                                                                                                      ;
+----------------------------------+-----------------+------------------------+-----------------------------------------------------+---------+
; File Name with User-Entered Path ; Used in Netlist ; File Type              ; File Name with Absolute Path                        ; Library ;
+----------------------------------+-----------------+------------------------+-----------------------------------------------------+---------+
; sobel.v                          ; yes             ; User Verilog HDL File  ; C:/Users/domid/OneDrive/Desktop/Quartus/HW7/sobel.v ;         ;
+----------------------------------+-----------------+------------------------+-----------------------------------------------------+---------+


+-----------------------------------------------------------+
; Analysis & Synthesis Resource Usage Summary               ;
+---------------------------------------------+-------------+
; Resource                                    ; Usage       ;
+---------------------------------------------+-------------+
; Estimate of Logic utilization (ALMs needed) ; 71          ;
;                                             ;             ;
; Combinational ALUT usage for logic          ; 127         ;
;     -- 7 input functions                    ; 0           ;
;     -- 6 input functions                    ; 8           ;
;     -- 5 input functions                    ; 9           ;
;     -- 4 input functions                    ; 0           ;
;     -- <=3 input functions                  ; 110         ;
;                                             ;             ;
; Dedicated logic registers                   ; 32          ;
;                                             ;             ;
; I/O pins                                    ; 34          ;
;                                             ;             ;
; Total DSP Blocks                            ; 0           ;
;                                             ;             ;
; Maximum fan-out node                        ; CLOCK~input ;
; Maximum fan-out                             ; 32          ;
; Total fan-out                               ; 527         ;
; Average fan-out                             ; 2.32        ;
+---------------------------------------------+-------------+


+----------------------------------------------------------------------------------------------------------------------------------------------------------------------------------------------------------------------------------------------------+
; Analysis & Synthesis Resource Utilization by Entity                                                                                                                                                                                                ;
+-------------------------------------------------+---------------------+---------------------------+-------------------+------------+------+--------------+---------------------------------------------------+----------------------+--------------+
; Compilation Hierarchy Node                      ; Combinational ALUTs ; Dedicated Logic Registers ; Block Memory Bits ; DSP Blocks ; Pins ; Virtual Pins ; Full Hierarchy Name                               ; Entity Name          ; Library Name ;
+-------------------------------------------------+---------------------+---------------------------+-------------------+------------+------+--------------+---------------------------------------------------+----------------------+--------------+
; |sobel                                          ; 127 (18)            ; 32 (32)                   ; 0                 ; 0          ; 34   ; 0            ; |sobel                                            ; sobel                ; work         ;
;    |sobel_add12s_11_11_1:INST_add12s_11_11_1_1| ; 11 (11)             ; 0 (0)                     ; 0                 ; 0          ; 0    ; 0            ; |sobel|sobel_add12s_11_11_1:INST_add12s_11_11_1_1 ; sobel_add12s_11_11_1 ; work         ;
;    |sobel_add12u_10:INST_add12u_10_1|           ; 9 (9)               ; 0 (0)                     ; 0                 ; 0          ; 0    ; 0            ; |sobel|sobel_add12u_10:INST_add12u_10_1           ; sobel_add12u_10      ; work         ;
;    |sobel_add8u:INST_add8u_1|                   ; 9 (9)               ; 0 (0)                     ; 0                 ; 0          ; 0    ; 0            ; |sobel|sobel_add8u:INST_add8u_1                   ; sobel_add8u          ; work         ;
;    |sobel_add8u_9:INST_add8u_9_1|               ; 11 (11)             ; 0 (0)                     ; 0                 ; 0          ; 0    ; 0            ; |sobel|sobel_add8u_9:INST_add8u_9_1               ; sobel_add8u_9        ; work         ;
;    |sobel_sub12s_11:INST_sub12s_11_1|           ; 11 (11)             ; 0 (0)                     ; 0                 ; 0          ; 0    ; 0            ; |sobel|sobel_sub12s_11:INST_sub12s_11_1           ; sobel_sub12s_11      ; work         ;
;    |sobel_sub12s_11_10:INST_sub12s_11_10_1|     ; 10 (10)             ; 0 (0)                     ; 0                 ; 0          ; 0    ; 0            ; |sobel|sobel_sub12s_11_10:INST_sub12s_11_10_1     ; sobel_sub12s_11_10   ; work         ;
;    |sobel_sub12s_11_10:INST_sub12s_11_10_2|     ; 10 (10)             ; 0 (0)                     ; 0                 ; 0          ; 0    ; 0            ; |sobel|sobel_sub12s_11_10:INST_sub12s_11_10_2     ; sobel_sub12s_11_10   ; work         ;
;    |sobel_sub12u_10:INST_sub12u_10_1|           ; 10 (10)             ; 0 (0)                     ; 0                 ; 0          ; 0    ; 0            ; |sobel|sobel_sub12u_10:INST_sub12u_10_1           ; sobel_sub12u_10      ; work         ;
;    |sobel_sub12u_10_10:INST_sub12u_10_10_1|     ; 10 (10)             ; 0 (0)                     ; 0                 ; 0          ; 0    ; 0            ; |sobel|sobel_sub12u_10_10:INST_sub12u_10_10_1     ; sobel_sub12u_10_10   ; work         ;
;    |sobel_sub8u:INST_sub8u_1|                   ; 9 (9)               ; 0 (0)                     ; 0                 ; 0          ; 0    ; 0            ; |sobel|sobel_sub8u:INST_sub8u_1                   ; sobel_sub8u          ; work         ;
;    |sobel_sub8u:INST_sub8u_2|                   ; 9 (9)               ; 0 (0)                     ; 0                 ; 0          ; 0    ; 0            ; |sobel|sobel_sub8u:INST_sub8u_2                   ; sobel_sub8u          ; work         ;
+-------------------------------------------------+---------------------+---------------------------+-------------------+------------+------+--------------+---------------------------------------------------+----------------------+--------------+
Note: For table entries with two numbers listed, the numbers in parentheses indicate the number of resources of the given type used by the specific entity alone. The numbers listed outside of parentheses indicate the total resources of the given type used by the specific entity and all of its sub-entities in the hierarchy.


+------------------------------------------------------+
; General Register Statistics                          ;
+----------------------------------------------+-------+
; Statistic                                    ; Value ;
+----------------------------------------------+-------+
; Total registers                              ; 32    ;
; Number of registers using Synchronous Clear  ; 0     ;
; Number of registers using Synchronous Load   ; 0     ;
; Number of registers using Asynchronous Clear ; 32    ;
; Number of registers using Asynchronous Load  ; 0     ;
; Number of registers using Clock Enable       ; 0     ;
; Number of registers using Preset             ; 0     ;
+----------------------------------------------+-------+


+--------------------------------------------------------------+
; Port Connectivity Checks: "sobel_add12u_10:INST_add12u_10_1" ;
+-------+-------+----------+-----------------------------------+
; Port  ; Type  ; Severity ; Details                           ;
+-------+-------+----------+-----------------------------------+
; i1[0] ; Input ; Info     ; Stuck at GND                      ;
+-------+-------+----------+-----------------------------------+


+--------------------------------------------------------------+
; Port Connectivity Checks: "sobel_sub12u_10:INST_sub12u_10_1" ;
+-------+-------+----------+-----------------------------------+
; Port  ; Type  ; Severity ; Details                           ;
+-------+-------+----------+-----------------------------------+
; i1[0] ; Input ; Info     ; Stuck at GND                      ;
+-------+-------+----------+-----------------------------------+


+--------------------------------------------------------------+
; Port Connectivity Checks: "sobel_sub12s_11:INST_sub12s_11_1" ;
+--------+-------+----------+----------------------------------+
; Port   ; Type  ; Severity ; Details                          ;
+--------+-------+----------+----------------------------------+
; i2[10] ; Input ; Info     ; Stuck at GND                     ;
+--------+-------+----------+----------------------------------+


+--------------------------------------------------------------------+
; Port Connectivity Checks: "sobel_add12s_11_11:INST_add12s_11_11_1" ;
+--------+-------+----------+----------------------------------------+
; Port   ; Type  ; Severity ; Details                                ;
+--------+-------+----------+----------------------------------------+
; i2[10] ; Input ; Info     ; Stuck at GND                           ;
+--------+-------+----------+----------------------------------------+


+--------------------------------------------------------------------+
; Port Connectivity Checks: "sobel_sub12u_10_10:INST_sub12u_10_10_1" ;
+-------+-------+----------+-----------------------------------------+
; Port  ; Type  ; Severity ; Details                                 ;
+-------+-------+----------+-----------------------------------------+
; i2[0] ; Input ; Info     ; Stuck at GND                            ;
+-------+-------+----------+-----------------------------------------+


+--------------------------------------------------------------------+
; Port Connectivity Checks: "sobel_sub12s_11_10:INST_sub12s_11_10_2" ;
+------+-------+----------+------------------------------------------+
; Port ; Type  ; Severity ; Details                                  ;
+------+-------+----------+------------------------------------------+
; i1   ; Input ; Info     ; Stuck at GND                             ;
+------+-------+----------+------------------------------------------+


+--------------------------------------------------------------------+
; Port Connectivity Checks: "sobel_sub12s_11_10:INST_sub12s_11_10_1" ;
+------+-------+----------+------------------------------------------+
; Port ; Type  ; Severity ; Details                                  ;
+------+-------+----------+------------------------------------------+
; i1   ; Input ; Info     ; Stuck at GND                             ;
+------+-------+----------+------------------------------------------+


+-----------------------------------------------------+
; Post-Synthesis Netlist Statistics for Top Partition ;
+-----------------------+-----------------------------+
; Type                  ; Count                       ;
+-----------------------+-----------------------------+
; arriav_ff             ; 32                          ;
;     CLR               ; 32                          ;
; arriav_lcell_comb     ; 127                         ;
;     arith             ; 48                          ;
;         0 data inputs ; 3                           ;
;         1 data inputs ; 23                          ;
;         2 data inputs ; 14                          ;
;         5 data inputs ; 8                           ;
;     normal            ; 18                          ;
;         2 data inputs ; 9                           ;
;         5 data inputs ; 1                           ;
;         6 data inputs ; 8                           ;
;     shared            ; 61                          ;
;         0 data inputs ; 3                           ;
;         1 data inputs ; 5                           ;
;         2 data inputs ; 35                          ;
;         3 data inputs ; 18                          ;
; boundary_port         ; 34                          ;
;                       ;                             ;
; Max LUT depth         ; 8.70                        ;
; Average LUT depth     ; 7.74                        ;
+-----------------------+-----------------------------+


+-------------------------------+
; Elapsed Time Per Partition    ;
+----------------+--------------+
; Partition Name ; Elapsed Time ;
+----------------+--------------+
; Top            ; 00:00:00     ;
+----------------+--------------+


+-------------------------------+
; Analysis & Synthesis Messages ;
+-------------------------------+
Info: *******************************************************************
Info: Running Quartus Prime Analysis & Synthesis
    Info: Version 22.1std.2 Build 922 07/20/2023 SC Lite Edition
    Info: Processing started: Tue Oct 31 19:38:57 2023
Info: Command: quartus_map --read_settings_files=on --write_settings_files=off sobel -c sobel
Warning (18236): Number of processors has not been specified which may cause overloading on shared machines.  Set the global assignment NUM_PARALLEL_PROCESSORS in your QSF to an appropriate value for best performance.
Info (20030): Parallel compilation is enabled and will use 10 of the 10 processors detected
Info (12021): Found 12 design units, including 12 entities, in source file sobel.v
    Info (12023): Found entity 1: sobel File: C:/Users/domid/OneDrive/Desktop/Quartus/HW7/sobel.v Line: 12
    Info (12023): Found entity 2: sobel_sub12s_11_10 File: C:/Users/domid/OneDrive/Desktop/Quartus/HW7/sobel.v Line: 201
    Info (12023): Found entity 3: sobel_sub12u_10_10 File: C:/Users/domid/OneDrive/Desktop/Quartus/HW7/sobel.v Line: 210
    Info (12023): Found entity 4: sobel_add12s_11_11_1 File: C:/Users/domid/OneDrive/Desktop/Quartus/HW7/sobel.v Line: 219
    Info (12023): Found entity 5: sobel_add12s_11_11 File: C:/Users/domid/OneDrive/Desktop/Quartus/HW7/sobel.v Line: 228
    Info (12023): Found entity 6: sobel_add8u_9 File: C:/Users/domid/OneDrive/Desktop/Quartus/HW7/sobel.v Line: 237
    Info (12023): Found entity 7: sobel_sub12s_11 File: C:/Users/domid/OneDrive/Desktop/Quartus/HW7/sobel.v Line: 246
    Info (12023): Found entity 8: sobel_sub12u_10 File: C:/Users/domid/OneDrive/Desktop/Quartus/HW7/sobel.v Line: 255
    Info (12023): Found entity 9: sobel_sub8u File: C:/Users/domid/OneDrive/Desktop/Quartus/HW7/sobel.v Line: 264
    Info (12023): Found entity 10: sobel_add12s_11 File: C:/Users/domid/OneDrive/Desktop/Quartus/HW7/sobel.v Line: 273
    Info (12023): Found entity 11: sobel_add12u_10 File: C:/Users/domid/OneDrive/Desktop/Quartus/HW7/sobel.v Line: 282
    Info (12023): Found entity 12: sobel_add8u File: C:/Users/domid/OneDrive/Desktop/Quartus/HW7/sobel.v Line: 291
Info (12127): Elaborating entity "sobel" for the top level hierarchy
Info (10264): Verilog HDL Case Statement information at sobel.v(101): all case item expressions in this case statement are onehot File: C:/Users/domid/OneDrive/Desktop/Quartus/HW7/sobel.v Line: 101
Info (10264): Verilog HDL Case Statement information at sobel.v(113): all case item expressions in this case statement are onehot File: C:/Users/domid/OneDrive/Desktop/Quartus/HW7/sobel.v Line: 113
Info (10264): Verilog HDL Case Statement information at sobel.v(125): all case item expressions in this case statement are onehot File: C:/Users/domid/OneDrive/Desktop/Quartus/HW7/sobel.v Line: 125
Info (10264): Verilog HDL Case Statement information at sobel.v(137): all case item expressions in this case statement are onehot File: C:/Users/domid/OneDrive/Desktop/Quartus/HW7/sobel.v Line: 137
Info (10264): Verilog HDL Case Statement information at sobel.v(149): all case item expressions in this case statement are onehot File: C:/Users/domid/OneDrive/Desktop/Quartus/HW7/sobel.v Line: 149
Info (12128): Elaborating entity "sobel_sub12s_11_10" for hierarchy "sobel_sub12s_11_10:INST_sub12s_11_10_1" File: C:/Users/domid/OneDrive/Desktop/Quartus/HW7/sobel.v Line: 74
Warning (10230): Verilog HDL assignment warning at sobel.v(206): truncated value with size 11 to match size of target (10) File: C:/Users/domid/OneDrive/Desktop/Quartus/HW7/sobel.v Line: 206
Info (12128): Elaborating entity "sobel_sub12u_10_10" for hierarchy "sobel_sub12u_10_10:INST_sub12u_10_10_1" File: C:/Users/domid/OneDrive/Desktop/Quartus/HW7/sobel.v Line: 78
Info (12128): Elaborating entity "sobel_add12s_11_11_1" for hierarchy "sobel_add12s_11_11_1:INST_add12s_11_11_1_1" File: C:/Users/domid/OneDrive/Desktop/Quartus/HW7/sobel.v Line: 80
Info (12128): Elaborating entity "sobel_add12s_11_11" for hierarchy "sobel_add12s_11_11:INST_add12s_11_11_1" File: C:/Users/domid/OneDrive/Desktop/Quartus/HW7/sobel.v Line: 82
Info (12128): Elaborating entity "sobel_add8u_9" for hierarchy "sobel_add8u_9:INST_add8u_9_1" File: C:/Users/domid/OneDrive/Desktop/Quartus/HW7/sobel.v Line: 83
Info (12128): Elaborating entity "sobel_sub12s_11" for hierarchy "sobel_sub12s_11:INST_sub12s_11_1" File: C:/Users/domid/OneDrive/Desktop/Quartus/HW7/sobel.v Line: 84
Info (12128): Elaborating entity "sobel_sub12u_10" for hierarchy "sobel_sub12u_10:INST_sub12u_10_1" File: C:/Users/domid/OneDrive/Desktop/Quartus/HW7/sobel.v Line: 85
Info (12128): Elaborating entity "sobel_sub8u" for hierarchy "sobel_sub8u:INST_sub8u_1" File: C:/Users/domid/OneDrive/Desktop/Quartus/HW7/sobel.v Line: 86
Info (12128): Elaborating entity "sobel_add12s_11" for hierarchy "sobel_add12s_11:INST_add12s_11_1" File: C:/Users/domid/OneDrive/Desktop/Quartus/HW7/sobel.v Line: 88
Info (12128): Elaborating entity "sobel_add12u_10" for hierarchy "sobel_add12u_10:INST_add12u_10_1" File: C:/Users/domid/OneDrive/Desktop/Quartus/HW7/sobel.v Line: 89
Info (12128): Elaborating entity "sobel_add8u" for hierarchy "sobel_add8u:INST_add8u_1" File: C:/Users/domid/OneDrive/Desktop/Quartus/HW7/sobel.v Line: 90
Info (286030): Timing-Driven Synthesis is running
Info (144001): Generated suppressed messages file C:/Users/domid/OneDrive/Desktop/Quartus/HW7/output_files/sobel.map.smsg
Info (16010): Generating hard_block partition "hard_block:auto_generated_inst"
    Info (16011): Adding 0 node(s), including 0 DDIO, 0 PLL, 0 transceiver and 0 LCELL
Info (21057): Implemented 185 device resources after synthesis - the final resource count might be different
    Info (21058): Implemented 26 input pins
    Info (21059): Implemented 8 output pins
    Info (21061): Implemented 151 logic cells
Info: Quartus Prime Analysis & Synthesis was successful. 0 errors, 2 warnings
    Info: Peak virtual memory: 4886 megabytes
    Info: Processing ended: Tue Oct 31 19:39:05 2023
    Info: Elapsed time: 00:00:08
    Info: Total CPU time (on all processors): 00:00:05


+------------------------------------------+
; Analysis & Synthesis Suppressed Messages ;
+------------------------------------------+
The suppressed messages can be found in C:/Users/domid/OneDrive/Desktop/Quartus/HW7/output_files/sobel.map.smsg.


