

================================================================
== Vitis HLS Report for 'softmax_stable_ap_fixed_ap_fixed_16_6_5_3_0_softmax_config10_s'
================================================================
* Date:           Sat Dec  9 15:44:37 2023

* Version:        2023.2 (Build 4023990 on Oct 11 2023)
* Project:        myproject_prj
* Solution:       solution1 (Vivado IP Flow Target)
* Product family: virtexuplus
* Target device:  xcu250-figd2104-2L-e


================================================================
== Performance Estimates
================================================================
+ Timing: 
    * Summary: 
    +--------+---------+----------+------------+
    |  Clock |  Target | Estimated| Uncertainty|
    +--------+---------+----------+------------+
    |ap_clk  |  5.00 ns|  4.344 ns|     0.62 ns|
    +--------+---------+----------+------------+

+ Latency: 
    * Summary: 
    +---------+---------+-----------+-----------+-----+-----+---------+
    |  Latency (cycles) |   Latency (absolute)  |  Interval | Pipeline|
    |   min   |   max   |    min    |    max    | min | max |   Type  |
    +---------+---------+-----------+-----------+-----+-----+---------+
    |        4|        4|  20.000 ns|  20.000 ns|    1|    1|      yes|
    +---------+---------+-----------+-----------+-----+-----+---------+

    + Detail: 
        * Instance: 
        N/A

        * Loop: 
        N/A



================================================================
== Utilization Estimates
================================================================
* Summary: 
+---------------------+---------+-------+---------+---------+------+
|         Name        | BRAM_18K|  DSP  |    FF   |   LUT   | URAM |
+---------------------+---------+-------+---------+---------+------+
|DSP                  |        -|      -|        -|        -|     -|
|Expression           |        -|      -|        0|     1050|     -|
|FIFO                 |        -|      -|        -|        -|     -|
|Instance             |        -|     10|        0|       50|     -|
|Memory               |       12|      -|        0|        0|     -|
|Multiplexer          |        -|      -|        -|        -|     -|
|Register             |        -|      -|      485|        -|     -|
+---------------------+---------+-------+---------+---------+------+
|Total                |       12|     10|      485|     1100|     0|
+---------------------+---------+-------+---------+---------+------+
|Available SLR        |     1344|   3072|   864000|   432000|   320|
+---------------------+---------+-------+---------+---------+------+
|Utilization SLR (%)  |       ~0|     ~0|       ~0|       ~0|     0|
+---------------------+---------+-------+---------+---------+------+
|Available            |     5376|  12288|  3456000|  1728000|  1280|
+---------------------+---------+-------+---------+---------+------+
|Utilization (%)      |       ~0|     ~0|       ~0|       ~0|     0|
+---------------------+---------+-------+---------+---------+------+

+ Detail: 
    * Instance: 
    +------------------------+--------------------+---------+----+---+----+-----+
    |        Instance        |       Module       | BRAM_18K| DSP| FF| LUT| URAM|
    +------------------------+--------------------+---------+----+---+----+-----+
    |mul_18s_18s_30_1_1_U72  |mul_18s_18s_30_1_1  |        0|   1|  0|   5|    0|
    |mul_18s_18s_30_1_1_U73  |mul_18s_18s_30_1_1  |        0|   1|  0|   5|    0|
    |mul_18s_18s_30_1_1_U74  |mul_18s_18s_30_1_1  |        0|   1|  0|   5|    0|
    |mul_18s_18s_30_1_1_U75  |mul_18s_18s_30_1_1  |        0|   1|  0|   5|    0|
    |mul_18s_18s_30_1_1_U76  |mul_18s_18s_30_1_1  |        0|   1|  0|   5|    0|
    |mul_18s_18s_30_1_1_U77  |mul_18s_18s_30_1_1  |        0|   1|  0|   5|    0|
    |mul_18s_18s_30_1_1_U78  |mul_18s_18s_30_1_1  |        0|   1|  0|   5|    0|
    |mul_18s_18s_30_1_1_U79  |mul_18s_18s_30_1_1  |        0|   1|  0|   5|    0|
    |mul_18s_18s_30_1_1_U80  |mul_18s_18s_30_1_1  |        0|   1|  0|   5|    0|
    |mul_18s_18s_30_1_1_U81  |mul_18s_18s_30_1_1  |        0|   1|  0|   5|    0|
    +------------------------+--------------------+---------+----+---+----+-----+
    |Total                   |                    |        0|  10|  0|  50|    0|
    +------------------------+--------------------+---------+----+---+----+-----+

    * DSP: 
    N/A

    * Memory: 
    +----------------+----------------------------------------------------------------------------------+---------+---+----+-----+------+-----+------+-------------+
    |     Memory     |                                      Module                                      | BRAM_18K| FF| LUT| URAM| Words| Bits| Banks| W*Bits*Banks|
    +----------------+----------------------------------------------------------------------------------+---------+---+----+-----+------+-----+------+-------------+
    |exp_table_U     |softmax_stable_ap_fixed_ap_fixed_16_6_5_3_0_softmax_config10_s_exp_table_ROM_bkb  |       10|  0|   0|    0|  1024|   18|     1|        18432|
    |invert_table_U  |softmax_stable_ap_fixed_ap_fixed_16_6_5_3_0_softmax_config10_s_invert_table_Rcud  |        2|  0|   0|    0|  1024|   18|     1|        18432|
    +----------------+----------------------------------------------------------------------------------+---------+---+----+-----+------+-----+------+-------------+
    |Total           |                                                                                  |       12|  0|   0|    0|  2048|   36|     2|        36864|
    +----------------+----------------------------------------------------------------------------------+---------+---+----+-----+------+-----+------+-------------+

    * FIFO: 
    N/A

    * Expression: 
    +----------------------------+----------+----+---+----+------------+------------+
    |        Variable Name       | Operation| DSP| FF| LUT| Bitwidth P0| Bitwidth P1|
    +----------------------------+----------+----+---+----+------------+------------+
    |add_ln50_1_fu_1177_p2       |         +|   0|  0|  18|          18|          18|
    |add_ln50_2_fu_1183_p2       |         +|   0|  0|  18|          18|          18|
    |add_ln50_3_fu_1189_p2       |         +|   0|  0|  18|          18|          18|
    |add_ln50_4_fu_1195_p2       |         +|   0|  0|  18|          18|          18|
    |add_ln50_5_fu_1201_p2       |         +|   0|  0|  18|          18|          18|
    |add_ln50_6_fu_1205_p2       |         +|   0|  0|  18|          18|          18|
    |add_ln50_7_fu_1210_p2       |         +|   0|  0|  18|          18|          18|
    |add_ln50_fu_1171_p2         |         +|   0|  0|  25|          18|          18|
    |exp_sum_fu_1216_p2          |         +|   0|  0|  18|          18|          18|
    |sub_ln245_1_fu_484_p2       |         -|   0|  0|  24|          17|          17|
    |sub_ln245_2_fu_527_p2       |         -|   0|  0|  24|          17|          17|
    |sub_ln245_3_fu_570_p2       |         -|   0|  0|  24|          17|          17|
    |sub_ln245_4_fu_613_p2       |         -|   0|  0|  24|          17|          17|
    |sub_ln245_5_fu_656_p2       |         -|   0|  0|  24|          17|          17|
    |sub_ln245_6_fu_699_p2       |         -|   0|  0|  24|          17|          17|
    |sub_ln245_7_fu_742_p2       |         -|   0|  0|  24|          17|          17|
    |sub_ln245_8_fu_785_p2       |         -|   0|  0|  24|          17|          17|
    |sub_ln245_9_fu_828_p2       |         -|   0|  0|  24|          17|          17|
    |sub_ln245_fu_441_p2         |         -|   0|  0|  24|          17|          17|
    |and_ln245_1_fu_512_p2       |       and|   0|  0|   2|           1|           1|
    |and_ln245_2_fu_555_p2       |       and|   0|  0|   2|           1|           1|
    |and_ln245_3_fu_598_p2       |       and|   0|  0|   2|           1|           1|
    |and_ln245_4_fu_641_p2       |       and|   0|  0|   2|           1|           1|
    |and_ln245_5_fu_684_p2       |       and|   0|  0|   2|           1|           1|
    |and_ln245_6_fu_727_p2       |       and|   0|  0|   2|           1|           1|
    |and_ln245_7_fu_770_p2       |       and|   0|  0|   2|           1|           1|
    |and_ln245_8_fu_813_p2       |       and|   0|  0|   2|           1|           1|
    |and_ln245_9_fu_856_p2       |       and|   0|  0|   2|           1|           1|
    |and_ln245_fu_469_p2         |       and|   0|  0|   2|           1|           1|
    |icmp_ln65_1_fu_280_p2       |      icmp|   0|  0|  23|          16|          16|
    |icmp_ln65_2_fu_300_p2       |      icmp|   0|  0|  23|          16|          16|
    |icmp_ln65_3_fu_320_p2       |      icmp|   0|  0|  23|          16|          16|
    |icmp_ln65_4_fu_340_p2       |      icmp|   0|  0|  23|          16|          16|
    |icmp_ln65_5_fu_360_p2       |      icmp|   0|  0|  23|          16|          16|
    |icmp_ln65_6_fu_380_p2       |      icmp|   0|  0|  23|          16|          16|
    |icmp_ln65_7_fu_400_p2       |      icmp|   0|  0|  23|          16|          16|
    |icmp_ln65_8_fu_416_p2       |      icmp|   0|  0|  23|          16|          16|
    |icmp_ln65_fu_260_p2         |      icmp|   0|  0|  23|          16|          16|
    |select_ln245_10_fu_1013_p3  |    select|   0|  0|  11|           1|           9|
    |select_ln245_11_fu_1031_p3  |    select|   0|  0|  10|           1|          10|
    |select_ln245_12_fu_1039_p3  |    select|   0|  0|  11|           1|           9|
    |select_ln245_13_fu_1057_p3  |    select|   0|  0|  10|           1|          10|
    |select_ln245_14_fu_1065_p3  |    select|   0|  0|  11|           1|           9|
    |select_ln245_15_fu_1083_p3  |    select|   0|  0|  10|           1|          10|
    |select_ln245_16_fu_1091_p3  |    select|   0|  0|  11|           1|           9|
    |select_ln245_17_fu_1109_p3  |    select|   0|  0|  10|           1|          10|
    |select_ln245_18_fu_1117_p3  |    select|   0|  0|  11|           1|           9|
    |select_ln245_19_fu_1135_p3  |    select|   0|  0|  10|           1|          10|
    |select_ln245_1_fu_886_p3    |    select|   0|  0|  10|           1|          10|
    |select_ln245_2_fu_899_p3    |    select|   0|  0|  11|           1|           9|
    |select_ln245_3_fu_917_p3    |    select|   0|  0|  10|           1|          10|
    |select_ln245_4_fu_930_p3    |    select|   0|  0|  11|           1|           9|
    |select_ln245_5_fu_948_p3    |    select|   0|  0|  10|           1|          10|
    |select_ln245_6_fu_961_p3    |    select|   0|  0|  11|           1|           9|
    |select_ln245_7_fu_979_p3    |    select|   0|  0|  10|           1|          10|
    |select_ln245_8_fu_987_p3    |    select|   0|  0|  11|           1|           9|
    |select_ln245_9_fu_1005_p3   |    select|   0|  0|  10|           1|          10|
    |select_ln245_fu_868_p3      |    select|   0|  0|  11|           1|           9|
    |select_ln65_1_fu_292_p3     |    select|   0|  0|  16|           1|          16|
    |select_ln65_2_fu_312_p3     |    select|   0|  0|  16|           1|          16|
    |select_ln65_3_fu_332_p3     |    select|   0|  0|  16|           1|          16|
    |select_ln65_4_fu_352_p3     |    select|   0|  0|  16|           1|          16|
    |select_ln65_5_fu_372_p3     |    select|   0|  0|  16|           1|          16|
    |select_ln65_6_fu_392_p3     |    select|   0|  0|  16|           1|          16|
    |select_ln65_7_fu_410_p3     |    select|   0|  0|  16|           1|          16|
    |select_ln65_fu_272_p3       |    select|   0|  0|  16|           1|          16|
    |x_max_fu_427_p3             |    select|   0|  0|  16|           1|          16|
    |ap_enable_pp0               |       xor|   0|  0|   2|           1|           2|
    |xor_ln245_10_fu_678_p2      |       xor|   0|  0|   2|           1|           2|
    |xor_ln245_11_fu_690_p2      |       xor|   0|  0|   2|           1|           1|
    |xor_ln245_12_fu_721_p2      |       xor|   0|  0|   2|           1|           2|
    |xor_ln245_13_fu_733_p2      |       xor|   0|  0|   2|           1|           1|
    |xor_ln245_14_fu_764_p2      |       xor|   0|  0|   2|           1|           2|
    |xor_ln245_15_fu_776_p2      |       xor|   0|  0|   2|           1|           1|
    |xor_ln245_16_fu_807_p2      |       xor|   0|  0|   2|           1|           2|
    |xor_ln245_17_fu_819_p2      |       xor|   0|  0|   2|           1|           1|
    |xor_ln245_18_fu_850_p2      |       xor|   0|  0|   2|           1|           2|
    |xor_ln245_19_fu_862_p2      |       xor|   0|  0|   2|           1|           1|
    |xor_ln245_1_fu_475_p2       |       xor|   0|  0|   2|           1|           1|
    |xor_ln245_2_fu_506_p2       |       xor|   0|  0|   2|           1|           2|
    |xor_ln245_3_fu_518_p2       |       xor|   0|  0|   2|           1|           1|
    |xor_ln245_4_fu_549_p2       |       xor|   0|  0|   2|           1|           2|
    |xor_ln245_5_fu_561_p2       |       xor|   0|  0|   2|           1|           1|
    |xor_ln245_6_fu_592_p2       |       xor|   0|  0|   2|           1|           2|
    |xor_ln245_7_fu_604_p2       |       xor|   0|  0|   2|           1|           1|
    |xor_ln245_8_fu_635_p2       |       xor|   0|  0|   2|           1|           2|
    |xor_ln245_9_fu_647_p2       |       xor|   0|  0|   2|           1|           1|
    |xor_ln245_fu_463_p2         |       xor|   0|  0|   2|           1|           2|
    |xor_ln65_1_fu_286_p2        |       xor|   0|  0|   2|           1|           2|
    |xor_ln65_2_fu_306_p2        |       xor|   0|  0|   2|           1|           2|
    |xor_ln65_3_fu_326_p2        |       xor|   0|  0|   2|           1|           2|
    |xor_ln65_4_fu_346_p2        |       xor|   0|  0|   2|           1|           2|
    |xor_ln65_5_fu_366_p2        |       xor|   0|  0|   2|           1|           2|
    |xor_ln65_6_fu_386_p2        |       xor|   0|  0|   2|           1|           2|
    |xor_ln65_7_fu_404_p2        |       xor|   0|  0|   2|           1|           2|
    |xor_ln65_8_fu_421_p2        |       xor|   0|  0|   2|           1|           2|
    |xor_ln65_fu_266_p2          |       xor|   0|  0|   2|           1|           2|
    +----------------------------+----------+----+---+----+------------+------------+
    |Total                       |          |   0|  0|1050|         545|         870|
    +----------------------------+----------+----+---+----+------------+------------+

    * Multiplexer: 
    N/A

    * Register: 
    +----------------------------------+----+----+-----+-----------+
    |               Name               | FF | LUT| Bits| Const Bits|
    +----------------------------------+----+----+-----+-----------+
    |ap_CS_fsm                         |   1|   0|    1|          0|
    |ap_enable_reg_pp0_iter1           |   1|   0|    1|          0|
    |ap_enable_reg_pp0_iter2           |   1|   0|    1|          0|
    |ap_enable_reg_pp0_iter3           |   1|   0|    1|          0|
    |ap_enable_reg_pp0_iter4           |   1|   0|    1|          0|
    |data_0_val_read_reg_1540          |  16|   0|   16|          0|
    |data_1_val_read_reg_1535          |  16|   0|   16|          0|
    |data_2_val_read_reg_1530          |  16|   0|   16|          0|
    |data_3_val_read_reg_1525          |  16|   0|   16|          0|
    |data_4_val_read_reg_1520          |  16|   0|   16|          0|
    |data_5_val_read_reg_1515          |  16|   0|   16|          0|
    |data_6_val_read_reg_1510          |  16|   0|   16|          0|
    |data_7_val_read_reg_1505          |  16|   0|   16|          0|
    |data_8_val_read_reg_1498          |  16|   0|   16|          0|
    |data_9_val_read_reg_1491          |  16|   0|   16|          0|
    |exp_res_1_reg_1607                |  18|   0|   18|          0|
    |exp_res_1_reg_1607_pp0_iter3_reg  |  18|   0|   18|          0|
    |exp_res_2_reg_1613                |  18|   0|   18|          0|
    |exp_res_2_reg_1613_pp0_iter3_reg  |  18|   0|   18|          0|
    |exp_res_3_reg_1654                |  18|   0|   18|          0|
    |exp_res_4_reg_1659                |  18|   0|   18|          0|
    |exp_res_5_reg_1664                |  18|   0|   18|          0|
    |exp_res_6_reg_1669                |  18|   0|   18|          0|
    |exp_res_7_reg_1674                |  18|   0|   18|          0|
    |exp_res_8_reg_1679                |  18|   0|   18|          0|
    |exp_res_9_reg_1684                |  18|   0|   18|          0|
    |exp_res_reg_1601                  |  18|   0|   18|          0|
    |exp_res_reg_1601_pp0_iter3_reg    |  18|   0|   18|          0|
    |select_ln245_11_reg_1576          |  10|   0|   10|          0|
    |select_ln245_13_reg_1581          |  10|   0|   10|          0|
    |select_ln245_15_reg_1586          |  10|   0|   10|          0|
    |select_ln245_17_reg_1591          |  10|   0|   10|          0|
    |select_ln245_19_reg_1596          |  10|   0|   10|          0|
    |select_ln245_7_reg_1566           |  10|   0|   10|          0|
    |select_ln245_9_reg_1571           |  10|   0|   10|          0|
    |select_ln65_6_reg_1545            |  16|   0|   16|          0|
    +----------------------------------+----+----+-----+-----------+
    |Total                             | 485|   0|  485|          0|
    +----------------------------------+----+----+-----+-----------+



================================================================
== Interface
================================================================
* Summary: 
+-------------+-----+-----+------------+----------------------------------------------------------------+--------------+
|  RTL Ports  | Dir | Bits|  Protocol  |                          Source Object                         |    C Type    |
+-------------+-----+-----+------------+----------------------------------------------------------------+--------------+
|ap_clk       |   in|    1|  ap_ctrl_hs|  softmax_stable<ap_fixed,ap_fixed<16,6,5,3,0>,softmax_config10>|  return value|
|ap_rst       |   in|    1|  ap_ctrl_hs|  softmax_stable<ap_fixed,ap_fixed<16,6,5,3,0>,softmax_config10>|  return value|
|ap_start     |   in|    1|  ap_ctrl_hs|  softmax_stable<ap_fixed,ap_fixed<16,6,5,3,0>,softmax_config10>|  return value|
|ap_done      |  out|    1|  ap_ctrl_hs|  softmax_stable<ap_fixed,ap_fixed<16,6,5,3,0>,softmax_config10>|  return value|
|ap_idle      |  out|    1|  ap_ctrl_hs|  softmax_stable<ap_fixed,ap_fixed<16,6,5,3,0>,softmax_config10>|  return value|
|ap_ready     |  out|    1|  ap_ctrl_hs|  softmax_stable<ap_fixed,ap_fixed<16,6,5,3,0>,softmax_config10>|  return value|
|ap_ce        |   in|    1|  ap_ctrl_hs|  softmax_stable<ap_fixed,ap_fixed<16,6,5,3,0>,softmax_config10>|  return value|
|ap_return_0  |  out|   16|  ap_ctrl_hs|  softmax_stable<ap_fixed,ap_fixed<16,6,5,3,0>,softmax_config10>|  return value|
|ap_return_1  |  out|   16|  ap_ctrl_hs|  softmax_stable<ap_fixed,ap_fixed<16,6,5,3,0>,softmax_config10>|  return value|
|ap_return_2  |  out|   16|  ap_ctrl_hs|  softmax_stable<ap_fixed,ap_fixed<16,6,5,3,0>,softmax_config10>|  return value|
|ap_return_3  |  out|   16|  ap_ctrl_hs|  softmax_stable<ap_fixed,ap_fixed<16,6,5,3,0>,softmax_config10>|  return value|
|ap_return_4  |  out|   16|  ap_ctrl_hs|  softmax_stable<ap_fixed,ap_fixed<16,6,5,3,0>,softmax_config10>|  return value|
|ap_return_5  |  out|   16|  ap_ctrl_hs|  softmax_stable<ap_fixed,ap_fixed<16,6,5,3,0>,softmax_config10>|  return value|
|ap_return_6  |  out|   16|  ap_ctrl_hs|  softmax_stable<ap_fixed,ap_fixed<16,6,5,3,0>,softmax_config10>|  return value|
|ap_return_7  |  out|   16|  ap_ctrl_hs|  softmax_stable<ap_fixed,ap_fixed<16,6,5,3,0>,softmax_config10>|  return value|
|ap_return_8  |  out|   16|  ap_ctrl_hs|  softmax_stable<ap_fixed,ap_fixed<16,6,5,3,0>,softmax_config10>|  return value|
|ap_return_9  |  out|   16|  ap_ctrl_hs|  softmax_stable<ap_fixed,ap_fixed<16,6,5,3,0>,softmax_config10>|  return value|
|data_0_val   |   in|   16|     ap_none|                                                      data_0_val|        scalar|
|data_1_val   |   in|   16|     ap_none|                                                      data_1_val|        scalar|
|data_2_val   |   in|   16|     ap_none|                                                      data_2_val|        scalar|
|data_3_val   |   in|   16|     ap_none|                                                      data_3_val|        scalar|
|data_4_val   |   in|   16|     ap_none|                                                      data_4_val|        scalar|
|data_5_val   |   in|   16|     ap_none|                                                      data_5_val|        scalar|
|data_6_val   |   in|   16|     ap_none|                                                      data_6_val|        scalar|
|data_7_val   |   in|   16|     ap_none|                                                      data_7_val|        scalar|
|data_8_val   |   in|   16|     ap_none|                                                      data_8_val|        scalar|
|data_9_val   |   in|   16|     ap_none|                                                      data_9_val|        scalar|
+-------------+-----+-----+------------+----------------------------------------------------------------+--------------+

