Flow report for top_vga
Fri Oct 13 19:11:31 2023
Quartus Prime Version 22.1std.2 Build 922 07/20/2023 SC Lite Edition


---------------------
; Table of Contents ;
---------------------
  1. Legal Notice
  2. Flow Summary
  3. Flow Settings
  4. Flow Non-Default Global Settings
  5. Flow Elapsed Time
  6. Flow OS Summary
  7. Flow Log
  8. Flow Messages
  9. Flow Suppressed Messages



----------------
; Legal Notice ;
----------------
Copyright (C) 2023  Intel Corporation. All rights reserved.
Your use of Intel Corporation's design tools, logic functions 
and other software and tools, and any partner logic 
functions, and any output files from any of the foregoing 
(including device programming or simulation files), and any 
associated documentation or information are expressly subject 
to the terms and conditions of the Intel Program License 
Subscription Agreement, the Intel Quartus Prime License Agreement,
the Intel FPGA IP License Agreement, or other applicable license
agreement, including, without limitation, that your use is for
the sole purpose of programming logic devices manufactured by
Intel and sold by Intel or its authorized distributors.  Please
refer to the applicable agreement for further details, at
https://fpgasoftware.intel.com/eula.



+----------------------------------------------------------------------------------+
; Flow Summary                                                                     ;
+---------------------------------+------------------------------------------------+
; Flow Status                     ; Successful - Fri Oct 13 19:11:31 2023          ;
; Quartus Prime Version           ; 22.1std.2 Build 922 07/20/2023 SC Lite Edition ;
; Revision Name                   ; top_vga                                        ;
; Top-level Entity Name           ; top_vga                                        ;
; Family                          ; Cyclone V                                      ;
; Device                          ; 5CSEMA5F31C6                                   ;
; Timing Models                   ; Final                                          ;
; Logic utilization (in ALMs)     ; 38 / 32,070 ( < 1 % )                          ;
; Total registers                 ; 47                                             ;
; Total pins                      ; 31 / 457 ( 7 % )                               ;
; Total virtual pins              ; 0                                              ;
; Total block memory bits         ; 0 / 4,065,280 ( 0 % )                          ;
; Total DSP Blocks                ; 0 / 87 ( 0 % )                                 ;
; Total HSSI RX PCSs              ; 0                                              ;
; Total HSSI PMA RX Deserializers ; 0                                              ;
; Total HSSI TX PCSs              ; 0                                              ;
; Total HSSI PMA TX Serializers   ; 0                                              ;
; Total PLLs                      ; 1 / 6 ( 17 % )                                 ;
; Total DLLs                      ; 0 / 4 ( 0 % )                                  ;
+---------------------------------+------------------------------------------------+


+-----------------------------------------+
; Flow Settings                           ;
+-------------------+---------------------+
; Option            ; Setting             ;
+-------------------+---------------------+
; Start date & time ; 10/13/2023 16:08:10 ;
; Main task         ; Compilation         ;
; Revision Name     ; top_vga             ;
+-------------------+---------------------+


+------------------------------------------------------------------------------------------------------------------------------------------------+
; Flow Non-Default Global Settings                                                                                                               ;
+-------------------------------------+----------------------------------------+---------------+-------------+-----------------------------------+
; Assignment Name                     ; Value                                  ; Default Value ; Entity Name ; Section Id                        ;
+-------------------------------------+----------------------------------------+---------------+-------------+-----------------------------------+
; COMPILER_SIGNATURE_ID               ; 97642492149357.169723129004252         ; --            ; --          ; --                                ;
; EDA_GENERATE_FUNCTIONAL_NETLIST     ; Off                                    ; --            ; --          ; eda_board_design_timing           ;
; EDA_GENERATE_FUNCTIONAL_NETLIST     ; Off                                    ; --            ; --          ; eda_board_design_boundary_scan    ;
; EDA_GENERATE_FUNCTIONAL_NETLIST     ; Off                                    ; --            ; --          ; eda_board_design_signal_integrity ;
; EDA_GENERATE_FUNCTIONAL_NETLIST     ; Off                                    ; --            ; --          ; eda_board_design_symbol           ;
; EDA_OUTPUT_DATA_FORMAT              ; Vhdl                                   ; --            ; --          ; eda_simulation                    ;
; EDA_SIMULATION_TOOL                 ; Questa Intel FPGA (VHDL)               ; <None>        ; --          ; --                                ;
; EDA_TIME_SCALE                      ; 1 ps                                   ; --            ; --          ; eda_simulation                    ;
; MAX_CORE_JUNCTION_TEMP              ; 85                                     ; --            ; --          ; --                                ;
; MIN_CORE_JUNCTION_TEMP              ; 0                                      ; --            ; --          ; --                                ;
; MISC_FILE                           ; dcm_altera.cmp                         ; --            ; --          ; --                                ;
; MISC_FILE                           ; dcm_altera_sim/dcm_altera.vho          ; --            ; --          ; --                                ;
; PARTITION_COLOR                     ; -- (Not supported for targeted family) ; --            ; --          ; Top                               ;
; PARTITION_FITTER_PRESERVATION_LEVEL ; -- (Not supported for targeted family) ; --            ; --          ; Top                               ;
; PARTITION_NETLIST_TYPE              ; -- (Not supported for targeted family) ; --            ; --          ; Top                               ;
; PROJECT_OUTPUT_DIRECTORY            ; output_files                           ; --            ; --          ; --                                ;
; SPD_FILE                            ; dcm_altera.spd                         ; --            ; --          ; --                                ;
; SYNTHESIS_ONLY_QIP                  ; On                                     ; --            ; --          ; --                                ;
+-------------------------------------+----------------------------------------+---------------+-------------+-----------------------------------+


+------------------------------------------------------------------------------------------------------------------------------------------+
; Flow Elapsed Time                                                                                                                        ;
+--------------------------------------+--------------+-------------------------+---------------------+------------------------------------+
; Module Name                          ; Elapsed Time ; Average Processors Used ; Peak Virtual Memory ; Total CPU Time (on all processors) ;
+--------------------------------------+--------------+-------------------------+---------------------+------------------------------------+
; Analysis & Synthesis                 ; 00:00:10     ; 1.0                     ; 4913 MB             ; 00:00:08                           ;
; Fitter                               ; 00:00:41     ; 1.0                     ; 7133 MB             ; 00:01:10                           ;
; Assembler                            ; 00:00:05     ; 1.0                     ; 4887 MB             ; 00:00:02                           ;
; Timing Analyzer                      ; 00:00:04     ; 1.1                     ; 5241 MB             ; 00:00:02                           ;
; EDA Netlist Writer                   ; 00:00:01     ; 1.0                     ; 4851 MB             ; 00:00:01                           ;
; Early Power Estimator File Generator ; 00:00:04     ; 1.0                     ; 5213 MB             ; 00:00:03                           ;
; Power Analyzer                       ; 00:00:04     ; 1.2                     ; 5291 MB             ; 00:00:01                           ;
; Total                                ; 00:01:09     ; --                      ; --                  ; 00:01:27                           ;
+--------------------------------------+--------------+-------------------------+---------------------+------------------------------------+


+----------------------------------------------------------------------------------------------------+
; Flow OS Summary                                                                                    ;
+--------------------------------------+------------------+------------+------------+----------------+
; Module Name                          ; Machine Hostname ; OS Name    ; OS Version ; Processor type ;
+--------------------------------------+------------------+------------+------------+----------------+
; Analysis & Synthesis                 ; Khoa-Laptop      ; Windows 10 ; 10.0       ; x86_64         ;
; Fitter                               ; Khoa-Laptop      ; Windows 10 ; 10.0       ; x86_64         ;
; Assembler                            ; Khoa-Laptop      ; Windows 10 ; 10.0       ; x86_64         ;
; Timing Analyzer                      ; Khoa-Laptop      ; Windows 10 ; 10.0       ; x86_64         ;
; EDA Netlist Writer                   ; Khoa-Laptop      ; Windows 10 ; 10.0       ; x86_64         ;
; Early Power Estimator File Generator ; Khoa-Laptop      ; Windows 10 ; 10.0       ; x86_64         ;
; Power Analyzer                       ; Khoa-Laptop      ; Windows 10 ; 10.0       ; x86_64         ;
+--------------------------------------+------------------+------------+------------+----------------+


------------
; Flow Log ;
------------
quartus_map --read_settings_files=on --write_settings_files=off top_vga -c top_vga
quartus_fit --read_settings_files=off --write_settings_files=off top_vga -c top_vga
quartus_asm --read_settings_files=off --write_settings_files=off top_vga -c top_vga
quartus_sta top_vga -c top_vga
quartus_eda --read_settings_files=off --write_settings_files=off top_vga -c top_vga
quartus_pow --read_settings_files=on --write_settings_files=off top_vga -c top_vga --estimate_power=off --output_epe=top_vga_early_pwr.csv
quartus_pow --read_settings_files=on --write_settings_files=off top_vga -c top_vga



