Analysis & Synthesis report for top_vga
Fri Oct 13 16:08:19 2023
Quartus Prime Version 22.1std.2 Build 922 07/20/2023 SC Lite Edition


---------------------
; Table of Contents ;
---------------------
  1. Legal Notice
  2. Analysis & Synthesis Summary
  3. Analysis & Synthesis Settings
  4. Parallel Compilation
  5. Analysis & Synthesis Source Files Read
  6. Analysis & Synthesis Resource Usage Summary
  7. Analysis & Synthesis Resource Utilization by Entity
  8. Analysis & Synthesis IP Cores Summary
  9. Registers Removed During Synthesis
 10. General Register Statistics
 11. Inverted Register Statistics
 12. Multiplexer Restructuring Statistics (Restructuring Performed)
 13. Parameter Settings for User Entity Instance: dcm_altera:uut1|dcm_altera_0002:dcm_altera_inst|altera_pll:altera_pll_i
 14. Parameter Settings for User Entity Instance: vga_controller:uut2
 15. Parameter Settings for User Entity Instance: hw_image_generator:uut3
 16. Post-Synthesis Netlist Statistics for Top Partition
 17. Elapsed Time Per Partition
 18. Analysis & Synthesis Messages



----------------
; Legal Notice ;
----------------
Copyright (C) 2023  Intel Corporation. All rights reserved.
Your use of Intel Corporation's design tools, logic functions 
and other software and tools, and any partner logic 
functions, and any output files from any of the foregoing 
(including device programming or simulation files), and any 
associated documentation or information are expressly subject 
to the terms and conditions of the Intel Program License 
Subscription Agreement, the Intel Quartus Prime License Agreement,
the Intel FPGA IP License Agreement, or other applicable license
agreement, including, without limitation, that your use is for
the sole purpose of programming logic devices manufactured by
Intel and sold by Intel or its authorized distributors.  Please
refer to the applicable agreement for further details, at
https://fpgasoftware.intel.com/eula.



+----------------------------------------------------------------------------------+
; Analysis & Synthesis Summary                                                     ;
+---------------------------------+------------------------------------------------+
; Analysis & Synthesis Status     ; Successful - Fri Oct 13 16:08:19 2023          ;
; Quartus Prime Version           ; 22.1std.2 Build 922 07/20/2023 SC Lite Edition ;
; Revision Name                   ; top_vga                                        ;
; Top-level Entity Name           ; top_vga                                        ;
; Family                          ; Cyclone V                                      ;
; Logic utilization (in ALMs)     ; N/A                                            ;
; Total registers                 ; 47                                             ;
; Total pins                      ; 31                                             ;
; Total virtual pins              ; 0                                              ;
; Total block memory bits         ; 0                                              ;
; Total DSP Blocks                ; 0                                              ;
; Total HSSI RX PCSs              ; 0                                              ;
; Total HSSI PMA RX Deserializers ; 0                                              ;
; Total HSSI TX PCSs              ; 0                                              ;
; Total HSSI PMA TX Serializers   ; 0                                              ;
; Total PLLs                      ; 1                                              ;
; Total DLLs                      ; 0                                              ;
+---------------------------------+------------------------------------------------+


+---------------------------------------------------------------------------------------------------------------------------+
; Analysis & Synthesis Settings                                                                                             ;
+---------------------------------------------------------------------------------+--------------------+--------------------+
; Option                                                                          ; Setting            ; Default Value      ;
+---------------------------------------------------------------------------------+--------------------+--------------------+
; Device                                                                          ; 5CSEMA5F31C6       ;                    ;
; Top-level entity name                                                           ; top_vga            ; top_vga            ;
; Family name                                                                     ; Cyclone V          ; Cyclone V          ;
; Use smart compilation                                                           ; Off                ; Off                ;
; Enable parallel Assembler and Timing Analyzer during compilation                ; On                 ; On                 ;
; Enable compact report table                                                     ; Off                ; Off                ;
; Restructure Multiplexers                                                        ; Auto               ; Auto               ;
; MLAB Add Timing Constraints For Mixed-Port Feed-Through Mode Setting Don't Care ; Off                ; Off                ;
; Create Debugging Nodes for IP Cores                                             ; Off                ; Off                ;
; Preserve fewer node names                                                       ; On                 ; On                 ;
; Intel FPGA IP Evaluation Mode                                                   ; Enable             ; Enable             ;
; Verilog Version                                                                 ; Verilog_2001       ; Verilog_2001       ;
; VHDL Version                                                                    ; VHDL_1993          ; VHDL_1993          ;
; State Machine Processing                                                        ; Auto               ; Auto               ;
; Safe State Machine                                                              ; Off                ; Off                ;
; Extract Verilog State Machines                                                  ; On                 ; On                 ;
; Extract VHDL State Machines                                                     ; On                 ; On                 ;
; Ignore Verilog initial constructs                                               ; Off                ; Off                ;
; Iteration limit for constant Verilog loops                                      ; 5000               ; 5000               ;
; Iteration limit for non-constant Verilog loops                                  ; 250                ; 250                ;
; Add Pass-Through Logic to Inferred RAMs                                         ; On                 ; On                 ;
; Infer RAMs from Raw Logic                                                       ; On                 ; On                 ;
; Parallel Synthesis                                                              ; On                 ; On                 ;
; DSP Block Balancing                                                             ; Auto               ; Auto               ;
; NOT Gate Push-Back                                                              ; On                 ; On                 ;
; Power-Up Don't Care                                                             ; On                 ; On                 ;
; Remove Redundant Logic Cells                                                    ; Off                ; Off                ;
; Remove Duplicate Registers                                                      ; On                 ; On                 ;
; Ignore CARRY Buffers                                                            ; Off                ; Off                ;
; Ignore CASCADE Buffers                                                          ; Off                ; Off                ;
; Ignore GLOBAL Buffers                                                           ; Off                ; Off                ;
; Ignore ROW GLOBAL Buffers                                                       ; Off                ; Off                ;
; Ignore LCELL Buffers                                                            ; Off                ; Off                ;
; Ignore SOFT Buffers                                                             ; On                 ; On                 ;
; Limit AHDL Integers to 32 Bits                                                  ; Off                ; Off                ;
; Optimization Technique                                                          ; Balanced           ; Balanced           ;
; Carry Chain Length                                                              ; 70                 ; 70                 ;
; Auto Carry Chains                                                               ; On                 ; On                 ;
; Auto Open-Drain Pins                                                            ; On                 ; On                 ;
; Perform WYSIWYG Primitive Resynthesis                                           ; Off                ; Off                ;
; Auto ROM Replacement                                                            ; On                 ; On                 ;
; Auto RAM Replacement                                                            ; On                 ; On                 ;
; Auto DSP Block Replacement                                                      ; On                 ; On                 ;
; Auto Shift Register Replacement                                                 ; Auto               ; Auto               ;
; Allow Shift Register Merging across Hierarchies                                 ; Auto               ; Auto               ;
; Auto Clock Enable Replacement                                                   ; On                 ; On                 ;
; Strict RAM Replacement                                                          ; Off                ; Off                ;
; Allow Synchronous Control Signals                                               ; On                 ; On                 ;
; Force Use of Synchronous Clear Signals                                          ; Off                ; Off                ;
; Auto Resource Sharing                                                           ; Off                ; Off                ;
; Allow Any RAM Size For Recognition                                              ; Off                ; Off                ;
; Allow Any ROM Size For Recognition                                              ; Off                ; Off                ;
; Allow Any Shift Register Size For Recognition                                   ; Off                ; Off                ;
; Use LogicLock Constraints during Resource Balancing                             ; On                 ; On                 ;
; Ignore translate_off and synthesis_off directives                               ; Off                ; Off                ;
; Timing-Driven Synthesis                                                         ; On                 ; On                 ;
; Report Parameter Settings                                                       ; On                 ; On                 ;
; Report Source Assignments                                                       ; On                 ; On                 ;
; Report Connectivity Checks                                                      ; On                 ; On                 ;
; Ignore Maximum Fan-Out Assignments                                              ; Off                ; Off                ;
; Synchronization Register Chain Length                                           ; 3                  ; 3                  ;
; Power Optimization During Synthesis                                             ; Normal compilation ; Normal compilation ;
; HDL message level                                                               ; Level2             ; Level2             ;
; Suppress Register Optimization Related Messages                                 ; Off                ; Off                ;
; Number of Removed Registers Reported in Synthesis Report                        ; 5000               ; 5000               ;
; Number of Swept Nodes Reported in Synthesis Report                              ; 5000               ; 5000               ;
; Number of Inverted Registers Reported in Synthesis Report                       ; 100                ; 100                ;
; Clock MUX Protection                                                            ; On                 ; On                 ;
; Auto Gated Clock Conversion                                                     ; Off                ; Off                ;
; Block Design Naming                                                             ; Auto               ; Auto               ;
; SDC constraint protection                                                       ; Off                ; Off                ;
; Synthesis Effort                                                                ; Auto               ; Auto               ;
; Shift Register Replacement - Allow Asynchronous Clear Signal                    ; On                 ; On                 ;
; Pre-Mapping Resynthesis Optimization                                            ; Off                ; Off                ;
; Analysis & Synthesis Message Level                                              ; Medium             ; Medium             ;
; Disable Register Merging Across Hierarchies                                     ; Auto               ; Auto               ;
; Resource Aware Inference For Block RAM                                          ; On                 ; On                 ;
; Automatic Parallel Synthesis                                                    ; On                 ; On                 ;
; Partial Reconfiguration Bitstream ID                                            ; Off                ; Off                ;
+---------------------------------------------------------------------------------+--------------------+--------------------+


+------------------------------------------+
; Parallel Compilation                     ;
+----------------------------+-------------+
; Processors                 ; Number      ;
+----------------------------+-------------+
; Number detected on machine ; 12          ;
; Maximum allowed            ; 10          ;
;                            ;             ;
; Average used               ; 1.00        ;
; Maximum used               ; 10          ;
;                            ;             ;
; Usage by Processor         ; % Time Used ;
;     Processor 1            ; 100.0%      ;
;     Processors 2-10        ;   0.0%      ;
+----------------------------+-------------+


+------------------------------------------------------------------------------------------------------------------------------------------------------------------------------------------------+
; Analysis & Synthesis Source Files Read                                                                                                                                                         ;
+-------------------------------------------+-----------------+-----------------------------+---------------------------------------------------------------------------------------+------------+
; File Name with User-Entered Path          ; Used in Netlist ; File Type                   ; File Name with Absolute Path                                                          ; Library    ;
+-------------------------------------------+-----------------+-----------------------------+---------------------------------------------------------------------------------------+------------+
; VGA_vhdl/VGA_vhdl/vga-controller.vhdl     ; yes             ; User VHDL File              ; C:/Users/domid/OneDrive/Desktop/Quartus/HW5/VGA_vhdl/VGA_vhdl/vga-controller.vhdl     ;            ;
; VGA_vhdl/VGA_vhdl/top_vga.vhdl            ; yes             ; User VHDL File              ; C:/Users/domid/OneDrive/Desktop/Quartus/HW5/VGA_vhdl/VGA_vhdl/top_vga.vhdl            ;            ;
; VGA_vhdl/VGA_vhdl/hw_image_generator.vhdl ; yes             ; User VHDL File              ; C:/Users/domid/OneDrive/Desktop/Quartus/HW5/VGA_vhdl/VGA_vhdl/hw_image_generator.vhdl ;            ;
; dcm_altera.vhd                            ; yes             ; User Wizard-Generated File  ; C:/Users/domid/OneDrive/Desktop/Quartus/HW5/dcm_altera.vhd                            ; dcm_altera ;
; dcm_altera/dcm_altera_0002.v              ; yes             ; User Verilog HDL File       ; C:/Users/domid/OneDrive/Desktop/Quartus/HW5/dcm_altera/dcm_altera_0002.v              ; dcm_altera ;
; altera_pll.v                              ; yes             ; Megafunction                ; c:/intelfpga_lite/22.1std/quartus/libraries/megafunctions/altera_pll.v                ;            ;
+-------------------------------------------+-----------------+-----------------------------+---------------------------------------------------------------------------------------+------------+


+-------------------------------------------------------------------------------+
; Analysis & Synthesis Resource Usage Summary                                   ;
+---------------------------------------------+---------------------------------+
; Resource                                    ; Usage                           ;
+---------------------------------------------+---------------------------------+
; Estimate of Logic utilization (ALMs needed) ; 38                              ;
;                                             ;                                 ;
; Combinational ALUT usage for logic          ; 54                              ;
;     -- 7 input functions                    ; 0                               ;
;     -- 6 input functions                    ; 11                              ;
;     -- 5 input functions                    ; 12                              ;
;     -- 4 input functions                    ; 5                               ;
;     -- <=3 input functions                  ; 26                              ;
;                                             ;                                 ;
; Dedicated logic registers                   ; 47                              ;
;                                             ;                                 ;
; I/O pins                                    ; 31                              ;
;                                             ;                                 ;
; Total DSP Blocks                            ; 0                               ;
;                                             ;                                 ;
; Total PLLs                                  ; 1                               ;
;     -- PLLs                                 ; 1                               ;
;                                             ;                                 ;
; Maximum fan-out node                        ; vga_controller:uut2|LessThan0~2 ;
; Maximum fan-out                             ; 52                              ;
; Total fan-out                               ; 486                             ;
; Average fan-out                             ; 2.96                            ;
+---------------------------------------------+---------------------------------+


+-------------------------------------------------------------------------------------------------------------------------------------------------------------------------------------------------------------------------------------------------------------------------+
; Analysis & Synthesis Resource Utilization by Entity                                                                                                                                                                                                                     ;
+-----------------------------------------+---------------------+---------------------------+-------------------+------------+------+--------------+----------------------------------------------------------------------------------+--------------------+--------------+
; Compilation Hierarchy Node              ; Combinational ALUTs ; Dedicated Logic Registers ; Block Memory Bits ; DSP Blocks ; Pins ; Virtual Pins ; Full Hierarchy Name                                                              ; Entity Name        ; Library Name ;
+-----------------------------------------+---------------------+---------------------------+-------------------+------------+------+--------------+----------------------------------------------------------------------------------+--------------------+--------------+
; |top_vga                                ; 54 (0)              ; 47 (0)                    ; 0                 ; 0          ; 31   ; 0            ; |top_vga                                                                         ; top_vga            ; work         ;
;    |dcm_altera:uut1|                    ; 0 (0)               ; 0 (0)                     ; 0                 ; 0          ; 0    ; 0            ; |top_vga|dcm_altera:uut1                                                         ; dcm_altera         ; dcm_altera   ;
;       |dcm_altera_0002:dcm_altera_inst| ; 0 (0)               ; 0 (0)                     ; 0                 ; 0          ; 0    ; 0            ; |top_vga|dcm_altera:uut1|dcm_altera_0002:dcm_altera_inst                         ; dcm_altera_0002    ; dcm_altera   ;
;          |altera_pll:altera_pll_i|      ; 0 (0)               ; 0 (0)                     ; 0                 ; 0          ; 0    ; 0            ; |top_vga|dcm_altera:uut1|dcm_altera_0002:dcm_altera_inst|altera_pll:altera_pll_i ; altera_pll         ; work         ;
;    |hw_image_generator:uut3|            ; 5 (5)               ; 0 (0)                     ; 0                 ; 0          ; 0    ; 0            ; |top_vga|hw_image_generator:uut3                                                 ; hw_image_generator ; work         ;
;    |vga_controller:uut2|                ; 49 (49)             ; 47 (47)                   ; 0                 ; 0          ; 0    ; 0            ; |top_vga|vga_controller:uut2                                                     ; vga_controller     ; work         ;
+-----------------------------------------+---------------------+---------------------------+-------------------+------------+------+--------------+----------------------------------------------------------------------------------+--------------------+--------------+
Note: For table entries with two numbers listed, the numbers in parentheses indicate the number of resources of the given type used by the specific entity alone. The numbers listed outside of parentheses indicate the total resources of the given type used by the specific entity and all of its sub-entities in the hierarchy.


+------------------------------------------------------------------------------------------------------------+
; Analysis & Synthesis IP Cores Summary                                                                      ;
+--------+--------------+---------+--------------+--------------+--------------------------+-----------------+
; Vendor ; IP Core Name ; Version ; Release Date ; License Type ; Entity Instance          ; IP Include File ;
+--------+--------------+---------+--------------+--------------+--------------------------+-----------------+
; Altera ; altera_pll   ; 22.1    ; N/A          ; N/A          ; |top_vga|dcm_altera:uut1 ; dcm_altera.vhd  ;
+--------+--------------+---------+--------------+--------------+--------------------------+-----------------+


+---------------------------------------------------------------------------------+
; Registers Removed During Synthesis                                              ;
+----------------------------------------+----------------------------------------+
; Register name                          ; Reason for Removal                     ;
+----------------------------------------+----------------------------------------+
; vga_controller:uut2|column[12..30]     ; Stuck at GND due to stuck port data_in ;
; vga_controller:uut2|row[11..30]        ; Stuck at GND due to stuck port data_in ;
; vga_controller:uut2|row[0]             ; Lost fanout                            ;
; vga_controller:uut2|column[0..2]       ; Lost fanout                            ;
; Total Number of Removed Registers = 43 ;                                        ;
+----------------------------------------+----------------------------------------+


+------------------------------------------------------+
; General Register Statistics                          ;
+----------------------------------------------+-------+
; Statistic                                    ; Value ;
+----------------------------------------------+-------+
; Total registers                              ; 47    ;
; Number of registers using Synchronous Clear  ; 42    ;
; Number of registers using Synchronous Load   ; 21    ;
; Number of registers using Asynchronous Clear ; 47    ;
; Number of registers using Asynchronous Load  ; 0     ;
; Number of registers using Clock Enable       ; 19    ;
; Number of registers using Preset             ; 0     ;
+----------------------------------------------+-------+


+--------------------------------------------------+
; Inverted Register Statistics                     ;
+----------------------------------------+---------+
; Inverted Register                      ; Fan out ;
+----------------------------------------+---------+
; vga_controller:uut2|h_sync             ; 1       ;
; Total number of inverted registers = 1 ;         ;
+----------------------------------------+---------+


+----------------------------------------------------------------------------------------------------------------------------------------------------+
; Multiplexer Restructuring Statistics (Restructuring Performed)                                                                                     ;
+--------------------+-----------+---------------+----------------------+------------------------+------------+--------------------------------------+
; Multiplexer Inputs ; Bus Width ; Baseline Area ; Area if Restructured ; Saving if Restructured ; Registered ; Example Multiplexer Output           ;
+--------------------+-----------+---------------+----------------------+------------------------+------------+--------------------------------------+
; 3:1                ; 11 bits   ; 22 LEs        ; 22 LEs               ; 0 LEs                  ; No         ; |top_vga|vga_controller:uut2|v_count ;
+--------------------+-----------+---------------+----------------------+------------------------+------------+--------------------------------------+


+----------------------------------------------------------------------------------------------------------------------+
; Parameter Settings for User Entity Instance: dcm_altera:uut1|dcm_altera_0002:dcm_altera_inst|altera_pll:altera_pll_i ;
+--------------------------------------+------------------------+------------------------------------------------------+
; Parameter Name                       ; Value                  ; Type                                                 ;
+--------------------------------------+------------------------+------------------------------------------------------+
; reference_clock_frequency            ; 50.0 MHz               ; String                                               ;
; fractional_vco_multiplier            ; false                  ; String                                               ;
; pll_type                             ; General                ; String                                               ;
; pll_subtype                          ; General                ; String                                               ;
; number_of_clocks                     ; 1                      ; Signed Integer                                       ;
; operation_mode                       ; direct                 ; String                                               ;
; deserialization_factor               ; 4                      ; Signed Integer                                       ;
; data_rate                            ; 0                      ; Signed Integer                                       ;
; sim_additional_refclk_cycles_to_lock ; 0                      ; Signed Integer                                       ;
; output_clock_frequency0              ; 193.055555 MHz         ; String                                               ;
; phase_shift0                         ; 0 ps                   ; String                                               ;
; duty_cycle0                          ; 50                     ; Signed Integer                                       ;
; output_clock_frequency1              ; 0 MHz                  ; String                                               ;
; phase_shift1                         ; 0 ps                   ; String                                               ;
; duty_cycle1                          ; 50                     ; Signed Integer                                       ;
; output_clock_frequency2              ; 0 MHz                  ; String                                               ;
; phase_shift2                         ; 0 ps                   ; String                                               ;
; duty_cycle2                          ; 50                     ; Signed Integer                                       ;
; output_clock_frequency3              ; 0 MHz                  ; String                                               ;
; phase_shift3                         ; 0 ps                   ; String                                               ;
; duty_cycle3                          ; 50                     ; Signed Integer                                       ;
; output_clock_frequency4              ; 0 MHz                  ; String                                               ;
; phase_shift4                         ; 0 ps                   ; String                                               ;
; duty_cycle4                          ; 50                     ; Signed Integer                                       ;
; output_clock_frequency5              ; 0 MHz                  ; String                                               ;
; phase_shift5                         ; 0 ps                   ; String                                               ;
; duty_cycle5                          ; 50                     ; Signed Integer                                       ;
; output_clock_frequency6              ; 0 MHz                  ; String                                               ;
; phase_shift6                         ; 0 ps                   ; String                                               ;
; duty_cycle6                          ; 50                     ; Signed Integer                                       ;
; output_clock_frequency7              ; 0 MHz                  ; String                                               ;
; phase_shift7                         ; 0 ps                   ; String                                               ;
; duty_cycle7                          ; 50                     ; Signed Integer                                       ;
; output_clock_frequency8              ; 0 MHz                  ; String                                               ;
; phase_shift8                         ; 0 ps                   ; String                                               ;
; duty_cycle8                          ; 50                     ; Signed Integer                                       ;
; output_clock_frequency9              ; 0 MHz                  ; String                                               ;
; phase_shift9                         ; 0 ps                   ; String                                               ;
; duty_cycle9                          ; 50                     ; Signed Integer                                       ;
; output_clock_frequency10             ; 0 MHz                  ; String                                               ;
; phase_shift10                        ; 0 ps                   ; String                                               ;
; duty_cycle10                         ; 50                     ; Signed Integer                                       ;
; output_clock_frequency11             ; 0 MHz                  ; String                                               ;
; phase_shift11                        ; 0 ps                   ; String                                               ;
; duty_cycle11                         ; 50                     ; Signed Integer                                       ;
; output_clock_frequency12             ; 0 MHz                  ; String                                               ;
; phase_shift12                        ; 0 ps                   ; String                                               ;
; duty_cycle12                         ; 50                     ; Signed Integer                                       ;
; output_clock_frequency13             ; 0 MHz                  ; String                                               ;
; phase_shift13                        ; 0 ps                   ; String                                               ;
; duty_cycle13                         ; 50                     ; Signed Integer                                       ;
; output_clock_frequency14             ; 0 MHz                  ; String                                               ;
; phase_shift14                        ; 0 ps                   ; String                                               ;
; duty_cycle14                         ; 50                     ; Signed Integer                                       ;
; output_clock_frequency15             ; 0 MHz                  ; String                                               ;
; phase_shift15                        ; 0 ps                   ; String                                               ;
; duty_cycle15                         ; 50                     ; Signed Integer                                       ;
; output_clock_frequency16             ; 0 MHz                  ; String                                               ;
; phase_shift16                        ; 0 ps                   ; String                                               ;
; duty_cycle16                         ; 50                     ; Signed Integer                                       ;
; output_clock_frequency17             ; 0 MHz                  ; String                                               ;
; phase_shift17                        ; 0 ps                   ; String                                               ;
; duty_cycle17                         ; 50                     ; Signed Integer                                       ;
; clock_name_0                         ;                        ; String                                               ;
; clock_name_1                         ;                        ; String                                               ;
; clock_name_2                         ;                        ; String                                               ;
; clock_name_3                         ;                        ; String                                               ;
; clock_name_4                         ;                        ; String                                               ;
; clock_name_5                         ;                        ; String                                               ;
; clock_name_6                         ;                        ; String                                               ;
; clock_name_7                         ;                        ; String                                               ;
; clock_name_8                         ;                        ; String                                               ;
; clock_name_global_0                  ; false                  ; String                                               ;
; clock_name_global_1                  ; false                  ; String                                               ;
; clock_name_global_2                  ; false                  ; String                                               ;
; clock_name_global_3                  ; false                  ; String                                               ;
; clock_name_global_4                  ; false                  ; String                                               ;
; clock_name_global_5                  ; false                  ; String                                               ;
; clock_name_global_6                  ; false                  ; String                                               ;
; clock_name_global_7                  ; false                  ; String                                               ;
; clock_name_global_8                  ; false                  ; String                                               ;
; m_cnt_hi_div                         ; 1                      ; Signed Integer                                       ;
; m_cnt_lo_div                         ; 1                      ; Signed Integer                                       ;
; m_cnt_bypass_en                      ; false                  ; String                                               ;
; m_cnt_odd_div_duty_en                ; false                  ; String                                               ;
; n_cnt_hi_div                         ; 1                      ; Signed Integer                                       ;
; n_cnt_lo_div                         ; 1                      ; Signed Integer                                       ;
; n_cnt_bypass_en                      ; false                  ; String                                               ;
; n_cnt_odd_div_duty_en                ; false                  ; String                                               ;
; c_cnt_hi_div0                        ; 1                      ; Signed Integer                                       ;
; c_cnt_lo_div0                        ; 1                      ; Signed Integer                                       ;
; c_cnt_bypass_en0                     ; false                  ; String                                               ;
; c_cnt_in_src0                        ; ph_mux_clk             ; String                                               ;
; c_cnt_odd_div_duty_en0               ; false                  ; String                                               ;
; c_cnt_prst0                          ; 1                      ; Signed Integer                                       ;
; c_cnt_ph_mux_prst0                   ; 0                      ; Signed Integer                                       ;
; c_cnt_hi_div1                        ; 1                      ; Signed Integer                                       ;
; c_cnt_lo_div1                        ; 1                      ; Signed Integer                                       ;
; c_cnt_bypass_en1                     ; false                  ; String                                               ;
; c_cnt_in_src1                        ; ph_mux_clk             ; String                                               ;
; c_cnt_odd_div_duty_en1               ; false                  ; String                                               ;
; c_cnt_prst1                          ; 1                      ; Signed Integer                                       ;
; c_cnt_ph_mux_prst1                   ; 0                      ; Signed Integer                                       ;
; c_cnt_hi_div2                        ; 1                      ; Signed Integer                                       ;
; c_cnt_lo_div2                        ; 1                      ; Signed Integer                                       ;
; c_cnt_bypass_en2                     ; false                  ; String                                               ;
; c_cnt_in_src2                        ; ph_mux_clk             ; String                                               ;
; c_cnt_odd_div_duty_en2               ; false                  ; String                                               ;
; c_cnt_prst2                          ; 1                      ; Signed Integer                                       ;
; c_cnt_ph_mux_prst2                   ; 0                      ; Signed Integer                                       ;
; c_cnt_hi_div3                        ; 1                      ; Signed Integer                                       ;
; c_cnt_lo_div3                        ; 1                      ; Signed Integer                                       ;
; c_cnt_bypass_en3                     ; false                  ; String                                               ;
; c_cnt_in_src3                        ; ph_mux_clk             ; String                                               ;
; c_cnt_odd_div_duty_en3               ; false                  ; String                                               ;
; c_cnt_prst3                          ; 1                      ; Signed Integer                                       ;
; c_cnt_ph_mux_prst3                   ; 0                      ; Signed Integer                                       ;
; c_cnt_hi_div4                        ; 1                      ; Signed Integer                                       ;
; c_cnt_lo_div4                        ; 1                      ; Signed Integer                                       ;
; c_cnt_bypass_en4                     ; false                  ; String                                               ;
; c_cnt_in_src4                        ; ph_mux_clk             ; String                                               ;
; c_cnt_odd_div_duty_en4               ; false                  ; String                                               ;
; c_cnt_prst4                          ; 1                      ; Signed Integer                                       ;
; c_cnt_ph_mux_prst4                   ; 0                      ; Signed Integer                                       ;
; c_cnt_hi_div5                        ; 1                      ; Signed Integer                                       ;
; c_cnt_lo_div5                        ; 1                      ; Signed Integer                                       ;
; c_cnt_bypass_en5                     ; false                  ; String                                               ;
; c_cnt_in_src5                        ; ph_mux_clk             ; String                                               ;
; c_cnt_odd_div_duty_en5               ; false                  ; String                                               ;
; c_cnt_prst5                          ; 1                      ; Signed Integer                                       ;
; c_cnt_ph_mux_prst5                   ; 0                      ; Signed Integer                                       ;
; c_cnt_hi_div6                        ; 1                      ; Signed Integer                                       ;
; c_cnt_lo_div6                        ; 1                      ; Signed Integer                                       ;
; c_cnt_bypass_en6                     ; false                  ; String                                               ;
; c_cnt_in_src6                        ; ph_mux_clk             ; String                                               ;
; c_cnt_odd_div_duty_en6               ; false                  ; String                                               ;
; c_cnt_prst6                          ; 1                      ; Signed Integer                                       ;
; c_cnt_ph_mux_prst6                   ; 0                      ; Signed Integer                                       ;
; c_cnt_hi_div7                        ; 1                      ; Signed Integer                                       ;
; c_cnt_lo_div7                        ; 1                      ; Signed Integer                                       ;
; c_cnt_bypass_en7                     ; false                  ; String                                               ;
; c_cnt_in_src7                        ; ph_mux_clk             ; String                                               ;
; c_cnt_odd_div_duty_en7               ; false                  ; String                                               ;
; c_cnt_prst7                          ; 1                      ; Signed Integer                                       ;
; c_cnt_ph_mux_prst7                   ; 0                      ; Signed Integer                                       ;
; c_cnt_hi_div8                        ; 1                      ; Signed Integer                                       ;
; c_cnt_lo_div8                        ; 1                      ; Signed Integer                                       ;
; c_cnt_bypass_en8                     ; false                  ; String                                               ;
; c_cnt_in_src8                        ; ph_mux_clk             ; String                                               ;
; c_cnt_odd_div_duty_en8               ; false                  ; String                                               ;
; c_cnt_prst8                          ; 1                      ; Signed Integer                                       ;
; c_cnt_ph_mux_prst8                   ; 0                      ; Signed Integer                                       ;
; c_cnt_hi_div9                        ; 1                      ; Signed Integer                                       ;
; c_cnt_lo_div9                        ; 1                      ; Signed Integer                                       ;
; c_cnt_bypass_en9                     ; false                  ; String                                               ;
; c_cnt_in_src9                        ; ph_mux_clk             ; String                                               ;
; c_cnt_odd_div_duty_en9               ; false                  ; String                                               ;
; c_cnt_prst9                          ; 1                      ; Signed Integer                                       ;
; c_cnt_ph_mux_prst9                   ; 0                      ; Signed Integer                                       ;
; c_cnt_hi_div10                       ; 1                      ; Signed Integer                                       ;
; c_cnt_lo_div10                       ; 1                      ; Signed Integer                                       ;
; c_cnt_bypass_en10                    ; false                  ; String                                               ;
; c_cnt_in_src10                       ; ph_mux_clk             ; String                                               ;
; c_cnt_odd_div_duty_en10              ; false                  ; String                                               ;
; c_cnt_prst10                         ; 1                      ; Signed Integer                                       ;
; c_cnt_ph_mux_prst10                  ; 0                      ; Signed Integer                                       ;
; c_cnt_hi_div11                       ; 1                      ; Signed Integer                                       ;
; c_cnt_lo_div11                       ; 1                      ; Signed Integer                                       ;
; c_cnt_bypass_en11                    ; false                  ; String                                               ;
; c_cnt_in_src11                       ; ph_mux_clk             ; String                                               ;
; c_cnt_odd_div_duty_en11              ; false                  ; String                                               ;
; c_cnt_prst11                         ; 1                      ; Signed Integer                                       ;
; c_cnt_ph_mux_prst11                  ; 0                      ; Signed Integer                                       ;
; c_cnt_hi_div12                       ; 1                      ; Signed Integer                                       ;
; c_cnt_lo_div12                       ; 1                      ; Signed Integer                                       ;
; c_cnt_bypass_en12                    ; false                  ; String                                               ;
; c_cnt_in_src12                       ; ph_mux_clk             ; String                                               ;
; c_cnt_odd_div_duty_en12              ; false                  ; String                                               ;
; c_cnt_prst12                         ; 1                      ; Signed Integer                                       ;
; c_cnt_ph_mux_prst12                  ; 0                      ; Signed Integer                                       ;
; c_cnt_hi_div13                       ; 1                      ; Signed Integer                                       ;
; c_cnt_lo_div13                       ; 1                      ; Signed Integer                                       ;
; c_cnt_bypass_en13                    ; false                  ; String                                               ;
; c_cnt_in_src13                       ; ph_mux_clk             ; String                                               ;
; c_cnt_odd_div_duty_en13              ; false                  ; String                                               ;
; c_cnt_prst13                         ; 1                      ; Signed Integer                                       ;
; c_cnt_ph_mux_prst13                  ; 0                      ; Signed Integer                                       ;
; c_cnt_hi_div14                       ; 1                      ; Signed Integer                                       ;
; c_cnt_lo_div14                       ; 1                      ; Signed Integer                                       ;
; c_cnt_bypass_en14                    ; false                  ; String                                               ;
; c_cnt_in_src14                       ; ph_mux_clk             ; String                                               ;
; c_cnt_odd_div_duty_en14              ; false                  ; String                                               ;
; c_cnt_prst14                         ; 1                      ; Signed Integer                                       ;
; c_cnt_ph_mux_prst14                  ; 0                      ; Signed Integer                                       ;
; c_cnt_hi_div15                       ; 1                      ; Signed Integer                                       ;
; c_cnt_lo_div15                       ; 1                      ; Signed Integer                                       ;
; c_cnt_bypass_en15                    ; false                  ; String                                               ;
; c_cnt_in_src15                       ; ph_mux_clk             ; String                                               ;
; c_cnt_odd_div_duty_en15              ; false                  ; String                                               ;
; c_cnt_prst15                         ; 1                      ; Signed Integer                                       ;
; c_cnt_ph_mux_prst15                  ; 0                      ; Signed Integer                                       ;
; c_cnt_hi_div16                       ; 1                      ; Signed Integer                                       ;
; c_cnt_lo_div16                       ; 1                      ; Signed Integer                                       ;
; c_cnt_bypass_en16                    ; false                  ; String                                               ;
; c_cnt_in_src16                       ; ph_mux_clk             ; String                                               ;
; c_cnt_odd_div_duty_en16              ; false                  ; String                                               ;
; c_cnt_prst16                         ; 1                      ; Signed Integer                                       ;
; c_cnt_ph_mux_prst16                  ; 0                      ; Signed Integer                                       ;
; c_cnt_hi_div17                       ; 1                      ; Signed Integer                                       ;
; c_cnt_lo_div17                       ; 1                      ; Signed Integer                                       ;
; c_cnt_bypass_en17                    ; false                  ; String                                               ;
; c_cnt_in_src17                       ; ph_mux_clk             ; String                                               ;
; c_cnt_odd_div_duty_en17              ; false                  ; String                                               ;
; c_cnt_prst17                         ; 1                      ; Signed Integer                                       ;
; c_cnt_ph_mux_prst17                  ; 0                      ; Signed Integer                                       ;
; pll_vco_div                          ; 1                      ; Signed Integer                                       ;
; pll_slf_rst                          ; false                  ; String                                               ;
; pll_bw_sel                           ; low                    ; String                                               ;
; pll_output_clk_frequency             ; 0 MHz                  ; String                                               ;
; pll_cp_current                       ; 0                      ; Signed Integer                                       ;
; pll_bwctrl                           ; 0                      ; Signed Integer                                       ;
; pll_fractional_division              ; 1                      ; Signed Integer                                       ;
; pll_fractional_cout                  ; 24                     ; Signed Integer                                       ;
; pll_dsm_out_sel                      ; 1st_order              ; String                                               ;
; mimic_fbclk_type                     ; gclk                   ; String                                               ;
; pll_fbclk_mux_1                      ; glb                    ; String                                               ;
; pll_fbclk_mux_2                      ; fb_1                   ; String                                               ;
; pll_m_cnt_in_src                     ; ph_mux_clk             ; String                                               ;
; pll_vcoph_div                        ; 1                      ; Signed Integer                                       ;
; refclk1_frequency                    ; 0 MHz                  ; String                                               ;
; pll_clkin_0_src                      ; clk_0                  ; String                                               ;
; pll_clkin_1_src                      ; clk_0                  ; String                                               ;
; pll_clk_loss_sw_en                   ; false                  ; String                                               ;
; pll_auto_clk_sw_en                   ; false                  ; String                                               ;
; pll_manu_clk_sw_en                   ; false                  ; String                                               ;
; pll_clk_sw_dly                       ; 0                      ; Signed Integer                                       ;
; pll_extclk_0_cnt_src                 ; pll_extclk_cnt_src_vss ; String                                               ;
; pll_extclk_1_cnt_src                 ; pll_extclk_cnt_src_vss ; String                                               ;
+--------------------------------------+------------------------+------------------------------------------------------+
Note: In order to hide this table in the UI and the text report file, please set the "Show Parameter Settings in Synthesis Report" option in "Analysis and Synthesis Settings -> More Settings" to "Off".


+------------------------------------------------------------------+
; Parameter Settings for User Entity Instance: vga_controller:uut2 ;
+----------------+-------+-----------------------------------------+
; Parameter Name ; Value ; Type                                    ;
+----------------+-------+-----------------------------------------+
; h_pulse        ; 208   ; Signed Integer                          ;
; h_bp           ; 336   ; Signed Integer                          ;
; h_pixels       ; 1920  ; Signed Integer                          ;
; h_fp           ; 128   ; Signed Integer                          ;
; h_pol          ; '0'   ; Enumerated                              ;
; v_pulse        ; 3     ; Signed Integer                          ;
; v_bp           ; 38    ; Signed Integer                          ;
; v_pixels       ; 1200  ; Signed Integer                          ;
; v_fp           ; 1     ; Signed Integer                          ;
; v_pol          ; '1'   ; Enumerated                              ;
+----------------+-------+-----------------------------------------+
Note: In order to hide this table in the UI and the text report file, please set the "Show Parameter Settings in Synthesis Report" option in "Analysis and Synthesis Settings -> More Settings" to "Off".


+----------------------------------------------------------------------+
; Parameter Settings for User Entity Instance: hw_image_generator:uut3 ;
+----------------+-------+---------------------------------------------+
; Parameter Name ; Value ; Type                                        ;
+----------------+-------+---------------------------------------------+
; pixels_y       ; 478   ; Signed Integer                              ;
; pixels_x       ; 600   ; Signed Integer                              ;
+----------------+-------+---------------------------------------------+
Note: In order to hide this table in the UI and the text report file, please set the "Show Parameter Settings in Synthesis Report" option in "Analysis and Synthesis Settings -> More Settings" to "Off".


+-----------------------------------------------------+
; Post-Synthesis Netlist Statistics for Top Partition ;
+-----------------------+-----------------------------+
; Type                  ; Count                       ;
+-----------------------+-----------------------------+
; arriav_ff             ; 47                          ;
;     CLR               ; 5                           ;
;     CLR SCLR          ; 12                          ;
;     CLR SCLR SLD      ; 11                          ;
;     ENA CLR SCLR      ; 9                           ;
;     ENA CLR SCLR SLD  ; 10                          ;
; arriav_lcell_comb     ; 57                          ;
;     arith             ; 23                          ;
;         1 data inputs ; 23                          ;
;     normal            ; 34                          ;
;         0 data inputs ; 2                           ;
;         1 data inputs ; 1                           ;
;         2 data inputs ; 2                           ;
;         3 data inputs ; 1                           ;
;         4 data inputs ; 5                           ;
;         5 data inputs ; 12                          ;
;         6 data inputs ; 11                          ;
; boundary_port         ; 31                          ;
; generic_pll           ; 1                           ;
;                       ;                             ;
; Max LUT depth         ; 4.10                        ;
; Average LUT depth     ; 3.27                        ;
+-----------------------+-----------------------------+


+-------------------------------+
; Elapsed Time Per Partition    ;
+----------------+--------------+
; Partition Name ; Elapsed Time ;
+----------------+--------------+
; Top            ; 00:00:00     ;
+----------------+--------------+


+-------------------------------+
; Analysis & Synthesis Messages ;
+-------------------------------+
Info: *******************************************************************
Info: Running Quartus Prime Analysis & Synthesis
    Info: Version 22.1std.2 Build 922 07/20/2023 SC Lite Edition
    Info: Processing started: Fri Oct 13 16:08:09 2023
Info: Command: quartus_map --read_settings_files=on --write_settings_files=off top_vga -c top_vga
Warning (18236): Number of processors has not been specified which may cause overloading on shared machines.  Set the global assignment NUM_PARALLEL_PROCESSORS in your QSF to an appropriate value for best performance.
Info (20030): Parallel compilation is enabled and will use 10 of the 10 processors detected
Info (12021): Found 2 design units, including 1 entities, in source file vga_vhdl/vga_vhdl/vga-controller.vhdl
    Info (12022): Found design unit 1: vga_controller-behavior File: C:/Users/domid/OneDrive/Desktop/Quartus/HW5/VGA_vhdl/VGA_vhdl/vga-controller.vhdl Line: 50
    Info (12023): Found entity 1: vga_controller File: C:/Users/domid/OneDrive/Desktop/Quartus/HW5/VGA_vhdl/VGA_vhdl/vga-controller.vhdl Line: 26
Info (12021): Found 2 design units, including 1 entities, in source file vga_vhdl/vga_vhdl/top_vga.vhdl
    Info (12022): Found design unit 1: top_vga-Behavioral File: C:/Users/domid/OneDrive/Desktop/Quartus/HW5/VGA_vhdl/VGA_vhdl/top_vga.vhdl Line: 50
    Info (12023): Found entity 1: top_vga File: C:/Users/domid/OneDrive/Desktop/Quartus/HW5/VGA_vhdl/VGA_vhdl/top_vga.vhdl Line: 32
Info (12021): Found 2 design units, including 1 entities, in source file vga_vhdl/vga_vhdl/hw_image_generator.vhdl
    Info (12022): Found design unit 1: hw_image_generator-behavior File: C:/Users/domid/OneDrive/Desktop/Quartus/HW5/VGA_vhdl/VGA_vhdl/hw_image_generator.vhdl Line: 39
    Info (12023): Found entity 1: hw_image_generator File: C:/Users/domid/OneDrive/Desktop/Quartus/HW5/VGA_vhdl/VGA_vhdl/hw_image_generator.vhdl Line: 26
Info (12021): Found 2 design units, including 1 entities, in source file dcm_altera.vhd
    Info (12022): Found design unit 1: dcm_altera-rtl File: C:/Users/domid/OneDrive/Desktop/Quartus/HW5/dcm_altera.vhd Line: 19
    Info (12023): Found entity 1: dcm_altera File: C:/Users/domid/OneDrive/Desktop/Quartus/HW5/dcm_altera.vhd Line: 11
Info (12021): Found 1 design units, including 1 entities, in source file dcm_altera/dcm_altera_0002.v
    Info (12023): Found entity 1: dcm_altera_0002 File: C:/Users/domid/OneDrive/Desktop/Quartus/HW5/dcm_altera/dcm_altera_0002.v Line: 2
Info (12127): Elaborating entity "top_vga" for the top level hierarchy
Info (12128): Elaborating entity "dcm_altera" for hierarchy "dcm_altera:uut1" File: C:/Users/domid/OneDrive/Desktop/Quartus/HW5/VGA_vhdl/VGA_vhdl/top_vga.vhdl Line: 97
Info (12128): Elaborating entity "dcm_altera_0002" for hierarchy "dcm_altera:uut1|dcm_altera_0002:dcm_altera_inst" File: C:/Users/domid/OneDrive/Desktop/Quartus/HW5/dcm_altera.vhd Line: 31
Info (12128): Elaborating entity "altera_pll" for hierarchy "dcm_altera:uut1|dcm_altera_0002:dcm_altera_inst|altera_pll:altera_pll_i" File: C:/Users/domid/OneDrive/Desktop/Quartus/HW5/dcm_altera/dcm_altera_0002.v Line: 85
Info (10008): Verilog HDL or VHDL information: EDA Netlist Writer cannot regroup multidimensional array "wire_to_nowhere_64" into its bus
Info (12130): Elaborated megafunction instantiation "dcm_altera:uut1|dcm_altera_0002:dcm_altera_inst|altera_pll:altera_pll_i" File: C:/Users/domid/OneDrive/Desktop/Quartus/HW5/dcm_altera/dcm_altera_0002.v Line: 85
Info (12133): Instantiated megafunction "dcm_altera:uut1|dcm_altera_0002:dcm_altera_inst|altera_pll:altera_pll_i" with the following parameter: File: C:/Users/domid/OneDrive/Desktop/Quartus/HW5/dcm_altera/dcm_altera_0002.v Line: 85
    Info (12134): Parameter "fractional_vco_multiplier" = "false"
    Info (12134): Parameter "reference_clock_frequency" = "50.0 MHz"
    Info (12134): Parameter "operation_mode" = "direct"
    Info (12134): Parameter "number_of_clocks" = "1"
    Info (12134): Parameter "output_clock_frequency0" = "193.055555 MHz"
    Info (12134): Parameter "phase_shift0" = "0 ps"
    Info (12134): Parameter "duty_cycle0" = "50"
    Info (12134): Parameter "output_clock_frequency1" = "0 MHz"
    Info (12134): Parameter "phase_shift1" = "0 ps"
    Info (12134): Parameter "duty_cycle1" = "50"
    Info (12134): Parameter "output_clock_frequency2" = "0 MHz"
    Info (12134): Parameter "phase_shift2" = "0 ps"
    Info (12134): Parameter "duty_cycle2" = "50"
    Info (12134): Parameter "output_clock_frequency3" = "0 MHz"
    Info (12134): Parameter "phase_shift3" = "0 ps"
    Info (12134): Parameter "duty_cycle3" = "50"
    Info (12134): Parameter "output_clock_frequency4" = "0 MHz"
    Info (12134): Parameter "phase_shift4" = "0 ps"
    Info (12134): Parameter "duty_cycle4" = "50"
    Info (12134): Parameter "output_clock_frequency5" = "0 MHz"
    Info (12134): Parameter "phase_shift5" = "0 ps"
    Info (12134): Parameter "duty_cycle5" = "50"
    Info (12134): Parameter "output_clock_frequency6" = "0 MHz"
    Info (12134): Parameter "phase_shift6" = "0 ps"
    Info (12134): Parameter "duty_cycle6" = "50"
    Info (12134): Parameter "output_clock_frequency7" = "0 MHz"
    Info (12134): Parameter "phase_shift7" = "0 ps"
    Info (12134): Parameter "duty_cycle7" = "50"
    Info (12134): Parameter "output_clock_frequency8" = "0 MHz"
    Info (12134): Parameter "phase_shift8" = "0 ps"
    Info (12134): Parameter "duty_cycle8" = "50"
    Info (12134): Parameter "output_clock_frequency9" = "0 MHz"
    Info (12134): Parameter "phase_shift9" = "0 ps"
    Info (12134): Parameter "duty_cycle9" = "50"
    Info (12134): Parameter "output_clock_frequency10" = "0 MHz"
    Info (12134): Parameter "phase_shift10" = "0 ps"
    Info (12134): Parameter "duty_cycle10" = "50"
    Info (12134): Parameter "output_clock_frequency11" = "0 MHz"
    Info (12134): Parameter "phase_shift11" = "0 ps"
    Info (12134): Parameter "duty_cycle11" = "50"
    Info (12134): Parameter "output_clock_frequency12" = "0 MHz"
    Info (12134): Parameter "phase_shift12" = "0 ps"
    Info (12134): Parameter "duty_cycle12" = "50"
    Info (12134): Parameter "output_clock_frequency13" = "0 MHz"
    Info (12134): Parameter "phase_shift13" = "0 ps"
    Info (12134): Parameter "duty_cycle13" = "50"
    Info (12134): Parameter "output_clock_frequency14" = "0 MHz"
    Info (12134): Parameter "phase_shift14" = "0 ps"
    Info (12134): Parameter "duty_cycle14" = "50"
    Info (12134): Parameter "output_clock_frequency15" = "0 MHz"
    Info (12134): Parameter "phase_shift15" = "0 ps"
    Info (12134): Parameter "duty_cycle15" = "50"
    Info (12134): Parameter "output_clock_frequency16" = "0 MHz"
    Info (12134): Parameter "phase_shift16" = "0 ps"
    Info (12134): Parameter "duty_cycle16" = "50"
    Info (12134): Parameter "output_clock_frequency17" = "0 MHz"
    Info (12134): Parameter "phase_shift17" = "0 ps"
    Info (12134): Parameter "duty_cycle17" = "50"
    Info (12134): Parameter "pll_type" = "General"
    Info (12134): Parameter "pll_subtype" = "General"
Info (12128): Elaborating entity "vga_controller" for hierarchy "vga_controller:uut2" File: C:/Users/domid/OneDrive/Desktop/Quartus/HW5/VGA_vhdl/VGA_vhdl/top_vga.vhdl Line: 105
Info (12128): Elaborating entity "hw_image_generator" for hierarchy "hw_image_generator:uut3" File: C:/Users/domid/OneDrive/Desktop/Quartus/HW5/VGA_vhdl/VGA_vhdl/top_vga.vhdl Line: 117
Warning (13024): Output pins are stuck at VCC or GND
    Warning (13410): Pin "red[0]" is stuck at GND File: C:/Users/domid/OneDrive/Desktop/Quartus/HW5/VGA_vhdl/VGA_vhdl/top_vga.vhdl Line: 38
    Warning (13410): Pin "red[1]" is stuck at GND File: C:/Users/domid/OneDrive/Desktop/Quartus/HW5/VGA_vhdl/VGA_vhdl/top_vga.vhdl Line: 38
    Warning (13410): Pin "red[2]" is stuck at GND File: C:/Users/domid/OneDrive/Desktop/Quartus/HW5/VGA_vhdl/VGA_vhdl/top_vga.vhdl Line: 38
    Warning (13410): Pin "red[3]" is stuck at GND File: C:/Users/domid/OneDrive/Desktop/Quartus/HW5/VGA_vhdl/VGA_vhdl/top_vga.vhdl Line: 38
    Warning (13410): Pin "red[4]" is stuck at GND File: C:/Users/domid/OneDrive/Desktop/Quartus/HW5/VGA_vhdl/VGA_vhdl/top_vga.vhdl Line: 38
    Warning (13410): Pin "red[5]" is stuck at GND File: C:/Users/domid/OneDrive/Desktop/Quartus/HW5/VGA_vhdl/VGA_vhdl/top_vga.vhdl Line: 38
    Warning (13410): Pin "red[6]" is stuck at GND File: C:/Users/domid/OneDrive/Desktop/Quartus/HW5/VGA_vhdl/VGA_vhdl/top_vga.vhdl Line: 38
    Warning (13410): Pin "red[7]" is stuck at GND File: C:/Users/domid/OneDrive/Desktop/Quartus/HW5/VGA_vhdl/VGA_vhdl/top_vga.vhdl Line: 38
    Warning (13410): Pin "green[0]" is stuck at GND File: C:/Users/domid/OneDrive/Desktop/Quartus/HW5/VGA_vhdl/VGA_vhdl/top_vga.vhdl Line: 39
    Warning (13410): Pin "green[1]" is stuck at GND File: C:/Users/domid/OneDrive/Desktop/Quartus/HW5/VGA_vhdl/VGA_vhdl/top_vga.vhdl Line: 39
    Warning (13410): Pin "green[2]" is stuck at GND File: C:/Users/domid/OneDrive/Desktop/Quartus/HW5/VGA_vhdl/VGA_vhdl/top_vga.vhdl Line: 39
    Warning (13410): Pin "green[3]" is stuck at GND File: C:/Users/domid/OneDrive/Desktop/Quartus/HW5/VGA_vhdl/VGA_vhdl/top_vga.vhdl Line: 39
    Warning (13410): Pin "green[4]" is stuck at GND File: C:/Users/domid/OneDrive/Desktop/Quartus/HW5/VGA_vhdl/VGA_vhdl/top_vga.vhdl Line: 39
    Warning (13410): Pin "green[5]" is stuck at GND File: C:/Users/domid/OneDrive/Desktop/Quartus/HW5/VGA_vhdl/VGA_vhdl/top_vga.vhdl Line: 39
    Warning (13410): Pin "green[6]" is stuck at GND File: C:/Users/domid/OneDrive/Desktop/Quartus/HW5/VGA_vhdl/VGA_vhdl/top_vga.vhdl Line: 39
    Warning (13410): Pin "green[7]" is stuck at GND File: C:/Users/domid/OneDrive/Desktop/Quartus/HW5/VGA_vhdl/VGA_vhdl/top_vga.vhdl Line: 39
    Warning (13410): Pin "n_sync" is stuck at GND File: C:/Users/domid/OneDrive/Desktop/Quartus/HW5/VGA_vhdl/VGA_vhdl/top_vga.vhdl Line: 43
    Warning (13410): Pin "n_blank" is stuck at VCC File: C:/Users/domid/OneDrive/Desktop/Quartus/HW5/VGA_vhdl/VGA_vhdl/top_vga.vhdl Line: 44
Info (286030): Timing-Driven Synthesis is running
Critical Warning (18061): Ignored Power-Up Level option on the following registers
    Critical Warning (18010): Register vga_controller:uut2|row[31] will power up to Low File: C:/Users/domid/OneDrive/Desktop/Quartus/HW5/VGA_vhdl/VGA_vhdl/vga-controller.vhdl Line: 63
    Critical Warning (18010): Register vga_controller:uut2|column[31] will power up to Low File: C:/Users/domid/OneDrive/Desktop/Quartus/HW5/VGA_vhdl/VGA_vhdl/vga-controller.vhdl Line: 63
Info (17049): 4 registers lost all their fanouts during netlist optimizations.
Info (16010): Generating hard_block partition "hard_block:auto_generated_inst"
    Info (16011): Adding 7 node(s), including 0 DDIO, 1 PLL, 0 transceiver and 0 LCELL
Info (21057): Implemented 128 device resources after synthesis - the final resource count might be different
    Info (21058): Implemented 2 input pins
    Info (21059): Implemented 29 output pins
    Info (21061): Implemented 96 logic cells
    Info (21065): Implemented 1 PLLs
Info: Quartus Prime Analysis & Synthesis was successful. 0 errors, 23 warnings
    Info: Peak virtual memory: 4913 megabytes
    Info: Processing ended: Fri Oct 13 16:08:19 2023
    Info: Elapsed time: 00:00:10
    Info: Total CPU time (on all processors): 00:00:08


