

================================================================
== Vitis HLS Report for 'softmax_stable_ap_fixed_ap_fixed_16_6_5_3_0_softmax_config10_s'
================================================================
* Date:           Sat Dec  9 15:01:31 2023

* Version:        2023.2 (Build 4023990 on Oct 11 2023)
* Project:        myproject_prj
* Solution:       solution1 (Vivado IP Flow Target)
* Product family: virtexuplus
* Target device:  xcu250-figd2104-2L-e


================================================================
== Performance Estimates
================================================================
+ Timing: 
    * Summary: 
    +--------+---------+----------+------------+
    |  Clock |  Target | Estimated| Uncertainty|
    +--------+---------+----------+------------+
    |ap_clk  |  5.00 ns|  4.344 ns|     0.62 ns|
    +--------+---------+----------+------------+

+ Latency: 
    * Summary: 
    +---------+---------+-----------+-----------+-----+-----+---------+
    |  Latency (cycles) |   Latency (absolute)  |  Interval | Pipeline|
    |   min   |   max   |    min    |    max    | min | max |   Type  |
    +---------+---------+-----------+-----------+-----+-----+---------+
    |        4|        4|  20.000 ns|  20.000 ns|    1|    1|      yes|
    +---------+---------+-----------+-----------+-----+-----+---------+

    + Detail: 
        * Instance: 
        N/A

        * Loop: 
        N/A

============================================================
+ Verbose Summary: Synthesis Manager
============================================================
InlineROM: 1
ExposeGlobal: 0
============================================================
+ Verbose Summary: CDFG Model
============================================================
IsTopModel: 0
ResetActiveHigh: 1
IsCombinational: 0
IsDatapathOnly: 0
HasWiredReturn: 1
HasMFsm: 2
HasVarLatency: 0
IsPipeline: 1
IsRtlPipelined: 1
IsInstanceOverlapped: 0
IsDontTouch: 0
HasImplIP: 0
IsGatedGlobalClock: 0

+ Individual pipeline summary: 
  * Pipeline-0: initiation interval (II) = 1, depth = 5


============================================================
+ Verbose Summary: Schedule
============================================================
* Number of FSM states : 5
* Pipeline : 1
  Pipeline-0 : II = 1, D = 5, States = { 1 2 3 4 5 }
* Dataflow Pipeline: 0

* FSM state transitions: 
1 --> 2 
2 --> 3 
3 --> 4 
4 --> 5 
5 --> 

* FSM state operations: 

State 1 <SV = 0> <Delay = 3.08>
ST_1 : Operation 6 [1/1] (0.00ns)   --->   "%data_9_val_read = read i16 @_ssdm_op_Read.ap_auto.i16, i16 %data_9_val" [firmware/nnet_utils/nnet_common.h:65->firmware/nnet_utils/nnet_common.h:43->firmware/nnet_utils/nnet_common.h:45->firmware/nnet_utils/nnet_common.h:45->firmware/nnet_utils/nnet_common.h:45->firmware/nnet_utils/nnet_activation.h:239]   --->   Operation 6 'read' 'data_9_val_read' <Predicate = true> <Delay = 0.00>
ST_1 : Operation 7 [1/1] (0.00ns)   --->   "%data_8_val_read = read i16 @_ssdm_op_Read.ap_auto.i16, i16 %data_8_val" [firmware/nnet_utils/nnet_common.h:65->firmware/nnet_utils/nnet_common.h:43->firmware/nnet_utils/nnet_common.h:45->firmware/nnet_utils/nnet_common.h:45->firmware/nnet_utils/nnet_common.h:45->firmware/nnet_utils/nnet_activation.h:239]   --->   Operation 7 'read' 'data_8_val_read' <Predicate = true> <Delay = 0.00>
ST_1 : Operation 8 [1/1] (0.00ns)   --->   "%data_7_val_read = read i16 @_ssdm_op_Read.ap_auto.i16, i16 %data_7_val" [firmware/nnet_utils/nnet_common.h:65->firmware/nnet_utils/nnet_common.h:43->firmware/nnet_utils/nnet_common.h:45->firmware/nnet_utils/nnet_common.h:45->firmware/nnet_utils/nnet_common.h:45->firmware/nnet_utils/nnet_activation.h:239]   --->   Operation 8 'read' 'data_7_val_read' <Predicate = true> <Delay = 0.00>
ST_1 : Operation 9 [1/1] (0.00ns)   --->   "%data_6_val_read = read i16 @_ssdm_op_Read.ap_auto.i16, i16 %data_6_val" [firmware/nnet_utils/nnet_common.h:65->firmware/nnet_utils/nnet_common.h:43->firmware/nnet_utils/nnet_common.h:45->firmware/nnet_utils/nnet_common.h:45->firmware/nnet_utils/nnet_common.h:45->firmware/nnet_utils/nnet_activation.h:239]   --->   Operation 9 'read' 'data_6_val_read' <Predicate = true> <Delay = 0.00>
ST_1 : Operation 10 [1/1] (0.00ns)   --->   "%data_5_val_read = read i16 @_ssdm_op_Read.ap_auto.i16, i16 %data_5_val" [firmware/nnet_utils/nnet_common.h:65->firmware/nnet_utils/nnet_common.h:43->firmware/nnet_utils/nnet_common.h:45->firmware/nnet_utils/nnet_common.h:45->firmware/nnet_utils/nnet_common.h:45->firmware/nnet_utils/nnet_activation.h:239]   --->   Operation 10 'read' 'data_5_val_read' <Predicate = true> <Delay = 0.00>
ST_1 : Operation 11 [1/1] (0.00ns)   --->   "%data_4_val_read = read i16 @_ssdm_op_Read.ap_auto.i16, i16 %data_4_val" [firmware/nnet_utils/nnet_common.h:65->firmware/nnet_utils/nnet_common.h:43->firmware/nnet_utils/nnet_common.h:45->firmware/nnet_utils/nnet_common.h:45->firmware/nnet_utils/nnet_common.h:45->firmware/nnet_utils/nnet_activation.h:239]   --->   Operation 11 'read' 'data_4_val_read' <Predicate = true> <Delay = 0.00>
ST_1 : Operation 12 [1/1] (0.00ns)   --->   "%data_3_val_read = read i16 @_ssdm_op_Read.ap_auto.i16, i16 %data_3_val" [firmware/nnet_utils/nnet_common.h:65->firmware/nnet_utils/nnet_common.h:43->firmware/nnet_utils/nnet_common.h:45->firmware/nnet_utils/nnet_common.h:45->firmware/nnet_utils/nnet_common.h:45->firmware/nnet_utils/nnet_activation.h:239]   --->   Operation 12 'read' 'data_3_val_read' <Predicate = true> <Delay = 0.00>
ST_1 : Operation 13 [1/1] (0.00ns)   --->   "%data_2_val_read = read i16 @_ssdm_op_Read.ap_auto.i16, i16 %data_2_val" [firmware/nnet_utils/nnet_common.h:65->firmware/nnet_utils/nnet_common.h:43->firmware/nnet_utils/nnet_common.h:45->firmware/nnet_utils/nnet_common.h:45->firmware/nnet_utils/nnet_common.h:45->firmware/nnet_utils/nnet_activation.h:239]   --->   Operation 13 'read' 'data_2_val_read' <Predicate = true> <Delay = 0.00>
ST_1 : Operation 14 [1/1] (0.00ns)   --->   "%data_1_val_read = read i16 @_ssdm_op_Read.ap_auto.i16, i16 %data_1_val" [firmware/nnet_utils/nnet_common.h:65->firmware/nnet_utils/nnet_common.h:43->firmware/nnet_utils/nnet_common.h:45->firmware/nnet_utils/nnet_common.h:45->firmware/nnet_utils/nnet_common.h:45->firmware/nnet_utils/nnet_activation.h:239]   --->   Operation 14 'read' 'data_1_val_read' <Predicate = true> <Delay = 0.00>
ST_1 : Operation 15 [1/1] (0.00ns)   --->   "%data_0_val_read = read i16 @_ssdm_op_Read.ap_auto.i16, i16 %data_0_val" [firmware/nnet_utils/nnet_common.h:65->firmware/nnet_utils/nnet_common.h:43->firmware/nnet_utils/nnet_common.h:45->firmware/nnet_utils/nnet_common.h:45->firmware/nnet_utils/nnet_common.h:45->firmware/nnet_utils/nnet_activation.h:239]   --->   Operation 15 'read' 'data_0_val_read' <Predicate = true> <Delay = 0.00>
ST_1 : Operation 16 [1/1] (0.78ns)   --->   "%icmp_ln65 = icmp_slt  i16 %data_0_val_read, i16 %data_1_val_read" [firmware/nnet_utils/nnet_common.h:65->firmware/nnet_utils/nnet_common.h:43->firmware/nnet_utils/nnet_common.h:45->firmware/nnet_utils/nnet_common.h:45->firmware/nnet_utils/nnet_common.h:45->firmware/nnet_utils/nnet_activation.h:239]   --->   Operation 16 'icmp' 'icmp_ln65' <Predicate = true> <Delay = 0.78> <CoreInst = "Cmp">   --->   Core 9 'Cmp' <Latency = 0> <II = 1> <Delay = 0.78> <FuncUnit> <Opcode : 'icmp'> <InPorts = 2> <OutPorts = 1>
ST_1 : Operation 17 [1/1] (0.00ns) (grouped into LUT with out node select_ln65)   --->   "%xor_ln65 = xor i1 %icmp_ln65, i1 1" [firmware/nnet_utils/nnet_common.h:65->firmware/nnet_utils/nnet_common.h:43->firmware/nnet_utils/nnet_common.h:45->firmware/nnet_utils/nnet_common.h:45->firmware/nnet_utils/nnet_common.h:45->firmware/nnet_utils/nnet_activation.h:239]   --->   Operation 17 'xor' 'xor_ln65' <Predicate = true> <Delay = 0.00> <CoreInst = "LogicGate">   --->   Core 74 'LogicGate' <Latency = 0> <II = 1> <Delay = 0.12> <FuncUnit> <Opcode : 'and' 'or' 'xor'> <InPorts = 2> <OutPorts = 1>
ST_1 : Operation 18 [1/1] (0.24ns) (out node of the LUT)   --->   "%select_ln65 = select i1 %xor_ln65, i16 %data_0_val_read, i16 %data_1_val_read" [firmware/nnet_utils/nnet_common.h:65->firmware/nnet_utils/nnet_common.h:43->firmware/nnet_utils/nnet_common.h:45->firmware/nnet_utils/nnet_common.h:45->firmware/nnet_utils/nnet_common.h:45->firmware/nnet_utils/nnet_activation.h:239]   --->   Operation 18 'select' 'select_ln65' <Predicate = true> <Delay = 0.24> <CoreInst = "Sel">   --->   Core 73 'Sel' <Latency = 0> <II = 1> <Delay = 0.24> <FuncUnit> <Opcode : 'select'> <InPorts = 3> <OutPorts = 1>
ST_1 : Operation 19 [1/1] (0.78ns)   --->   "%icmp_ln65_1 = icmp_slt  i16 %data_2_val_read, i16 %data_3_val_read" [firmware/nnet_utils/nnet_common.h:65->firmware/nnet_utils/nnet_common.h:43->firmware/nnet_utils/nnet_common.h:45->firmware/nnet_utils/nnet_common.h:45->firmware/nnet_utils/nnet_common.h:45->firmware/nnet_utils/nnet_activation.h:239]   --->   Operation 19 'icmp' 'icmp_ln65_1' <Predicate = true> <Delay = 0.78> <CoreInst = "Cmp">   --->   Core 9 'Cmp' <Latency = 0> <II = 1> <Delay = 0.78> <FuncUnit> <Opcode : 'icmp'> <InPorts = 2> <OutPorts = 1>
ST_1 : Operation 20 [1/1] (0.00ns) (grouped into LUT with out node select_ln65_1)   --->   "%xor_ln65_1 = xor i1 %icmp_ln65_1, i1 1" [firmware/nnet_utils/nnet_common.h:65->firmware/nnet_utils/nnet_common.h:43->firmware/nnet_utils/nnet_common.h:45->firmware/nnet_utils/nnet_common.h:45->firmware/nnet_utils/nnet_common.h:45->firmware/nnet_utils/nnet_activation.h:239]   --->   Operation 20 'xor' 'xor_ln65_1' <Predicate = true> <Delay = 0.00> <CoreInst = "LogicGate">   --->   Core 74 'LogicGate' <Latency = 0> <II = 1> <Delay = 0.12> <FuncUnit> <Opcode : 'and' 'or' 'xor'> <InPorts = 2> <OutPorts = 1>
ST_1 : Operation 21 [1/1] (0.24ns) (out node of the LUT)   --->   "%select_ln65_1 = select i1 %xor_ln65_1, i16 %data_2_val_read, i16 %data_3_val_read" [firmware/nnet_utils/nnet_common.h:65->firmware/nnet_utils/nnet_common.h:43->firmware/nnet_utils/nnet_common.h:45->firmware/nnet_utils/nnet_common.h:45->firmware/nnet_utils/nnet_common.h:45->firmware/nnet_utils/nnet_activation.h:239]   --->   Operation 21 'select' 'select_ln65_1' <Predicate = true> <Delay = 0.24> <CoreInst = "Sel">   --->   Core 73 'Sel' <Latency = 0> <II = 1> <Delay = 0.24> <FuncUnit> <Opcode : 'select'> <InPorts = 3> <OutPorts = 1>
ST_1 : Operation 22 [1/1] (0.78ns)   --->   "%icmp_ln65_2 = icmp_slt  i16 %select_ln65, i16 %select_ln65_1" [firmware/nnet_utils/nnet_common.h:65->firmware/nnet_utils/nnet_common.h:45->firmware/nnet_utils/nnet_common.h:45->firmware/nnet_utils/nnet_common.h:45->firmware/nnet_utils/nnet_activation.h:239]   --->   Operation 22 'icmp' 'icmp_ln65_2' <Predicate = true> <Delay = 0.78> <CoreInst = "Cmp">   --->   Core 9 'Cmp' <Latency = 0> <II = 1> <Delay = 0.78> <FuncUnit> <Opcode : 'icmp'> <InPorts = 2> <OutPorts = 1>
ST_1 : Operation 23 [1/1] (0.00ns) (grouped into LUT with out node select_ln65_2)   --->   "%xor_ln65_2 = xor i1 %icmp_ln65_2, i1 1" [firmware/nnet_utils/nnet_common.h:65->firmware/nnet_utils/nnet_common.h:45->firmware/nnet_utils/nnet_common.h:45->firmware/nnet_utils/nnet_common.h:45->firmware/nnet_utils/nnet_activation.h:239]   --->   Operation 23 'xor' 'xor_ln65_2' <Predicate = true> <Delay = 0.00> <CoreInst = "LogicGate">   --->   Core 74 'LogicGate' <Latency = 0> <II = 1> <Delay = 0.12> <FuncUnit> <Opcode : 'and' 'or' 'xor'> <InPorts = 2> <OutPorts = 1>
ST_1 : Operation 24 [1/1] (0.24ns) (out node of the LUT)   --->   "%select_ln65_2 = select i1 %xor_ln65_2, i16 %select_ln65, i16 %select_ln65_1" [firmware/nnet_utils/nnet_common.h:65->firmware/nnet_utils/nnet_common.h:45->firmware/nnet_utils/nnet_common.h:45->firmware/nnet_utils/nnet_common.h:45->firmware/nnet_utils/nnet_activation.h:239]   --->   Operation 24 'select' 'select_ln65_2' <Predicate = true> <Delay = 0.24> <CoreInst = "Sel">   --->   Core 73 'Sel' <Latency = 0> <II = 1> <Delay = 0.24> <FuncUnit> <Opcode : 'select'> <InPorts = 3> <OutPorts = 1>
ST_1 : Operation 25 [1/1] (0.78ns)   --->   "%icmp_ln65_3 = icmp_slt  i16 %data_4_val_read, i16 %data_5_val_read" [firmware/nnet_utils/nnet_common.h:65->firmware/nnet_utils/nnet_common.h:43->firmware/nnet_utils/nnet_common.h:45->firmware/nnet_utils/nnet_common.h:45->firmware/nnet_utils/nnet_common.h:45->firmware/nnet_utils/nnet_activation.h:239]   --->   Operation 25 'icmp' 'icmp_ln65_3' <Predicate = true> <Delay = 0.78> <CoreInst = "Cmp">   --->   Core 9 'Cmp' <Latency = 0> <II = 1> <Delay = 0.78> <FuncUnit> <Opcode : 'icmp'> <InPorts = 2> <OutPorts = 1>
ST_1 : Operation 26 [1/1] (0.00ns) (grouped into LUT with out node select_ln65_3)   --->   "%xor_ln65_3 = xor i1 %icmp_ln65_3, i1 1" [firmware/nnet_utils/nnet_common.h:65->firmware/nnet_utils/nnet_common.h:43->firmware/nnet_utils/nnet_common.h:45->firmware/nnet_utils/nnet_common.h:45->firmware/nnet_utils/nnet_common.h:45->firmware/nnet_utils/nnet_activation.h:239]   --->   Operation 26 'xor' 'xor_ln65_3' <Predicate = true> <Delay = 0.00> <CoreInst = "LogicGate">   --->   Core 74 'LogicGate' <Latency = 0> <II = 1> <Delay = 0.12> <FuncUnit> <Opcode : 'and' 'or' 'xor'> <InPorts = 2> <OutPorts = 1>
ST_1 : Operation 27 [1/1] (0.24ns) (out node of the LUT)   --->   "%select_ln65_3 = select i1 %xor_ln65_3, i16 %data_4_val_read, i16 %data_5_val_read" [firmware/nnet_utils/nnet_common.h:65->firmware/nnet_utils/nnet_common.h:43->firmware/nnet_utils/nnet_common.h:45->firmware/nnet_utils/nnet_common.h:45->firmware/nnet_utils/nnet_common.h:45->firmware/nnet_utils/nnet_activation.h:239]   --->   Operation 27 'select' 'select_ln65_3' <Predicate = true> <Delay = 0.24> <CoreInst = "Sel">   --->   Core 73 'Sel' <Latency = 0> <II = 1> <Delay = 0.24> <FuncUnit> <Opcode : 'select'> <InPorts = 3> <OutPorts = 1>
ST_1 : Operation 28 [1/1] (0.78ns)   --->   "%icmp_ln65_4 = icmp_slt  i16 %data_6_val_read, i16 %data_7_val_read" [firmware/nnet_utils/nnet_common.h:65->firmware/nnet_utils/nnet_common.h:43->firmware/nnet_utils/nnet_common.h:45->firmware/nnet_utils/nnet_common.h:45->firmware/nnet_utils/nnet_common.h:45->firmware/nnet_utils/nnet_activation.h:239]   --->   Operation 28 'icmp' 'icmp_ln65_4' <Predicate = true> <Delay = 0.78> <CoreInst = "Cmp">   --->   Core 9 'Cmp' <Latency = 0> <II = 1> <Delay = 0.78> <FuncUnit> <Opcode : 'icmp'> <InPorts = 2> <OutPorts = 1>
ST_1 : Operation 29 [1/1] (0.00ns) (grouped into LUT with out node select_ln65_4)   --->   "%xor_ln65_4 = xor i1 %icmp_ln65_4, i1 1" [firmware/nnet_utils/nnet_common.h:65->firmware/nnet_utils/nnet_common.h:43->firmware/nnet_utils/nnet_common.h:45->firmware/nnet_utils/nnet_common.h:45->firmware/nnet_utils/nnet_common.h:45->firmware/nnet_utils/nnet_activation.h:239]   --->   Operation 29 'xor' 'xor_ln65_4' <Predicate = true> <Delay = 0.00> <CoreInst = "LogicGate">   --->   Core 74 'LogicGate' <Latency = 0> <II = 1> <Delay = 0.12> <FuncUnit> <Opcode : 'and' 'or' 'xor'> <InPorts = 2> <OutPorts = 1>
ST_1 : Operation 30 [1/1] (0.24ns) (out node of the LUT)   --->   "%select_ln65_4 = select i1 %xor_ln65_4, i16 %data_6_val_read, i16 %data_7_val_read" [firmware/nnet_utils/nnet_common.h:65->firmware/nnet_utils/nnet_common.h:43->firmware/nnet_utils/nnet_common.h:45->firmware/nnet_utils/nnet_common.h:45->firmware/nnet_utils/nnet_common.h:45->firmware/nnet_utils/nnet_activation.h:239]   --->   Operation 30 'select' 'select_ln65_4' <Predicate = true> <Delay = 0.24> <CoreInst = "Sel">   --->   Core 73 'Sel' <Latency = 0> <II = 1> <Delay = 0.24> <FuncUnit> <Opcode : 'select'> <InPorts = 3> <OutPorts = 1>
ST_1 : Operation 31 [1/1] (0.78ns)   --->   "%icmp_ln65_5 = icmp_slt  i16 %select_ln65_3, i16 %select_ln65_4" [firmware/nnet_utils/nnet_common.h:65->firmware/nnet_utils/nnet_common.h:45->firmware/nnet_utils/nnet_common.h:45->firmware/nnet_utils/nnet_common.h:45->firmware/nnet_utils/nnet_activation.h:239]   --->   Operation 31 'icmp' 'icmp_ln65_5' <Predicate = true> <Delay = 0.78> <CoreInst = "Cmp">   --->   Core 9 'Cmp' <Latency = 0> <II = 1> <Delay = 0.78> <FuncUnit> <Opcode : 'icmp'> <InPorts = 2> <OutPorts = 1>
ST_1 : Operation 32 [1/1] (0.00ns) (grouped into LUT with out node select_ln65_5)   --->   "%xor_ln65_5 = xor i1 %icmp_ln65_5, i1 1" [firmware/nnet_utils/nnet_common.h:65->firmware/nnet_utils/nnet_common.h:45->firmware/nnet_utils/nnet_common.h:45->firmware/nnet_utils/nnet_common.h:45->firmware/nnet_utils/nnet_activation.h:239]   --->   Operation 32 'xor' 'xor_ln65_5' <Predicate = true> <Delay = 0.00> <CoreInst = "LogicGate">   --->   Core 74 'LogicGate' <Latency = 0> <II = 1> <Delay = 0.12> <FuncUnit> <Opcode : 'and' 'or' 'xor'> <InPorts = 2> <OutPorts = 1>
ST_1 : Operation 33 [1/1] (0.24ns) (out node of the LUT)   --->   "%select_ln65_5 = select i1 %xor_ln65_5, i16 %select_ln65_3, i16 %select_ln65_4" [firmware/nnet_utils/nnet_common.h:65->firmware/nnet_utils/nnet_common.h:45->firmware/nnet_utils/nnet_common.h:45->firmware/nnet_utils/nnet_common.h:45->firmware/nnet_utils/nnet_activation.h:239]   --->   Operation 33 'select' 'select_ln65_5' <Predicate = true> <Delay = 0.24> <CoreInst = "Sel">   --->   Core 73 'Sel' <Latency = 0> <II = 1> <Delay = 0.24> <FuncUnit> <Opcode : 'select'> <InPorts = 3> <OutPorts = 1>
ST_1 : Operation 34 [1/1] (0.78ns)   --->   "%icmp_ln65_6 = icmp_slt  i16 %select_ln65_2, i16 %select_ln65_5" [firmware/nnet_utils/nnet_common.h:65->firmware/nnet_utils/nnet_common.h:45->firmware/nnet_utils/nnet_common.h:45->firmware/nnet_utils/nnet_activation.h:239]   --->   Operation 34 'icmp' 'icmp_ln65_6' <Predicate = true> <Delay = 0.78> <CoreInst = "Cmp">   --->   Core 9 'Cmp' <Latency = 0> <II = 1> <Delay = 0.78> <FuncUnit> <Opcode : 'icmp'> <InPorts = 2> <OutPorts = 1>
ST_1 : Operation 35 [1/1] (0.00ns) (grouped into LUT with out node select_ln65_6)   --->   "%xor_ln65_6 = xor i1 %icmp_ln65_6, i1 1" [firmware/nnet_utils/nnet_common.h:65->firmware/nnet_utils/nnet_common.h:45->firmware/nnet_utils/nnet_common.h:45->firmware/nnet_utils/nnet_activation.h:239]   --->   Operation 35 'xor' 'xor_ln65_6' <Predicate = true> <Delay = 0.00> <CoreInst = "LogicGate">   --->   Core 74 'LogicGate' <Latency = 0> <II = 1> <Delay = 0.12> <FuncUnit> <Opcode : 'and' 'or' 'xor'> <InPorts = 2> <OutPorts = 1>
ST_1 : Operation 36 [1/1] (0.24ns) (out node of the LUT)   --->   "%select_ln65_6 = select i1 %xor_ln65_6, i16 %select_ln65_2, i16 %select_ln65_5" [firmware/nnet_utils/nnet_common.h:65->firmware/nnet_utils/nnet_common.h:45->firmware/nnet_utils/nnet_common.h:45->firmware/nnet_utils/nnet_activation.h:239]   --->   Operation 36 'select' 'select_ln65_6' <Predicate = true> <Delay = 0.24> <CoreInst = "Sel">   --->   Core 73 'Sel' <Latency = 0> <II = 1> <Delay = 0.24> <FuncUnit> <Opcode : 'select'> <InPorts = 3> <OutPorts = 1>

State 2 <SV = 1> <Delay = 4.34>
ST_2 : Operation 37 [1/1] (0.78ns)   --->   "%icmp_ln65_7 = icmp_slt  i16 %data_8_val_read, i16 %data_9_val_read" [firmware/nnet_utils/nnet_common.h:65->firmware/nnet_utils/nnet_common.h:43->firmware/nnet_utils/nnet_common.h:45->firmware/nnet_utils/nnet_activation.h:239]   --->   Operation 37 'icmp' 'icmp_ln65_7' <Predicate = true> <Delay = 0.78> <CoreInst = "Cmp">   --->   Core 9 'Cmp' <Latency = 0> <II = 1> <Delay = 0.78> <FuncUnit> <Opcode : 'icmp'> <InPorts = 2> <OutPorts = 1>
ST_2 : Operation 38 [1/1] (0.00ns) (grouped into LUT with out node select_ln65_7)   --->   "%xor_ln65_7 = xor i1 %icmp_ln65_7, i1 1" [firmware/nnet_utils/nnet_common.h:65->firmware/nnet_utils/nnet_common.h:43->firmware/nnet_utils/nnet_common.h:45->firmware/nnet_utils/nnet_activation.h:239]   --->   Operation 38 'xor' 'xor_ln65_7' <Predicate = true> <Delay = 0.00> <CoreInst = "LogicGate">   --->   Core 74 'LogicGate' <Latency = 0> <II = 1> <Delay = 0.12> <FuncUnit> <Opcode : 'and' 'or' 'xor'> <InPorts = 2> <OutPorts = 1>
ST_2 : Operation 39 [1/1] (0.24ns) (out node of the LUT)   --->   "%select_ln65_7 = select i1 %xor_ln65_7, i16 %data_8_val_read, i16 %data_9_val_read" [firmware/nnet_utils/nnet_common.h:65->firmware/nnet_utils/nnet_common.h:43->firmware/nnet_utils/nnet_common.h:45->firmware/nnet_utils/nnet_activation.h:239]   --->   Operation 39 'select' 'select_ln65_7' <Predicate = true> <Delay = 0.24> <CoreInst = "Sel">   --->   Core 73 'Sel' <Latency = 0> <II = 1> <Delay = 0.24> <FuncUnit> <Opcode : 'select'> <InPorts = 3> <OutPorts = 1>
ST_2 : Operation 40 [1/1] (0.78ns)   --->   "%icmp_ln65_8 = icmp_slt  i16 %select_ln65_6, i16 %select_ln65_7" [firmware/nnet_utils/nnet_common.h:65->firmware/nnet_utils/nnet_common.h:45->firmware/nnet_utils/nnet_activation.h:239]   --->   Operation 40 'icmp' 'icmp_ln65_8' <Predicate = true> <Delay = 0.78> <CoreInst = "Cmp">   --->   Core 9 'Cmp' <Latency = 0> <II = 1> <Delay = 0.78> <FuncUnit> <Opcode : 'icmp'> <InPorts = 2> <OutPorts = 1>
ST_2 : Operation 41 [1/1] (0.00ns) (grouped into LUT with out node x_max)   --->   "%xor_ln65_8 = xor i1 %icmp_ln65_8, i1 1" [firmware/nnet_utils/nnet_common.h:65->firmware/nnet_utils/nnet_common.h:45->firmware/nnet_utils/nnet_activation.h:239]   --->   Operation 41 'xor' 'xor_ln65_8' <Predicate = true> <Delay = 0.00> <CoreInst = "LogicGate">   --->   Core 74 'LogicGate' <Latency = 0> <II = 1> <Delay = 0.12> <FuncUnit> <Opcode : 'and' 'or' 'xor'> <InPorts = 2> <OutPorts = 1>
ST_2 : Operation 42 [1/1] (0.24ns) (out node of the LUT)   --->   "%x_max = select i1 %xor_ln65_8, i16 %select_ln65_6, i16 %select_ln65_7" [firmware/nnet_utils/nnet_common.h:65->firmware/nnet_utils/nnet_common.h:45->firmware/nnet_utils/nnet_activation.h:239]   --->   Operation 42 'select' 'x_max' <Predicate = true> <Delay = 0.24> <CoreInst = "Sel">   --->   Core 73 'Sel' <Latency = 0> <II = 1> <Delay = 0.24> <FuncUnit> <Opcode : 'select'> <InPorts = 3> <OutPorts = 1>
ST_2 : Operation 43 [1/1] (0.00ns)   --->   "%sext_ln245 = sext i16 %data_0_val_read" [firmware/nnet_utils/nnet_activation.h:245]   --->   Operation 43 'sext' 'sext_ln245' <Predicate = true> <Delay = 0.00>
ST_2 : Operation 44 [1/1] (0.00ns)   --->   "%sext_ln245_1 = sext i16 %x_max" [firmware/nnet_utils/nnet_activation.h:245]   --->   Operation 44 'sext' 'sext_ln245_1' <Predicate = true> <Delay = 0.00>
ST_2 : Operation 45 [1/1] (0.78ns)   --->   "%sub_ln245 = sub i17 %sext_ln245, i17 %sext_ln245_1" [firmware/nnet_utils/nnet_activation.h:245]   --->   Operation 45 'sub' 'sub_ln245' <Predicate = true> <Delay = 0.78> <CoreInst = "Adder">   --->   Core 1 'Adder' <Latency = 0> <II = 1> <Delay = 0.78> <FuncUnit> <Opcode : 'add' 'sub'> <InPorts = 2> <OutPorts = 1>
ST_2 : Operation 46 [1/1] (0.00ns)   --->   "%tmp_10 = bitselect i1 @_ssdm_op_BitSelect.i1.i17.i32, i17 %sub_ln245, i32 16" [firmware/nnet_utils/nnet_activation.h:245]   --->   Operation 46 'bitselect' 'tmp_10' <Predicate = true> <Delay = 0.00>
ST_2 : Operation 47 [1/1] (0.00ns)   --->   "%tmp_11 = bitselect i1 @_ssdm_op_BitSelect.i1.i17.i32, i17 %sub_ln245, i32 15" [firmware/nnet_utils/nnet_activation.h:245]   --->   Operation 47 'bitselect' 'tmp_11' <Predicate = true> <Delay = 0.00>
ST_2 : Operation 48 [1/1] (0.00ns) (grouped into LUT with out node select_ln245_1)   --->   "%xor_ln245 = xor i1 %tmp_10, i1 1" [firmware/nnet_utils/nnet_activation.h:245]   --->   Operation 48 'xor' 'xor_ln245' <Predicate = true> <Delay = 0.00> <CoreInst = "LogicGate">   --->   Core 74 'LogicGate' <Latency = 0> <II = 1> <Delay = 0.12> <FuncUnit> <Opcode : 'and' 'or' 'xor'> <InPorts = 2> <OutPorts = 1>
ST_2 : Operation 49 [1/1] (0.00ns) (grouped into LUT with out node select_ln245_1)   --->   "%and_ln245 = and i1 %tmp_11, i1 %xor_ln245" [firmware/nnet_utils/nnet_activation.h:245]   --->   Operation 49 'and' 'and_ln245' <Predicate = true> <Delay = 0.00> <CoreInst = "LogicGate">   --->   Core 74 'LogicGate' <Latency = 0> <II = 1> <Delay = 0.12> <FuncUnit> <Opcode : 'and' 'or' 'xor'> <InPorts = 2> <OutPorts = 1>
ST_2 : Operation 50 [1/1] (0.00ns) (grouped into LUT with out node select_ln245_1)   --->   "%xor_ln245_1 = xor i1 %tmp_10, i1 %tmp_11" [firmware/nnet_utils/nnet_activation.h:245]   --->   Operation 50 'xor' 'xor_ln245_1' <Predicate = true> <Delay = 0.00> <CoreInst = "LogicGate">   --->   Core 74 'LogicGate' <Latency = 0> <II = 1> <Delay = 0.12> <FuncUnit> <Opcode : 'and' 'or' 'xor'> <InPorts = 2> <OutPorts = 1>
ST_2 : Operation 51 [1/1] (0.00ns)   --->   "%sext_ln245_2 = sext i16 %data_1_val_read" [firmware/nnet_utils/nnet_activation.h:245]   --->   Operation 51 'sext' 'sext_ln245_2' <Predicate = true> <Delay = 0.00>
ST_2 : Operation 52 [1/1] (0.78ns)   --->   "%sub_ln245_1 = sub i17 %sext_ln245_2, i17 %sext_ln245_1" [firmware/nnet_utils/nnet_activation.h:245]   --->   Operation 52 'sub' 'sub_ln245_1' <Predicate = true> <Delay = 0.78> <CoreInst = "Adder">   --->   Core 1 'Adder' <Latency = 0> <II = 1> <Delay = 0.78> <FuncUnit> <Opcode : 'add' 'sub'> <InPorts = 2> <OutPorts = 1>
ST_2 : Operation 53 [1/1] (0.00ns)   --->   "%tmp_12 = bitselect i1 @_ssdm_op_BitSelect.i1.i17.i32, i17 %sub_ln245_1, i32 16" [firmware/nnet_utils/nnet_activation.h:245]   --->   Operation 53 'bitselect' 'tmp_12' <Predicate = true> <Delay = 0.00>
ST_2 : Operation 54 [1/1] (0.00ns)   --->   "%tmp_13 = bitselect i1 @_ssdm_op_BitSelect.i1.i17.i32, i17 %sub_ln245_1, i32 15" [firmware/nnet_utils/nnet_activation.h:245]   --->   Operation 54 'bitselect' 'tmp_13' <Predicate = true> <Delay = 0.00>
ST_2 : Operation 55 [1/1] (0.00ns) (grouped into LUT with out node select_ln245_3)   --->   "%xor_ln245_2 = xor i1 %tmp_12, i1 1" [firmware/nnet_utils/nnet_activation.h:245]   --->   Operation 55 'xor' 'xor_ln245_2' <Predicate = true> <Delay = 0.00> <CoreInst = "LogicGate">   --->   Core 74 'LogicGate' <Latency = 0> <II = 1> <Delay = 0.12> <FuncUnit> <Opcode : 'and' 'or' 'xor'> <InPorts = 2> <OutPorts = 1>
ST_2 : Operation 56 [1/1] (0.00ns) (grouped into LUT with out node select_ln245_3)   --->   "%and_ln245_1 = and i1 %tmp_13, i1 %xor_ln245_2" [firmware/nnet_utils/nnet_activation.h:245]   --->   Operation 56 'and' 'and_ln245_1' <Predicate = true> <Delay = 0.00> <CoreInst = "LogicGate">   --->   Core 74 'LogicGate' <Latency = 0> <II = 1> <Delay = 0.12> <FuncUnit> <Opcode : 'and' 'or' 'xor'> <InPorts = 2> <OutPorts = 1>
ST_2 : Operation 57 [1/1] (0.00ns) (grouped into LUT with out node select_ln245_3)   --->   "%xor_ln245_3 = xor i1 %tmp_12, i1 %tmp_13" [firmware/nnet_utils/nnet_activation.h:245]   --->   Operation 57 'xor' 'xor_ln245_3' <Predicate = true> <Delay = 0.00> <CoreInst = "LogicGate">   --->   Core 74 'LogicGate' <Latency = 0> <II = 1> <Delay = 0.12> <FuncUnit> <Opcode : 'and' 'or' 'xor'> <InPorts = 2> <OutPorts = 1>
ST_2 : Operation 58 [1/1] (0.00ns)   --->   "%sext_ln245_3 = sext i16 %data_2_val_read" [firmware/nnet_utils/nnet_activation.h:245]   --->   Operation 58 'sext' 'sext_ln245_3' <Predicate = true> <Delay = 0.00>
ST_2 : Operation 59 [1/1] (0.78ns)   --->   "%sub_ln245_2 = sub i17 %sext_ln245_3, i17 %sext_ln245_1" [firmware/nnet_utils/nnet_activation.h:245]   --->   Operation 59 'sub' 'sub_ln245_2' <Predicate = true> <Delay = 0.78> <CoreInst = "Adder">   --->   Core 1 'Adder' <Latency = 0> <II = 1> <Delay = 0.78> <FuncUnit> <Opcode : 'add' 'sub'> <InPorts = 2> <OutPorts = 1>
ST_2 : Operation 60 [1/1] (0.00ns)   --->   "%tmp_14 = bitselect i1 @_ssdm_op_BitSelect.i1.i17.i32, i17 %sub_ln245_2, i32 16" [firmware/nnet_utils/nnet_activation.h:245]   --->   Operation 60 'bitselect' 'tmp_14' <Predicate = true> <Delay = 0.00>
ST_2 : Operation 61 [1/1] (0.00ns)   --->   "%tmp_15 = bitselect i1 @_ssdm_op_BitSelect.i1.i17.i32, i17 %sub_ln245_2, i32 15" [firmware/nnet_utils/nnet_activation.h:245]   --->   Operation 61 'bitselect' 'tmp_15' <Predicate = true> <Delay = 0.00>
ST_2 : Operation 62 [1/1] (0.00ns) (grouped into LUT with out node select_ln245_5)   --->   "%xor_ln245_4 = xor i1 %tmp_14, i1 1" [firmware/nnet_utils/nnet_activation.h:245]   --->   Operation 62 'xor' 'xor_ln245_4' <Predicate = true> <Delay = 0.00> <CoreInst = "LogicGate">   --->   Core 74 'LogicGate' <Latency = 0> <II = 1> <Delay = 0.12> <FuncUnit> <Opcode : 'and' 'or' 'xor'> <InPorts = 2> <OutPorts = 1>
ST_2 : Operation 63 [1/1] (0.00ns) (grouped into LUT with out node select_ln245_5)   --->   "%and_ln245_2 = and i1 %tmp_15, i1 %xor_ln245_4" [firmware/nnet_utils/nnet_activation.h:245]   --->   Operation 63 'and' 'and_ln245_2' <Predicate = true> <Delay = 0.00> <CoreInst = "LogicGate">   --->   Core 74 'LogicGate' <Latency = 0> <II = 1> <Delay = 0.12> <FuncUnit> <Opcode : 'and' 'or' 'xor'> <InPorts = 2> <OutPorts = 1>
ST_2 : Operation 64 [1/1] (0.00ns) (grouped into LUT with out node select_ln245_5)   --->   "%xor_ln245_5 = xor i1 %tmp_14, i1 %tmp_15" [firmware/nnet_utils/nnet_activation.h:245]   --->   Operation 64 'xor' 'xor_ln245_5' <Predicate = true> <Delay = 0.00> <CoreInst = "LogicGate">   --->   Core 74 'LogicGate' <Latency = 0> <II = 1> <Delay = 0.12> <FuncUnit> <Opcode : 'and' 'or' 'xor'> <InPorts = 2> <OutPorts = 1>
ST_2 : Operation 65 [1/1] (0.00ns)   --->   "%sext_ln245_4 = sext i16 %data_3_val_read" [firmware/nnet_utils/nnet_activation.h:245]   --->   Operation 65 'sext' 'sext_ln245_4' <Predicate = true> <Delay = 0.00>
ST_2 : Operation 66 [1/1] (0.78ns)   --->   "%sub_ln245_3 = sub i17 %sext_ln245_4, i17 %sext_ln245_1" [firmware/nnet_utils/nnet_activation.h:245]   --->   Operation 66 'sub' 'sub_ln245_3' <Predicate = true> <Delay = 0.78> <CoreInst = "Adder">   --->   Core 1 'Adder' <Latency = 0> <II = 1> <Delay = 0.78> <FuncUnit> <Opcode : 'add' 'sub'> <InPorts = 2> <OutPorts = 1>
ST_2 : Operation 67 [1/1] (0.00ns)   --->   "%tmp_16 = bitselect i1 @_ssdm_op_BitSelect.i1.i17.i32, i17 %sub_ln245_3, i32 16" [firmware/nnet_utils/nnet_activation.h:245]   --->   Operation 67 'bitselect' 'tmp_16' <Predicate = true> <Delay = 0.00>
ST_2 : Operation 68 [1/1] (0.00ns)   --->   "%tmp_17 = bitselect i1 @_ssdm_op_BitSelect.i1.i17.i32, i17 %sub_ln245_3, i32 15" [firmware/nnet_utils/nnet_activation.h:245]   --->   Operation 68 'bitselect' 'tmp_17' <Predicate = true> <Delay = 0.00>
ST_2 : Operation 69 [1/1] (0.00ns) (grouped into LUT with out node select_ln245_7)   --->   "%xor_ln245_6 = xor i1 %tmp_16, i1 1" [firmware/nnet_utils/nnet_activation.h:245]   --->   Operation 69 'xor' 'xor_ln245_6' <Predicate = true> <Delay = 0.00> <CoreInst = "LogicGate">   --->   Core 74 'LogicGate' <Latency = 0> <II = 1> <Delay = 0.12> <FuncUnit> <Opcode : 'and' 'or' 'xor'> <InPorts = 2> <OutPorts = 1>
ST_2 : Operation 70 [1/1] (0.00ns) (grouped into LUT with out node select_ln245_7)   --->   "%and_ln245_3 = and i1 %tmp_17, i1 %xor_ln245_6" [firmware/nnet_utils/nnet_activation.h:245]   --->   Operation 70 'and' 'and_ln245_3' <Predicate = true> <Delay = 0.00> <CoreInst = "LogicGate">   --->   Core 74 'LogicGate' <Latency = 0> <II = 1> <Delay = 0.12> <FuncUnit> <Opcode : 'and' 'or' 'xor'> <InPorts = 2> <OutPorts = 1>
ST_2 : Operation 71 [1/1] (0.00ns) (grouped into LUT with out node select_ln245_7)   --->   "%xor_ln245_7 = xor i1 %tmp_16, i1 %tmp_17" [firmware/nnet_utils/nnet_activation.h:245]   --->   Operation 71 'xor' 'xor_ln245_7' <Predicate = true> <Delay = 0.00> <CoreInst = "LogicGate">   --->   Core 74 'LogicGate' <Latency = 0> <II = 1> <Delay = 0.12> <FuncUnit> <Opcode : 'and' 'or' 'xor'> <InPorts = 2> <OutPorts = 1>
ST_2 : Operation 72 [1/1] (0.00ns)   --->   "%sext_ln245_5 = sext i16 %data_4_val_read" [firmware/nnet_utils/nnet_activation.h:245]   --->   Operation 72 'sext' 'sext_ln245_5' <Predicate = true> <Delay = 0.00>
ST_2 : Operation 73 [1/1] (0.78ns)   --->   "%sub_ln245_4 = sub i17 %sext_ln245_5, i17 %sext_ln245_1" [firmware/nnet_utils/nnet_activation.h:245]   --->   Operation 73 'sub' 'sub_ln245_4' <Predicate = true> <Delay = 0.78> <CoreInst = "Adder">   --->   Core 1 'Adder' <Latency = 0> <II = 1> <Delay = 0.78> <FuncUnit> <Opcode : 'add' 'sub'> <InPorts = 2> <OutPorts = 1>
ST_2 : Operation 74 [1/1] (0.00ns)   --->   "%tmp_18 = bitselect i1 @_ssdm_op_BitSelect.i1.i17.i32, i17 %sub_ln245_4, i32 16" [firmware/nnet_utils/nnet_activation.h:245]   --->   Operation 74 'bitselect' 'tmp_18' <Predicate = true> <Delay = 0.00>
ST_2 : Operation 75 [1/1] (0.00ns)   --->   "%tmp_19 = bitselect i1 @_ssdm_op_BitSelect.i1.i17.i32, i17 %sub_ln245_4, i32 15" [firmware/nnet_utils/nnet_activation.h:245]   --->   Operation 75 'bitselect' 'tmp_19' <Predicate = true> <Delay = 0.00>
ST_2 : Operation 76 [1/1] (0.00ns) (grouped into LUT with out node select_ln245_9)   --->   "%xor_ln245_8 = xor i1 %tmp_18, i1 1" [firmware/nnet_utils/nnet_activation.h:245]   --->   Operation 76 'xor' 'xor_ln245_8' <Predicate = true> <Delay = 0.00> <CoreInst = "LogicGate">   --->   Core 74 'LogicGate' <Latency = 0> <II = 1> <Delay = 0.12> <FuncUnit> <Opcode : 'and' 'or' 'xor'> <InPorts = 2> <OutPorts = 1>
ST_2 : Operation 77 [1/1] (0.00ns) (grouped into LUT with out node select_ln245_9)   --->   "%and_ln245_4 = and i1 %tmp_19, i1 %xor_ln245_8" [firmware/nnet_utils/nnet_activation.h:245]   --->   Operation 77 'and' 'and_ln245_4' <Predicate = true> <Delay = 0.00> <CoreInst = "LogicGate">   --->   Core 74 'LogicGate' <Latency = 0> <II = 1> <Delay = 0.12> <FuncUnit> <Opcode : 'and' 'or' 'xor'> <InPorts = 2> <OutPorts = 1>
ST_2 : Operation 78 [1/1] (0.00ns) (grouped into LUT with out node select_ln245_9)   --->   "%xor_ln245_9 = xor i1 %tmp_18, i1 %tmp_19" [firmware/nnet_utils/nnet_activation.h:245]   --->   Operation 78 'xor' 'xor_ln245_9' <Predicate = true> <Delay = 0.00> <CoreInst = "LogicGate">   --->   Core 74 'LogicGate' <Latency = 0> <II = 1> <Delay = 0.12> <FuncUnit> <Opcode : 'and' 'or' 'xor'> <InPorts = 2> <OutPorts = 1>
ST_2 : Operation 79 [1/1] (0.00ns)   --->   "%sext_ln245_6 = sext i16 %data_5_val_read" [firmware/nnet_utils/nnet_activation.h:245]   --->   Operation 79 'sext' 'sext_ln245_6' <Predicate = true> <Delay = 0.00>
ST_2 : Operation 80 [1/1] (0.78ns)   --->   "%sub_ln245_5 = sub i17 %sext_ln245_6, i17 %sext_ln245_1" [firmware/nnet_utils/nnet_activation.h:245]   --->   Operation 80 'sub' 'sub_ln245_5' <Predicate = true> <Delay = 0.78> <CoreInst = "Adder">   --->   Core 1 'Adder' <Latency = 0> <II = 1> <Delay = 0.78> <FuncUnit> <Opcode : 'add' 'sub'> <InPorts = 2> <OutPorts = 1>
ST_2 : Operation 81 [1/1] (0.00ns)   --->   "%tmp_20 = bitselect i1 @_ssdm_op_BitSelect.i1.i17.i32, i17 %sub_ln245_5, i32 16" [firmware/nnet_utils/nnet_activation.h:245]   --->   Operation 81 'bitselect' 'tmp_20' <Predicate = true> <Delay = 0.00>
ST_2 : Operation 82 [1/1] (0.00ns)   --->   "%tmp_21 = bitselect i1 @_ssdm_op_BitSelect.i1.i17.i32, i17 %sub_ln245_5, i32 15" [firmware/nnet_utils/nnet_activation.h:245]   --->   Operation 82 'bitselect' 'tmp_21' <Predicate = true> <Delay = 0.00>
ST_2 : Operation 83 [1/1] (0.00ns) (grouped into LUT with out node select_ln245_11)   --->   "%xor_ln245_10 = xor i1 %tmp_20, i1 1" [firmware/nnet_utils/nnet_activation.h:245]   --->   Operation 83 'xor' 'xor_ln245_10' <Predicate = true> <Delay = 0.00> <CoreInst = "LogicGate">   --->   Core 74 'LogicGate' <Latency = 0> <II = 1> <Delay = 0.12> <FuncUnit> <Opcode : 'and' 'or' 'xor'> <InPorts = 2> <OutPorts = 1>
ST_2 : Operation 84 [1/1] (0.00ns) (grouped into LUT with out node select_ln245_11)   --->   "%and_ln245_5 = and i1 %tmp_21, i1 %xor_ln245_10" [firmware/nnet_utils/nnet_activation.h:245]   --->   Operation 84 'and' 'and_ln245_5' <Predicate = true> <Delay = 0.00> <CoreInst = "LogicGate">   --->   Core 74 'LogicGate' <Latency = 0> <II = 1> <Delay = 0.12> <FuncUnit> <Opcode : 'and' 'or' 'xor'> <InPorts = 2> <OutPorts = 1>
ST_2 : Operation 85 [1/1] (0.00ns) (grouped into LUT with out node select_ln245_11)   --->   "%xor_ln245_11 = xor i1 %tmp_20, i1 %tmp_21" [firmware/nnet_utils/nnet_activation.h:245]   --->   Operation 85 'xor' 'xor_ln245_11' <Predicate = true> <Delay = 0.00> <CoreInst = "LogicGate">   --->   Core 74 'LogicGate' <Latency = 0> <II = 1> <Delay = 0.12> <FuncUnit> <Opcode : 'and' 'or' 'xor'> <InPorts = 2> <OutPorts = 1>
ST_2 : Operation 86 [1/1] (0.00ns)   --->   "%sext_ln245_7 = sext i16 %data_6_val_read" [firmware/nnet_utils/nnet_activation.h:245]   --->   Operation 86 'sext' 'sext_ln245_7' <Predicate = true> <Delay = 0.00>
ST_2 : Operation 87 [1/1] (0.78ns)   --->   "%sub_ln245_6 = sub i17 %sext_ln245_7, i17 %sext_ln245_1" [firmware/nnet_utils/nnet_activation.h:245]   --->   Operation 87 'sub' 'sub_ln245_6' <Predicate = true> <Delay = 0.78> <CoreInst = "Adder">   --->   Core 1 'Adder' <Latency = 0> <II = 1> <Delay = 0.78> <FuncUnit> <Opcode : 'add' 'sub'> <InPorts = 2> <OutPorts = 1>
ST_2 : Operation 88 [1/1] (0.00ns)   --->   "%tmp_22 = bitselect i1 @_ssdm_op_BitSelect.i1.i17.i32, i17 %sub_ln245_6, i32 16" [firmware/nnet_utils/nnet_activation.h:245]   --->   Operation 88 'bitselect' 'tmp_22' <Predicate = true> <Delay = 0.00>
ST_2 : Operation 89 [1/1] (0.00ns)   --->   "%tmp_23 = bitselect i1 @_ssdm_op_BitSelect.i1.i17.i32, i17 %sub_ln245_6, i32 15" [firmware/nnet_utils/nnet_activation.h:245]   --->   Operation 89 'bitselect' 'tmp_23' <Predicate = true> <Delay = 0.00>
ST_2 : Operation 90 [1/1] (0.00ns) (grouped into LUT with out node select_ln245_13)   --->   "%xor_ln245_12 = xor i1 %tmp_22, i1 1" [firmware/nnet_utils/nnet_activation.h:245]   --->   Operation 90 'xor' 'xor_ln245_12' <Predicate = true> <Delay = 0.00> <CoreInst = "LogicGate">   --->   Core 74 'LogicGate' <Latency = 0> <II = 1> <Delay = 0.12> <FuncUnit> <Opcode : 'and' 'or' 'xor'> <InPorts = 2> <OutPorts = 1>
ST_2 : Operation 91 [1/1] (0.00ns) (grouped into LUT with out node select_ln245_13)   --->   "%and_ln245_6 = and i1 %tmp_23, i1 %xor_ln245_12" [firmware/nnet_utils/nnet_activation.h:245]   --->   Operation 91 'and' 'and_ln245_6' <Predicate = true> <Delay = 0.00> <CoreInst = "LogicGate">   --->   Core 74 'LogicGate' <Latency = 0> <II = 1> <Delay = 0.12> <FuncUnit> <Opcode : 'and' 'or' 'xor'> <InPorts = 2> <OutPorts = 1>
ST_2 : Operation 92 [1/1] (0.00ns) (grouped into LUT with out node select_ln245_13)   --->   "%xor_ln245_13 = xor i1 %tmp_22, i1 %tmp_23" [firmware/nnet_utils/nnet_activation.h:245]   --->   Operation 92 'xor' 'xor_ln245_13' <Predicate = true> <Delay = 0.00> <CoreInst = "LogicGate">   --->   Core 74 'LogicGate' <Latency = 0> <II = 1> <Delay = 0.12> <FuncUnit> <Opcode : 'and' 'or' 'xor'> <InPorts = 2> <OutPorts = 1>
ST_2 : Operation 93 [1/1] (0.00ns)   --->   "%sext_ln245_8 = sext i16 %data_7_val_read" [firmware/nnet_utils/nnet_activation.h:245]   --->   Operation 93 'sext' 'sext_ln245_8' <Predicate = true> <Delay = 0.00>
ST_2 : Operation 94 [1/1] (0.78ns)   --->   "%sub_ln245_7 = sub i17 %sext_ln245_8, i17 %sext_ln245_1" [firmware/nnet_utils/nnet_activation.h:245]   --->   Operation 94 'sub' 'sub_ln245_7' <Predicate = true> <Delay = 0.78> <CoreInst = "Adder">   --->   Core 1 'Adder' <Latency = 0> <II = 1> <Delay = 0.78> <FuncUnit> <Opcode : 'add' 'sub'> <InPorts = 2> <OutPorts = 1>
ST_2 : Operation 95 [1/1] (0.00ns)   --->   "%tmp_24 = bitselect i1 @_ssdm_op_BitSelect.i1.i17.i32, i17 %sub_ln245_7, i32 16" [firmware/nnet_utils/nnet_activation.h:245]   --->   Operation 95 'bitselect' 'tmp_24' <Predicate = true> <Delay = 0.00>
ST_2 : Operation 96 [1/1] (0.00ns)   --->   "%tmp_25 = bitselect i1 @_ssdm_op_BitSelect.i1.i17.i32, i17 %sub_ln245_7, i32 15" [firmware/nnet_utils/nnet_activation.h:245]   --->   Operation 96 'bitselect' 'tmp_25' <Predicate = true> <Delay = 0.00>
ST_2 : Operation 97 [1/1] (0.00ns) (grouped into LUT with out node select_ln245_15)   --->   "%xor_ln245_14 = xor i1 %tmp_24, i1 1" [firmware/nnet_utils/nnet_activation.h:245]   --->   Operation 97 'xor' 'xor_ln245_14' <Predicate = true> <Delay = 0.00> <CoreInst = "LogicGate">   --->   Core 74 'LogicGate' <Latency = 0> <II = 1> <Delay = 0.12> <FuncUnit> <Opcode : 'and' 'or' 'xor'> <InPorts = 2> <OutPorts = 1>
ST_2 : Operation 98 [1/1] (0.00ns) (grouped into LUT with out node select_ln245_15)   --->   "%and_ln245_7 = and i1 %tmp_25, i1 %xor_ln245_14" [firmware/nnet_utils/nnet_activation.h:245]   --->   Operation 98 'and' 'and_ln245_7' <Predicate = true> <Delay = 0.00> <CoreInst = "LogicGate">   --->   Core 74 'LogicGate' <Latency = 0> <II = 1> <Delay = 0.12> <FuncUnit> <Opcode : 'and' 'or' 'xor'> <InPorts = 2> <OutPorts = 1>
ST_2 : Operation 99 [1/1] (0.00ns) (grouped into LUT with out node select_ln245_15)   --->   "%xor_ln245_15 = xor i1 %tmp_24, i1 %tmp_25" [firmware/nnet_utils/nnet_activation.h:245]   --->   Operation 99 'xor' 'xor_ln245_15' <Predicate = true> <Delay = 0.00> <CoreInst = "LogicGate">   --->   Core 74 'LogicGate' <Latency = 0> <II = 1> <Delay = 0.12> <FuncUnit> <Opcode : 'and' 'or' 'xor'> <InPorts = 2> <OutPorts = 1>
ST_2 : Operation 100 [1/1] (0.00ns)   --->   "%sext_ln245_9 = sext i16 %data_8_val_read" [firmware/nnet_utils/nnet_activation.h:245]   --->   Operation 100 'sext' 'sext_ln245_9' <Predicate = true> <Delay = 0.00>
ST_2 : Operation 101 [1/1] (0.78ns)   --->   "%sub_ln245_8 = sub i17 %sext_ln245_9, i17 %sext_ln245_1" [firmware/nnet_utils/nnet_activation.h:245]   --->   Operation 101 'sub' 'sub_ln245_8' <Predicate = true> <Delay = 0.78> <CoreInst = "Adder">   --->   Core 1 'Adder' <Latency = 0> <II = 1> <Delay = 0.78> <FuncUnit> <Opcode : 'add' 'sub'> <InPorts = 2> <OutPorts = 1>
ST_2 : Operation 102 [1/1] (0.00ns)   --->   "%tmp_26 = bitselect i1 @_ssdm_op_BitSelect.i1.i17.i32, i17 %sub_ln245_8, i32 16" [firmware/nnet_utils/nnet_activation.h:245]   --->   Operation 102 'bitselect' 'tmp_26' <Predicate = true> <Delay = 0.00>
ST_2 : Operation 103 [1/1] (0.00ns)   --->   "%tmp_27 = bitselect i1 @_ssdm_op_BitSelect.i1.i17.i32, i17 %sub_ln245_8, i32 15" [firmware/nnet_utils/nnet_activation.h:245]   --->   Operation 103 'bitselect' 'tmp_27' <Predicate = true> <Delay = 0.00>
ST_2 : Operation 104 [1/1] (0.00ns) (grouped into LUT with out node select_ln245_17)   --->   "%xor_ln245_16 = xor i1 %tmp_26, i1 1" [firmware/nnet_utils/nnet_activation.h:245]   --->   Operation 104 'xor' 'xor_ln245_16' <Predicate = true> <Delay = 0.00> <CoreInst = "LogicGate">   --->   Core 74 'LogicGate' <Latency = 0> <II = 1> <Delay = 0.12> <FuncUnit> <Opcode : 'and' 'or' 'xor'> <InPorts = 2> <OutPorts = 1>
ST_2 : Operation 105 [1/1] (0.00ns) (grouped into LUT with out node select_ln245_17)   --->   "%and_ln245_8 = and i1 %tmp_27, i1 %xor_ln245_16" [firmware/nnet_utils/nnet_activation.h:245]   --->   Operation 105 'and' 'and_ln245_8' <Predicate = true> <Delay = 0.00> <CoreInst = "LogicGate">   --->   Core 74 'LogicGate' <Latency = 0> <II = 1> <Delay = 0.12> <FuncUnit> <Opcode : 'and' 'or' 'xor'> <InPorts = 2> <OutPorts = 1>
ST_2 : Operation 106 [1/1] (0.00ns) (grouped into LUT with out node select_ln245_17)   --->   "%xor_ln245_17 = xor i1 %tmp_26, i1 %tmp_27" [firmware/nnet_utils/nnet_activation.h:245]   --->   Operation 106 'xor' 'xor_ln245_17' <Predicate = true> <Delay = 0.00> <CoreInst = "LogicGate">   --->   Core 74 'LogicGate' <Latency = 0> <II = 1> <Delay = 0.12> <FuncUnit> <Opcode : 'and' 'or' 'xor'> <InPorts = 2> <OutPorts = 1>
ST_2 : Operation 107 [1/1] (0.00ns)   --->   "%sext_ln245_10 = sext i16 %data_9_val_read" [firmware/nnet_utils/nnet_activation.h:245]   --->   Operation 107 'sext' 'sext_ln245_10' <Predicate = true> <Delay = 0.00>
ST_2 : Operation 108 [1/1] (0.78ns)   --->   "%sub_ln245_9 = sub i17 %sext_ln245_10, i17 %sext_ln245_1" [firmware/nnet_utils/nnet_activation.h:245]   --->   Operation 108 'sub' 'sub_ln245_9' <Predicate = true> <Delay = 0.78> <CoreInst = "Adder">   --->   Core 1 'Adder' <Latency = 0> <II = 1> <Delay = 0.78> <FuncUnit> <Opcode : 'add' 'sub'> <InPorts = 2> <OutPorts = 1>
ST_2 : Operation 109 [1/1] (0.00ns)   --->   "%tmp_28 = bitselect i1 @_ssdm_op_BitSelect.i1.i17.i32, i17 %sub_ln245_9, i32 16" [firmware/nnet_utils/nnet_activation.h:245]   --->   Operation 109 'bitselect' 'tmp_28' <Predicate = true> <Delay = 0.00>
ST_2 : Operation 110 [1/1] (0.00ns)   --->   "%tmp_29 = bitselect i1 @_ssdm_op_BitSelect.i1.i17.i32, i17 %sub_ln245_9, i32 15" [firmware/nnet_utils/nnet_activation.h:245]   --->   Operation 110 'bitselect' 'tmp_29' <Predicate = true> <Delay = 0.00>
ST_2 : Operation 111 [1/1] (0.00ns) (grouped into LUT with out node select_ln245_19)   --->   "%xor_ln245_18 = xor i1 %tmp_28, i1 1" [firmware/nnet_utils/nnet_activation.h:245]   --->   Operation 111 'xor' 'xor_ln245_18' <Predicate = true> <Delay = 0.00> <CoreInst = "LogicGate">   --->   Core 74 'LogicGate' <Latency = 0> <II = 1> <Delay = 0.12> <FuncUnit> <Opcode : 'and' 'or' 'xor'> <InPorts = 2> <OutPorts = 1>
ST_2 : Operation 112 [1/1] (0.00ns) (grouped into LUT with out node select_ln245_19)   --->   "%and_ln245_9 = and i1 %tmp_29, i1 %xor_ln245_18" [firmware/nnet_utils/nnet_activation.h:245]   --->   Operation 112 'and' 'and_ln245_9' <Predicate = true> <Delay = 0.00> <CoreInst = "LogicGate">   --->   Core 74 'LogicGate' <Latency = 0> <II = 1> <Delay = 0.12> <FuncUnit> <Opcode : 'and' 'or' 'xor'> <InPorts = 2> <OutPorts = 1>
ST_2 : Operation 113 [1/1] (0.00ns) (grouped into LUT with out node select_ln245_19)   --->   "%xor_ln245_19 = xor i1 %tmp_28, i1 %tmp_29" [firmware/nnet_utils/nnet_activation.h:245]   --->   Operation 113 'xor' 'xor_ln245_19' <Predicate = true> <Delay = 0.00> <CoreInst = "LogicGate">   --->   Core 74 'LogicGate' <Latency = 0> <II = 1> <Delay = 0.12> <FuncUnit> <Opcode : 'and' 'or' 'xor'> <InPorts = 2> <OutPorts = 1>
ST_2 : Operation 114 [1/1] (0.00ns) (grouped into LUT with out node select_ln245_1)   --->   "%select_ln245 = select i1 %and_ln245, i10 511, i10 512" [firmware/nnet_utils/nnet_activation.h:245]   --->   Operation 114 'select' 'select_ln245' <Predicate = true> <Delay = 0.00> <CoreInst = "Sel">   --->   Core 73 'Sel' <Latency = 0> <II = 1> <Delay = 0.30> <FuncUnit> <Opcode : 'select'> <InPorts = 3> <OutPorts = 1>
ST_2 : Operation 115 [1/1] (0.00ns) (grouped into LUT with out node select_ln245_1)   --->   "%tmp = partselect i10 @_ssdm_op_PartSelect.i10.i17.i32.i32, i17 %sub_ln245, i32 6, i32 15" [firmware/nnet_utils/nnet_activation.h:145->firmware/nnet_utils/nnet_activation.h:254]   --->   Operation 115 'partselect' 'tmp' <Predicate = true> <Delay = 0.00>
ST_2 : Operation 116 [1/1] (0.30ns) (out node of the LUT)   --->   "%select_ln245_1 = select i1 %xor_ln245_1, i10 %select_ln245, i10 %tmp" [firmware/nnet_utils/nnet_activation.h:245]   --->   Operation 116 'select' 'select_ln245_1' <Predicate = true> <Delay = 0.30> <CoreInst = "Sel">   --->   Core 73 'Sel' <Latency = 0> <II = 1> <Delay = 0.30> <FuncUnit> <Opcode : 'select'> <InPorts = 3> <OutPorts = 1>
ST_2 : Operation 117 [1/1] (0.00ns)   --->   "%zext_ln255 = zext i10 %select_ln245_1" [firmware/nnet_utils/nnet_activation.h:255]   --->   Operation 117 'zext' 'zext_ln255' <Predicate = true> <Delay = 0.00>
ST_2 : Operation 118 [1/1] (0.00ns)   --->   "%exp_table_addr = getelementptr i18 %exp_table, i64 0, i64 %zext_ln255" [firmware/nnet_utils/nnet_activation.h:255]   --->   Operation 118 'getelementptr' 'exp_table_addr' <Predicate = true> <Delay = 0.00>
ST_2 : Operation 119 [2/2] (1.20ns)   --->   "%exp_res = load i10 %exp_table_addr" [firmware/nnet_utils/nnet_activation.h:255]   --->   Operation 119 'load' 'exp_res' <Predicate = true> <Delay = 1.20> <CoreInst = "ROM">   --->   Core 101 'ROM' <Latency = 1> <II = 1> <Delay = 1.20> <Storage> <Opcode : 'load'> <Ports = 0> <Width = 18> <Depth = 1024> <ROM>
ST_2 : Operation 120 [1/1] (0.00ns) (grouped into LUT with out node select_ln245_3)   --->   "%select_ln245_2 = select i1 %and_ln245_1, i10 511, i10 512" [firmware/nnet_utils/nnet_activation.h:245]   --->   Operation 120 'select' 'select_ln245_2' <Predicate = true> <Delay = 0.00> <CoreInst = "Sel">   --->   Core 73 'Sel' <Latency = 0> <II = 1> <Delay = 0.30> <FuncUnit> <Opcode : 'select'> <InPorts = 3> <OutPorts = 1>
ST_2 : Operation 121 [1/1] (0.00ns) (grouped into LUT with out node select_ln245_3)   --->   "%tmp_1 = partselect i10 @_ssdm_op_PartSelect.i10.i17.i32.i32, i17 %sub_ln245_1, i32 6, i32 15" [firmware/nnet_utils/nnet_activation.h:145->firmware/nnet_utils/nnet_activation.h:254]   --->   Operation 121 'partselect' 'tmp_1' <Predicate = true> <Delay = 0.00>
ST_2 : Operation 122 [1/1] (0.30ns) (out node of the LUT)   --->   "%select_ln245_3 = select i1 %xor_ln245_3, i10 %select_ln245_2, i10 %tmp_1" [firmware/nnet_utils/nnet_activation.h:245]   --->   Operation 122 'select' 'select_ln245_3' <Predicate = true> <Delay = 0.30> <CoreInst = "Sel">   --->   Core 73 'Sel' <Latency = 0> <II = 1> <Delay = 0.30> <FuncUnit> <Opcode : 'select'> <InPorts = 3> <OutPorts = 1>
ST_2 : Operation 123 [1/1] (0.00ns)   --->   "%zext_ln255_1 = zext i10 %select_ln245_3" [firmware/nnet_utils/nnet_activation.h:255]   --->   Operation 123 'zext' 'zext_ln255_1' <Predicate = true> <Delay = 0.00>
ST_2 : Operation 124 [1/1] (0.00ns)   --->   "%exp_table_addr_1 = getelementptr i18 %exp_table, i64 0, i64 %zext_ln255_1" [firmware/nnet_utils/nnet_activation.h:255]   --->   Operation 124 'getelementptr' 'exp_table_addr_1' <Predicate = true> <Delay = 0.00>
ST_2 : Operation 125 [2/2] (1.20ns)   --->   "%exp_res_1 = load i10 %exp_table_addr_1" [firmware/nnet_utils/nnet_activation.h:255]   --->   Operation 125 'load' 'exp_res_1' <Predicate = true> <Delay = 1.20> <CoreInst = "ROM">   --->   Core 101 'ROM' <Latency = 1> <II = 1> <Delay = 1.20> <Storage> <Opcode : 'load'> <Ports = 0> <Width = 18> <Depth = 1024> <ROM>
ST_2 : Operation 126 [1/1] (0.00ns) (grouped into LUT with out node select_ln245_5)   --->   "%select_ln245_4 = select i1 %and_ln245_2, i10 511, i10 512" [firmware/nnet_utils/nnet_activation.h:245]   --->   Operation 126 'select' 'select_ln245_4' <Predicate = true> <Delay = 0.00> <CoreInst = "Sel">   --->   Core 73 'Sel' <Latency = 0> <II = 1> <Delay = 0.30> <FuncUnit> <Opcode : 'select'> <InPorts = 3> <OutPorts = 1>
ST_2 : Operation 127 [1/1] (0.00ns) (grouped into LUT with out node select_ln245_5)   --->   "%tmp_2 = partselect i10 @_ssdm_op_PartSelect.i10.i17.i32.i32, i17 %sub_ln245_2, i32 6, i32 15" [firmware/nnet_utils/nnet_activation.h:145->firmware/nnet_utils/nnet_activation.h:254]   --->   Operation 127 'partselect' 'tmp_2' <Predicate = true> <Delay = 0.00>
ST_2 : Operation 128 [1/1] (0.30ns) (out node of the LUT)   --->   "%select_ln245_5 = select i1 %xor_ln245_5, i10 %select_ln245_4, i10 %tmp_2" [firmware/nnet_utils/nnet_activation.h:245]   --->   Operation 128 'select' 'select_ln245_5' <Predicate = true> <Delay = 0.30> <CoreInst = "Sel">   --->   Core 73 'Sel' <Latency = 0> <II = 1> <Delay = 0.30> <FuncUnit> <Opcode : 'select'> <InPorts = 3> <OutPorts = 1>
ST_2 : Operation 129 [1/1] (0.00ns)   --->   "%zext_ln255_2 = zext i10 %select_ln245_5" [firmware/nnet_utils/nnet_activation.h:255]   --->   Operation 129 'zext' 'zext_ln255_2' <Predicate = true> <Delay = 0.00>
ST_2 : Operation 130 [1/1] (0.00ns)   --->   "%exp_table_addr_2 = getelementptr i18 %exp_table, i64 0, i64 %zext_ln255_2" [firmware/nnet_utils/nnet_activation.h:255]   --->   Operation 130 'getelementptr' 'exp_table_addr_2' <Predicate = true> <Delay = 0.00>
ST_2 : Operation 131 [2/2] (1.20ns)   --->   "%exp_res_2 = load i10 %exp_table_addr_2" [firmware/nnet_utils/nnet_activation.h:255]   --->   Operation 131 'load' 'exp_res_2' <Predicate = true> <Delay = 1.20> <CoreInst = "ROM">   --->   Core 101 'ROM' <Latency = 1> <II = 1> <Delay = 1.20> <Storage> <Opcode : 'load'> <Ports = 0> <Width = 18> <Depth = 1024> <ROM>
ST_2 : Operation 132 [1/1] (0.00ns) (grouped into LUT with out node select_ln245_7)   --->   "%select_ln245_6 = select i1 %and_ln245_3, i10 511, i10 512" [firmware/nnet_utils/nnet_activation.h:245]   --->   Operation 132 'select' 'select_ln245_6' <Predicate = true> <Delay = 0.00> <CoreInst = "Sel">   --->   Core 73 'Sel' <Latency = 0> <II = 1> <Delay = 0.30> <FuncUnit> <Opcode : 'select'> <InPorts = 3> <OutPorts = 1>
ST_2 : Operation 133 [1/1] (0.00ns) (grouped into LUT with out node select_ln245_7)   --->   "%tmp_3 = partselect i10 @_ssdm_op_PartSelect.i10.i17.i32.i32, i17 %sub_ln245_3, i32 6, i32 15" [firmware/nnet_utils/nnet_activation.h:145->firmware/nnet_utils/nnet_activation.h:254]   --->   Operation 133 'partselect' 'tmp_3' <Predicate = true> <Delay = 0.00>
ST_2 : Operation 134 [1/1] (0.30ns) (out node of the LUT)   --->   "%select_ln245_7 = select i1 %xor_ln245_7, i10 %select_ln245_6, i10 %tmp_3" [firmware/nnet_utils/nnet_activation.h:245]   --->   Operation 134 'select' 'select_ln245_7' <Predicate = true> <Delay = 0.30> <CoreInst = "Sel">   --->   Core 73 'Sel' <Latency = 0> <II = 1> <Delay = 0.30> <FuncUnit> <Opcode : 'select'> <InPorts = 3> <OutPorts = 1>
ST_2 : Operation 135 [1/1] (0.00ns) (grouped into LUT with out node select_ln245_9)   --->   "%select_ln245_8 = select i1 %and_ln245_4, i10 511, i10 512" [firmware/nnet_utils/nnet_activation.h:245]   --->   Operation 135 'select' 'select_ln245_8' <Predicate = true> <Delay = 0.00> <CoreInst = "Sel">   --->   Core 73 'Sel' <Latency = 0> <II = 1> <Delay = 0.30> <FuncUnit> <Opcode : 'select'> <InPorts = 3> <OutPorts = 1>
ST_2 : Operation 136 [1/1] (0.00ns) (grouped into LUT with out node select_ln245_9)   --->   "%tmp_4 = partselect i10 @_ssdm_op_PartSelect.i10.i17.i32.i32, i17 %sub_ln245_4, i32 6, i32 15" [firmware/nnet_utils/nnet_activation.h:145->firmware/nnet_utils/nnet_activation.h:254]   --->   Operation 136 'partselect' 'tmp_4' <Predicate = true> <Delay = 0.00>
ST_2 : Operation 137 [1/1] (0.30ns) (out node of the LUT)   --->   "%select_ln245_9 = select i1 %xor_ln245_9, i10 %select_ln245_8, i10 %tmp_4" [firmware/nnet_utils/nnet_activation.h:245]   --->   Operation 137 'select' 'select_ln245_9' <Predicate = true> <Delay = 0.30> <CoreInst = "Sel">   --->   Core 73 'Sel' <Latency = 0> <II = 1> <Delay = 0.30> <FuncUnit> <Opcode : 'select'> <InPorts = 3> <OutPorts = 1>
ST_2 : Operation 138 [1/1] (0.00ns) (grouped into LUT with out node select_ln245_11)   --->   "%select_ln245_10 = select i1 %and_ln245_5, i10 511, i10 512" [firmware/nnet_utils/nnet_activation.h:245]   --->   Operation 138 'select' 'select_ln245_10' <Predicate = true> <Delay = 0.00> <CoreInst = "Sel">   --->   Core 73 'Sel' <Latency = 0> <II = 1> <Delay = 0.30> <FuncUnit> <Opcode : 'select'> <InPorts = 3> <OutPorts = 1>
ST_2 : Operation 139 [1/1] (0.00ns) (grouped into LUT with out node select_ln245_11)   --->   "%tmp_5 = partselect i10 @_ssdm_op_PartSelect.i10.i17.i32.i32, i17 %sub_ln245_5, i32 6, i32 15" [firmware/nnet_utils/nnet_activation.h:145->firmware/nnet_utils/nnet_activation.h:254]   --->   Operation 139 'partselect' 'tmp_5' <Predicate = true> <Delay = 0.00>
ST_2 : Operation 140 [1/1] (0.30ns) (out node of the LUT)   --->   "%select_ln245_11 = select i1 %xor_ln245_11, i10 %select_ln245_10, i10 %tmp_5" [firmware/nnet_utils/nnet_activation.h:245]   --->   Operation 140 'select' 'select_ln245_11' <Predicate = true> <Delay = 0.30> <CoreInst = "Sel">   --->   Core 73 'Sel' <Latency = 0> <II = 1> <Delay = 0.30> <FuncUnit> <Opcode : 'select'> <InPorts = 3> <OutPorts = 1>
ST_2 : Operation 141 [1/1] (0.00ns) (grouped into LUT with out node select_ln245_13)   --->   "%select_ln245_12 = select i1 %and_ln245_6, i10 511, i10 512" [firmware/nnet_utils/nnet_activation.h:245]   --->   Operation 141 'select' 'select_ln245_12' <Predicate = true> <Delay = 0.00> <CoreInst = "Sel">   --->   Core 73 'Sel' <Latency = 0> <II = 1> <Delay = 0.30> <FuncUnit> <Opcode : 'select'> <InPorts = 3> <OutPorts = 1>
ST_2 : Operation 142 [1/1] (0.00ns) (grouped into LUT with out node select_ln245_13)   --->   "%tmp_6 = partselect i10 @_ssdm_op_PartSelect.i10.i17.i32.i32, i17 %sub_ln245_6, i32 6, i32 15" [firmware/nnet_utils/nnet_activation.h:145->firmware/nnet_utils/nnet_activation.h:254]   --->   Operation 142 'partselect' 'tmp_6' <Predicate = true> <Delay = 0.00>
ST_2 : Operation 143 [1/1] (0.30ns) (out node of the LUT)   --->   "%select_ln245_13 = select i1 %xor_ln245_13, i10 %select_ln245_12, i10 %tmp_6" [firmware/nnet_utils/nnet_activation.h:245]   --->   Operation 143 'select' 'select_ln245_13' <Predicate = true> <Delay = 0.30> <CoreInst = "Sel">   --->   Core 73 'Sel' <Latency = 0> <II = 1> <Delay = 0.30> <FuncUnit> <Opcode : 'select'> <InPorts = 3> <OutPorts = 1>
ST_2 : Operation 144 [1/1] (0.00ns) (grouped into LUT with out node select_ln245_15)   --->   "%select_ln245_14 = select i1 %and_ln245_7, i10 511, i10 512" [firmware/nnet_utils/nnet_activation.h:245]   --->   Operation 144 'select' 'select_ln245_14' <Predicate = true> <Delay = 0.00> <CoreInst = "Sel">   --->   Core 73 'Sel' <Latency = 0> <II = 1> <Delay = 0.30> <FuncUnit> <Opcode : 'select'> <InPorts = 3> <OutPorts = 1>
ST_2 : Operation 145 [1/1] (0.00ns) (grouped into LUT with out node select_ln245_15)   --->   "%tmp_7 = partselect i10 @_ssdm_op_PartSelect.i10.i17.i32.i32, i17 %sub_ln245_7, i32 6, i32 15" [firmware/nnet_utils/nnet_activation.h:145->firmware/nnet_utils/nnet_activation.h:254]   --->   Operation 145 'partselect' 'tmp_7' <Predicate = true> <Delay = 0.00>
ST_2 : Operation 146 [1/1] (0.30ns) (out node of the LUT)   --->   "%select_ln245_15 = select i1 %xor_ln245_15, i10 %select_ln245_14, i10 %tmp_7" [firmware/nnet_utils/nnet_activation.h:245]   --->   Operation 146 'select' 'select_ln245_15' <Predicate = true> <Delay = 0.30> <CoreInst = "Sel">   --->   Core 73 'Sel' <Latency = 0> <II = 1> <Delay = 0.30> <FuncUnit> <Opcode : 'select'> <InPorts = 3> <OutPorts = 1>
ST_2 : Operation 147 [1/1] (0.00ns) (grouped into LUT with out node select_ln245_17)   --->   "%select_ln245_16 = select i1 %and_ln245_8, i10 511, i10 512" [firmware/nnet_utils/nnet_activation.h:245]   --->   Operation 147 'select' 'select_ln245_16' <Predicate = true> <Delay = 0.00> <CoreInst = "Sel">   --->   Core 73 'Sel' <Latency = 0> <II = 1> <Delay = 0.30> <FuncUnit> <Opcode : 'select'> <InPorts = 3> <OutPorts = 1>
ST_2 : Operation 148 [1/1] (0.00ns) (grouped into LUT with out node select_ln245_17)   --->   "%tmp_8 = partselect i10 @_ssdm_op_PartSelect.i10.i17.i32.i32, i17 %sub_ln245_8, i32 6, i32 15" [firmware/nnet_utils/nnet_activation.h:145->firmware/nnet_utils/nnet_activation.h:254]   --->   Operation 148 'partselect' 'tmp_8' <Predicate = true> <Delay = 0.00>
ST_2 : Operation 149 [1/1] (0.30ns) (out node of the LUT)   --->   "%select_ln245_17 = select i1 %xor_ln245_17, i10 %select_ln245_16, i10 %tmp_8" [firmware/nnet_utils/nnet_activation.h:245]   --->   Operation 149 'select' 'select_ln245_17' <Predicate = true> <Delay = 0.30> <CoreInst = "Sel">   --->   Core 73 'Sel' <Latency = 0> <II = 1> <Delay = 0.30> <FuncUnit> <Opcode : 'select'> <InPorts = 3> <OutPorts = 1>
ST_2 : Operation 150 [1/1] (0.00ns) (grouped into LUT with out node select_ln245_19)   --->   "%select_ln245_18 = select i1 %and_ln245_9, i10 511, i10 512" [firmware/nnet_utils/nnet_activation.h:245]   --->   Operation 150 'select' 'select_ln245_18' <Predicate = true> <Delay = 0.00> <CoreInst = "Sel">   --->   Core 73 'Sel' <Latency = 0> <II = 1> <Delay = 0.30> <FuncUnit> <Opcode : 'select'> <InPorts = 3> <OutPorts = 1>
ST_2 : Operation 151 [1/1] (0.00ns) (grouped into LUT with out node select_ln245_19)   --->   "%tmp_s = partselect i10 @_ssdm_op_PartSelect.i10.i17.i32.i32, i17 %sub_ln245_9, i32 6, i32 15" [firmware/nnet_utils/nnet_activation.h:145->firmware/nnet_utils/nnet_activation.h:254]   --->   Operation 151 'partselect' 'tmp_s' <Predicate = true> <Delay = 0.00>
ST_2 : Operation 152 [1/1] (0.30ns) (out node of the LUT)   --->   "%select_ln245_19 = select i1 %xor_ln245_19, i10 %select_ln245_18, i10 %tmp_s" [firmware/nnet_utils/nnet_activation.h:245]   --->   Operation 152 'select' 'select_ln245_19' <Predicate = true> <Delay = 0.30> <CoreInst = "Sel">   --->   Core 73 'Sel' <Latency = 0> <II = 1> <Delay = 0.30> <FuncUnit> <Opcode : 'select'> <InPorts = 3> <OutPorts = 1>

State 3 <SV = 2> <Delay = 1.20>
ST_3 : Operation 153 [1/2] (1.20ns)   --->   "%exp_res = load i10 %exp_table_addr" [firmware/nnet_utils/nnet_activation.h:255]   --->   Operation 153 'load' 'exp_res' <Predicate = true> <Delay = 1.20> <CoreInst = "ROM">   --->   Core 101 'ROM' <Latency = 1> <II = 1> <Delay = 1.20> <Storage> <Opcode : 'load'> <Ports = 0> <Width = 18> <Depth = 1024> <ROM>
ST_3 : Operation 154 [1/2] (1.20ns)   --->   "%exp_res_1 = load i10 %exp_table_addr_1" [firmware/nnet_utils/nnet_activation.h:255]   --->   Operation 154 'load' 'exp_res_1' <Predicate = true> <Delay = 1.20> <CoreInst = "ROM">   --->   Core 101 'ROM' <Latency = 1> <II = 1> <Delay = 1.20> <Storage> <Opcode : 'load'> <Ports = 0> <Width = 18> <Depth = 1024> <ROM>
ST_3 : Operation 155 [1/2] (1.20ns)   --->   "%exp_res_2 = load i10 %exp_table_addr_2" [firmware/nnet_utils/nnet_activation.h:255]   --->   Operation 155 'load' 'exp_res_2' <Predicate = true> <Delay = 1.20> <CoreInst = "ROM">   --->   Core 101 'ROM' <Latency = 1> <II = 1> <Delay = 1.20> <Storage> <Opcode : 'load'> <Ports = 0> <Width = 18> <Depth = 1024> <ROM>
ST_3 : Operation 156 [1/1] (0.00ns)   --->   "%zext_ln255_3 = zext i10 %select_ln245_7" [firmware/nnet_utils/nnet_activation.h:255]   --->   Operation 156 'zext' 'zext_ln255_3' <Predicate = true> <Delay = 0.00>
ST_3 : Operation 157 [1/1] (0.00ns)   --->   "%exp_table_addr_3 = getelementptr i18 %exp_table, i64 0, i64 %zext_ln255_3" [firmware/nnet_utils/nnet_activation.h:255]   --->   Operation 157 'getelementptr' 'exp_table_addr_3' <Predicate = true> <Delay = 0.00>
ST_3 : Operation 158 [2/2] (1.20ns)   --->   "%exp_res_3 = load i10 %exp_table_addr_3" [firmware/nnet_utils/nnet_activation.h:255]   --->   Operation 158 'load' 'exp_res_3' <Predicate = true> <Delay = 1.20> <CoreInst = "ROM">   --->   Core 101 'ROM' <Latency = 1> <II = 1> <Delay = 1.20> <Storage> <Opcode : 'load'> <Ports = 0> <Width = 18> <Depth = 1024> <ROM>
ST_3 : Operation 159 [1/1] (0.00ns)   --->   "%zext_ln255_4 = zext i10 %select_ln245_9" [firmware/nnet_utils/nnet_activation.h:255]   --->   Operation 159 'zext' 'zext_ln255_4' <Predicate = true> <Delay = 0.00>
ST_3 : Operation 160 [1/1] (0.00ns)   --->   "%exp_table_addr_4 = getelementptr i18 %exp_table, i64 0, i64 %zext_ln255_4" [firmware/nnet_utils/nnet_activation.h:255]   --->   Operation 160 'getelementptr' 'exp_table_addr_4' <Predicate = true> <Delay = 0.00>
ST_3 : Operation 161 [2/2] (1.20ns)   --->   "%exp_res_4 = load i10 %exp_table_addr_4" [firmware/nnet_utils/nnet_activation.h:255]   --->   Operation 161 'load' 'exp_res_4' <Predicate = true> <Delay = 1.20> <CoreInst = "ROM">   --->   Core 101 'ROM' <Latency = 1> <II = 1> <Delay = 1.20> <Storage> <Opcode : 'load'> <Ports = 0> <Width = 18> <Depth = 1024> <ROM>
ST_3 : Operation 162 [1/1] (0.00ns)   --->   "%zext_ln255_5 = zext i10 %select_ln245_11" [firmware/nnet_utils/nnet_activation.h:255]   --->   Operation 162 'zext' 'zext_ln255_5' <Predicate = true> <Delay = 0.00>
ST_3 : Operation 163 [1/1] (0.00ns)   --->   "%exp_table_addr_5 = getelementptr i18 %exp_table, i64 0, i64 %zext_ln255_5" [firmware/nnet_utils/nnet_activation.h:255]   --->   Operation 163 'getelementptr' 'exp_table_addr_5' <Predicate = true> <Delay = 0.00>
ST_3 : Operation 164 [2/2] (1.20ns)   --->   "%exp_res_5 = load i10 %exp_table_addr_5" [firmware/nnet_utils/nnet_activation.h:255]   --->   Operation 164 'load' 'exp_res_5' <Predicate = true> <Delay = 1.20> <CoreInst = "ROM">   --->   Core 101 'ROM' <Latency = 1> <II = 1> <Delay = 1.20> <Storage> <Opcode : 'load'> <Ports = 0> <Width = 18> <Depth = 1024> <ROM>
ST_3 : Operation 165 [1/1] (0.00ns)   --->   "%zext_ln255_6 = zext i10 %select_ln245_13" [firmware/nnet_utils/nnet_activation.h:255]   --->   Operation 165 'zext' 'zext_ln255_6' <Predicate = true> <Delay = 0.00>
ST_3 : Operation 166 [1/1] (0.00ns)   --->   "%exp_table_addr_6 = getelementptr i18 %exp_table, i64 0, i64 %zext_ln255_6" [firmware/nnet_utils/nnet_activation.h:255]   --->   Operation 166 'getelementptr' 'exp_table_addr_6' <Predicate = true> <Delay = 0.00>
ST_3 : Operation 167 [2/2] (1.20ns)   --->   "%exp_res_6 = load i10 %exp_table_addr_6" [firmware/nnet_utils/nnet_activation.h:255]   --->   Operation 167 'load' 'exp_res_6' <Predicate = true> <Delay = 1.20> <CoreInst = "ROM">   --->   Core 101 'ROM' <Latency = 1> <II = 1> <Delay = 1.20> <Storage> <Opcode : 'load'> <Ports = 0> <Width = 18> <Depth = 1024> <ROM>
ST_3 : Operation 168 [1/1] (0.00ns)   --->   "%zext_ln255_7 = zext i10 %select_ln245_15" [firmware/nnet_utils/nnet_activation.h:255]   --->   Operation 168 'zext' 'zext_ln255_7' <Predicate = true> <Delay = 0.00>
ST_3 : Operation 169 [1/1] (0.00ns)   --->   "%exp_table_addr_7 = getelementptr i18 %exp_table, i64 0, i64 %zext_ln255_7" [firmware/nnet_utils/nnet_activation.h:255]   --->   Operation 169 'getelementptr' 'exp_table_addr_7' <Predicate = true> <Delay = 0.00>
ST_3 : Operation 170 [2/2] (1.20ns)   --->   "%exp_res_7 = load i10 %exp_table_addr_7" [firmware/nnet_utils/nnet_activation.h:255]   --->   Operation 170 'load' 'exp_res_7' <Predicate = true> <Delay = 1.20> <CoreInst = "ROM">   --->   Core 101 'ROM' <Latency = 1> <II = 1> <Delay = 1.20> <Storage> <Opcode : 'load'> <Ports = 0> <Width = 18> <Depth = 1024> <ROM>
ST_3 : Operation 171 [1/1] (0.00ns)   --->   "%zext_ln255_8 = zext i10 %select_ln245_17" [firmware/nnet_utils/nnet_activation.h:255]   --->   Operation 171 'zext' 'zext_ln255_8' <Predicate = true> <Delay = 0.00>
ST_3 : Operation 172 [1/1] (0.00ns)   --->   "%exp_table_addr_8 = getelementptr i18 %exp_table, i64 0, i64 %zext_ln255_8" [firmware/nnet_utils/nnet_activation.h:255]   --->   Operation 172 'getelementptr' 'exp_table_addr_8' <Predicate = true> <Delay = 0.00>
ST_3 : Operation 173 [2/2] (1.20ns)   --->   "%exp_res_8 = load i10 %exp_table_addr_8" [firmware/nnet_utils/nnet_activation.h:255]   --->   Operation 173 'load' 'exp_res_8' <Predicate = true> <Delay = 1.20> <CoreInst = "ROM">   --->   Core 101 'ROM' <Latency = 1> <II = 1> <Delay = 1.20> <Storage> <Opcode : 'load'> <Ports = 0> <Width = 18> <Depth = 1024> <ROM>
ST_3 : Operation 174 [1/1] (0.00ns)   --->   "%zext_ln255_9 = zext i10 %select_ln245_19" [firmware/nnet_utils/nnet_activation.h:255]   --->   Operation 174 'zext' 'zext_ln255_9' <Predicate = true> <Delay = 0.00>
ST_3 : Operation 175 [1/1] (0.00ns)   --->   "%exp_table_addr_9 = getelementptr i18 %exp_table, i64 0, i64 %zext_ln255_9" [firmware/nnet_utils/nnet_activation.h:255]   --->   Operation 175 'getelementptr' 'exp_table_addr_9' <Predicate = true> <Delay = 0.00>
ST_3 : Operation 176 [2/2] (1.20ns)   --->   "%exp_res_9 = load i10 %exp_table_addr_9" [firmware/nnet_utils/nnet_activation.h:255]   --->   Operation 176 'load' 'exp_res_9' <Predicate = true> <Delay = 1.20> <CoreInst = "ROM">   --->   Core 101 'ROM' <Latency = 1> <II = 1> <Delay = 1.20> <Storage> <Opcode : 'load'> <Ports = 0> <Width = 18> <Depth = 1024> <ROM>

State 4 <SV = 3> <Delay = 3.87>
ST_4 : Operation 177 [1/2] (1.20ns)   --->   "%exp_res_3 = load i10 %exp_table_addr_3" [firmware/nnet_utils/nnet_activation.h:255]   --->   Operation 177 'load' 'exp_res_3' <Predicate = true> <Delay = 1.20> <CoreInst = "ROM">   --->   Core 101 'ROM' <Latency = 1> <II = 1> <Delay = 1.20> <Storage> <Opcode : 'load'> <Ports = 0> <Width = 18> <Depth = 1024> <ROM>
ST_4 : Operation 178 [1/2] (1.20ns)   --->   "%exp_res_4 = load i10 %exp_table_addr_4" [firmware/nnet_utils/nnet_activation.h:255]   --->   Operation 178 'load' 'exp_res_4' <Predicate = true> <Delay = 1.20> <CoreInst = "ROM">   --->   Core 101 'ROM' <Latency = 1> <II = 1> <Delay = 1.20> <Storage> <Opcode : 'load'> <Ports = 0> <Width = 18> <Depth = 1024> <ROM>
ST_4 : Operation 179 [1/2] (1.20ns)   --->   "%exp_res_5 = load i10 %exp_table_addr_5" [firmware/nnet_utils/nnet_activation.h:255]   --->   Operation 179 'load' 'exp_res_5' <Predicate = true> <Delay = 1.20> <CoreInst = "ROM">   --->   Core 101 'ROM' <Latency = 1> <II = 1> <Delay = 1.20> <Storage> <Opcode : 'load'> <Ports = 0> <Width = 18> <Depth = 1024> <ROM>
ST_4 : Operation 180 [1/2] (1.20ns)   --->   "%exp_res_6 = load i10 %exp_table_addr_6" [firmware/nnet_utils/nnet_activation.h:255]   --->   Operation 180 'load' 'exp_res_6' <Predicate = true> <Delay = 1.20> <CoreInst = "ROM">   --->   Core 101 'ROM' <Latency = 1> <II = 1> <Delay = 1.20> <Storage> <Opcode : 'load'> <Ports = 0> <Width = 18> <Depth = 1024> <ROM>
ST_4 : Operation 181 [1/2] (1.20ns)   --->   "%exp_res_7 = load i10 %exp_table_addr_7" [firmware/nnet_utils/nnet_activation.h:255]   --->   Operation 181 'load' 'exp_res_7' <Predicate = true> <Delay = 1.20> <CoreInst = "ROM">   --->   Core 101 'ROM' <Latency = 1> <II = 1> <Delay = 1.20> <Storage> <Opcode : 'load'> <Ports = 0> <Width = 18> <Depth = 1024> <ROM>
ST_4 : Operation 182 [1/2] (1.20ns)   --->   "%exp_res_8 = load i10 %exp_table_addr_8" [firmware/nnet_utils/nnet_activation.h:255]   --->   Operation 182 'load' 'exp_res_8' <Predicate = true> <Delay = 1.20> <CoreInst = "ROM">   --->   Core 101 'ROM' <Latency = 1> <II = 1> <Delay = 1.20> <Storage> <Opcode : 'load'> <Ports = 0> <Width = 18> <Depth = 1024> <ROM>
ST_4 : Operation 183 [1/2] (1.20ns)   --->   "%exp_res_9 = load i10 %exp_table_addr_9" [firmware/nnet_utils/nnet_activation.h:255]   --->   Operation 183 'load' 'exp_res_9' <Predicate = true> <Delay = 1.20> <CoreInst = "ROM">   --->   Core 101 'ROM' <Latency = 1> <II = 1> <Delay = 1.20> <Storage> <Opcode : 'load'> <Ports = 0> <Width = 18> <Depth = 1024> <ROM>
ST_4 : Operation 184 [1/1] (0.79ns)   --->   "%add_ln50 = add i18 %exp_res_9, i18 %exp_res_8" [firmware/nnet_utils/nnet_common.h:50->firmware/nnet_utils/nnet_common.h:45->firmware/nnet_utils/nnet_activation.h:262]   --->   Operation 184 'add' 'add_ln50' <Predicate = true> <Delay = 0.79> <CoreInst = "Adder">   --->   Core 1 'Adder' <Latency = 0> <II = 1> <Delay = 0.79> <FuncUnit> <Opcode : 'add' 'sub'> <InPorts = 2> <OutPorts = 1>
ST_4 : Operation 185 [1/1] (0.00ns) (grouped into TernaryAdder)   --->   "%add_ln50_1 = add i18 %exp_res_6, i18 %exp_res_4" [firmware/nnet_utils/nnet_common.h:50->firmware/nnet_utils/nnet_common.h:45->firmware/nnet_utils/nnet_activation.h:262]   --->   Operation 185 'add' 'add_ln50_1' <Predicate = true> <Delay = 0.00> <CoreInst = "TAddSub">   --->   Core 10 'TAddSub' <Latency = 0> <II = 1> <Delay = 0.34> <IPBlock> <Opcode : '' 'add' 'sub'> <InPorts = 3> <OutPorts = 1> <Sync> <CReg>
ST_4 : Operation 186 [1/1] (0.68ns) (root node of TernaryAdder)   --->   "%add_ln50_2 = add i18 %add_ln50_1, i18 %exp_res_7" [firmware/nnet_utils/nnet_common.h:50->firmware/nnet_utils/nnet_common.h:45->firmware/nnet_utils/nnet_activation.h:262]   --->   Operation 186 'add' 'add_ln50_2' <Predicate = true> <Delay = 0.68> <CoreInst = "TAddSub">   --->   Core 10 'TAddSub' <Latency = 0> <II = 1> <Delay = 0.34> <IPBlock> <Opcode : '' 'add' 'sub'> <InPorts = 3> <OutPorts = 1> <Sync> <CReg>
ST_4 : Operation 187 [1/1] (0.00ns) (grouped into TernaryAdder)   --->   "%add_ln50_3 = add i18 %add_ln50_2, i18 %add_ln50" [firmware/nnet_utils/nnet_common.h:50->firmware/nnet_utils/nnet_common.h:45->firmware/nnet_utils/nnet_activation.h:262]   --->   Operation 187 'add' 'add_ln50_3' <Predicate = true> <Delay = 0.00> <CoreInst = "TAddSub">   --->   Core 10 'TAddSub' <Latency = 0> <II = 1> <Delay = 0.34> <IPBlock> <Opcode : '' 'add' 'sub'> <InPorts = 3> <OutPorts = 1> <Sync> <CReg>
ST_4 : Operation 188 [1/1] (0.00ns) (grouped into TernaryAdder)   --->   "%add_ln50_4 = add i18 %exp_res_5, i18 %exp_res_3" [firmware/nnet_utils/nnet_common.h:50->firmware/nnet_utils/nnet_common.h:45->firmware/nnet_utils/nnet_activation.h:262]   --->   Operation 188 'add' 'add_ln50_4' <Predicate = true> <Delay = 0.00> <CoreInst = "TAddSub">   --->   Core 10 'TAddSub' <Latency = 0> <II = 1> <Delay = 0.34> <IPBlock> <Opcode : '' 'add' 'sub'> <InPorts = 3> <OutPorts = 1> <Sync> <CReg>
ST_4 : Operation 189 [1/1] (0.00ns) (grouped into TernaryAdder)   --->   "%add_ln50_5 = add i18 %exp_res, i18 %exp_res_1" [firmware/nnet_utils/nnet_common.h:50->firmware/nnet_utils/nnet_common.h:45->firmware/nnet_utils/nnet_activation.h:262]   --->   Operation 189 'add' 'add_ln50_5' <Predicate = true> <Delay = 0.00> <CoreInst = "TAddSub">   --->   Core 10 'TAddSub' <Latency = 0> <II = 1> <Delay = 0.34> <IPBlock> <Opcode : '' 'add' 'sub'> <InPorts = 3> <OutPorts = 1> <Sync> <CReg>
ST_4 : Operation 190 [1/1] (0.68ns) (root node of TernaryAdder)   --->   "%add_ln50_6 = add i18 %add_ln50_5, i18 %exp_res_2" [firmware/nnet_utils/nnet_common.h:50->firmware/nnet_utils/nnet_common.h:45->firmware/nnet_utils/nnet_activation.h:262]   --->   Operation 190 'add' 'add_ln50_6' <Predicate = true> <Delay = 0.68> <CoreInst = "TAddSub">   --->   Core 10 'TAddSub' <Latency = 0> <II = 1> <Delay = 0.34> <IPBlock> <Opcode : '' 'add' 'sub'> <InPorts = 3> <OutPorts = 1> <Sync> <CReg>
ST_4 : Operation 191 [1/1] (0.68ns) (root node of TernaryAdder)   --->   "%add_ln50_7 = add i18 %add_ln50_6, i18 %add_ln50_4" [firmware/nnet_utils/nnet_common.h:50->firmware/nnet_utils/nnet_common.h:45->firmware/nnet_utils/nnet_activation.h:262]   --->   Operation 191 'add' 'add_ln50_7' <Predicate = true> <Delay = 0.68> <CoreInst = "TAddSub">   --->   Core 10 'TAddSub' <Latency = 0> <II = 1> <Delay = 0.34> <IPBlock> <Opcode : '' 'add' 'sub'> <InPorts = 3> <OutPorts = 1> <Sync> <CReg>
ST_4 : Operation 192 [1/1] (0.68ns) (root node of TernaryAdder)   --->   "%exp_sum = add i18 %add_ln50_7, i18 %add_ln50_3" [firmware/nnet_utils/nnet_common.h:50->firmware/nnet_utils/nnet_common.h:45->firmware/nnet_utils/nnet_activation.h:262]   --->   Operation 192 'add' 'exp_sum' <Predicate = true> <Delay = 0.68> <CoreInst = "TAddSub">   --->   Core 10 'TAddSub' <Latency = 0> <II = 1> <Delay = 0.34> <IPBlock> <Opcode : '' 'add' 'sub'> <InPorts = 3> <OutPorts = 1> <Sync> <CReg>
ST_4 : Operation 193 [1/1] (0.00ns)   --->   "%tmp_9 = partselect i10 @_ssdm_op_PartSelect.i10.i18.i32.i32, i18 %exp_sum, i32 8, i32 17" [firmware/nnet_utils/nnet_activation.h:145->firmware/nnet_utils/nnet_activation.h:265]   --->   Operation 193 'partselect' 'tmp_9' <Predicate = true> <Delay = 0.00>
ST_4 : Operation 194 [1/1] (0.00ns)   --->   "%zext_ln265 = zext i10 %tmp_9" [firmware/nnet_utils/nnet_activation.h:265]   --->   Operation 194 'zext' 'zext_ln265' <Predicate = true> <Delay = 0.00>
ST_4 : Operation 195 [1/1] (0.00ns)   --->   "%invert_table_addr = getelementptr i18 %invert_table, i64 0, i64 %zext_ln265" [firmware/nnet_utils/nnet_activation.h:265]   --->   Operation 195 'getelementptr' 'invert_table_addr' <Predicate = true> <Delay = 0.00>
ST_4 : Operation 196 [2/2] (1.20ns)   --->   "%inv_exp_sum = load i10 %invert_table_addr" [firmware/nnet_utils/nnet_activation.h:265]   --->   Operation 196 'load' 'inv_exp_sum' <Predicate = true> <Delay = 1.20> <CoreInst = "ROM">   --->   Core 101 'ROM' <Latency = 1> <II = 1> <Delay = 1.20> <Storage> <Opcode : 'load'> <Ports = 0> <Width = 18> <Depth = 1024> <ROM>

State 5 <SV = 4> <Delay = 3.23>
ST_5 : Operation 197 [1/1] (0.00ns)   --->   "%specpipeline_ln0 = specpipeline void @_ssdm_op_SpecPipeline, i32 4294967295, i32 0, i32 0, i32 0, void @empty_0"   --->   Operation 197 'specpipeline' 'specpipeline_ln0' <Predicate = true> <Delay = 0.00>
ST_5 : Operation 198 [1/2] (1.20ns)   --->   "%inv_exp_sum = load i10 %invert_table_addr" [firmware/nnet_utils/nnet_activation.h:265]   --->   Operation 198 'load' 'inv_exp_sum' <Predicate = true> <Delay = 1.20> <CoreInst = "ROM">   --->   Core 101 'ROM' <Latency = 1> <II = 1> <Delay = 1.20> <Storage> <Opcode : 'load'> <Ports = 0> <Width = 18> <Depth = 1024> <ROM>
ST_5 : Operation 199 [1/1] (0.00ns)   --->   "%sext_ln268 = sext i18 %inv_exp_sum" [firmware/nnet_utils/nnet_activation.h:268]   --->   Operation 199 'sext' 'sext_ln268' <Predicate = true> <Delay = 0.00>
ST_5 : Operation 200 [1/1] (0.00ns)   --->   "%sext_ln268_1 = sext i18 %exp_res" [firmware/nnet_utils/nnet_activation.h:268]   --->   Operation 200 'sext' 'sext_ln268_1' <Predicate = true> <Delay = 0.00>
ST_5 : Operation 201 [1/1] (2.03ns)   --->   "%mul_ln268 = mul i30 %sext_ln268, i30 %sext_ln268_1" [firmware/nnet_utils/nnet_activation.h:268]   --->   Operation 201 'mul' 'mul_ln268' <Predicate = true> <Delay = 2.03> <CoreInst = "Multiplier">   --->   Core 3 'Multiplier' <Latency = 0> <II = 1> <Delay = 2.03> <FuncUnit> <Opcode : 'mul'> <InPorts = 2> <OutPorts = 1>
ST_5 : Operation 202 [1/1] (0.00ns)   --->   "%trunc_ln1 = partselect i16 @_ssdm_op_PartSelect.i16.i30.i32.i32, i30 %mul_ln268, i32 14, i32 29" [firmware/nnet_utils/nnet_activation.h:268]   --->   Operation 202 'partselect' 'trunc_ln1' <Predicate = true> <Delay = 0.00>
ST_5 : Operation 203 [1/1] (0.00ns)   --->   "%sext_ln268_2 = sext i18 %exp_res_1" [firmware/nnet_utils/nnet_activation.h:268]   --->   Operation 203 'sext' 'sext_ln268_2' <Predicate = true> <Delay = 0.00>
ST_5 : Operation 204 [1/1] (2.03ns)   --->   "%mul_ln268_1 = mul i30 %sext_ln268, i30 %sext_ln268_2" [firmware/nnet_utils/nnet_activation.h:268]   --->   Operation 204 'mul' 'mul_ln268_1' <Predicate = true> <Delay = 2.03> <CoreInst = "Multiplier">   --->   Core 3 'Multiplier' <Latency = 0> <II = 1> <Delay = 2.03> <FuncUnit> <Opcode : 'mul'> <InPorts = 2> <OutPorts = 1>
ST_5 : Operation 205 [1/1] (0.00ns)   --->   "%trunc_ln268_1 = partselect i16 @_ssdm_op_PartSelect.i16.i30.i32.i32, i30 %mul_ln268_1, i32 14, i32 29" [firmware/nnet_utils/nnet_activation.h:268]   --->   Operation 205 'partselect' 'trunc_ln268_1' <Predicate = true> <Delay = 0.00>
ST_5 : Operation 206 [1/1] (0.00ns)   --->   "%sext_ln268_3 = sext i18 %exp_res_2" [firmware/nnet_utils/nnet_activation.h:268]   --->   Operation 206 'sext' 'sext_ln268_3' <Predicate = true> <Delay = 0.00>
ST_5 : Operation 207 [1/1] (2.03ns)   --->   "%mul_ln268_2 = mul i30 %sext_ln268, i30 %sext_ln268_3" [firmware/nnet_utils/nnet_activation.h:268]   --->   Operation 207 'mul' 'mul_ln268_2' <Predicate = true> <Delay = 2.03> <CoreInst = "Multiplier">   --->   Core 3 'Multiplier' <Latency = 0> <II = 1> <Delay = 2.03> <FuncUnit> <Opcode : 'mul'> <InPorts = 2> <OutPorts = 1>
ST_5 : Operation 208 [1/1] (0.00ns)   --->   "%trunc_ln268_2 = partselect i16 @_ssdm_op_PartSelect.i16.i30.i32.i32, i30 %mul_ln268_2, i32 14, i32 29" [firmware/nnet_utils/nnet_activation.h:268]   --->   Operation 208 'partselect' 'trunc_ln268_2' <Predicate = true> <Delay = 0.00>
ST_5 : Operation 209 [1/1] (0.00ns)   --->   "%sext_ln268_4 = sext i18 %exp_res_3" [firmware/nnet_utils/nnet_activation.h:268]   --->   Operation 209 'sext' 'sext_ln268_4' <Predicate = true> <Delay = 0.00>
ST_5 : Operation 210 [1/1] (2.03ns)   --->   "%mul_ln268_3 = mul i30 %sext_ln268, i30 %sext_ln268_4" [firmware/nnet_utils/nnet_activation.h:268]   --->   Operation 210 'mul' 'mul_ln268_3' <Predicate = true> <Delay = 2.03> <CoreInst = "Multiplier">   --->   Core 3 'Multiplier' <Latency = 0> <II = 1> <Delay = 2.03> <FuncUnit> <Opcode : 'mul'> <InPorts = 2> <OutPorts = 1>
ST_5 : Operation 211 [1/1] (0.00ns)   --->   "%trunc_ln268_3 = partselect i16 @_ssdm_op_PartSelect.i16.i30.i32.i32, i30 %mul_ln268_3, i32 14, i32 29" [firmware/nnet_utils/nnet_activation.h:268]   --->   Operation 211 'partselect' 'trunc_ln268_3' <Predicate = true> <Delay = 0.00>
ST_5 : Operation 212 [1/1] (0.00ns)   --->   "%sext_ln268_5 = sext i18 %exp_res_4" [firmware/nnet_utils/nnet_activation.h:268]   --->   Operation 212 'sext' 'sext_ln268_5' <Predicate = true> <Delay = 0.00>
ST_5 : Operation 213 [1/1] (2.03ns)   --->   "%mul_ln268_4 = mul i30 %sext_ln268, i30 %sext_ln268_5" [firmware/nnet_utils/nnet_activation.h:268]   --->   Operation 213 'mul' 'mul_ln268_4' <Predicate = true> <Delay = 2.03> <CoreInst = "Multiplier">   --->   Core 3 'Multiplier' <Latency = 0> <II = 1> <Delay = 2.03> <FuncUnit> <Opcode : 'mul'> <InPorts = 2> <OutPorts = 1>
ST_5 : Operation 214 [1/1] (0.00ns)   --->   "%trunc_ln268_4 = partselect i16 @_ssdm_op_PartSelect.i16.i30.i32.i32, i30 %mul_ln268_4, i32 14, i32 29" [firmware/nnet_utils/nnet_activation.h:268]   --->   Operation 214 'partselect' 'trunc_ln268_4' <Predicate = true> <Delay = 0.00>
ST_5 : Operation 215 [1/1] (0.00ns)   --->   "%sext_ln268_6 = sext i18 %exp_res_5" [firmware/nnet_utils/nnet_activation.h:268]   --->   Operation 215 'sext' 'sext_ln268_6' <Predicate = true> <Delay = 0.00>
ST_5 : Operation 216 [1/1] (2.03ns)   --->   "%mul_ln268_5 = mul i30 %sext_ln268, i30 %sext_ln268_6" [firmware/nnet_utils/nnet_activation.h:268]   --->   Operation 216 'mul' 'mul_ln268_5' <Predicate = true> <Delay = 2.03> <CoreInst = "Multiplier">   --->   Core 3 'Multiplier' <Latency = 0> <II = 1> <Delay = 2.03> <FuncUnit> <Opcode : 'mul'> <InPorts = 2> <OutPorts = 1>
ST_5 : Operation 217 [1/1] (0.00ns)   --->   "%trunc_ln268_5 = partselect i16 @_ssdm_op_PartSelect.i16.i30.i32.i32, i30 %mul_ln268_5, i32 14, i32 29" [firmware/nnet_utils/nnet_activation.h:268]   --->   Operation 217 'partselect' 'trunc_ln268_5' <Predicate = true> <Delay = 0.00>
ST_5 : Operation 218 [1/1] (0.00ns)   --->   "%sext_ln268_7 = sext i18 %exp_res_6" [firmware/nnet_utils/nnet_activation.h:268]   --->   Operation 218 'sext' 'sext_ln268_7' <Predicate = true> <Delay = 0.00>
ST_5 : Operation 219 [1/1] (2.03ns)   --->   "%mul_ln268_6 = mul i30 %sext_ln268, i30 %sext_ln268_7" [firmware/nnet_utils/nnet_activation.h:268]   --->   Operation 219 'mul' 'mul_ln268_6' <Predicate = true> <Delay = 2.03> <CoreInst = "Multiplier">   --->   Core 3 'Multiplier' <Latency = 0> <II = 1> <Delay = 2.03> <FuncUnit> <Opcode : 'mul'> <InPorts = 2> <OutPorts = 1>
ST_5 : Operation 220 [1/1] (0.00ns)   --->   "%trunc_ln268_6 = partselect i16 @_ssdm_op_PartSelect.i16.i30.i32.i32, i30 %mul_ln268_6, i32 14, i32 29" [firmware/nnet_utils/nnet_activation.h:268]   --->   Operation 220 'partselect' 'trunc_ln268_6' <Predicate = true> <Delay = 0.00>
ST_5 : Operation 221 [1/1] (0.00ns)   --->   "%sext_ln268_8 = sext i18 %exp_res_7" [firmware/nnet_utils/nnet_activation.h:268]   --->   Operation 221 'sext' 'sext_ln268_8' <Predicate = true> <Delay = 0.00>
ST_5 : Operation 222 [1/1] (2.03ns)   --->   "%mul_ln268_7 = mul i30 %sext_ln268, i30 %sext_ln268_8" [firmware/nnet_utils/nnet_activation.h:268]   --->   Operation 222 'mul' 'mul_ln268_7' <Predicate = true> <Delay = 2.03> <CoreInst = "Multiplier">   --->   Core 3 'Multiplier' <Latency = 0> <II = 1> <Delay = 2.03> <FuncUnit> <Opcode : 'mul'> <InPorts = 2> <OutPorts = 1>
ST_5 : Operation 223 [1/1] (0.00ns)   --->   "%trunc_ln268_7 = partselect i16 @_ssdm_op_PartSelect.i16.i30.i32.i32, i30 %mul_ln268_7, i32 14, i32 29" [firmware/nnet_utils/nnet_activation.h:268]   --->   Operation 223 'partselect' 'trunc_ln268_7' <Predicate = true> <Delay = 0.00>
ST_5 : Operation 224 [1/1] (0.00ns)   --->   "%sext_ln268_9 = sext i18 %exp_res_8" [firmware/nnet_utils/nnet_activation.h:268]   --->   Operation 224 'sext' 'sext_ln268_9' <Predicate = true> <Delay = 0.00>
ST_5 : Operation 225 [1/1] (2.03ns)   --->   "%mul_ln268_8 = mul i30 %sext_ln268, i30 %sext_ln268_9" [firmware/nnet_utils/nnet_activation.h:268]   --->   Operation 225 'mul' 'mul_ln268_8' <Predicate = true> <Delay = 2.03> <CoreInst = "Multiplier">   --->   Core 3 'Multiplier' <Latency = 0> <II = 1> <Delay = 2.03> <FuncUnit> <Opcode : 'mul'> <InPorts = 2> <OutPorts = 1>
ST_5 : Operation 226 [1/1] (0.00ns)   --->   "%trunc_ln268_8 = partselect i16 @_ssdm_op_PartSelect.i16.i30.i32.i32, i30 %mul_ln268_8, i32 14, i32 29" [firmware/nnet_utils/nnet_activation.h:268]   --->   Operation 226 'partselect' 'trunc_ln268_8' <Predicate = true> <Delay = 0.00>
ST_5 : Operation 227 [1/1] (0.00ns)   --->   "%sext_ln268_10 = sext i18 %exp_res_9" [firmware/nnet_utils/nnet_activation.h:268]   --->   Operation 227 'sext' 'sext_ln268_10' <Predicate = true> <Delay = 0.00>
ST_5 : Operation 228 [1/1] (2.03ns)   --->   "%mul_ln268_9 = mul i30 %sext_ln268, i30 %sext_ln268_10" [firmware/nnet_utils/nnet_activation.h:268]   --->   Operation 228 'mul' 'mul_ln268_9' <Predicate = true> <Delay = 2.03> <CoreInst = "Multiplier">   --->   Core 3 'Multiplier' <Latency = 0> <II = 1> <Delay = 2.03> <FuncUnit> <Opcode : 'mul'> <InPorts = 2> <OutPorts = 1>
ST_5 : Operation 229 [1/1] (0.00ns)   --->   "%trunc_ln268_9 = partselect i16 @_ssdm_op_PartSelect.i16.i30.i32.i32, i30 %mul_ln268_9, i32 14, i32 29" [firmware/nnet_utils/nnet_activation.h:268]   --->   Operation 229 'partselect' 'trunc_ln268_9' <Predicate = true> <Delay = 0.00>
ST_5 : Operation 230 [1/1] (0.00ns)   --->   "%mrv = insertvalue i160 <undef>, i16 %trunc_ln1" [firmware/nnet_utils/nnet_activation.h:270]   --->   Operation 230 'insertvalue' 'mrv' <Predicate = true> <Delay = 0.00>
ST_5 : Operation 231 [1/1] (0.00ns)   --->   "%mrv_1 = insertvalue i160 %mrv, i16 %trunc_ln268_1" [firmware/nnet_utils/nnet_activation.h:270]   --->   Operation 231 'insertvalue' 'mrv_1' <Predicate = true> <Delay = 0.00>
ST_5 : Operation 232 [1/1] (0.00ns)   --->   "%mrv_2 = insertvalue i160 %mrv_1, i16 %trunc_ln268_2" [firmware/nnet_utils/nnet_activation.h:270]   --->   Operation 232 'insertvalue' 'mrv_2' <Predicate = true> <Delay = 0.00>
ST_5 : Operation 233 [1/1] (0.00ns)   --->   "%mrv_3 = insertvalue i160 %mrv_2, i16 %trunc_ln268_3" [firmware/nnet_utils/nnet_activation.h:270]   --->   Operation 233 'insertvalue' 'mrv_3' <Predicate = true> <Delay = 0.00>
ST_5 : Operation 234 [1/1] (0.00ns)   --->   "%mrv_4 = insertvalue i160 %mrv_3, i16 %trunc_ln268_4" [firmware/nnet_utils/nnet_activation.h:270]   --->   Operation 234 'insertvalue' 'mrv_4' <Predicate = true> <Delay = 0.00>
ST_5 : Operation 235 [1/1] (0.00ns)   --->   "%mrv_5 = insertvalue i160 %mrv_4, i16 %trunc_ln268_5" [firmware/nnet_utils/nnet_activation.h:270]   --->   Operation 235 'insertvalue' 'mrv_5' <Predicate = true> <Delay = 0.00>
ST_5 : Operation 236 [1/1] (0.00ns)   --->   "%mrv_6 = insertvalue i160 %mrv_5, i16 %trunc_ln268_6" [firmware/nnet_utils/nnet_activation.h:270]   --->   Operation 236 'insertvalue' 'mrv_6' <Predicate = true> <Delay = 0.00>
ST_5 : Operation 237 [1/1] (0.00ns)   --->   "%mrv_7 = insertvalue i160 %mrv_6, i16 %trunc_ln268_7" [firmware/nnet_utils/nnet_activation.h:270]   --->   Operation 237 'insertvalue' 'mrv_7' <Predicate = true> <Delay = 0.00>
ST_5 : Operation 238 [1/1] (0.00ns)   --->   "%mrv_8 = insertvalue i160 %mrv_7, i16 %trunc_ln268_8" [firmware/nnet_utils/nnet_activation.h:270]   --->   Operation 238 'insertvalue' 'mrv_8' <Predicate = true> <Delay = 0.00>
ST_5 : Operation 239 [1/1] (0.00ns)   --->   "%mrv_9 = insertvalue i160 %mrv_8, i16 %trunc_ln268_9" [firmware/nnet_utils/nnet_activation.h:270]   --->   Operation 239 'insertvalue' 'mrv_9' <Predicate = true> <Delay = 0.00>
ST_5 : Operation 240 [1/1] (0.00ns)   --->   "%ret_ln270 = ret i160 %mrv_9" [firmware/nnet_utils/nnet_activation.h:270]   --->   Operation 240 'ret' 'ret_ln270' <Predicate = true> <Delay = 0.00>


============================================================
+ Verbose Summary: Timing violations
============================================================
Target clock period: 5.000ns, clock uncertainty: 0.625ns.

 <State 1>: 3.084ns
The critical path consists of the following:
	wire read operation ('data_7_val_read', firmware/nnet_utils/nnet_common.h:65->firmware/nnet_utils/nnet_common.h:43->firmware/nnet_utils/nnet_common.h:45->firmware/nnet_utils/nnet_common.h:45->firmware/nnet_utils/nnet_common.h:45->firmware/nnet_utils/nnet_activation.h:239) on port 'data_7_val' (firmware/nnet_utils/nnet_common.h:65->firmware/nnet_utils/nnet_common.h:43->firmware/nnet_utils/nnet_common.h:45->firmware/nnet_utils/nnet_common.h:45->firmware/nnet_utils/nnet_common.h:45->firmware/nnet_utils/nnet_activation.h:239) [16]  (0.000 ns)
	'icmp' operation 1 bit ('icmp_ln65_4', firmware/nnet_utils/nnet_common.h:65->firmware/nnet_utils/nnet_common.h:43->firmware/nnet_utils/nnet_common.h:45->firmware/nnet_utils/nnet_common.h:45->firmware/nnet_utils/nnet_common.h:45->firmware/nnet_utils/nnet_activation.h:239) [36]  (0.785 ns)
	'xor' operation 1 bit ('xor_ln65_4', firmware/nnet_utils/nnet_common.h:65->firmware/nnet_utils/nnet_common.h:43->firmware/nnet_utils/nnet_common.h:45->firmware/nnet_utils/nnet_common.h:45->firmware/nnet_utils/nnet_common.h:45->firmware/nnet_utils/nnet_activation.h:239) [37]  (0.000 ns)
	'select' operation 16 bit ('select_ln65_4', firmware/nnet_utils/nnet_common.h:65->firmware/nnet_utils/nnet_common.h:43->firmware/nnet_utils/nnet_common.h:45->firmware/nnet_utils/nnet_common.h:45->firmware/nnet_utils/nnet_common.h:45->firmware/nnet_utils/nnet_activation.h:239) [38]  (0.243 ns)
	'icmp' operation 1 bit ('icmp_ln65_5', firmware/nnet_utils/nnet_common.h:65->firmware/nnet_utils/nnet_common.h:45->firmware/nnet_utils/nnet_common.h:45->firmware/nnet_utils/nnet_common.h:45->firmware/nnet_utils/nnet_activation.h:239) [39]  (0.785 ns)
	'xor' operation 1 bit ('xor_ln65_5', firmware/nnet_utils/nnet_common.h:65->firmware/nnet_utils/nnet_common.h:45->firmware/nnet_utils/nnet_common.h:45->firmware/nnet_utils/nnet_common.h:45->firmware/nnet_utils/nnet_activation.h:239) [40]  (0.000 ns)
	'select' operation 16 bit ('select_ln65_5', firmware/nnet_utils/nnet_common.h:65->firmware/nnet_utils/nnet_common.h:45->firmware/nnet_utils/nnet_common.h:45->firmware/nnet_utils/nnet_common.h:45->firmware/nnet_utils/nnet_activation.h:239) [41]  (0.243 ns)
	'icmp' operation 1 bit ('icmp_ln65_6', firmware/nnet_utils/nnet_common.h:65->firmware/nnet_utils/nnet_common.h:45->firmware/nnet_utils/nnet_common.h:45->firmware/nnet_utils/nnet_activation.h:239) [42]  (0.785 ns)
	'xor' operation 1 bit ('xor_ln65_6', firmware/nnet_utils/nnet_common.h:65->firmware/nnet_utils/nnet_common.h:45->firmware/nnet_utils/nnet_common.h:45->firmware/nnet_utils/nnet_activation.h:239) [43]  (0.000 ns)
	'select' operation 16 bit ('select_ln65_6', firmware/nnet_utils/nnet_common.h:65->firmware/nnet_utils/nnet_common.h:45->firmware/nnet_utils/nnet_common.h:45->firmware/nnet_utils/nnet_activation.h:239) [44]  (0.243 ns)

 <State 2>: 4.344ns
The critical path consists of the following:
	'icmp' operation 1 bit ('icmp_ln65_7', firmware/nnet_utils/nnet_common.h:65->firmware/nnet_utils/nnet_common.h:43->firmware/nnet_utils/nnet_common.h:45->firmware/nnet_utils/nnet_activation.h:239) [45]  (0.785 ns)
	'xor' operation 1 bit ('xor_ln65_7', firmware/nnet_utils/nnet_common.h:65->firmware/nnet_utils/nnet_common.h:43->firmware/nnet_utils/nnet_common.h:45->firmware/nnet_utils/nnet_activation.h:239) [46]  (0.000 ns)
	'select' operation 16 bit ('select_ln65_7', firmware/nnet_utils/nnet_common.h:65->firmware/nnet_utils/nnet_common.h:43->firmware/nnet_utils/nnet_common.h:45->firmware/nnet_utils/nnet_activation.h:239) [47]  (0.243 ns)
	'icmp' operation 1 bit ('icmp_ln65_8', firmware/nnet_utils/nnet_common.h:65->firmware/nnet_utils/nnet_common.h:45->firmware/nnet_utils/nnet_activation.h:239) [48]  (0.785 ns)
	'xor' operation 1 bit ('xor_ln65_8', firmware/nnet_utils/nnet_common.h:65->firmware/nnet_utils/nnet_common.h:45->firmware/nnet_utils/nnet_activation.h:239) [49]  (0.000 ns)
	'select' operation 16 bit ('x_max', firmware/nnet_utils/nnet_common.h:65->firmware/nnet_utils/nnet_common.h:45->firmware/nnet_utils/nnet_activation.h:239) [50]  (0.243 ns)
	'sub' operation 17 bit ('sub_ln245', firmware/nnet_utils/nnet_activation.h:245) [53]  (0.785 ns)
	'xor' operation 1 bit ('xor_ln245_1', firmware/nnet_utils/nnet_activation.h:245) [58]  (0.000 ns)
	'select' operation 10 bit ('select_ln245_1', firmware/nnet_utils/nnet_activation.h:245) [124]  (0.303 ns)
	'getelementptr' operation 10 bit ('exp_table_addr', firmware/nnet_utils/nnet_activation.h:255) [126]  (0.000 ns)
	'load' operation 18 bit ('exp_res', firmware/nnet_utils/nnet_activation.h:255) on array 'exp_table' [127]  (1.200 ns)

 <State 3>: 1.200ns
The critical path consists of the following:
	'load' operation 18 bit ('exp_res', firmware/nnet_utils/nnet_activation.h:255) on array 'exp_table' [127]  (1.200 ns)

 <State 4>: 3.879ns
The critical path consists of the following:
	'load' operation 18 bit ('exp_res', firmware/nnet_utils/nnet_activation.h:255) on array 'exp_table' [175]  (1.200 ns)
	'add' operation 18 bit ('add_ln50', firmware/nnet_utils/nnet_common.h:50->firmware/nnet_utils/nnet_common.h:45->firmware/nnet_utils/nnet_activation.h:262) [182]  (0.797 ns)
	'add' operation 18 bit ('add_ln50_3', firmware/nnet_utils/nnet_common.h:50->firmware/nnet_utils/nnet_common.h:45->firmware/nnet_utils/nnet_activation.h:262) [185]  (0.000 ns)
	'add' operation 18 bit ('exp_sum', firmware/nnet_utils/nnet_common.h:50->firmware/nnet_utils/nnet_common.h:45->firmware/nnet_utils/nnet_activation.h:262) [190]  (0.682 ns)
	'getelementptr' operation 10 bit ('invert_table_addr', firmware/nnet_utils/nnet_activation.h:265) [193]  (0.000 ns)
	'load' operation 18 bit ('inv_exp_sum', firmware/nnet_utils/nnet_activation.h:265) on array 'invert_table' [194]  (1.200 ns)

 <State 5>: 3.233ns
The critical path consists of the following:
	'load' operation 18 bit ('inv_exp_sum', firmware/nnet_utils/nnet_activation.h:265) on array 'invert_table' [194]  (1.200 ns)
	'mul' operation 30 bit ('mul_ln268', firmware/nnet_utils/nnet_activation.h:268) [197]  (2.033 ns)


============================================================
+ Verbose Summary: Binding
============================================================
N/A
* FSMD analyzer results:
  - Output states:
 - Input state : 
  - Chain level:
	State 1
	State 2
	State 3
	State 4
	State 5


============================================================
+ Verbose Summary: Datapath Resource usage 
============================================================
N/A
