Assembler report for soc_system
Thu Dec 14 13:26:04 2023
Quartus Prime Version 22.1std.2 Build 922 07/20/2023 SC Lite Edition


---------------------
; Table of Contents ;
---------------------
  1. Legal Notice
  2. Assembler Summary
  3. Assembler Settings
  4. Assembler Encrypted IP Cores Summary
  5. Assembler Generated Files
  6. Assembler Device Options: C:/intelFPGA_lite/22.1std/quartus/final_proj1.2/soc_system.sof
  7. Assembler Messages



----------------
; Legal Notice ;
----------------
Copyright (C) 2023  Intel Corporation. All rights reserved.
Your use of Intel Corporation's design tools, logic functions 
and other software and tools, and any partner logic 
functions, and any output files from any of the foregoing 
(including device programming or simulation files), and any 
associated documentation or information are expressly subject 
to the terms and conditions of the Intel Program License 
Subscription Agreement, the Intel Quartus Prime License Agreement,
the Intel FPGA IP License Agreement, or other applicable license
agreement, including, without limitation, that your use is for
the sole purpose of programming logic devices manufactured by
Intel and sold by Intel or its authorized distributors.  Please
refer to the applicable agreement for further details, at
https://fpgasoftware.intel.com/eula.



+---------------------------------------------------------------+
; Assembler Summary                                             ;
+-----------------------+---------------------------------------+
; Assembler Status      ; Successful - Thu Dec 14 13:26:04 2023 ;
; Revision Name         ; soc_system                            ;
; Top-level Entity Name ; ghrd_top                              ;
; Family                ; Cyclone V                             ;
; Device                ; 5CSEMA5F31C6                          ;
+-----------------------+---------------------------------------+


+----------------------------------+
; Assembler Settings               ;
+--------+---------+---------------+
; Option ; Setting ; Default Value ;
+--------+---------+---------------+


+------------------------------------------------+
; Assembler Encrypted IP Cores Summary           ;
+--------+------------------------+--------------+
; Vendor ; IP Core Name           ; License Type ;
+--------+------------------------+--------------+
; Altera ; Signal Tap (6AF7 BCE1) ; Licensed     ;
; Altera ; Signal Tap (6AF7 BCEC) ; Licensed     ;
+--------+------------------------+--------------+


+----------------------------------------------------------------+
; Assembler Generated Files                                      ;
+----------------------------------------------------------------+
; File Name                                                      ;
+----------------------------------------------------------------+
; C:/intelFPGA_lite/22.1std/quartus/final_proj1.2/soc_system.sof ;
+----------------------------------------------------------------+


+------------------------------------------------------------------------------------------+
; Assembler Device Options: C:/intelFPGA_lite/22.1std/quartus/final_proj1.2/soc_system.sof ;
+----------------+-------------------------------------------------------------------------+
; Option         ; Setting                                                                 ;
+----------------+-------------------------------------------------------------------------+
; JTAG usercode  ; 0x038A94F4                                                              ;
; Checksum       ; 0x038A94F4                                                              ;
+----------------+-------------------------------------------------------------------------+


+--------------------+
; Assembler Messages ;
+--------------------+
Info: *******************************************************************
Info: Running Quartus Prime Assembler
    Info: Version 22.1std.2 Build 922 07/20/2023 SC Lite Edition
    Info: Processing started: Thu Dec 14 13:25:51 2023
Info: Command: quartus_asm --read_settings_files=off --write_settings_files=off soc_system -c soc_system
Warning (18236): Number of processors has not been specified which may cause overloading on shared machines.  Set the global assignment NUM_PARALLEL_PROCESSORS in your QSF to an appropriate value for best performance.
Info (115030): Assembler is generating device programming files
Info (11878): Hard Processor Subsystem configuration has not changed and a Preloader software update is not required
Info: Quartus Prime Assembler was successful. 0 errors, 1 warning
    Info: Peak virtual memory: 5035 megabytes
    Info: Processing ended: Thu Dec 14 13:26:04 2023
    Info: Elapsed time: 00:00:13
    Info: Total CPU time (on all processors): 00:00:13


