Analysis & Synthesis report for sincos2
Sun Oct  1 17:46:54 2023
Quartus Prime Version 22.1std.2 Build 922 07/20/2023 SC Lite Edition


---------------------
; Table of Contents ;
---------------------
  1. Legal Notice
  2. Analysis & Synthesis Summary
  3. Analysis & Synthesis Settings
  4. Parallel Compilation
  5. Analysis & Synthesis Source Files Read
  6. Analysis & Synthesis Resource Usage Summary
  7. Analysis & Synthesis Resource Utilization by Entity
  8. General Register Statistics
  9. Source assignments for sincos2_CORDIC_0:cordic_0
 10. Parameter Settings for User Entity Instance: sincos2_CORDIC_0:cordic_0|dspba_delay:redist8_signA_uid7_sincosTest_b_2
 11. Parameter Settings for User Entity Instance: sincos2_CORDIC_0:cordic_0|dspba_delay:redist7_invSignA_uid8_sincosTest_q_2
 12. Parameter Settings for User Entity Instance: sincos2_CORDIC_0:cordic_0|dspba_delay:redist2_xMSB_uid96_sincosTest_b_1
 13. Parameter Settings for User Entity Instance: sincos2_CORDIC_0:cordic_0|dspba_delay:redist3_xMSB_uid80_sincosTest_b_1
 14. Parameter Settings for User Entity Instance: sincos2_CORDIC_0:cordic_0|dspba_delay:redist4_xMSB_uid64_sincosTest_b_1
 15. Parameter Settings for User Entity Instance: sincos2_CORDIC_0:cordic_0|dspba_delay:redist5_xMSB_uid48_sincosTest_b_1
 16. Parameter Settings for User Entity Instance: sincos2_CORDIC_0:cordic_0|dspba_delay:redist0_yPostExc_uid124_sincosTest_b_1
 17. Parameter Settings for User Entity Instance: sincos2_CORDIC_0:cordic_0|dspba_delay:redist1_xPostExc_uid123_sincosTest_b_1
 18. Parameter Settings for User Entity Instance: sincos2_CORDIC_0:cordic_0|dspba_delay:redist6_firstQuadrant_uid15_sincosTest_b_2
 19. Port Connectivity Checks: "sincos2_CORDIC_0:cordic_0|dspba_delay:redist6_firstQuadrant_uid15_sincosTest_b_2"
 20. Port Connectivity Checks: "sincos2_CORDIC_0:cordic_0|dspba_delay:redist1_xPostExc_uid123_sincosTest_b_1"
 21. Port Connectivity Checks: "sincos2_CORDIC_0:cordic_0|dspba_delay:redist0_yPostExc_uid124_sincosTest_b_1"
 22. Port Connectivity Checks: "sincos2_CORDIC_0:cordic_0|dspba_delay:redist5_xMSB_uid48_sincosTest_b_1"
 23. Port Connectivity Checks: "sincos2_CORDIC_0:cordic_0|dspba_delay:redist4_xMSB_uid64_sincosTest_b_1"
 24. Port Connectivity Checks: "sincos2_CORDIC_0:cordic_0|dspba_delay:redist3_xMSB_uid80_sincosTest_b_1"
 25. Port Connectivity Checks: "sincos2_CORDIC_0:cordic_0|dspba_delay:redist2_xMSB_uid96_sincosTest_b_1"
 26. Port Connectivity Checks: "sincos2_CORDIC_0:cordic_0|dspba_delay:redist7_invSignA_uid8_sincosTest_q_2"
 27. Port Connectivity Checks: "sincos2_CORDIC_0:cordic_0|dspba_delay:redist8_signA_uid7_sincosTest_b_2"
 28. Post-Synthesis Netlist Statistics for Top Partition
 29. Elapsed Time Per Partition
 30. Analysis & Synthesis Messages



----------------
; Legal Notice ;
----------------
Copyright (C) 2023  Intel Corporation. All rights reserved.
Your use of Intel Corporation's design tools, logic functions 
and other software and tools, and any partner logic 
functions, and any output files from any of the foregoing 
(including device programming or simulation files), and any 
associated documentation or information are expressly subject 
to the terms and conditions of the Intel Program License 
Subscription Agreement, the Intel Quartus Prime License Agreement,
the Intel FPGA IP License Agreement, or other applicable license
agreement, including, without limitation, that your use is for
the sole purpose of programming logic devices manufactured by
Intel and sold by Intel or its authorized distributors.  Please
refer to the applicable agreement for further details, at
https://fpgasoftware.intel.com/eula.



+----------------------------------------------------------------------------------+
; Analysis & Synthesis Summary                                                     ;
+---------------------------------+------------------------------------------------+
; Analysis & Synthesis Status     ; Successful - Sun Oct  1 17:46:54 2023          ;
; Quartus Prime Version           ; 22.1std.2 Build 922 07/20/2023 SC Lite Edition ;
; Revision Name                   ; sincos2                                        ;
; Top-level Entity Name           ; sincos2                                        ;
; Family                          ; Cyclone V                                      ;
; Logic utilization (in ALMs)     ; N/A                                            ;
; Total registers                 ; 20                                             ;
; Total pins                      ; 64                                             ;
; Total virtual pins              ; 0                                              ;
; Total block memory bits         ; 0                                              ;
; Total DSP Blocks                ; 0                                              ;
; Total HSSI RX PCSs              ; 0                                              ;
; Total HSSI PMA RX Deserializers ; 0                                              ;
; Total HSSI TX PCSs              ; 0                                              ;
; Total HSSI PMA TX Serializers   ; 0                                              ;
; Total PLLs                      ; 0                                              ;
; Total DLLs                      ; 0                                              ;
+---------------------------------+------------------------------------------------+


+---------------------------------------------------------------------------------------------------------------------------+
; Analysis & Synthesis Settings                                                                                             ;
+---------------------------------------------------------------------------------+--------------------+--------------------+
; Option                                                                          ; Setting            ; Default Value      ;
+---------------------------------------------------------------------------------+--------------------+--------------------+
; Device                                                                          ; 5CSEMA5F31C6       ;                    ;
; Top-level entity name                                                           ; sincos2            ; sincos2            ;
; Family name                                                                     ; Cyclone V          ; Cyclone V          ;
; VHDL Show LMF Mapping Messages                                                  ; Off                ;                    ;
; VHDL Version                                                                    ; VHDL_2008          ; VHDL_1993          ;
; Use smart compilation                                                           ; Off                ; Off                ;
; Enable parallel Assembler and Timing Analyzer during compilation                ; On                 ; On                 ;
; Enable compact report table                                                     ; Off                ; Off                ;
; Restructure Multiplexers                                                        ; Auto               ; Auto               ;
; MLAB Add Timing Constraints For Mixed-Port Feed-Through Mode Setting Don't Care ; Off                ; Off                ;
; Create Debugging Nodes for IP Cores                                             ; Off                ; Off                ;
; Preserve fewer node names                                                       ; On                 ; On                 ;
; Intel FPGA IP Evaluation Mode                                                   ; Enable             ; Enable             ;
; Verilog Version                                                                 ; Verilog_2001       ; Verilog_2001       ;
; State Machine Processing                                                        ; Auto               ; Auto               ;
; Safe State Machine                                                              ; Off                ; Off                ;
; Extract Verilog State Machines                                                  ; On                 ; On                 ;
; Extract VHDL State Machines                                                     ; On                 ; On                 ;
; Ignore Verilog initial constructs                                               ; Off                ; Off                ;
; Iteration limit for constant Verilog loops                                      ; 5000               ; 5000               ;
; Iteration limit for non-constant Verilog loops                                  ; 250                ; 250                ;
; Add Pass-Through Logic to Inferred RAMs                                         ; On                 ; On                 ;
; Infer RAMs from Raw Logic                                                       ; On                 ; On                 ;
; Parallel Synthesis                                                              ; On                 ; On                 ;
; DSP Block Balancing                                                             ; Auto               ; Auto               ;
; NOT Gate Push-Back                                                              ; On                 ; On                 ;
; Power-Up Don't Care                                                             ; On                 ; On                 ;
; Remove Redundant Logic Cells                                                    ; Off                ; Off                ;
; Remove Duplicate Registers                                                      ; On                 ; On                 ;
; Ignore CARRY Buffers                                                            ; Off                ; Off                ;
; Ignore CASCADE Buffers                                                          ; Off                ; Off                ;
; Ignore GLOBAL Buffers                                                           ; Off                ; Off                ;
; Ignore ROW GLOBAL Buffers                                                       ; Off                ; Off                ;
; Ignore LCELL Buffers                                                            ; Off                ; Off                ;
; Ignore SOFT Buffers                                                             ; On                 ; On                 ;
; Limit AHDL Integers to 32 Bits                                                  ; Off                ; Off                ;
; Optimization Technique                                                          ; Balanced           ; Balanced           ;
; Carry Chain Length                                                              ; 70                 ; 70                 ;
; Auto Carry Chains                                                               ; On                 ; On                 ;
; Auto Open-Drain Pins                                                            ; On                 ; On                 ;
; Perform WYSIWYG Primitive Resynthesis                                           ; Off                ; Off                ;
; Auto ROM Replacement                                                            ; On                 ; On                 ;
; Auto RAM Replacement                                                            ; On                 ; On                 ;
; Auto DSP Block Replacement                                                      ; On                 ; On                 ;
; Auto Shift Register Replacement                                                 ; Auto               ; Auto               ;
; Allow Shift Register Merging across Hierarchies                                 ; Auto               ; Auto               ;
; Auto Clock Enable Replacement                                                   ; On                 ; On                 ;
; Strict RAM Replacement                                                          ; Off                ; Off                ;
; Allow Synchronous Control Signals                                               ; On                 ; On                 ;
; Force Use of Synchronous Clear Signals                                          ; Off                ; Off                ;
; Auto Resource Sharing                                                           ; Off                ; Off                ;
; Allow Any RAM Size For Recognition                                              ; Off                ; Off                ;
; Allow Any ROM Size For Recognition                                              ; Off                ; Off                ;
; Allow Any Shift Register Size For Recognition                                   ; Off                ; Off                ;
; Use LogicLock Constraints during Resource Balancing                             ; On                 ; On                 ;
; Ignore translate_off and synthesis_off directives                               ; Off                ; Off                ;
; Timing-Driven Synthesis                                                         ; On                 ; On                 ;
; Report Parameter Settings                                                       ; On                 ; On                 ;
; Report Source Assignments                                                       ; On                 ; On                 ;
; Report Connectivity Checks                                                      ; On                 ; On                 ;
; Ignore Maximum Fan-Out Assignments                                              ; Off                ; Off                ;
; Synchronization Register Chain Length                                           ; 3                  ; 3                  ;
; Power Optimization During Synthesis                                             ; Normal compilation ; Normal compilation ;
; HDL message level                                                               ; Level2             ; Level2             ;
; Suppress Register Optimization Related Messages                                 ; Off                ; Off                ;
; Number of Removed Registers Reported in Synthesis Report                        ; 5000               ; 5000               ;
; Number of Swept Nodes Reported in Synthesis Report                              ; 5000               ; 5000               ;
; Number of Inverted Registers Reported in Synthesis Report                       ; 100                ; 100                ;
; Clock MUX Protection                                                            ; On                 ; On                 ;
; Auto Gated Clock Conversion                                                     ; Off                ; Off                ;
; Block Design Naming                                                             ; Auto               ; Auto               ;
; SDC constraint protection                                                       ; Off                ; Off                ;
; Synthesis Effort                                                                ; Auto               ; Auto               ;
; Shift Register Replacement - Allow Asynchronous Clear Signal                    ; On                 ; On                 ;
; Pre-Mapping Resynthesis Optimization                                            ; Off                ; Off                ;
; Analysis & Synthesis Message Level                                              ; Medium             ; Medium             ;
; Disable Register Merging Across Hierarchies                                     ; Auto               ; Auto               ;
; Resource Aware Inference For Block RAM                                          ; On                 ; On                 ;
; Automatic Parallel Synthesis                                                    ; On                 ; On                 ;
; Partial Reconfiguration Bitstream ID                                            ; Off                ; Off                ;
+---------------------------------------------------------------------------------+--------------------+--------------------+


+------------------------------------------+
; Parallel Compilation                     ;
+----------------------------+-------------+
; Processors                 ; Number      ;
+----------------------------+-------------+
; Number detected on machine ; 12          ;
; Maximum allowed            ; 10          ;
;                            ;             ;
; Average used               ; 1.00        ;
; Maximum used               ; 10          ;
;                            ;             ;
; Usage by Processor         ; % Time Used ;
;     Processor 1            ; 100.0%      ;
;     Processors 2-10        ;   0.0%      ;
+----------------------------+-------------+


+-----------------------------------------------------------------------------------------------------------------------------------------------------------------------------------------------------------------------------+
; Analysis & Synthesis Source Files Read                                                                                                                                                                                      ;
+--------------------------------------------------------+-----------------+-----------------+----------------------------------------------------------------------------------------------------------------------+---------+
; File Name with User-Entered Path                       ; Used in Netlist ; File Type       ; File Name with Absolute Path                                                                                         ; Library ;
+--------------------------------------------------------+-----------------+-----------------+----------------------------------------------------------------------------------------------------------------------+---------+
; sincos2/synthesis/sincos2.vhd                          ; yes             ; User VHDL File  ; C:/Users/domid/OneDrive/Desktop/Quartus/HW3/simulation/questa/sincos2/synthesis/sincos2.vhd                          ;         ;
; sincos2/synthesis/submodules/sincos2_CORDIC_0.vhd      ; yes             ; User VHDL File  ; C:/Users/domid/OneDrive/Desktop/Quartus/HW3/simulation/questa/sincos2/synthesis/submodules/sincos2_CORDIC_0.vhd      ;         ;
; sincos2/synthesis/submodules/dspba_library_package.vhd ; yes             ; User VHDL File  ; C:/Users/domid/OneDrive/Desktop/Quartus/HW3/simulation/questa/sincos2/synthesis/submodules/dspba_library_package.vhd ;         ;
; sincos2/synthesis/submodules/dspba_library.vhd         ; yes             ; User VHDL File  ; C:/Users/domid/OneDrive/Desktop/Quartus/HW3/simulation/questa/sincos2/synthesis/submodules/dspba_library.vhd         ;         ;
+--------------------------------------------------------+-----------------+-----------------+----------------------------------------------------------------------------------------------------------------------+---------+


+-------------------------------------------------------------------------------------------------------------------------------------------+
; Analysis & Synthesis Resource Usage Summary                                                                                               ;
+---------------------------------------------+---------------------------------------------------------------------------------------------+
; Resource                                    ; Usage                                                                                       ;
+---------------------------------------------+---------------------------------------------------------------------------------------------+
; Estimate of Logic utilization (ALMs needed) ; 149                                                                                         ;
;                                             ;                                                                                             ;
; Combinational ALUT usage for logic          ; 277                                                                                         ;
;     -- 7 input functions                    ; 4                                                                                           ;
;     -- 6 input functions                    ; 16                                                                                          ;
;     -- 5 input functions                    ; 48                                                                                          ;
;     -- 4 input functions                    ; 56                                                                                          ;
;     -- <=3 input functions                  ; 153                                                                                         ;
;                                             ;                                                                                             ;
; Dedicated logic registers                   ; 20                                                                                          ;
;                                             ;                                                                                             ;
; I/O pins                                    ; 64                                                                                          ;
;                                             ;                                                                                             ;
; Total DSP Blocks                            ; 0                                                                                           ;
;                                             ;                                                                                             ;
; Maximum fan-out node                        ; sincos2_CORDIC_0:cordic_0|dspba_delay:redist3_xMSB_uid80_sincosTest_b_1|delay_signals[0][0] ;
; Maximum fan-out                             ; 82                                                                                          ;
; Total fan-out                               ; 1211                                                                                        ;
; Average fan-out                             ; 2.85                                                                                        ;
+---------------------------------------------+---------------------------------------------------------------------------------------------+


+-------------------------------------------------------------------------------------------------------------------------------------------------------------------------------------------------------------------------------------------------------------------------------------------------------+
; Analysis & Synthesis Resource Utilization by Entity                                                                                                                                                                                                                                                   ;
+----------------------------------------------------------------+---------------------+---------------------------+-------------------+------------+------+--------------+-------------------------------------------------------------------------------------------+------------------+--------------+
; Compilation Hierarchy Node                                     ; Combinational ALUTs ; Dedicated Logic Registers ; Block Memory Bits ; DSP Blocks ; Pins ; Virtual Pins ; Full Hierarchy Name                                                                       ; Entity Name      ; Library Name ;
+----------------------------------------------------------------+---------------------+---------------------------+-------------------+------------+------+--------------+-------------------------------------------------------------------------------------------+------------------+--------------+
; |sincos2                                                       ; 277 (14)            ; 20 (0)                    ; 0                 ; 0          ; 64   ; 0            ; |sincos2                                                                                  ; sincos2          ; work         ;
;    |sincos2_CORDIC_0:cordic_0|                                 ; 263 (262)           ; 20 (0)                    ; 0                 ; 0          ; 0    ; 0            ; |sincos2|sincos2_CORDIC_0:cordic_0                                                        ; sincos2_CORDIC_0 ; work         ;
;       |dspba_delay:redist0_yPostExc_uid124_sincosTest_b_1|     ; 0 (0)               ; 5 (5)                     ; 0                 ; 0          ; 0    ; 0            ; |sincos2|sincos2_CORDIC_0:cordic_0|dspba_delay:redist0_yPostExc_uid124_sincosTest_b_1     ; dspba_delay      ; work         ;
;       |dspba_delay:redist1_xPostExc_uid123_sincosTest_b_1|     ; 0 (0)               ; 5 (5)                     ; 0                 ; 0          ; 0    ; 0            ; |sincos2|sincos2_CORDIC_0:cordic_0|dspba_delay:redist1_xPostExc_uid123_sincosTest_b_1     ; dspba_delay      ; work         ;
;       |dspba_delay:redist2_xMSB_uid96_sincosTest_b_1|          ; 0 (0)               ; 1 (1)                     ; 0                 ; 0          ; 0    ; 0            ; |sincos2|sincos2_CORDIC_0:cordic_0|dspba_delay:redist2_xMSB_uid96_sincosTest_b_1          ; dspba_delay      ; work         ;
;       |dspba_delay:redist3_xMSB_uid80_sincosTest_b_1|          ; 0 (0)               ; 1 (1)                     ; 0                 ; 0          ; 0    ; 0            ; |sincos2|sincos2_CORDIC_0:cordic_0|dspba_delay:redist3_xMSB_uid80_sincosTest_b_1          ; dspba_delay      ; work         ;
;       |dspba_delay:redist4_xMSB_uid64_sincosTest_b_1|          ; 0 (0)               ; 1 (1)                     ; 0                 ; 0          ; 0    ; 0            ; |sincos2|sincos2_CORDIC_0:cordic_0|dspba_delay:redist4_xMSB_uid64_sincosTest_b_1          ; dspba_delay      ; work         ;
;       |dspba_delay:redist5_xMSB_uid48_sincosTest_b_1|          ; 0 (0)               ; 1 (1)                     ; 0                 ; 0          ; 0    ; 0            ; |sincos2|sincos2_CORDIC_0:cordic_0|dspba_delay:redist5_xMSB_uid48_sincosTest_b_1          ; dspba_delay      ; work         ;
;       |dspba_delay:redist6_firstQuadrant_uid15_sincosTest_b_2| ; 0 (0)               ; 2 (2)                     ; 0                 ; 0          ; 0    ; 0            ; |sincos2|sincos2_CORDIC_0:cordic_0|dspba_delay:redist6_firstQuadrant_uid15_sincosTest_b_2 ; dspba_delay      ; work         ;
;       |dspba_delay:redist7_invSignA_uid8_sincosTest_q_2|       ; 1 (1)               ; 2 (2)                     ; 0                 ; 0          ; 0    ; 0            ; |sincos2|sincos2_CORDIC_0:cordic_0|dspba_delay:redist7_invSignA_uid8_sincosTest_q_2       ; dspba_delay      ; work         ;
;       |dspba_delay:redist8_signA_uid7_sincosTest_b_2|          ; 0 (0)               ; 2 (2)                     ; 0                 ; 0          ; 0    ; 0            ; |sincos2|sincos2_CORDIC_0:cordic_0|dspba_delay:redist8_signA_uid7_sincosTest_b_2          ; dspba_delay      ; work         ;
+----------------------------------------------------------------+---------------------+---------------------------+-------------------+------------+------+--------------+-------------------------------------------------------------------------------------------+------------------+--------------+
Note: For table entries with two numbers listed, the numbers in parentheses indicate the number of resources of the given type used by the specific entity alone. The numbers listed outside of parentheses indicate the total resources of the given type used by the specific entity and all of its sub-entities in the hierarchy.


+------------------------------------------------------+
; General Register Statistics                          ;
+----------------------------------------------+-------+
; Statistic                                    ; Value ;
+----------------------------------------------+-------+
; Total registers                              ; 20    ;
; Number of registers using Synchronous Clear  ; 0     ;
; Number of registers using Synchronous Load   ; 0     ;
; Number of registers using Asynchronous Clear ; 20    ;
; Number of registers using Asynchronous Load  ; 0     ;
; Number of registers using Clock Enable       ; 0     ;
; Number of registers using Preset             ; 0     ;
+----------------------------------------------+-------+


+--------------------------------------------------------------+
; Source assignments for sincos2_CORDIC_0:cordic_0             ;
+-----------------------------------------+--------+------+----+
; Assignment                              ; Value  ; From ; To ;
+-----------------------------------------+--------+------+----+
; AUTO_SHIFT_REGISTER_RECOGNITION         ; OFF    ; -    ; -  ;
; PHYSICAL_SYNTHESIS_REGISTER_DUPLICATION ; ON     ; -    ; -  ;
; MESSAGE_DISABLE                         ; 10036  ; -    ; -  ;
; MESSAGE_DISABLE                         ; 10037  ; -    ; -  ;
; MESSAGE_DISABLE                         ; 14130  ; -    ; -  ;
; MESSAGE_DISABLE                         ; 14320  ; -    ; -  ;
; MESSAGE_DISABLE                         ; 15400  ; -    ; -  ;
; MESSAGE_DISABLE                         ; 14130  ; -    ; -  ;
; MESSAGE_DISABLE                         ; 10036  ; -    ; -  ;
; MESSAGE_DISABLE                         ; 12020  ; -    ; -  ;
; MESSAGE_DISABLE                         ; 12030  ; -    ; -  ;
; MESSAGE_DISABLE                         ; 12010  ; -    ; -  ;
; MESSAGE_DISABLE                         ; 12110  ; -    ; -  ;
; MESSAGE_DISABLE                         ; 14320  ; -    ; -  ;
; MESSAGE_DISABLE                         ; 13410  ; -    ; -  ;
; MESSAGE_DISABLE                         ; 113007 ; -    ; -  ;
+-----------------------------------------+--------+------+----+


+----------------------------------------------------------------------------------------------------------------------+
; Parameter Settings for User Entity Instance: sincos2_CORDIC_0:cordic_0|dspba_delay:redist8_signA_uid7_sincosTest_b_2 ;
+----------------+-------+---------------------------------------------------------------------------------------------+
; Parameter Name ; Value ; Type                                                                                        ;
+----------------+-------+---------------------------------------------------------------------------------------------+
; width          ; 1     ; Signed Integer                                                                              ;
; depth          ; 2     ; Signed Integer                                                                              ;
; reset_high     ; '1'   ; Enumerated                                                                                  ;
; reset_kind     ; ASYNC ; String                                                                                      ;
+----------------+-------+---------------------------------------------------------------------------------------------+
Note: In order to hide this table in the UI and the text report file, please set the "Show Parameter Settings in Synthesis Report" option in "Analysis and Synthesis Settings -> More Settings" to "Off".


+-------------------------------------------------------------------------------------------------------------------------+
; Parameter Settings for User Entity Instance: sincos2_CORDIC_0:cordic_0|dspba_delay:redist7_invSignA_uid8_sincosTest_q_2 ;
+----------------+-------+------------------------------------------------------------------------------------------------+
; Parameter Name ; Value ; Type                                                                                           ;
+----------------+-------+------------------------------------------------------------------------------------------------+
; width          ; 1     ; Signed Integer                                                                                 ;
; depth          ; 2     ; Signed Integer                                                                                 ;
; reset_high     ; '1'   ; Enumerated                                                                                     ;
; reset_kind     ; ASYNC ; String                                                                                         ;
+----------------+-------+------------------------------------------------------------------------------------------------+
Note: In order to hide this table in the UI and the text report file, please set the "Show Parameter Settings in Synthesis Report" option in "Analysis and Synthesis Settings -> More Settings" to "Off".


+----------------------------------------------------------------------------------------------------------------------+
; Parameter Settings for User Entity Instance: sincos2_CORDIC_0:cordic_0|dspba_delay:redist2_xMSB_uid96_sincosTest_b_1 ;
+----------------+-------+---------------------------------------------------------------------------------------------+
; Parameter Name ; Value ; Type                                                                                        ;
+----------------+-------+---------------------------------------------------------------------------------------------+
; width          ; 1     ; Signed Integer                                                                              ;
; depth          ; 1     ; Signed Integer                                                                              ;
; reset_high     ; '1'   ; Enumerated                                                                                  ;
; reset_kind     ; ASYNC ; String                                                                                      ;
+----------------+-------+---------------------------------------------------------------------------------------------+
Note: In order to hide this table in the UI and the text report file, please set the "Show Parameter Settings in Synthesis Report" option in "Analysis and Synthesis Settings -> More Settings" to "Off".


+----------------------------------------------------------------------------------------------------------------------+
; Parameter Settings for User Entity Instance: sincos2_CORDIC_0:cordic_0|dspba_delay:redist3_xMSB_uid80_sincosTest_b_1 ;
+----------------+-------+---------------------------------------------------------------------------------------------+
; Parameter Name ; Value ; Type                                                                                        ;
+----------------+-------+---------------------------------------------------------------------------------------------+
; width          ; 1     ; Signed Integer                                                                              ;
; depth          ; 1     ; Signed Integer                                                                              ;
; reset_high     ; '1'   ; Enumerated                                                                                  ;
; reset_kind     ; ASYNC ; String                                                                                      ;
+----------------+-------+---------------------------------------------------------------------------------------------+
Note: In order to hide this table in the UI and the text report file, please set the "Show Parameter Settings in Synthesis Report" option in "Analysis and Synthesis Settings -> More Settings" to "Off".


+----------------------------------------------------------------------------------------------------------------------+
; Parameter Settings for User Entity Instance: sincos2_CORDIC_0:cordic_0|dspba_delay:redist4_xMSB_uid64_sincosTest_b_1 ;
+----------------+-------+---------------------------------------------------------------------------------------------+
; Parameter Name ; Value ; Type                                                                                        ;
+----------------+-------+---------------------------------------------------------------------------------------------+
; width          ; 1     ; Signed Integer                                                                              ;
; depth          ; 1     ; Signed Integer                                                                              ;
; reset_high     ; '1'   ; Enumerated                                                                                  ;
; reset_kind     ; ASYNC ; String                                                                                      ;
+----------------+-------+---------------------------------------------------------------------------------------------+
Note: In order to hide this table in the UI and the text report file, please set the "Show Parameter Settings in Synthesis Report" option in "Analysis and Synthesis Settings -> More Settings" to "Off".


+----------------------------------------------------------------------------------------------------------------------+
; Parameter Settings for User Entity Instance: sincos2_CORDIC_0:cordic_0|dspba_delay:redist5_xMSB_uid48_sincosTest_b_1 ;
+----------------+-------+---------------------------------------------------------------------------------------------+
; Parameter Name ; Value ; Type                                                                                        ;
+----------------+-------+---------------------------------------------------------------------------------------------+
; width          ; 1     ; Signed Integer                                                                              ;
; depth          ; 1     ; Signed Integer                                                                              ;
; reset_high     ; '1'   ; Enumerated                                                                                  ;
; reset_kind     ; ASYNC ; String                                                                                      ;
+----------------+-------+---------------------------------------------------------------------------------------------+
Note: In order to hide this table in the UI and the text report file, please set the "Show Parameter Settings in Synthesis Report" option in "Analysis and Synthesis Settings -> More Settings" to "Off".


+---------------------------------------------------------------------------------------------------------------------------+
; Parameter Settings for User Entity Instance: sincos2_CORDIC_0:cordic_0|dspba_delay:redist0_yPostExc_uid124_sincosTest_b_1 ;
+----------------+-------+--------------------------------------------------------------------------------------------------+
; Parameter Name ; Value ; Type                                                                                             ;
+----------------+-------+--------------------------------------------------------------------------------------------------+
; width          ; 5     ; Signed Integer                                                                                   ;
; depth          ; 1     ; Signed Integer                                                                                   ;
; reset_high     ; '1'   ; Enumerated                                                                                       ;
; reset_kind     ; ASYNC ; String                                                                                           ;
+----------------+-------+--------------------------------------------------------------------------------------------------+
Note: In order to hide this table in the UI and the text report file, please set the "Show Parameter Settings in Synthesis Report" option in "Analysis and Synthesis Settings -> More Settings" to "Off".


+---------------------------------------------------------------------------------------------------------------------------+
; Parameter Settings for User Entity Instance: sincos2_CORDIC_0:cordic_0|dspba_delay:redist1_xPostExc_uid123_sincosTest_b_1 ;
+----------------+-------+--------------------------------------------------------------------------------------------------+
; Parameter Name ; Value ; Type                                                                                             ;
+----------------+-------+--------------------------------------------------------------------------------------------------+
; width          ; 5     ; Signed Integer                                                                                   ;
; depth          ; 1     ; Signed Integer                                                                                   ;
; reset_high     ; '1'   ; Enumerated                                                                                       ;
; reset_kind     ; ASYNC ; String                                                                                           ;
+----------------+-------+--------------------------------------------------------------------------------------------------+
Note: In order to hide this table in the UI and the text report file, please set the "Show Parameter Settings in Synthesis Report" option in "Analysis and Synthesis Settings -> More Settings" to "Off".


+-------------------------------------------------------------------------------------------------------------------------------+
; Parameter Settings for User Entity Instance: sincos2_CORDIC_0:cordic_0|dspba_delay:redist6_firstQuadrant_uid15_sincosTest_b_2 ;
+----------------+-------+------------------------------------------------------------------------------------------------------+
; Parameter Name ; Value ; Type                                                                                                 ;
+----------------+-------+------------------------------------------------------------------------------------------------------+
; width          ; 1     ; Signed Integer                                                                                       ;
; depth          ; 2     ; Signed Integer                                                                                       ;
; reset_high     ; '1'   ; Enumerated                                                                                           ;
; reset_kind     ; ASYNC ; String                                                                                               ;
+----------------+-------+------------------------------------------------------------------------------------------------------+
Note: In order to hide this table in the UI and the text report file, please set the "Show Parameter Settings in Synthesis Report" option in "Analysis and Synthesis Settings -> More Settings" to "Off".


+--------------------------------------------------------------------------------------------------------------+
; Port Connectivity Checks: "sincos2_CORDIC_0:cordic_0|dspba_delay:redist6_firstQuadrant_uid15_sincosTest_b_2" ;
+------+-------+----------+------------------------------------------------------------------------------------+
; Port ; Type  ; Severity ; Details                                                                            ;
+------+-------+----------+------------------------------------------------------------------------------------+
; ena  ; Input ; Info     ; Stuck at VCC                                                                       ;
+------+-------+----------+------------------------------------------------------------------------------------+


+----------------------------------------------------------------------------------------------------------+
; Port Connectivity Checks: "sincos2_CORDIC_0:cordic_0|dspba_delay:redist1_xPostExc_uid123_sincosTest_b_1" ;
+------+-------+----------+--------------------------------------------------------------------------------+
; Port ; Type  ; Severity ; Details                                                                        ;
+------+-------+----------+--------------------------------------------------------------------------------+
; ena  ; Input ; Info     ; Stuck at VCC                                                                   ;
+------+-------+----------+--------------------------------------------------------------------------------+


+----------------------------------------------------------------------------------------------------------+
; Port Connectivity Checks: "sincos2_CORDIC_0:cordic_0|dspba_delay:redist0_yPostExc_uid124_sincosTest_b_1" ;
+------+-------+----------+--------------------------------------------------------------------------------+
; Port ; Type  ; Severity ; Details                                                                        ;
+------+-------+----------+--------------------------------------------------------------------------------+
; ena  ; Input ; Info     ; Stuck at VCC                                                                   ;
+------+-------+----------+--------------------------------------------------------------------------------+


+-----------------------------------------------------------------------------------------------------+
; Port Connectivity Checks: "sincos2_CORDIC_0:cordic_0|dspba_delay:redist5_xMSB_uid48_sincosTest_b_1" ;
+------+-------+----------+---------------------------------------------------------------------------+
; Port ; Type  ; Severity ; Details                                                                   ;
+------+-------+----------+---------------------------------------------------------------------------+
; ena  ; Input ; Info     ; Stuck at VCC                                                              ;
+------+-------+----------+---------------------------------------------------------------------------+


+-----------------------------------------------------------------------------------------------------+
; Port Connectivity Checks: "sincos2_CORDIC_0:cordic_0|dspba_delay:redist4_xMSB_uid64_sincosTest_b_1" ;
+------+-------+----------+---------------------------------------------------------------------------+
; Port ; Type  ; Severity ; Details                                                                   ;
+------+-------+----------+---------------------------------------------------------------------------+
; ena  ; Input ; Info     ; Stuck at VCC                                                              ;
+------+-------+----------+---------------------------------------------------------------------------+


+-----------------------------------------------------------------------------------------------------+
; Port Connectivity Checks: "sincos2_CORDIC_0:cordic_0|dspba_delay:redist3_xMSB_uid80_sincosTest_b_1" ;
+------+-------+----------+---------------------------------------------------------------------------+
; Port ; Type  ; Severity ; Details                                                                   ;
+------+-------+----------+---------------------------------------------------------------------------+
; ena  ; Input ; Info     ; Stuck at VCC                                                              ;
+------+-------+----------+---------------------------------------------------------------------------+


+-----------------------------------------------------------------------------------------------------+
; Port Connectivity Checks: "sincos2_CORDIC_0:cordic_0|dspba_delay:redist2_xMSB_uid96_sincosTest_b_1" ;
+------+-------+----------+---------------------------------------------------------------------------+
; Port ; Type  ; Severity ; Details                                                                   ;
+------+-------+----------+---------------------------------------------------------------------------+
; ena  ; Input ; Info     ; Stuck at VCC                                                              ;
+------+-------+----------+---------------------------------------------------------------------------+


+--------------------------------------------------------------------------------------------------------+
; Port Connectivity Checks: "sincos2_CORDIC_0:cordic_0|dspba_delay:redist7_invSignA_uid8_sincosTest_q_2" ;
+------+-------+----------+------------------------------------------------------------------------------+
; Port ; Type  ; Severity ; Details                                                                      ;
+------+-------+----------+------------------------------------------------------------------------------+
; ena  ; Input ; Info     ; Stuck at VCC                                                                 ;
+------+-------+----------+------------------------------------------------------------------------------+


+-----------------------------------------------------------------------------------------------------+
; Port Connectivity Checks: "sincos2_CORDIC_0:cordic_0|dspba_delay:redist8_signA_uid7_sincosTest_b_2" ;
+------+-------+----------+---------------------------------------------------------------------------+
; Port ; Type  ; Severity ; Details                                                                   ;
+------+-------+----------+---------------------------------------------------------------------------+
; ena  ; Input ; Info     ; Stuck at VCC                                                              ;
+------+-------+----------+---------------------------------------------------------------------------+


+-----------------------------------------------------+
; Post-Synthesis Netlist Statistics for Top Partition ;
+-----------------------+-----------------------------+
; Type                  ; Count                       ;
+-----------------------+-----------------------------+
; arriav_ff             ; 20                          ;
;     CLR               ; 20                          ;
; arriav_lcell_comb     ; 285                         ;
;     arith             ; 180                         ;
;         0 data inputs ; 14                          ;
;         1 data inputs ; 19                          ;
;         2 data inputs ; 53                          ;
;         3 data inputs ; 16                          ;
;         4 data inputs ; 44                          ;
;         5 data inputs ; 34                          ;
;     extend            ; 4                           ;
;         7 data inputs ; 4                           ;
;     normal            ; 83                          ;
;         0 data inputs ; 2                           ;
;         1 data inputs ; 7                           ;
;         2 data inputs ; 1                           ;
;         3 data inputs ; 31                          ;
;         4 data inputs ; 12                          ;
;         5 data inputs ; 14                          ;
;         6 data inputs ; 16                          ;
;     shared            ; 18                          ;
;         0 data inputs ; 2                           ;
;         1 data inputs ; 16                          ;
; boundary_port         ; 64                          ;
;                       ;                             ;
; Max LUT depth         ; 8.60                        ;
; Average LUT depth     ; 6.55                        ;
+-----------------------+-----------------------------+


+-------------------------------+
; Elapsed Time Per Partition    ;
+----------------+--------------+
; Partition Name ; Elapsed Time ;
+----------------+--------------+
; Top            ; 00:00:00     ;
+----------------+--------------+


+-------------------------------+
; Analysis & Synthesis Messages ;
+-------------------------------+
Info: *******************************************************************
Info: Running Quartus Prime Analysis & Synthesis
    Info: Version 22.1std.2 Build 922 07/20/2023 SC Lite Edition
    Info: Processing started: Sun Oct  1 17:46:46 2023
Info: Command: quartus_map --read_settings_files=on --write_settings_files=off sincos2 -c sincos2
Warning (18236): Number of processors has not been specified which may cause overloading on shared machines.  Set the global assignment NUM_PARALLEL_PROCESSORS in your QSF to an appropriate value for best performance.
Info (20030): Parallel compilation is enabled and will use 10 of the 10 processors detected
Info (12021): Found 2 design units, including 1 entities, in source file simulation/questa/sincos2_tb.vhd
    Info (12022): Found design unit 1: sincos2_vhd_tst-sincos2_arch File: C:/Users/domid/OneDrive/Desktop/Quartus/HW3/simulation/questa/simulation/questa/sincos2_tb.vhd Line: 33
    Info (12023): Found entity 1: sincos2_vhd_tst File: C:/Users/domid/OneDrive/Desktop/Quartus/HW3/simulation/questa/simulation/questa/sincos2_tb.vhd Line: 31
Info (12021): Found 2 design units, including 1 entities, in source file sincos2/synthesis/sincos2.vhd
    Info (12022): Found design unit 1: sincos2-rtl File: C:/Users/domid/OneDrive/Desktop/Quartus/HW3/simulation/questa/sincos2/synthesis/sincos2.vhd Line: 28
    Info (12023): Found entity 1: sincos2 File: C:/Users/domid/OneDrive/Desktop/Quartus/HW3/simulation/questa/sincos2/synthesis/sincos2.vhd Line: 10
Info (12021): Found 2 design units, including 1 entities, in source file sincos2/synthesis/submodules/sincos2_cordic_0.vhd
    Info (12022): Found design unit 1: sincos2_CORDIC_0-normal File: C:/Users/domid/OneDrive/Desktop/Quartus/HW3/simulation/questa/sincos2/synthesis/submodules/sincos2_CORDIC_0.vhd Line: 46
    Info (12023): Found entity 1: sincos2_CORDIC_0 File: C:/Users/domid/OneDrive/Desktop/Quartus/HW3/simulation/questa/sincos2/synthesis/submodules/sincos2_CORDIC_0.vhd Line: 36
Info (12021): Found 1 design units, including 0 entities, in source file sincos2/synthesis/submodules/dspba_library_package.vhd
    Info (12022): Found design unit 1: dspba_library_package File: C:/Users/domid/OneDrive/Desktop/Quartus/HW3/simulation/questa/sincos2/synthesis/submodules/dspba_library_package.vhd Line: 17
Info (12021): Found 6 design units, including 3 entities, in source file sincos2/synthesis/submodules/dspba_library.vhd
    Info (12022): Found design unit 1: dspba_delay-delay File: C:/Users/domid/OneDrive/Desktop/Quartus/HW3/simulation/questa/sincos2/synthesis/submodules/dspba_library.vhd Line: 34
    Info (12022): Found design unit 2: dspba_sync_reg-sync_reg File: C:/Users/domid/OneDrive/Desktop/Quartus/HW3/simulation/questa/sincos2/synthesis/submodules/dspba_library.vhd Line: 117
    Info (12022): Found design unit 3: dspba_pipe-rtl File: C:/Users/domid/OneDrive/Desktop/Quartus/HW3/simulation/questa/sincos2/synthesis/submodules/dspba_library.vhd Line: 356
    Info (12023): Found entity 1: dspba_delay File: C:/Users/domid/OneDrive/Desktop/Quartus/HW3/simulation/questa/sincos2/synthesis/submodules/dspba_library.vhd Line: 18
    Info (12023): Found entity 2: dspba_sync_reg File: C:/Users/domid/OneDrive/Desktop/Quartus/HW3/simulation/questa/sincos2/synthesis/submodules/dspba_library.vhd Line: 93
    Info (12023): Found entity 3: dspba_pipe File: C:/Users/domid/OneDrive/Desktop/Quartus/HW3/simulation/questa/sincos2/synthesis/submodules/dspba_library.vhd Line: 343
Info (12127): Elaborating entity "sincos2" for the top level hierarchy
Info (12128): Elaborating entity "sincos2_CORDIC_0" for hierarchy "sincos2_CORDIC_0:cordic_0" File: C:/Users/domid/OneDrive/Desktop/Quartus/HW3/simulation/questa/sincos2/synthesis/sincos2.vhd Line: 53
Info (12128): Elaborating entity "dspba_delay" for hierarchy "sincos2_CORDIC_0:cordic_0|dspba_delay:redist8_signA_uid7_sincosTest_b_2" File: C:/Users/domid/OneDrive/Desktop/Quartus/HW3/simulation/questa/sincos2/synthesis/submodules/sincos2_CORDIC_0.vhd Line: 259
Info (12128): Elaborating entity "dspba_delay" for hierarchy "sincos2_CORDIC_0:cordic_0|dspba_delay:redist2_xMSB_uid96_sincosTest_b_1" File: C:/Users/domid/OneDrive/Desktop/Quartus/HW3/simulation/questa/sincos2/synthesis/submodules/sincos2_CORDIC_0.vhd Line: 450
Info (12128): Elaborating entity "dspba_delay" for hierarchy "sincos2_CORDIC_0:cordic_0|dspba_delay:redist0_yPostExc_uid124_sincosTest_b_1" File: C:/Users/domid/OneDrive/Desktop/Quartus/HW3/simulation/questa/sincos2/synthesis/submodules/sincos2_CORDIC_0.vhd Line: 682
Warning (13024): Output pins are stuck at VCC or GND
    Warning (13410): Pin "c_frac[4]" is stuck at VCC File: C:/Users/domid/OneDrive/Desktop/Quartus/HW3/simulation/questa/sincos2/synthesis/sincos2.vhd Line: 18
    Warning (13410): Pin "c_int[0]" is stuck at GND File: C:/Users/domid/OneDrive/Desktop/Quartus/HW3/simulation/questa/sincos2/synthesis/sincos2.vhd Line: 19
    Warning (13410): Pin "c_int[4]" is stuck at VCC File: C:/Users/domid/OneDrive/Desktop/Quartus/HW3/simulation/questa/sincos2/synthesis/sincos2.vhd Line: 19
    Warning (13410): Pin "c_int[5]" is stuck at VCC File: C:/Users/domid/OneDrive/Desktop/Quartus/HW3/simulation/questa/sincos2/synthesis/sincos2.vhd Line: 19
    Warning (13410): Pin "c_sign[1]" is stuck at GND File: C:/Users/domid/OneDrive/Desktop/Quartus/HW3/simulation/questa/sincos2/synthesis/sincos2.vhd Line: 20
    Warning (13410): Pin "c_sign[2]" is stuck at GND File: C:/Users/domid/OneDrive/Desktop/Quartus/HW3/simulation/questa/sincos2/synthesis/sincos2.vhd Line: 20
    Warning (13410): Pin "c_sign[3]" is stuck at GND File: C:/Users/domid/OneDrive/Desktop/Quartus/HW3/simulation/questa/sincos2/synthesis/sincos2.vhd Line: 20
    Warning (13410): Pin "c_sign[4]" is stuck at GND File: C:/Users/domid/OneDrive/Desktop/Quartus/HW3/simulation/questa/sincos2/synthesis/sincos2.vhd Line: 20
    Warning (13410): Pin "c_sign[5]" is stuck at GND File: C:/Users/domid/OneDrive/Desktop/Quartus/HW3/simulation/questa/sincos2/synthesis/sincos2.vhd Line: 20
    Warning (13410): Pin "c_sign[6]" is stuck at GND File: C:/Users/domid/OneDrive/Desktop/Quartus/HW3/simulation/questa/sincos2/synthesis/sincos2.vhd Line: 20
    Warning (13410): Pin "s_frac[4]" is stuck at VCC File: C:/Users/domid/OneDrive/Desktop/Quartus/HW3/simulation/questa/sincos2/synthesis/sincos2.vhd Line: 22
    Warning (13410): Pin "s_int[0]" is stuck at GND File: C:/Users/domid/OneDrive/Desktop/Quartus/HW3/simulation/questa/sincos2/synthesis/sincos2.vhd Line: 23
    Warning (13410): Pin "s_int[4]" is stuck at VCC File: C:/Users/domid/OneDrive/Desktop/Quartus/HW3/simulation/questa/sincos2/synthesis/sincos2.vhd Line: 23
    Warning (13410): Pin "s_int[5]" is stuck at VCC File: C:/Users/domid/OneDrive/Desktop/Quartus/HW3/simulation/questa/sincos2/synthesis/sincos2.vhd Line: 23
    Warning (13410): Pin "s_sign[1]" is stuck at GND File: C:/Users/domid/OneDrive/Desktop/Quartus/HW3/simulation/questa/sincos2/synthesis/sincos2.vhd Line: 24
    Warning (13410): Pin "s_sign[2]" is stuck at GND File: C:/Users/domid/OneDrive/Desktop/Quartus/HW3/simulation/questa/sincos2/synthesis/sincos2.vhd Line: 24
    Warning (13410): Pin "s_sign[3]" is stuck at GND File: C:/Users/domid/OneDrive/Desktop/Quartus/HW3/simulation/questa/sincos2/synthesis/sincos2.vhd Line: 24
    Warning (13410): Pin "s_sign[4]" is stuck at GND File: C:/Users/domid/OneDrive/Desktop/Quartus/HW3/simulation/questa/sincos2/synthesis/sincos2.vhd Line: 24
    Warning (13410): Pin "s_sign[5]" is stuck at GND File: C:/Users/domid/OneDrive/Desktop/Quartus/HW3/simulation/questa/sincos2/synthesis/sincos2.vhd Line: 24
    Warning (13410): Pin "s_sign[6]" is stuck at GND File: C:/Users/domid/OneDrive/Desktop/Quartus/HW3/simulation/questa/sincos2/synthesis/sincos2.vhd Line: 24
Info (286030): Timing-Driven Synthesis is running
Info (16010): Generating hard_block partition "hard_block:auto_generated_inst"
    Info (16011): Adding 0 node(s), including 0 DDIO, 0 PLL, 0 transceiver and 0 LCELL
Info (21057): Implemented 348 device resources after synthesis - the final resource count might be different
    Info (21058): Implemented 12 input pins
    Info (21059): Implemented 52 output pins
    Info (21061): Implemented 284 logic cells
Info: Quartus Prime Analysis & Synthesis was successful. 0 errors, 22 warnings
    Info: Peak virtual memory: 4911 megabytes
    Info: Processing ended: Sun Oct  1 17:46:54 2023
    Info: Elapsed time: 00:00:08
    Info: Total CPU time (on all processors): 00:00:09


