Analysis & Synthesis report for De1_SoC_i2sound
Fri Oct  6 19:48:50 2023
Quartus Prime Version 22.1std.2 Build 922 07/20/2023 SC Lite Edition


---------------------
; Table of Contents ;
---------------------
  1. Legal Notice
  2. Analysis & Synthesis Summary
  3. Analysis & Synthesis Settings
  4. Parallel Compilation
  5. Analysis & Synthesis Source Files Read
  6. Analysis & Synthesis Resource Usage Summary
  7. Analysis & Synthesis Resource Utilization by Entity
  8. Registers Removed During Synthesis
  9. Removed Registers Triggering Further Register Optimizations
 10. General Register Statistics
 11. Inverted Register Statistics
 12. Multiplexer Restructuring Statistics (Restructuring Performed)
 13. Port Connectivity Checks: "keytr:u3"
 14. Port Connectivity Checks: "i2c:u2"
 15. Post-Synthesis Netlist Statistics for Top Partition
 16. Elapsed Time Per Partition
 17. Analysis & Synthesis Messages



----------------
; Legal Notice ;
----------------
Copyright (C) 2023  Intel Corporation. All rights reserved.
Your use of Intel Corporation's design tools, logic functions 
and other software and tools, and any partner logic 
functions, and any output files from any of the foregoing 
(including device programming or simulation files), and any 
associated documentation or information are expressly subject 
to the terms and conditions of the Intel Program License 
Subscription Agreement, the Intel Quartus Prime License Agreement,
the Intel FPGA IP License Agreement, or other applicable license
agreement, including, without limitation, that your use is for
the sole purpose of programming logic devices manufactured by
Intel and sold by Intel or its authorized distributors.  Please
refer to the applicable agreement for further details, at
https://fpgasoftware.intel.com/eula.



+----------------------------------------------------------------------------------+
; Analysis & Synthesis Summary                                                     ;
+---------------------------------+------------------------------------------------+
; Analysis & Synthesis Status     ; Successful - Fri Oct  6 19:48:50 2023          ;
; Quartus Prime Version           ; 22.1std.2 Build 922 07/20/2023 SC Lite Edition ;
; Revision Name                   ; De1_SoC_i2sound                                ;
; Top-level Entity Name           ; DE1_SoC_i2sound                                ;
; Family                          ; Cyclone V                                      ;
; Logic utilization (in ALMs)     ; N/A                                            ;
; Total registers                 ; 76                                             ;
; Total pins                      ; 241                                            ;
; Total virtual pins              ; 0                                              ;
; Total block memory bits         ; 0                                              ;
; Total DSP Blocks                ; 0                                              ;
; Total HSSI RX PCSs              ; 0                                              ;
; Total HSSI PMA RX Deserializers ; 0                                              ;
; Total HSSI TX PCSs              ; 0                                              ;
; Total HSSI PMA TX Serializers   ; 0                                              ;
; Total PLLs                      ; 0                                              ;
; Total DLLs                      ; 0                                              ;
+---------------------------------+------------------------------------------------+


+---------------------------------------------------------------------------------------------------------------------------+
; Analysis & Synthesis Settings                                                                                             ;
+---------------------------------------------------------------------------------+--------------------+--------------------+
; Option                                                                          ; Setting            ; Default Value      ;
+---------------------------------------------------------------------------------+--------------------+--------------------+
; Device                                                                          ; 5CSEMA5F31C6       ;                    ;
; Top-level entity name                                                           ; DE1_SoC_i2sound    ; De1_SoC_i2sound    ;
; Family name                                                                     ; Cyclone V          ; Cyclone V          ;
; Use smart compilation                                                           ; Off                ; Off                ;
; Enable parallel Assembler and Timing Analyzer during compilation                ; On                 ; On                 ;
; Enable compact report table                                                     ; Off                ; Off                ;
; Restructure Multiplexers                                                        ; Auto               ; Auto               ;
; MLAB Add Timing Constraints For Mixed-Port Feed-Through Mode Setting Don't Care ; Off                ; Off                ;
; Create Debugging Nodes for IP Cores                                             ; Off                ; Off                ;
; Preserve fewer node names                                                       ; On                 ; On                 ;
; Intel FPGA IP Evaluation Mode                                                   ; Enable             ; Enable             ;
; Verilog Version                                                                 ; Verilog_2001       ; Verilog_2001       ;
; VHDL Version                                                                    ; VHDL_1993          ; VHDL_1993          ;
; State Machine Processing                                                        ; Auto               ; Auto               ;
; Safe State Machine                                                              ; Off                ; Off                ;
; Extract Verilog State Machines                                                  ; On                 ; On                 ;
; Extract VHDL State Machines                                                     ; On                 ; On                 ;
; Ignore Verilog initial constructs                                               ; Off                ; Off                ;
; Iteration limit for constant Verilog loops                                      ; 5000               ; 5000               ;
; Iteration limit for non-constant Verilog loops                                  ; 250                ; 250                ;
; Add Pass-Through Logic to Inferred RAMs                                         ; On                 ; On                 ;
; Infer RAMs from Raw Logic                                                       ; On                 ; On                 ;
; Parallel Synthesis                                                              ; On                 ; On                 ;
; DSP Block Balancing                                                             ; Auto               ; Auto               ;
; NOT Gate Push-Back                                                              ; On                 ; On                 ;
; Power-Up Don't Care                                                             ; On                 ; On                 ;
; Remove Redundant Logic Cells                                                    ; Off                ; Off                ;
; Remove Duplicate Registers                                                      ; On                 ; On                 ;
; Ignore CARRY Buffers                                                            ; Off                ; Off                ;
; Ignore CASCADE Buffers                                                          ; Off                ; Off                ;
; Ignore GLOBAL Buffers                                                           ; Off                ; Off                ;
; Ignore ROW GLOBAL Buffers                                                       ; Off                ; Off                ;
; Ignore LCELL Buffers                                                            ; Off                ; Off                ;
; Ignore SOFT Buffers                                                             ; On                 ; On                 ;
; Limit AHDL Integers to 32 Bits                                                  ; Off                ; Off                ;
; Optimization Technique                                                          ; Balanced           ; Balanced           ;
; Carry Chain Length                                                              ; 70                 ; 70                 ;
; Auto Carry Chains                                                               ; On                 ; On                 ;
; Auto Open-Drain Pins                                                            ; On                 ; On                 ;
; Perform WYSIWYG Primitive Resynthesis                                           ; Off                ; Off                ;
; Auto ROM Replacement                                                            ; On                 ; On                 ;
; Auto RAM Replacement                                                            ; On                 ; On                 ;
; Auto DSP Block Replacement                                                      ; On                 ; On                 ;
; Auto Shift Register Replacement                                                 ; Auto               ; Auto               ;
; Allow Shift Register Merging across Hierarchies                                 ; Auto               ; Auto               ;
; Auto Clock Enable Replacement                                                   ; On                 ; On                 ;
; Strict RAM Replacement                                                          ; Off                ; Off                ;
; Allow Synchronous Control Signals                                               ; On                 ; On                 ;
; Force Use of Synchronous Clear Signals                                          ; Off                ; Off                ;
; Auto Resource Sharing                                                           ; Off                ; Off                ;
; Allow Any RAM Size For Recognition                                              ; Off                ; Off                ;
; Allow Any ROM Size For Recognition                                              ; Off                ; Off                ;
; Allow Any Shift Register Size For Recognition                                   ; Off                ; Off                ;
; Use LogicLock Constraints during Resource Balancing                             ; On                 ; On                 ;
; Ignore translate_off and synthesis_off directives                               ; Off                ; Off                ;
; Timing-Driven Synthesis                                                         ; On                 ; On                 ;
; Report Parameter Settings                                                       ; On                 ; On                 ;
; Report Source Assignments                                                       ; On                 ; On                 ;
; Report Connectivity Checks                                                      ; On                 ; On                 ;
; Ignore Maximum Fan-Out Assignments                                              ; Off                ; Off                ;
; Synchronization Register Chain Length                                           ; 3                  ; 3                  ;
; Power Optimization During Synthesis                                             ; Normal compilation ; Normal compilation ;
; HDL message level                                                               ; Level2             ; Level2             ;
; Suppress Register Optimization Related Messages                                 ; Off                ; Off                ;
; Number of Removed Registers Reported in Synthesis Report                        ; 5000               ; 5000               ;
; Number of Swept Nodes Reported in Synthesis Report                              ; 5000               ; 5000               ;
; Number of Inverted Registers Reported in Synthesis Report                       ; 100                ; 100                ;
; Clock MUX Protection                                                            ; On                 ; On                 ;
; Auto Gated Clock Conversion                                                     ; Off                ; Off                ;
; Block Design Naming                                                             ; Auto               ; Auto               ;
; SDC constraint protection                                                       ; Off                ; Off                ;
; Synthesis Effort                                                                ; Auto               ; Auto               ;
; Shift Register Replacement - Allow Asynchronous Clear Signal                    ; On                 ; On                 ;
; Pre-Mapping Resynthesis Optimization                                            ; Off                ; Off                ;
; Analysis & Synthesis Message Level                                              ; Medium             ; Medium             ;
; Disable Register Merging Across Hierarchies                                     ; Auto               ; Auto               ;
; Resource Aware Inference For Block RAM                                          ; On                 ; On                 ;
; Automatic Parallel Synthesis                                                    ; On                 ; On                 ;
; Partial Reconfiguration Bitstream ID                                            ; Off                ; Off                ;
+---------------------------------------------------------------------------------+--------------------+--------------------+


+------------------------------------------+
; Parallel Compilation                     ;
+----------------------------+-------------+
; Processors                 ; Number      ;
+----------------------------+-------------+
; Number detected on machine ; 12          ;
; Maximum allowed            ; 10          ;
;                            ;             ;
; Average used               ; 1.00        ;
; Maximum used               ; 10          ;
;                            ;             ;
; Usage by Processor         ; % Time Used ;
;     Processor 1            ; 100.0%      ;
;     Processors 2-10        ;   0.0%      ;
+----------------------------+-------------+


+-------------------------------------------------------------------------------------------------------------------------------------------------------------------------+
; Analysis & Synthesis Source Files Read                                                                                                                                  ;
+--------------------------------------------------------+-----------------+------------------------+-----------------------------------------------------------+---------+
; File Name with User-Entered Path                       ; Used in Netlist ; File Type              ; File Name with Absolute Path                              ; Library ;
+--------------------------------------------------------+-----------------+------------------------+-----------------------------------------------------------+---------+
; ../../../../Downloads/source2/source/keytr.v           ; yes             ; User Verilog HDL File  ; C:/Users/domid/Downloads/source2/source/keytr.v           ;         ;
; ../../../../Downloads/source2/source/i2c.v             ; yes             ; User Verilog HDL File  ; C:/Users/domid/Downloads/source2/source/i2c.v             ;         ;
; ../../../../Downloads/source2/source/DE1_SoC_i2sound.v ; yes             ; User Verilog HDL File  ; C:/Users/domid/Downloads/source2/source/DE1_SoC_i2sound.v ;         ;
; ../../../../Downloads/source2/source/clock_500.v       ; yes             ; User Verilog HDL File  ; C:/Users/domid/Downloads/source2/source/clock_500.v       ;         ;
+--------------------------------------------------------+-----------------+------------------------+-----------------------------------------------------------+---------+


+---------------------------------------------------------------------------+
; Analysis & Synthesis Resource Usage Summary                               ;
+---------------------------------------------+-----------------------------+
; Resource                                    ; Usage                       ;
+---------------------------------------------+-----------------------------+
; Estimate of Logic utilization (ALMs needed) ; 51                          ;
;                                             ;                             ;
; Combinational ALUT usage for logic          ; 83                          ;
;     -- 7 input functions                    ; 1                           ;
;     -- 6 input functions                    ; 16                          ;
;     -- 5 input functions                    ; 7                           ;
;     -- 4 input functions                    ; 16                          ;
;     -- <=3 input functions                  ; 43                          ;
;                                             ;                             ;
; Dedicated logic registers                   ; 76                          ;
;                                             ;                             ;
; I/O pins                                    ; 241                         ;
;                                             ;                             ;
; Total DSP Blocks                            ; 0                           ;
;                                             ;                             ;
; Maximum fan-out node                        ; CLOCK_500:u1|COUNTER_500[9] ;
; Maximum fan-out                             ; 46                          ;
; Total fan-out                               ; 828                         ;
; Average fan-out                             ; 1.12                        ;
+---------------------------------------------+-----------------------------+


+------------------------------------------------------------------------------------------------------------------------------------------------------------------------------------------------------+
; Analysis & Synthesis Resource Utilization by Entity                                                                                                                                                  ;
+----------------------------+---------------------+---------------------------+-------------------+------------+------+--------------+-------------------------------+-----------------+--------------+
; Compilation Hierarchy Node ; Combinational ALUTs ; Dedicated Logic Registers ; Block Memory Bits ; DSP Blocks ; Pins ; Virtual Pins ; Full Hierarchy Name           ; Entity Name     ; Library Name ;
+----------------------------+---------------------+---------------------------+-------------------+------------+------+--------------+-------------------------------+-----------------+--------------+
; |DE1_SoC_i2sound           ; 83 (0)              ; 76 (0)                    ; 0                 ; 0          ; 241  ; 0            ; |DE1_SoC_i2sound              ; DE1_SoC_i2sound ; work         ;
;    |CLOCK_500:u1|          ; 33 (33)             ; 32 (32)                   ; 0                 ; 0          ; 0    ; 0            ; |DE1_SoC_i2sound|CLOCK_500:u1 ; CLOCK_500       ; work         ;
;    |i2c:u2|                ; 27 (27)             ; 21 (21)                   ; 0                 ; 0          ; 0    ; 0            ; |DE1_SoC_i2sound|i2c:u2       ; i2c             ; work         ;
;    |keytr:u3|              ; 23 (23)             ; 23 (23)                   ; 0                 ; 0          ; 0    ; 0            ; |DE1_SoC_i2sound|keytr:u3     ; keytr           ; work         ;
+----------------------------+---------------------+---------------------------+-------------------+------------+------+--------------+-------------------------------+-----------------+--------------+
Note: For table entries with two numbers listed, the numbers in parentheses indicate the number of resources of the given type used by the specific entity alone. The numbers listed outside of parentheses indicate the total resources of the given type used by the specific entity and all of its sub-entities in the hierarchy.


+---------------------------------------------------------------------------------+
; Registers Removed During Synthesis                                              ;
+----------------------------------------+----------------------------------------+
; Register name                          ; Reason for Removal                     ;
+----------------------------------------+----------------------------------------+
; CLOCK_500:u1|DATA_A[8,13..15]          ; Stuck at GND due to stuck port data_in ;
; i2c:u2|SD[22,23]                       ; Stuck at GND due to stuck port data_in ;
; i2c:u2|SD[20,21]                       ; Stuck at VCC due to stuck port data_in ;
; i2c:u2|SD[19]                          ; Stuck at GND due to stuck port data_in ;
; i2c:u2|SD[18]                          ; Stuck at VCC due to stuck port data_in ;
; i2c:u2|SD[8,13..17]                    ; Stuck at GND due to stuck port data_in ;
; CLOCK_500:u1|address[4,5]              ; Stuck at GND due to stuck port data_in ;
; Total Number of Removed Registers = 18 ;                                        ;
+----------------------------------------+----------------------------------------+


+----------------------------------------------------------------------------------------------+
; Removed Registers Triggering Further Register Optimizations                                  ;
+-------------------------+---------------------------+----------------------------------------+
; Register name           ; Reason for Removal        ; Registers Removed due to This Register ;
+-------------------------+---------------------------+----------------------------------------+
; CLOCK_500:u1|DATA_A[15] ; Stuck at GND              ; i2c:u2|SD[15]                          ;
;                         ; due to stuck port data_in ;                                        ;
; CLOCK_500:u1|DATA_A[14] ; Stuck at GND              ; i2c:u2|SD[14]                          ;
;                         ; due to stuck port data_in ;                                        ;
; CLOCK_500:u1|DATA_A[13] ; Stuck at GND              ; i2c:u2|SD[13]                          ;
;                         ; due to stuck port data_in ;                                        ;
; CLOCK_500:u1|DATA_A[8]  ; Stuck at GND              ; i2c:u2|SD[8]                           ;
;                         ; due to stuck port data_in ;                                        ;
; CLOCK_500:u1|address[5] ; Stuck at GND              ; CLOCK_500:u1|address[4]                ;
;                         ; due to stuck port data_in ;                                        ;
+-------------------------+---------------------------+----------------------------------------+


+------------------------------------------------------+
; General Register Statistics                          ;
+----------------------------------------------+-------+
; Statistic                                    ; Value ;
+----------------------------------------------+-------+
; Total registers                              ; 76    ;
; Number of registers using Synchronous Clear  ; 18    ;
; Number of registers using Synchronous Load   ; 1     ;
; Number of registers using Asynchronous Clear ; 5     ;
; Number of registers using Asynchronous Load  ; 0     ;
; Number of registers using Clock Enable       ; 16    ;
; Number of registers using Preset             ; 0     ;
+----------------------------------------------+-------+


+--------------------------------------------------+
; Inverted Register Statistics                     ;
+----------------------------------------+---------+
; Inverted Register                      ; Fan out ;
+----------------------------------------+---------+
; keytr:u3|flag                          ; 6       ;
; Total number of inverted registers = 1 ;         ;
+----------------------------------------+---------+


+-------------------------------------------------------------------------------------------------------------------------------------------------------+
; Multiplexer Restructuring Statistics (Restructuring Performed)                                                                                        ;
+--------------------+-----------+---------------+----------------------+------------------------+------------+-----------------------------------------+
; Multiplexer Inputs ; Bus Width ; Baseline Area ; Area if Restructured ; Saving if Restructured ; Registered ; Example Multiplexer Output              ;
+--------------------+-----------+---------------+----------------------+------------------------+------------+-----------------------------------------+
; 3:1                ; 6 bits    ; 12 LEs        ; 6 LEs                ; 6 LEs                  ; Yes        ; |DE1_SoC_i2sound|i2c:u2|SD_COUNTER[5]   ;
; 8:1                ; 3 bits    ; 15 LEs        ; 12 LEs               ; 3 LEs                  ; Yes        ; |DE1_SoC_i2sound|CLOCK_500:u1|DATA_A[3] ;
+--------------------+-----------+---------------+----------------------+------------------------+------------+-----------------------------------------+


+----------------------------------------------------------------------------------------------------------------------------------------+
; Port Connectivity Checks: "keytr:u3"                                                                                                   ;
+---------+--------+----------+----------------------------------------------------------------------------------------------------------+
; Port    ; Type   ; Severity ; Details                                                                                                  ;
+---------+--------+----------+----------------------------------------------------------------------------------------------------------+
; ON      ; Output ; Warning  ; Declared by entity but not connected by instance. Logic that only feeds a dangling port will be removed. ;
; counter ; Output ; Warning  ; Declared by entity but not connected by instance. Logic that only feeds a dangling port will be removed. ;
+---------+--------+----------+----------------------------------------------------------------------------------------------------------+


+-------------------------------------------------------------------------------------------------------------------------------------------------------------------------------+
; Port Connectivity Checks: "i2c:u2"                                                                                                                                            ;
+------------+--------+----------+----------------------------------------------------------------------------------------------------------------------------------------------+
; Port       ; Type   ; Severity ; Details                                                                                                                                      ;
+------------+--------+----------+----------------------------------------------------------------------------------------------------------------------------------------------+
; RESET      ; Input  ; Info     ; Stuck at VCC                                                                                                                                 ;
; W_R        ; Input  ; Warning  ; Declared by entity but not connected by instance. If a default value exists, it will be used.  Otherwise, the port will be connected to GND. ;
; ACK        ; Output ; Warning  ; Declared by entity but not connected by instance. Logic that only feeds a dangling port will be removed.                                     ;
; SD_COUNTER ; Output ; Warning  ; Declared by entity but not connected by instance. Logic that only feeds a dangling port will be removed.                                     ;
; SDO        ; Output ; Warning  ; Declared by entity but not connected by instance. Logic that only feeds a dangling port will be removed.                                     ;
+------------+--------+----------+----------------------------------------------------------------------------------------------------------------------------------------------+


+-----------------------------------------------------+
; Post-Synthesis Netlist Statistics for Top Partition ;
+-----------------------+-----------------------------+
; Type                  ; Count                       ;
+-----------------------+-----------------------------+
; arriav_ff             ; 76                          ;
;     CLR               ; 5                           ;
;     ENA               ; 16                          ;
;     SCLR              ; 18                          ;
;     SLD               ; 1                           ;
;     plain             ; 36                          ;
; arriav_io_obuf        ; 96                          ;
; arriav_lcell_comb     ; 84                          ;
;     arith             ; 26                          ;
;         1 data inputs ; 25                          ;
;         2 data inputs ; 1                           ;
;     extend            ; 1                           ;
;         7 data inputs ; 1                           ;
;     normal            ; 57                          ;
;         0 data inputs ; 1                           ;
;         1 data inputs ; 3                           ;
;         2 data inputs ; 4                           ;
;         3 data inputs ; 10                          ;
;         4 data inputs ; 16                          ;
;         5 data inputs ; 7                           ;
;         6 data inputs ; 16                          ;
; boundary_port         ; 241                         ;
;                       ;                             ;
; Max LUT depth         ; 3.00                        ;
; Average LUT depth     ; 1.12                        ;
+-----------------------+-----------------------------+


+-------------------------------+
; Elapsed Time Per Partition    ;
+----------------+--------------+
; Partition Name ; Elapsed Time ;
+----------------+--------------+
; Top            ; 00:00:00     ;
+----------------+--------------+


+-------------------------------+
; Analysis & Synthesis Messages ;
+-------------------------------+
Info: *******************************************************************
Info: Running Quartus Prime Analysis & Synthesis
    Info: Version 22.1std.2 Build 922 07/20/2023 SC Lite Edition
    Info: Processing started: Fri Oct  6 19:48:43 2023
Info: Command: quartus_map --read_settings_files=on --write_settings_files=off De1_SoC_i2sound -c De1_SoC_i2sound
Warning (18236): Number of processors has not been specified which may cause overloading on shared machines.  Set the global assignment NUM_PARALLEL_PROCESSORS in your QSF to an appropriate value for best performance.
Info (20030): Parallel compilation is enabled and will use 10 of the 10 processors detected
Info (12021): Found 1 design units, including 1 entities, in source file /users/domid/downloads/source2/source/keytr.v
    Info (12023): Found entity 1: keytr File: C:/Users/domid/Downloads/source2/source/keytr.v Line: 47
Info (12021): Found 1 design units, including 1 entities, in source file /users/domid/downloads/source2/source/i2c.v
    Info (12023): Found entity 1: i2c File: C:/Users/domid/Downloads/source2/source/i2c.v Line: 43
Info (12021): Found 1 design units, including 1 entities, in source file /users/domid/downloads/source2/source/de1_soc_i2sound.v
    Info (12023): Found entity 1: DE1_SoC_i2sound File: C:/Users/domid/Downloads/source2/source/DE1_SoC_i2sound.v Line: 37
Info (12021): Found 1 design units, including 1 entities, in source file /users/domid/downloads/source2/source/clock_500.v
    Info (12023): Found entity 1: CLOCK_500 File: C:/Users/domid/Downloads/source2/source/clock_500.v Line: 45
Warning (10236): Verilog HDL Implicit Net warning at keytr.v(106): created implicit net for "falling_edge" File: C:/Users/domid/Downloads/source2/source/keytr.v Line: 106
Info (12127): Elaborating entity "DE1_SoC_i2sound" for the top level hierarchy
Warning (10034): Output port "DRAM_ADDR" at DE1_SoC_i2sound.v(66) has no driver File: C:/Users/domid/Downloads/source2/source/DE1_SoC_i2sound.v Line: 66
Warning (10034): Output port "DRAM_BA" at DE1_SoC_i2sound.v(67) has no driver File: C:/Users/domid/Downloads/source2/source/DE1_SoC_i2sound.v Line: 67
Warning (10034): Output port "HEX0" at DE1_SoC_i2sound.v(91) has no driver File: C:/Users/domid/Downloads/source2/source/DE1_SoC_i2sound.v Line: 91
Warning (10034): Output port "HEX1" at DE1_SoC_i2sound.v(94) has no driver File: C:/Users/domid/Downloads/source2/source/DE1_SoC_i2sound.v Line: 94
Warning (10034): Output port "HEX2" at DE1_SoC_i2sound.v(97) has no driver File: C:/Users/domid/Downloads/source2/source/DE1_SoC_i2sound.v Line: 97
Warning (10034): Output port "HEX3" at DE1_SoC_i2sound.v(100) has no driver File: C:/Users/domid/Downloads/source2/source/DE1_SoC_i2sound.v Line: 100
Warning (10034): Output port "HEX4" at DE1_SoC_i2sound.v(103) has no driver File: C:/Users/domid/Downloads/source2/source/DE1_SoC_i2sound.v Line: 103
Warning (10034): Output port "HEX5" at DE1_SoC_i2sound.v(106) has no driver File: C:/Users/domid/Downloads/source2/source/DE1_SoC_i2sound.v Line: 106
Warning (10034): Output port "VGA_B" at DE1_SoC_i2sound.v(191) has no driver File: C:/Users/domid/Downloads/source2/source/DE1_SoC_i2sound.v Line: 191
Warning (10034): Output port "VGA_G" at DE1_SoC_i2sound.v(194) has no driver File: C:/Users/domid/Downloads/source2/source/DE1_SoC_i2sound.v Line: 194
Warning (10034): Output port "VGA_R" at DE1_SoC_i2sound.v(196) has no driver File: C:/Users/domid/Downloads/source2/source/DE1_SoC_i2sound.v Line: 196
Warning (10034): Output port "ADC_CONVST" at DE1_SoC_i2sound.v(40) has no driver File: C:/Users/domid/Downloads/source2/source/DE1_SoC_i2sound.v Line: 40
Warning (10034): Output port "ADC_DIN" at DE1_SoC_i2sound.v(41) has no driver File: C:/Users/domid/Downloads/source2/source/DE1_SoC_i2sound.v Line: 41
Warning (10034): Output port "ADC_SCLK" at DE1_SoC_i2sound.v(43) has no driver File: C:/Users/domid/Downloads/source2/source/DE1_SoC_i2sound.v Line: 43
Warning (10034): Output port "DRAM_CAS_N" at DE1_SoC_i2sound.v(68) has no driver File: C:/Users/domid/Downloads/source2/source/DE1_SoC_i2sound.v Line: 68
Warning (10034): Output port "DRAM_CKE" at DE1_SoC_i2sound.v(69) has no driver File: C:/Users/domid/Downloads/source2/source/DE1_SoC_i2sound.v Line: 69
Warning (10034): Output port "DRAM_CLK" at DE1_SoC_i2sound.v(70) has no driver File: C:/Users/domid/Downloads/source2/source/DE1_SoC_i2sound.v Line: 70
Warning (10034): Output port "DRAM_CS_N" at DE1_SoC_i2sound.v(71) has no driver File: C:/Users/domid/Downloads/source2/source/DE1_SoC_i2sound.v Line: 71
Warning (10034): Output port "DRAM_LDQM" at DE1_SoC_i2sound.v(73) has no driver File: C:/Users/domid/Downloads/source2/source/DE1_SoC_i2sound.v Line: 73
Warning (10034): Output port "DRAM_RAS_N" at DE1_SoC_i2sound.v(74) has no driver File: C:/Users/domid/Downloads/source2/source/DE1_SoC_i2sound.v Line: 74
Warning (10034): Output port "DRAM_UDQM" at DE1_SoC_i2sound.v(75) has no driver File: C:/Users/domid/Downloads/source2/source/DE1_SoC_i2sound.v Line: 75
Warning (10034): Output port "DRAM_WE_N" at DE1_SoC_i2sound.v(76) has no driver File: C:/Users/domid/Downloads/source2/source/DE1_SoC_i2sound.v Line: 76
Warning (10034): Output port "FAN_CTRL" at DE1_SoC_i2sound.v(79) has no driver File: C:/Users/domid/Downloads/source2/source/DE1_SoC_i2sound.v Line: 79
Warning (10034): Output port "IRDA_TXD" at DE1_SoC_i2sound.v(166) has no driver File: C:/Users/domid/Downloads/source2/source/DE1_SoC_i2sound.v Line: 166
Warning (10034): Output port "TD_RESET_N" at DE1_SoC_i2sound.v(187) has no driver File: C:/Users/domid/Downloads/source2/source/DE1_SoC_i2sound.v Line: 187
Warning (10034): Output port "VGA_BLANK_N" at DE1_SoC_i2sound.v(192) has no driver File: C:/Users/domid/Downloads/source2/source/DE1_SoC_i2sound.v Line: 192
Warning (10034): Output port "VGA_CLK" at DE1_SoC_i2sound.v(193) has no driver File: C:/Users/domid/Downloads/source2/source/DE1_SoC_i2sound.v Line: 193
Warning (10034): Output port "VGA_HS" at DE1_SoC_i2sound.v(195) has no driver File: C:/Users/domid/Downloads/source2/source/DE1_SoC_i2sound.v Line: 195
Warning (10034): Output port "VGA_SYNC_N" at DE1_SoC_i2sound.v(197) has no driver File: C:/Users/domid/Downloads/source2/source/DE1_SoC_i2sound.v Line: 197
Warning (10034): Output port "VGA_VS" at DE1_SoC_i2sound.v(199) has no driver File: C:/Users/domid/Downloads/source2/source/DE1_SoC_i2sound.v Line: 199
Info (12128): Elaborating entity "CLOCK_500" for hierarchy "CLOCK_500:u1" File: C:/Users/domid/Downloads/source2/source/DE1_SoC_i2sound.v Line: 225
Warning (10230): Verilog HDL assignment warning at clock_500.v(75): truncated value with size 32 to match size of target (1) File: C:/Users/domid/Downloads/source2/source/clock_500.v Line: 75
Warning (10230): Verilog HDL assignment warning at clock_500.v(88): truncated value with size 32 to match size of target (6) File: C:/Users/domid/Downloads/source2/source/clock_500.v Line: 88
Warning (10230): Verilog HDL assignment warning at clock_500.v(96): truncated value with size 32 to match size of target (5) File: C:/Users/domid/Downloads/source2/source/clock_500.v Line: 96
Warning (10230): Verilog HDL assignment warning at clock_500.v(98): truncated value with size 32 to match size of target (7) File: C:/Users/domid/Downloads/source2/source/clock_500.v Line: 98
Warning (10230): Verilog HDL assignment warning at clock_500.v(120): truncated value with size 32 to match size of target (11) File: C:/Users/domid/Downloads/source2/source/clock_500.v Line: 120
Info (12128): Elaborating entity "i2c" for hierarchy "i2c:u2" File: C:/Users/domid/Downloads/source2/source/DE1_SoC_i2sound.v Line: 237
Warning (10230): Verilog HDL assignment warning at i2c.v(86): truncated value with size 32 to match size of target (1) File: C:/Users/domid/Downloads/source2/source/i2c.v Line: 86
Warning (10230): Verilog HDL assignment warning at i2c.v(85): truncated value with size 32 to match size of target (1) File: C:/Users/domid/Downloads/source2/source/i2c.v Line: 85
Warning (10230): Verilog HDL assignment warning at i2c.v(110): truncated value with size 32 to match size of target (6) File: C:/Users/domid/Downloads/source2/source/i2c.v Line: 110
Info (12128): Elaborating entity "keytr" for hierarchy "keytr:u3" File: C:/Users/domid/Downloads/source2/source/DE1_SoC_i2sound.v Line: 244
Warning (10230): Verilog HDL assignment warning at keytr.v(121): truncated value with size 32 to match size of target (16) File: C:/Users/domid/Downloads/source2/source/keytr.v Line: 121
Warning (10034): Output port "counter" at keytr.v(65) has no driver File: C:/Users/domid/Downloads/source2/source/keytr.v Line: 65
Warning (10034): Output port "ON" at keytr.v(63) has no driver File: C:/Users/domid/Downloads/source2/source/keytr.v Line: 63
Warning (12241): 2 hierarchies have connectivity warnings - see the Connectivity Checks report folder
Warning (13039): The following bidirectional pins have no drivers
    Warning (13040): bidirectional pin "AUD_ADCLRCK" has no driver File: C:/Users/domid/Downloads/source2/source/DE1_SoC_i2sound.v Line: 47
    Warning (13040): bidirectional pin "AUD_BCLK" has no driver File: C:/Users/domid/Downloads/source2/source/DE1_SoC_i2sound.v Line: 48
    Warning (13040): bidirectional pin "AUD_DACLRCK" has no driver File: C:/Users/domid/Downloads/source2/source/DE1_SoC_i2sound.v Line: 50
    Warning (13040): bidirectional pin "DRAM_DQ[0]" has no driver File: C:/Users/domid/Downloads/source2/source/DE1_SoC_i2sound.v Line: 72
    Warning (13040): bidirectional pin "DRAM_DQ[1]" has no driver File: C:/Users/domid/Downloads/source2/source/DE1_SoC_i2sound.v Line: 72
    Warning (13040): bidirectional pin "DRAM_DQ[2]" has no driver File: C:/Users/domid/Downloads/source2/source/DE1_SoC_i2sound.v Line: 72
    Warning (13040): bidirectional pin "DRAM_DQ[3]" has no driver File: C:/Users/domid/Downloads/source2/source/DE1_SoC_i2sound.v Line: 72
    Warning (13040): bidirectional pin "DRAM_DQ[4]" has no driver File: C:/Users/domid/Downloads/source2/source/DE1_SoC_i2sound.v Line: 72
    Warning (13040): bidirectional pin "DRAM_DQ[5]" has no driver File: C:/Users/domid/Downloads/source2/source/DE1_SoC_i2sound.v Line: 72
    Warning (13040): bidirectional pin "DRAM_DQ[6]" has no driver File: C:/Users/domid/Downloads/source2/source/DE1_SoC_i2sound.v Line: 72
    Warning (13040): bidirectional pin "DRAM_DQ[7]" has no driver File: C:/Users/domid/Downloads/source2/source/DE1_SoC_i2sound.v Line: 72
    Warning (13040): bidirectional pin "DRAM_DQ[8]" has no driver File: C:/Users/domid/Downloads/source2/source/DE1_SoC_i2sound.v Line: 72
    Warning (13040): bidirectional pin "DRAM_DQ[9]" has no driver File: C:/Users/domid/Downloads/source2/source/DE1_SoC_i2sound.v Line: 72
    Warning (13040): bidirectional pin "DRAM_DQ[10]" has no driver File: C:/Users/domid/Downloads/source2/source/DE1_SoC_i2sound.v Line: 72
    Warning (13040): bidirectional pin "DRAM_DQ[11]" has no driver File: C:/Users/domid/Downloads/source2/source/DE1_SoC_i2sound.v Line: 72
    Warning (13040): bidirectional pin "DRAM_DQ[12]" has no driver File: C:/Users/domid/Downloads/source2/source/DE1_SoC_i2sound.v Line: 72
    Warning (13040): bidirectional pin "DRAM_DQ[13]" has no driver File: C:/Users/domid/Downloads/source2/source/DE1_SoC_i2sound.v Line: 72
    Warning (13040): bidirectional pin "DRAM_DQ[14]" has no driver File: C:/Users/domid/Downloads/source2/source/DE1_SoC_i2sound.v Line: 72
    Warning (13040): bidirectional pin "DRAM_DQ[15]" has no driver File: C:/Users/domid/Downloads/source2/source/DE1_SoC_i2sound.v Line: 72
    Warning (13040): bidirectional pin "GPIO_0[0]" has no driver File: C:/Users/domid/Downloads/source2/source/DE1_SoC_i2sound.v Line: 86
    Warning (13040): bidirectional pin "GPIO_0[1]" has no driver File: C:/Users/domid/Downloads/source2/source/DE1_SoC_i2sound.v Line: 86
    Warning (13040): bidirectional pin "GPIO_0[2]" has no driver File: C:/Users/domid/Downloads/source2/source/DE1_SoC_i2sound.v Line: 86
    Warning (13040): bidirectional pin "GPIO_0[3]" has no driver File: C:/Users/domid/Downloads/source2/source/DE1_SoC_i2sound.v Line: 86
    Warning (13040): bidirectional pin "GPIO_0[4]" has no driver File: C:/Users/domid/Downloads/source2/source/DE1_SoC_i2sound.v Line: 86
    Warning (13040): bidirectional pin "GPIO_0[5]" has no driver File: C:/Users/domid/Downloads/source2/source/DE1_SoC_i2sound.v Line: 86
    Warning (13040): bidirectional pin "GPIO_0[6]" has no driver File: C:/Users/domid/Downloads/source2/source/DE1_SoC_i2sound.v Line: 86
    Warning (13040): bidirectional pin "GPIO_0[7]" has no driver File: C:/Users/domid/Downloads/source2/source/DE1_SoC_i2sound.v Line: 86
    Warning (13040): bidirectional pin "GPIO_0[8]" has no driver File: C:/Users/domid/Downloads/source2/source/DE1_SoC_i2sound.v Line: 86
    Warning (13040): bidirectional pin "GPIO_0[9]" has no driver File: C:/Users/domid/Downloads/source2/source/DE1_SoC_i2sound.v Line: 86
    Warning (13040): bidirectional pin "GPIO_0[10]" has no driver File: C:/Users/domid/Downloads/source2/source/DE1_SoC_i2sound.v Line: 86
    Warning (13040): bidirectional pin "GPIO_0[11]" has no driver File: C:/Users/domid/Downloads/source2/source/DE1_SoC_i2sound.v Line: 86
    Warning (13040): bidirectional pin "GPIO_0[12]" has no driver File: C:/Users/domid/Downloads/source2/source/DE1_SoC_i2sound.v Line: 86
    Warning (13040): bidirectional pin "GPIO_0[13]" has no driver File: C:/Users/domid/Downloads/source2/source/DE1_SoC_i2sound.v Line: 86
    Warning (13040): bidirectional pin "GPIO_0[14]" has no driver File: C:/Users/domid/Downloads/source2/source/DE1_SoC_i2sound.v Line: 86
    Warning (13040): bidirectional pin "GPIO_0[15]" has no driver File: C:/Users/domid/Downloads/source2/source/DE1_SoC_i2sound.v Line: 86
    Warning (13040): bidirectional pin "GPIO_0[16]" has no driver File: C:/Users/domid/Downloads/source2/source/DE1_SoC_i2sound.v Line: 86
    Warning (13040): bidirectional pin "GPIO_0[17]" has no driver File: C:/Users/domid/Downloads/source2/source/DE1_SoC_i2sound.v Line: 86
    Warning (13040): bidirectional pin "GPIO_0[18]" has no driver File: C:/Users/domid/Downloads/source2/source/DE1_SoC_i2sound.v Line: 86
    Warning (13040): bidirectional pin "GPIO_0[19]" has no driver File: C:/Users/domid/Downloads/source2/source/DE1_SoC_i2sound.v Line: 86
    Warning (13040): bidirectional pin "GPIO_0[20]" has no driver File: C:/Users/domid/Downloads/source2/source/DE1_SoC_i2sound.v Line: 86
    Warning (13040): bidirectional pin "GPIO_0[21]" has no driver File: C:/Users/domid/Downloads/source2/source/DE1_SoC_i2sound.v Line: 86
    Warning (13040): bidirectional pin "GPIO_0[22]" has no driver File: C:/Users/domid/Downloads/source2/source/DE1_SoC_i2sound.v Line: 86
    Warning (13040): bidirectional pin "GPIO_0[23]" has no driver File: C:/Users/domid/Downloads/source2/source/DE1_SoC_i2sound.v Line: 86
    Warning (13040): bidirectional pin "GPIO_0[24]" has no driver File: C:/Users/domid/Downloads/source2/source/DE1_SoC_i2sound.v Line: 86
    Warning (13040): bidirectional pin "GPIO_0[25]" has no driver File: C:/Users/domid/Downloads/source2/source/DE1_SoC_i2sound.v Line: 86
    Warning (13040): bidirectional pin "GPIO_0[26]" has no driver File: C:/Users/domid/Downloads/source2/source/DE1_SoC_i2sound.v Line: 86
    Warning (13040): bidirectional pin "GPIO_0[27]" has no driver File: C:/Users/domid/Downloads/source2/source/DE1_SoC_i2sound.v Line: 86
    Warning (13040): bidirectional pin "GPIO_0[28]" has no driver File: C:/Users/domid/Downloads/source2/source/DE1_SoC_i2sound.v Line: 86
    Warning (13040): bidirectional pin "GPIO_0[29]" has no driver File: C:/Users/domid/Downloads/source2/source/DE1_SoC_i2sound.v Line: 86
    Warning (13040): bidirectional pin "GPIO_0[30]" has no driver File: C:/Users/domid/Downloads/source2/source/DE1_SoC_i2sound.v Line: 86
    Warning (13040): bidirectional pin "GPIO_0[31]" has no driver File: C:/Users/domid/Downloads/source2/source/DE1_SoC_i2sound.v Line: 86
    Warning (13040): bidirectional pin "GPIO_0[32]" has no driver File: C:/Users/domid/Downloads/source2/source/DE1_SoC_i2sound.v Line: 86
    Warning (13040): bidirectional pin "GPIO_0[33]" has no driver File: C:/Users/domid/Downloads/source2/source/DE1_SoC_i2sound.v Line: 86
    Warning (13040): bidirectional pin "GPIO_0[34]" has no driver File: C:/Users/domid/Downloads/source2/source/DE1_SoC_i2sound.v Line: 86
    Warning (13040): bidirectional pin "GPIO_0[35]" has no driver File: C:/Users/domid/Downloads/source2/source/DE1_SoC_i2sound.v Line: 86
    Warning (13040): bidirectional pin "GPIO_1[0]" has no driver File: C:/Users/domid/Downloads/source2/source/DE1_SoC_i2sound.v Line: 87
    Warning (13040): bidirectional pin "GPIO_1[1]" has no driver File: C:/Users/domid/Downloads/source2/source/DE1_SoC_i2sound.v Line: 87
    Warning (13040): bidirectional pin "GPIO_1[2]" has no driver File: C:/Users/domid/Downloads/source2/source/DE1_SoC_i2sound.v Line: 87
    Warning (13040): bidirectional pin "GPIO_1[3]" has no driver File: C:/Users/domid/Downloads/source2/source/DE1_SoC_i2sound.v Line: 87
    Warning (13040): bidirectional pin "GPIO_1[4]" has no driver File: C:/Users/domid/Downloads/source2/source/DE1_SoC_i2sound.v Line: 87
    Warning (13040): bidirectional pin "GPIO_1[5]" has no driver File: C:/Users/domid/Downloads/source2/source/DE1_SoC_i2sound.v Line: 87
    Warning (13040): bidirectional pin "GPIO_1[6]" has no driver File: C:/Users/domid/Downloads/source2/source/DE1_SoC_i2sound.v Line: 87
    Warning (13040): bidirectional pin "GPIO_1[7]" has no driver File: C:/Users/domid/Downloads/source2/source/DE1_SoC_i2sound.v Line: 87
    Warning (13040): bidirectional pin "GPIO_1[8]" has no driver File: C:/Users/domid/Downloads/source2/source/DE1_SoC_i2sound.v Line: 87
    Warning (13040): bidirectional pin "GPIO_1[9]" has no driver File: C:/Users/domid/Downloads/source2/source/DE1_SoC_i2sound.v Line: 87
    Warning (13040): bidirectional pin "GPIO_1[10]" has no driver File: C:/Users/domid/Downloads/source2/source/DE1_SoC_i2sound.v Line: 87
    Warning (13040): bidirectional pin "GPIO_1[11]" has no driver File: C:/Users/domid/Downloads/source2/source/DE1_SoC_i2sound.v Line: 87
    Warning (13040): bidirectional pin "GPIO_1[12]" has no driver File: C:/Users/domid/Downloads/source2/source/DE1_SoC_i2sound.v Line: 87
    Warning (13040): bidirectional pin "GPIO_1[13]" has no driver File: C:/Users/domid/Downloads/source2/source/DE1_SoC_i2sound.v Line: 87
    Warning (13040): bidirectional pin "GPIO_1[14]" has no driver File: C:/Users/domid/Downloads/source2/source/DE1_SoC_i2sound.v Line: 87
    Warning (13040): bidirectional pin "GPIO_1[15]" has no driver File: C:/Users/domid/Downloads/source2/source/DE1_SoC_i2sound.v Line: 87
    Warning (13040): bidirectional pin "GPIO_1[16]" has no driver File: C:/Users/domid/Downloads/source2/source/DE1_SoC_i2sound.v Line: 87
    Warning (13040): bidirectional pin "GPIO_1[17]" has no driver File: C:/Users/domid/Downloads/source2/source/DE1_SoC_i2sound.v Line: 87
    Warning (13040): bidirectional pin "GPIO_1[18]" has no driver File: C:/Users/domid/Downloads/source2/source/DE1_SoC_i2sound.v Line: 87
    Warning (13040): bidirectional pin "GPIO_1[19]" has no driver File: C:/Users/domid/Downloads/source2/source/DE1_SoC_i2sound.v Line: 87
    Warning (13040): bidirectional pin "GPIO_1[20]" has no driver File: C:/Users/domid/Downloads/source2/source/DE1_SoC_i2sound.v Line: 87
    Warning (13040): bidirectional pin "GPIO_1[21]" has no driver File: C:/Users/domid/Downloads/source2/source/DE1_SoC_i2sound.v Line: 87
    Warning (13040): bidirectional pin "GPIO_1[22]" has no driver File: C:/Users/domid/Downloads/source2/source/DE1_SoC_i2sound.v Line: 87
    Warning (13040): bidirectional pin "GPIO_1[23]" has no driver File: C:/Users/domid/Downloads/source2/source/DE1_SoC_i2sound.v Line: 87
    Warning (13040): bidirectional pin "GPIO_1[24]" has no driver File: C:/Users/domid/Downloads/source2/source/DE1_SoC_i2sound.v Line: 87
    Warning (13040): bidirectional pin "GPIO_1[25]" has no driver File: C:/Users/domid/Downloads/source2/source/DE1_SoC_i2sound.v Line: 87
    Warning (13040): bidirectional pin "GPIO_1[26]" has no driver File: C:/Users/domid/Downloads/source2/source/DE1_SoC_i2sound.v Line: 87
    Warning (13040): bidirectional pin "GPIO_1[27]" has no driver File: C:/Users/domid/Downloads/source2/source/DE1_SoC_i2sound.v Line: 87
    Warning (13040): bidirectional pin "GPIO_1[28]" has no driver File: C:/Users/domid/Downloads/source2/source/DE1_SoC_i2sound.v Line: 87
    Warning (13040): bidirectional pin "GPIO_1[29]" has no driver File: C:/Users/domid/Downloads/source2/source/DE1_SoC_i2sound.v Line: 87
    Warning (13040): bidirectional pin "GPIO_1[30]" has no driver File: C:/Users/domid/Downloads/source2/source/DE1_SoC_i2sound.v Line: 87
    Warning (13040): bidirectional pin "GPIO_1[31]" has no driver File: C:/Users/domid/Downloads/source2/source/DE1_SoC_i2sound.v Line: 87
    Warning (13040): bidirectional pin "GPIO_1[32]" has no driver File: C:/Users/domid/Downloads/source2/source/DE1_SoC_i2sound.v Line: 87
    Warning (13040): bidirectional pin "GPIO_1[33]" has no driver File: C:/Users/domid/Downloads/source2/source/DE1_SoC_i2sound.v Line: 87
    Warning (13040): bidirectional pin "GPIO_1[34]" has no driver File: C:/Users/domid/Downloads/source2/source/DE1_SoC_i2sound.v Line: 87
    Warning (13040): bidirectional pin "GPIO_1[35]" has no driver File: C:/Users/domid/Downloads/source2/source/DE1_SoC_i2sound.v Line: 87
    Warning (13040): bidirectional pin "PS2_CLK" has no driver File: C:/Users/domid/Downloads/source2/source/DE1_SoC_i2sound.v Line: 175
    Warning (13040): bidirectional pin "PS2_CLK2" has no driver File: C:/Users/domid/Downloads/source2/source/DE1_SoC_i2sound.v Line: 176
    Warning (13040): bidirectional pin "PS2_DAT" has no driver File: C:/Users/domid/Downloads/source2/source/DE1_SoC_i2sound.v Line: 177
    Warning (13040): bidirectional pin "PS2_DAT2" has no driver File: C:/Users/domid/Downloads/source2/source/DE1_SoC_i2sound.v Line: 178
Warning (13024): Output pins are stuck at VCC or GND
    Warning (13410): Pin "ADC_CONVST" is stuck at GND File: C:/Users/domid/Downloads/source2/source/DE1_SoC_i2sound.v Line: 40
    Warning (13410): Pin "ADC_DIN" is stuck at GND File: C:/Users/domid/Downloads/source2/source/DE1_SoC_i2sound.v Line: 41
    Warning (13410): Pin "ADC_SCLK" is stuck at GND File: C:/Users/domid/Downloads/source2/source/DE1_SoC_i2sound.v Line: 43
    Warning (13410): Pin "DRAM_ADDR[0]" is stuck at GND File: C:/Users/domid/Downloads/source2/source/DE1_SoC_i2sound.v Line: 66
    Warning (13410): Pin "DRAM_ADDR[1]" is stuck at GND File: C:/Users/domid/Downloads/source2/source/DE1_SoC_i2sound.v Line: 66
    Warning (13410): Pin "DRAM_ADDR[2]" is stuck at GND File: C:/Users/domid/Downloads/source2/source/DE1_SoC_i2sound.v Line: 66
    Warning (13410): Pin "DRAM_ADDR[3]" is stuck at GND File: C:/Users/domid/Downloads/source2/source/DE1_SoC_i2sound.v Line: 66
    Warning (13410): Pin "DRAM_ADDR[4]" is stuck at GND File: C:/Users/domid/Downloads/source2/source/DE1_SoC_i2sound.v Line: 66
    Warning (13410): Pin "DRAM_ADDR[5]" is stuck at GND File: C:/Users/domid/Downloads/source2/source/DE1_SoC_i2sound.v Line: 66
    Warning (13410): Pin "DRAM_ADDR[6]" is stuck at GND File: C:/Users/domid/Downloads/source2/source/DE1_SoC_i2sound.v Line: 66
    Warning (13410): Pin "DRAM_ADDR[7]" is stuck at GND File: C:/Users/domid/Downloads/source2/source/DE1_SoC_i2sound.v Line: 66
    Warning (13410): Pin "DRAM_ADDR[8]" is stuck at GND File: C:/Users/domid/Downloads/source2/source/DE1_SoC_i2sound.v Line: 66
    Warning (13410): Pin "DRAM_ADDR[9]" is stuck at GND File: C:/Users/domid/Downloads/source2/source/DE1_SoC_i2sound.v Line: 66
    Warning (13410): Pin "DRAM_ADDR[10]" is stuck at GND File: C:/Users/domid/Downloads/source2/source/DE1_SoC_i2sound.v Line: 66
    Warning (13410): Pin "DRAM_ADDR[11]" is stuck at GND File: C:/Users/domid/Downloads/source2/source/DE1_SoC_i2sound.v Line: 66
    Warning (13410): Pin "DRAM_ADDR[12]" is stuck at GND File: C:/Users/domid/Downloads/source2/source/DE1_SoC_i2sound.v Line: 66
    Warning (13410): Pin "DRAM_BA[0]" is stuck at GND File: C:/Users/domid/Downloads/source2/source/DE1_SoC_i2sound.v Line: 67
    Warning (13410): Pin "DRAM_BA[1]" is stuck at GND File: C:/Users/domid/Downloads/source2/source/DE1_SoC_i2sound.v Line: 67
    Warning (13410): Pin "DRAM_CAS_N" is stuck at GND File: C:/Users/domid/Downloads/source2/source/DE1_SoC_i2sound.v Line: 68
    Warning (13410): Pin "DRAM_CKE" is stuck at GND File: C:/Users/domid/Downloads/source2/source/DE1_SoC_i2sound.v Line: 69
    Warning (13410): Pin "DRAM_CLK" is stuck at GND File: C:/Users/domid/Downloads/source2/source/DE1_SoC_i2sound.v Line: 70
    Warning (13410): Pin "DRAM_CS_N" is stuck at GND File: C:/Users/domid/Downloads/source2/source/DE1_SoC_i2sound.v Line: 71
    Warning (13410): Pin "DRAM_LDQM" is stuck at GND File: C:/Users/domid/Downloads/source2/source/DE1_SoC_i2sound.v Line: 73
    Warning (13410): Pin "DRAM_RAS_N" is stuck at GND File: C:/Users/domid/Downloads/source2/source/DE1_SoC_i2sound.v Line: 74
    Warning (13410): Pin "DRAM_UDQM" is stuck at GND File: C:/Users/domid/Downloads/source2/source/DE1_SoC_i2sound.v Line: 75
    Warning (13410): Pin "DRAM_WE_N" is stuck at GND File: C:/Users/domid/Downloads/source2/source/DE1_SoC_i2sound.v Line: 76
    Warning (13410): Pin "FAN_CTRL" is stuck at GND File: C:/Users/domid/Downloads/source2/source/DE1_SoC_i2sound.v Line: 79
    Warning (13410): Pin "HEX0[0]" is stuck at GND File: C:/Users/domid/Downloads/source2/source/DE1_SoC_i2sound.v Line: 91
    Warning (13410): Pin "HEX0[1]" is stuck at GND File: C:/Users/domid/Downloads/source2/source/DE1_SoC_i2sound.v Line: 91
    Warning (13410): Pin "HEX0[2]" is stuck at GND File: C:/Users/domid/Downloads/source2/source/DE1_SoC_i2sound.v Line: 91
    Warning (13410): Pin "HEX0[3]" is stuck at GND File: C:/Users/domid/Downloads/source2/source/DE1_SoC_i2sound.v Line: 91
    Warning (13410): Pin "HEX0[4]" is stuck at GND File: C:/Users/domid/Downloads/source2/source/DE1_SoC_i2sound.v Line: 91
    Warning (13410): Pin "HEX0[5]" is stuck at GND File: C:/Users/domid/Downloads/source2/source/DE1_SoC_i2sound.v Line: 91
    Warning (13410): Pin "HEX0[6]" is stuck at GND File: C:/Users/domid/Downloads/source2/source/DE1_SoC_i2sound.v Line: 91
    Warning (13410): Pin "HEX1[0]" is stuck at GND File: C:/Users/domid/Downloads/source2/source/DE1_SoC_i2sound.v Line: 94
    Warning (13410): Pin "HEX1[1]" is stuck at GND File: C:/Users/domid/Downloads/source2/source/DE1_SoC_i2sound.v Line: 94
    Warning (13410): Pin "HEX1[2]" is stuck at GND File: C:/Users/domid/Downloads/source2/source/DE1_SoC_i2sound.v Line: 94
    Warning (13410): Pin "HEX1[3]" is stuck at GND File: C:/Users/domid/Downloads/source2/source/DE1_SoC_i2sound.v Line: 94
    Warning (13410): Pin "HEX1[4]" is stuck at GND File: C:/Users/domid/Downloads/source2/source/DE1_SoC_i2sound.v Line: 94
    Warning (13410): Pin "HEX1[5]" is stuck at GND File: C:/Users/domid/Downloads/source2/source/DE1_SoC_i2sound.v Line: 94
    Warning (13410): Pin "HEX1[6]" is stuck at GND File: C:/Users/domid/Downloads/source2/source/DE1_SoC_i2sound.v Line: 94
    Warning (13410): Pin "HEX2[0]" is stuck at GND File: C:/Users/domid/Downloads/source2/source/DE1_SoC_i2sound.v Line: 97
    Warning (13410): Pin "HEX2[1]" is stuck at GND File: C:/Users/domid/Downloads/source2/source/DE1_SoC_i2sound.v Line: 97
    Warning (13410): Pin "HEX2[2]" is stuck at GND File: C:/Users/domid/Downloads/source2/source/DE1_SoC_i2sound.v Line: 97
    Warning (13410): Pin "HEX2[3]" is stuck at GND File: C:/Users/domid/Downloads/source2/source/DE1_SoC_i2sound.v Line: 97
    Warning (13410): Pin "HEX2[4]" is stuck at GND File: C:/Users/domid/Downloads/source2/source/DE1_SoC_i2sound.v Line: 97
    Warning (13410): Pin "HEX2[5]" is stuck at GND File: C:/Users/domid/Downloads/source2/source/DE1_SoC_i2sound.v Line: 97
    Warning (13410): Pin "HEX2[6]" is stuck at GND File: C:/Users/domid/Downloads/source2/source/DE1_SoC_i2sound.v Line: 97
    Warning (13410): Pin "HEX3[0]" is stuck at GND File: C:/Users/domid/Downloads/source2/source/DE1_SoC_i2sound.v Line: 100
    Warning (13410): Pin "HEX3[1]" is stuck at GND File: C:/Users/domid/Downloads/source2/source/DE1_SoC_i2sound.v Line: 100
    Warning (13410): Pin "HEX3[2]" is stuck at GND File: C:/Users/domid/Downloads/source2/source/DE1_SoC_i2sound.v Line: 100
    Warning (13410): Pin "HEX3[3]" is stuck at GND File: C:/Users/domid/Downloads/source2/source/DE1_SoC_i2sound.v Line: 100
    Warning (13410): Pin "HEX3[4]" is stuck at GND File: C:/Users/domid/Downloads/source2/source/DE1_SoC_i2sound.v Line: 100
    Warning (13410): Pin "HEX3[5]" is stuck at GND File: C:/Users/domid/Downloads/source2/source/DE1_SoC_i2sound.v Line: 100
    Warning (13410): Pin "HEX3[6]" is stuck at GND File: C:/Users/domid/Downloads/source2/source/DE1_SoC_i2sound.v Line: 100
    Warning (13410): Pin "HEX4[0]" is stuck at GND File: C:/Users/domid/Downloads/source2/source/DE1_SoC_i2sound.v Line: 103
    Warning (13410): Pin "HEX4[1]" is stuck at GND File: C:/Users/domid/Downloads/source2/source/DE1_SoC_i2sound.v Line: 103
    Warning (13410): Pin "HEX4[2]" is stuck at GND File: C:/Users/domid/Downloads/source2/source/DE1_SoC_i2sound.v Line: 103
    Warning (13410): Pin "HEX4[3]" is stuck at GND File: C:/Users/domid/Downloads/source2/source/DE1_SoC_i2sound.v Line: 103
    Warning (13410): Pin "HEX4[4]" is stuck at GND File: C:/Users/domid/Downloads/source2/source/DE1_SoC_i2sound.v Line: 103
    Warning (13410): Pin "HEX4[5]" is stuck at GND File: C:/Users/domid/Downloads/source2/source/DE1_SoC_i2sound.v Line: 103
    Warning (13410): Pin "HEX4[6]" is stuck at GND File: C:/Users/domid/Downloads/source2/source/DE1_SoC_i2sound.v Line: 103
    Warning (13410): Pin "HEX5[0]" is stuck at GND File: C:/Users/domid/Downloads/source2/source/DE1_SoC_i2sound.v Line: 106
    Warning (13410): Pin "HEX5[1]" is stuck at GND File: C:/Users/domid/Downloads/source2/source/DE1_SoC_i2sound.v Line: 106
    Warning (13410): Pin "HEX5[2]" is stuck at GND File: C:/Users/domid/Downloads/source2/source/DE1_SoC_i2sound.v Line: 106
    Warning (13410): Pin "HEX5[3]" is stuck at GND File: C:/Users/domid/Downloads/source2/source/DE1_SoC_i2sound.v Line: 106
    Warning (13410): Pin "HEX5[4]" is stuck at GND File: C:/Users/domid/Downloads/source2/source/DE1_SoC_i2sound.v Line: 106
    Warning (13410): Pin "HEX5[5]" is stuck at GND File: C:/Users/domid/Downloads/source2/source/DE1_SoC_i2sound.v Line: 106
    Warning (13410): Pin "HEX5[6]" is stuck at GND File: C:/Users/domid/Downloads/source2/source/DE1_SoC_i2sound.v Line: 106
    Warning (13410): Pin "IRDA_TXD" is stuck at GND File: C:/Users/domid/Downloads/source2/source/DE1_SoC_i2sound.v Line: 166
    Warning (13410): Pin "LEDR[0]" is stuck at GND File: C:/Users/domid/Downloads/source2/source/DE1_SoC_i2sound.v Line: 172
    Warning (13410): Pin "LEDR[1]" is stuck at GND File: C:/Users/domid/Downloads/source2/source/DE1_SoC_i2sound.v Line: 172
    Warning (13410): Pin "LEDR[2]" is stuck at GND File: C:/Users/domid/Downloads/source2/source/DE1_SoC_i2sound.v Line: 172
    Warning (13410): Pin "LEDR[3]" is stuck at GND File: C:/Users/domid/Downloads/source2/source/DE1_SoC_i2sound.v Line: 172
    Warning (13410): Pin "LEDR[4]" is stuck at GND File: C:/Users/domid/Downloads/source2/source/DE1_SoC_i2sound.v Line: 172
    Warning (13410): Pin "LEDR[5]" is stuck at GND File: C:/Users/domid/Downloads/source2/source/DE1_SoC_i2sound.v Line: 172
    Warning (13410): Pin "LEDR[6]" is stuck at GND File: C:/Users/domid/Downloads/source2/source/DE1_SoC_i2sound.v Line: 172
    Warning (13410): Pin "LEDR[7]" is stuck at GND File: C:/Users/domid/Downloads/source2/source/DE1_SoC_i2sound.v Line: 172
    Warning (13410): Pin "LEDR[8]" is stuck at GND File: C:/Users/domid/Downloads/source2/source/DE1_SoC_i2sound.v Line: 172
    Warning (13410): Pin "LEDR[9]" is stuck at GND File: C:/Users/domid/Downloads/source2/source/DE1_SoC_i2sound.v Line: 172
    Warning (13410): Pin "TD_RESET_N" is stuck at GND File: C:/Users/domid/Downloads/source2/source/DE1_SoC_i2sound.v Line: 187
    Warning (13410): Pin "VGA_B[0]" is stuck at GND File: C:/Users/domid/Downloads/source2/source/DE1_SoC_i2sound.v Line: 191
    Warning (13410): Pin "VGA_B[1]" is stuck at GND File: C:/Users/domid/Downloads/source2/source/DE1_SoC_i2sound.v Line: 191
    Warning (13410): Pin "VGA_B[2]" is stuck at GND File: C:/Users/domid/Downloads/source2/source/DE1_SoC_i2sound.v Line: 191
    Warning (13410): Pin "VGA_B[3]" is stuck at GND File: C:/Users/domid/Downloads/source2/source/DE1_SoC_i2sound.v Line: 191
    Warning (13410): Pin "VGA_B[4]" is stuck at GND File: C:/Users/domid/Downloads/source2/source/DE1_SoC_i2sound.v Line: 191
    Warning (13410): Pin "VGA_B[5]" is stuck at GND File: C:/Users/domid/Downloads/source2/source/DE1_SoC_i2sound.v Line: 191
    Warning (13410): Pin "VGA_B[6]" is stuck at GND File: C:/Users/domid/Downloads/source2/source/DE1_SoC_i2sound.v Line: 191
    Warning (13410): Pin "VGA_B[7]" is stuck at GND File: C:/Users/domid/Downloads/source2/source/DE1_SoC_i2sound.v Line: 191
    Warning (13410): Pin "VGA_BLANK_N" is stuck at GND File: C:/Users/domid/Downloads/source2/source/DE1_SoC_i2sound.v Line: 192
    Warning (13410): Pin "VGA_CLK" is stuck at GND File: C:/Users/domid/Downloads/source2/source/DE1_SoC_i2sound.v Line: 193
    Warning (13410): Pin "VGA_G[0]" is stuck at GND File: C:/Users/domid/Downloads/source2/source/DE1_SoC_i2sound.v Line: 194
    Warning (13410): Pin "VGA_G[1]" is stuck at GND File: C:/Users/domid/Downloads/source2/source/DE1_SoC_i2sound.v Line: 194
    Warning (13410): Pin "VGA_G[2]" is stuck at GND File: C:/Users/domid/Downloads/source2/source/DE1_SoC_i2sound.v Line: 194
    Warning (13410): Pin "VGA_G[3]" is stuck at GND File: C:/Users/domid/Downloads/source2/source/DE1_SoC_i2sound.v Line: 194
    Warning (13410): Pin "VGA_G[4]" is stuck at GND File: C:/Users/domid/Downloads/source2/source/DE1_SoC_i2sound.v Line: 194
    Warning (13410): Pin "VGA_G[5]" is stuck at GND File: C:/Users/domid/Downloads/source2/source/DE1_SoC_i2sound.v Line: 194
    Warning (13410): Pin "VGA_G[6]" is stuck at GND File: C:/Users/domid/Downloads/source2/source/DE1_SoC_i2sound.v Line: 194
    Warning (13410): Pin "VGA_G[7]" is stuck at GND File: C:/Users/domid/Downloads/source2/source/DE1_SoC_i2sound.v Line: 194
    Warning (13410): Pin "VGA_HS" is stuck at GND File: C:/Users/domid/Downloads/source2/source/DE1_SoC_i2sound.v Line: 195
    Warning (13410): Pin "VGA_R[0]" is stuck at GND File: C:/Users/domid/Downloads/source2/source/DE1_SoC_i2sound.v Line: 196
    Warning (13410): Pin "VGA_R[1]" is stuck at GND File: C:/Users/domid/Downloads/source2/source/DE1_SoC_i2sound.v Line: 196
    Warning (13410): Pin "VGA_R[2]" is stuck at GND File: C:/Users/domid/Downloads/source2/source/DE1_SoC_i2sound.v Line: 196
    Warning (13410): Pin "VGA_R[3]" is stuck at GND File: C:/Users/domid/Downloads/source2/source/DE1_SoC_i2sound.v Line: 196
    Warning (13410): Pin "VGA_R[4]" is stuck at GND File: C:/Users/domid/Downloads/source2/source/DE1_SoC_i2sound.v Line: 196
    Warning (13410): Pin "VGA_R[5]" is stuck at GND File: C:/Users/domid/Downloads/source2/source/DE1_SoC_i2sound.v Line: 196
    Warning (13410): Pin "VGA_R[6]" is stuck at GND File: C:/Users/domid/Downloads/source2/source/DE1_SoC_i2sound.v Line: 196
    Warning (13410): Pin "VGA_R[7]" is stuck at GND File: C:/Users/domid/Downloads/source2/source/DE1_SoC_i2sound.v Line: 196
    Warning (13410): Pin "VGA_SYNC_N" is stuck at GND File: C:/Users/domid/Downloads/source2/source/DE1_SoC_i2sound.v Line: 197
    Warning (13410): Pin "VGA_VS" is stuck at GND File: C:/Users/domid/Downloads/source2/source/DE1_SoC_i2sound.v Line: 199
Info (286030): Timing-Driven Synthesis is running
Info (16010): Generating hard_block partition "hard_block:auto_generated_inst"
    Info (16011): Adding 0 node(s), including 0 DDIO, 0 PLL, 0 transceiver and 0 LCELL
Warning (21074): Design contains 28 input pin(s) that do not drive logic
    Warning (15610): No output dependent on input pin "ADC_DOUT" File: C:/Users/domid/Downloads/source2/source/DE1_SoC_i2sound.v Line: 42
    Warning (15610): No output dependent on input pin "CLOCK2_50" File: C:/Users/domid/Downloads/source2/source/DE1_SoC_i2sound.v Line: 54
    Warning (15610): No output dependent on input pin "CLOCK3_50" File: C:/Users/domid/Downloads/source2/source/DE1_SoC_i2sound.v Line: 57
    Warning (15610): No output dependent on input pin "CLOCK4_50" File: C:/Users/domid/Downloads/source2/source/DE1_SoC_i2sound.v Line: 60
    Warning (15610): No output dependent on input pin "IRDA_RXD" File: C:/Users/domid/Downloads/source2/source/DE1_SoC_i2sound.v Line: 165
    Warning (15610): No output dependent on input pin "KEY[2]" File: C:/Users/domid/Downloads/source2/source/DE1_SoC_i2sound.v Line: 169
    Warning (15610): No output dependent on input pin "KEY[3]" File: C:/Users/domid/Downloads/source2/source/DE1_SoC_i2sound.v Line: 169
    Warning (15610): No output dependent on input pin "SW[0]" File: C:/Users/domid/Downloads/source2/source/DE1_SoC_i2sound.v Line: 181
    Warning (15610): No output dependent on input pin "SW[1]" File: C:/Users/domid/Downloads/source2/source/DE1_SoC_i2sound.v Line: 181
    Warning (15610): No output dependent on input pin "SW[2]" File: C:/Users/domid/Downloads/source2/source/DE1_SoC_i2sound.v Line: 181
    Warning (15610): No output dependent on input pin "SW[3]" File: C:/Users/domid/Downloads/source2/source/DE1_SoC_i2sound.v Line: 181
    Warning (15610): No output dependent on input pin "SW[4]" File: C:/Users/domid/Downloads/source2/source/DE1_SoC_i2sound.v Line: 181
    Warning (15610): No output dependent on input pin "SW[5]" File: C:/Users/domid/Downloads/source2/source/DE1_SoC_i2sound.v Line: 181
    Warning (15610): No output dependent on input pin "SW[6]" File: C:/Users/domid/Downloads/source2/source/DE1_SoC_i2sound.v Line: 181
    Warning (15610): No output dependent on input pin "SW[7]" File: C:/Users/domid/Downloads/source2/source/DE1_SoC_i2sound.v Line: 181
    Warning (15610): No output dependent on input pin "SW[8]" File: C:/Users/domid/Downloads/source2/source/DE1_SoC_i2sound.v Line: 181
    Warning (15610): No output dependent on input pin "SW[9]" File: C:/Users/domid/Downloads/source2/source/DE1_SoC_i2sound.v Line: 181
    Warning (15610): No output dependent on input pin "TD_CLK27" File: C:/Users/domid/Downloads/source2/source/DE1_SoC_i2sound.v Line: 184
    Warning (15610): No output dependent on input pin "TD_DATA[0]" File: C:/Users/domid/Downloads/source2/source/DE1_SoC_i2sound.v Line: 185
    Warning (15610): No output dependent on input pin "TD_DATA[1]" File: C:/Users/domid/Downloads/source2/source/DE1_SoC_i2sound.v Line: 185
    Warning (15610): No output dependent on input pin "TD_DATA[2]" File: C:/Users/domid/Downloads/source2/source/DE1_SoC_i2sound.v Line: 185
    Warning (15610): No output dependent on input pin "TD_DATA[3]" File: C:/Users/domid/Downloads/source2/source/DE1_SoC_i2sound.v Line: 185
    Warning (15610): No output dependent on input pin "TD_DATA[4]" File: C:/Users/domid/Downloads/source2/source/DE1_SoC_i2sound.v Line: 185
    Warning (15610): No output dependent on input pin "TD_DATA[5]" File: C:/Users/domid/Downloads/source2/source/DE1_SoC_i2sound.v Line: 185
    Warning (15610): No output dependent on input pin "TD_DATA[6]" File: C:/Users/domid/Downloads/source2/source/DE1_SoC_i2sound.v Line: 185
    Warning (15610): No output dependent on input pin "TD_DATA[7]" File: C:/Users/domid/Downloads/source2/source/DE1_SoC_i2sound.v Line: 185
    Warning (15610): No output dependent on input pin "TD_HS" File: C:/Users/domid/Downloads/source2/source/DE1_SoC_i2sound.v Line: 186
    Warning (15610): No output dependent on input pin "TD_VS" File: C:/Users/domid/Downloads/source2/source/DE1_SoC_i2sound.v Line: 188
Info (21057): Implemented 341 device resources after synthesis - the final resource count might be different
    Info (21058): Implemented 32 input pins
    Info (21059): Implemented 113 output pins
    Info (21060): Implemented 96 bidirectional pins
    Info (21061): Implemented 100 logic cells
Info: Quartus Prime Analysis & Synthesis was successful. 0 errors, 280 warnings
    Info: Peak virtual memory: 4869 megabytes
    Info: Processing ended: Fri Oct  6 19:48:50 2023
    Info: Elapsed time: 00:00:07
    Info: Total CPU time (on all processors): 00:00:06


